{"timestamp":"2025-11-03T18:37:22.905Z","type":"ACTION","user_id":"7","user_name":"admin1","role_name":"ADMIN","method":"GET","path":"/api/system-config/active","action":"GET /api/system-config/active","ip":"::1"}
{"timestamp":"2025-11-03T18:37:23.111Z","type":"ACTION","user_id":"7","user_name":"admin1","role_name":"ADMIN","method":"GET","path":"/api/system-config/active","action":"GET /api/system-config/active","ip":"::1"}
{"timestamp":"2025-11-03T18:37:24.607Z","type":"ACTION","user_id":"anonymous","user_name":"anonymous","role_name":"anonymous","method":"GET","path":"/api/interview/interviewers","action":"GET /api/interview/interviewers","ip":"::1"}
{"timestamp":"2025-11-03T18:37:24.645Z","type":"ACTION","user_id":"anonymous","user_name":"anonymous","role_name":"anonymous","method":"GET","path":"/api/interview/interviewers","action":"GET /api/interview/interviewers","ip":"::1"}
{"timestamp":"2025-11-03T18:37:26.574Z","type":"ACTION","user_id":"anonymous","user_name":"anonymous","role_name":"anonymous","method":"GET","path":"/api/interview/students/Anish","action":"GET /api/interview/students/Anish","ip":"::1","details":{"query":{"nmmsYear":"2025"}}}
{"timestamp":"2025-11-03T18:38:19.803Z","type":"ACTION","user_id":"anonymous","user_name":"anonymous","role_name":"anonymous","method":"POST","path":"/api/interview/submit-interview","action":"POST /api/interview/submit-interview","ip":"::1","details":{"body":{"applicantId":"303","remarks":"ttt","nmmsYear":"2025","interviewDate":"2025-10-28","interviewTime":"10:14 AM","interviewMode":"Online","interviewStatus":"Rescheduled","lifeGoalsAndZeal":"6","commitmentToLearning":"6","integrity":"6","communicationSkills":"6","homeVerificationRequired":"","interviewResult":"Another Interviewe Required"}}}
{"timestamp":"2025-11-03T18:38:20.036Z","type":"ACTION","user_id":"anonymous","user_name":"anonymous","role_name":"anonymous","method":"POST","path":"/api/interview/submit-interview","action":"POST /api/interview/submit-interview","ip":"::1","details":{"body":{"applicantId":"303","remarks":"ttt","nmmsYear":"2025","interviewDate":"2025-10-28","interviewTime":"10:14 AM","interviewMode":"Online","interviewStatus":"Rescheduled","lifeGoalsAndZeal":"6","commitmentToLearning":"6","integrity":"6","communicationSkills":"6","homeVerificationRequired":"","interviewResult":"Another Interviewe Required"},"statusCode":500},"status":"error","error":"The \"cb\" argument must be of type function. Received undefined"}
{"timestamp":"2025-11-03T18:41:38.253Z","type":"ACTION","user_id":"7","user_name":"admin1","role_name":"ADMIN","method":"GET","path":"/api/system-config/active","action":"GET /api/system-config/active","ip":"::1"}
{"timestamp":"2025-11-03T18:41:38.505Z","type":"ACTION","user_id":"7","user_name":"admin1","role_name":"ADMIN","method":"GET","path":"/api/system-config/active","action":"GET /api/system-config/active","ip":"::1"}
{"timestamp":"2025-11-03T18:41:39.204Z","type":"ACTION","user_id":"anonymous","user_name":"anonymous","role_name":"anonymous","method":"GET","path":"/api/interview/interviewers","action":"GET /api/interview/interviewers","ip":"::1"}
{"timestamp":"2025-11-03T18:41:39.239Z","type":"ACTION","user_id":"anonymous","user_name":"anonymous","role_name":"anonymous","method":"GET","path":"/api/interview/interviewers","action":"GET /api/interview/interviewers","ip":"::1"}
{"timestamp":"2025-11-03T18:41:40.939Z","type":"ACTION","user_id":"anonymous","user_name":"anonymous","role_name":"anonymous","method":"GET","path":"/api/interview/students/Anish","action":"GET /api/interview/students/Anish","ip":"::1","details":{"query":{"nmmsYear":"2025"}}}
{"timestamp":"2025-11-03T18:42:14.731Z","type":"ACTION","user_id":"anonymous","user_name":"anonymous","role_name":"anonymous","method":"POST","path":"/api/interview/submit-interview","action":"POST /api/interview/submit-interview","ip":"::1","details":{"body":{"applicantId":"303","remarks":"rrrrr","nmmsYear":"2025","interviewDate":"2025-10-27","interviewTime":"01:00 AM","interviewMode":"Online","interviewStatus":"Rescheduled","lifeGoalsAndZeal":"4","commitmentToLearning":"4","integrity":"3.9","communicationSkills":"3.9","homeVerificationRequired":"","interviewResult":"Another Interviewe Required"}}}
{"timestamp":"2025-11-03T18:42:14.998Z","type":"ACTION","user_id":"anonymous","user_name":"anonymous","role_name":"anonymous","method":"POST","path":"/api/interview/submit-interview","action":"POST /api/interview/submit-interview","ip":"::1","details":{"body":{"applicantId":"303","remarks":"rrrrr","nmmsYear":"2025","interviewDate":"2025-10-27","interviewTime":"01:00 AM","interviewMode":"Online","interviewStatus":"Rescheduled","lifeGoalsAndZeal":"4","commitmentToLearning":"4","integrity":"3.9","communicationSkills":"3.9","homeVerificationRequired":"","interviewResult":"Another Interviewe Required"},"statusCode":500},"status":"error","error":"new row for relation \"student_interview\" violates check constraint \"student_interview_result_check\""}
{"timestamp":"2025-11-03T18:43:15.604Z","type":"ACTION","user_id":"anonymous","user_name":"anonymous","role_name":"anonymous","method":"GET","path":"/api/interview/interviewers","action":"GET /api/interview/interviewers","ip":"::1"}
{"timestamp":"2025-11-03T18:43:15.872Z","type":"ACTION","user_id":"anonymous","user_name":"anonymous","role_name":"anonymous","method":"GET","path":"/api/interview/interviewers","action":"GET /api/interview/interviewers","ip":"::1"}
{"timestamp":"2025-11-03T18:43:17.298Z","type":"ACTION","user_id":"anonymous","user_name":"anonymous","role_name":"anonymous","method":"GET","path":"/api/interview/students/Anish","action":"GET /api/interview/students/Anish","ip":"::1","details":{"query":{"nmmsYear":"2025"}}}
{"timestamp":"2025-11-03T18:45:35.712Z","type":"ACTION","user_id":"anonymous","user_name":"anonymous","role_name":"anonymous","method":"GET","path":"/api/interview/interviewers","action":"GET /api/interview/interviewers","ip":"::1"}
{"timestamp":"2025-11-03T18:45:35.724Z","type":"ACTION","user_id":"anonymous","user_name":"anonymous","role_name":"anonymous","method":"GET","path":"/api/interview/students/Anish","action":"GET /api/interview/students/Anish","ip":"::1","details":{"query":{"nmmsYear":"2025"}}}
{"timestamp":"2025-11-03T18:45:35.980Z","type":"ACTION","user_id":"anonymous","user_name":"anonymous","role_name":"anonymous","method":"GET","path":"/api/interview/students/Anish","action":"GET /api/interview/students/Anish","ip":"::1","details":{"query":{"nmmsYear":"2025"}}}
{"timestamp":"2025-11-03T18:46:26.855Z","type":"ACTION","user_id":"7","user_name":"admin1","role_name":"ADMIN","method":"GET","path":"/api/system-config/active","action":"GET /api/system-config/active","ip":"::1"}
{"timestamp":"2025-11-03T18:46:27.105Z","type":"ACTION","user_id":"7","user_name":"admin1","role_name":"ADMIN","method":"GET","path":"/api/system-config/active","action":"GET /api/system-config/active","ip":"::1"}
{"timestamp":"2025-11-03T18:46:28.631Z","type":"ACTION","user_id":"anonymous","user_name":"anonymous","role_name":"anonymous","method":"GET","path":"/api/interview/interviewers","action":"GET /api/interview/interviewers","ip":"::1"}
{"timestamp":"2025-11-03T18:46:28.662Z","type":"ACTION","user_id":"anonymous","user_name":"anonymous","role_name":"anonymous","method":"GET","path":"/api/interview/interviewers","action":"GET /api/interview/interviewers","ip":"::1"}
{"timestamp":"2025-11-03T18:46:30.240Z","type":"ACTION","user_id":"anonymous","user_name":"anonymous","role_name":"anonymous","method":"GET","path":"/api/interview/students/Anish","action":"GET /api/interview/students/Anish","ip":"::1","details":{"query":{"nmmsYear":"2025"}}}
{"timestamp":"2025-11-03T18:47:07.561Z","type":"ACTION","user_id":"anonymous","user_name":"anonymous","role_name":"anonymous","method":"POST","path":"/api/interview/submit-interview","action":"POST /api/interview/submit-interview","ip":"::1","details":{"body":{"applicantId":"303","remarks":"rrrrrr","nmmsYear":"2025","interviewDate":"2025-10-28","interviewTime":"12:17 AM","interviewMode":"Online","interviewStatus":"Rescheduled","lifeGoalsAndZeal":"4","commitmentToLearning":"4","integrity":"4","communicationSkills":"4","homeVerificationRequired":"","interviewResult":"Another Interview Required"}}}
{"timestamp":"2025-11-03T18:47:11.276Z","type":"ACTION","user_id":"anonymous","user_name":"anonymous","role_name":"anonymous","method":"GET","path":"/api/interview/interviewers","action":"GET /api/interview/interviewers","ip":"::1"}
{"timestamp":"2025-11-03T18:47:11.296Z","type":"ACTION","user_id":"anonymous","user_name":"anonymous","role_name":"anonymous","method":"GET","path":"/api/interview/interviewers","action":"GET /api/interview/interviewers","ip":"::1"}
{"timestamp":"2025-11-03T18:47:13.155Z","type":"ACTION","user_id":"anonymous","user_name":"anonymous","role_name":"anonymous","method":"GET","path":"/api/interview/students/Anish","action":"GET /api/interview/students/Anish","ip":"::1","details":{"query":{"nmmsYear":"2025"}}}
{"timestamp":"2025-11-03T18:47:48.040Z","type":"ACTION","user_id":"anonymous","user_name":"anonymous","role_name":"anonymous","method":"POST","path":"/api/interview/submit-interview","action":"POST /api/interview/submit-interview","ip":"::1","details":{"body":{"applicantId":"323","remarks":"rrrrrrrrrrr","nmmsYear":"2025","interviewDate":"2025-10-28","interviewTime":"11:16 AM","interviewMode":"Offline","interviewStatus":"Rescheduled","lifeGoalsAndZeal":"3.8","commitmentToLearning":"4","integrity":"3.8","communicationSkills":"4","homeVerificationRequired":"","interviewResult":"Home Verification Required"}}}
{"timestamp":"2025-11-03T18:47:50.781Z","type":"ACTION","user_id":"7","user_name":"admin1","role_name":"ADMIN","method":"GET","path":"/api/interview/students-for-verification","action":"GET /api/interview/students-for-verification","ip":"::1"}
{"timestamp":"2025-11-03T18:47:50.818Z","type":"ACTION","user_id":"7","user_name":"admin1","role_name":"ADMIN","method":"GET","path":"/api/interview/students-for-verification","action":"GET /api/interview/students-for-verification","ip":"::1"}
{"timestamp":"2025-11-03T18:47:54.232Z","type":"ACTION","user_id":"7","user_name":"admin1","role_name":"ADMIN","method":"GET","path":"/api/interview/exam-centers","action":"GET /api/interview/exam-centers","ip":"::1"}
{"timestamp":"2025-11-03T18:47:54.261Z","type":"ACTION","user_id":"7","user_name":"admin1","role_name":"ADMIN","method":"GET","path":"/api/interview/exam-centers","action":"GET /api/interview/exam-centers","ip":"::1"}
{"timestamp":"2025-11-03T18:47:58.488Z","type":"ACTION","user_id":"7","user_name":"admin1","role_name":"ADMIN","method":"GET","path":"/api/interview/unassigned-students","action":"GET /api/interview/unassigned-students","ip":"::1","details":{"query":{"centerName":"center1","nmmsYear":"2025"}}}
{"timestamp":"2025-11-03T18:47:58.564Z","type":"ACTION","user_id":"7","user_name":"admin1","role_name":"ADMIN","method":"GET","path":"/api/interview/unassigned-students","action":"GET /api/interview/unassigned-students","ip":"::1","details":{"query":{"centerName":"center1","nmmsYear":"2025"}}}
{"timestamp":"2025-11-03T18:47:58.596Z","type":"ACTION","user_id":"7","user_name":"admin1","role_name":"ADMIN","method":"GET","path":"/api/interview/interviewers","action":"GET /api/interview/interviewers","ip":"::1"}
{"timestamp":"2025-11-03T18:47:58.621Z","type":"ACTION","user_id":"7","user_name":"admin1","role_name":"ADMIN","method":"GET","path":"/api/interview/interviewers","action":"GET /api/interview/interviewers","ip":"::1"}
{"timestamp":"2025-11-03T18:48:30.264Z","type":"ACTION","user_id":"7","user_name":"admin1","role_name":"ADMIN","method":"GET","path":"/api/interview/reassignable-students","action":"GET /api/interview/reassignable-students","ip":"::1","details":{"query":{"centerName":"center1","nmmsYear":"2025"}}}
{"timestamp":"2025-11-03T18:48:30.574Z","type":"ACTION","user_id":"7","user_name":"admin1","role_name":"ADMIN","method":"GET","path":"/api/interview/reassignable-students","action":"GET /api/interview/reassignable-students","ip":"::1","details":{"query":{"centerName":"center1","nmmsYear":"2025"}}}
{"timestamp":"2025-11-03T18:48:30.584Z","type":"ACTION","user_id":"7","user_name":"admin1","role_name":"ADMIN","method":"GET","path":"/api/interview/interviewers","action":"GET /api/interview/interviewers","ip":"::1"}
{"timestamp":"2025-11-03T18:48:30.759Z","type":"ACTION","user_id":"7","user_name":"admin1","role_name":"ADMIN","method":"GET","path":"/api/interview/interviewers","action":"GET /api/interview/interviewers","ip":"::1"}
{"timestamp":"2025-11-03T18:48:32.514Z","type":"ACTION","user_id":"7","user_name":"admin1","role_name":"ADMIN","method":"GET","path":"/api/interview/unassigned-students","action":"GET /api/interview/unassigned-students","ip":"::1","details":{"query":{"centerName":"center1","nmmsYear":"2025"}}}
{"timestamp":"2025-11-03T18:48:32.597Z","type":"ACTION","user_id":"7","user_name":"admin1","role_name":"ADMIN","method":"GET","path":"/api/interview/unassigned-students","action":"GET /api/interview/unassigned-students","ip":"::1","details":{"query":{"centerName":"center1","nmmsYear":"2025"}}}
{"timestamp":"2025-11-03T18:48:32.606Z","type":"ACTION","user_id":"7","user_name":"admin1","role_name":"ADMIN","method":"GET","path":"/api/interview/interviewers","action":"GET /api/interview/interviewers","ip":"::1"}
{"timestamp":"2025-11-03T18:48:32.630Z","type":"ACTION","user_id":"7","user_name":"admin1","role_name":"ADMIN","method":"GET","path":"/api/interview/interviewers","action":"GET /api/interview/interviewers","ip":"::1"}
{"timestamp":"2025-11-03T18:48:52.893Z","type":"ACTION","user_id":"anonymous","user_name":"anonymous","role_name":"anonymous","method":"GET","path":"/api/evaluation-dashboard/overall","action":"GET /api/evaluation-dashboard/overall","ip":"::1"}
{"timestamp":"2025-11-03T18:48:52.900Z","type":"ACTION","user_id":"anonymous","user_name":"anonymous","role_name":"anonymous","method":"GET","path":"/api/evaluation-dashboard/jurisdictions","action":"GET /api/evaluation-dashboard/jurisdictions","ip":"::1"}
{"timestamp":"2025-11-03T18:48:52.905Z","type":"ACTION","user_id":"anonymous","user_name":"anonymous","role_name":"anonymous","method":"GET","path":"/api/evaluation-dashboard/overall-progress","action":"GET /api/evaluation-dashboard/overall-progress","ip":"::1"}
{"timestamp":"2025-11-03T18:48:53.245Z","type":"ACTION","user_id":"anonymous","user_name":"anonymous","role_name":"anonymous","method":"GET","path":"/api/evaluation-dashboard/overall-progress","action":"GET /api/evaluation-dashboard/overall-progress","ip":"::1"}
{"timestamp":"2025-11-03T18:48:53.261Z","type":"ACTION","user_id":"anonymous","user_name":"anonymous","role_name":"anonymous","method":"GET","path":"/api/evaluation-dashboard/jurisdictions","action":"GET /api/evaluation-dashboard/jurisdictions","ip":"::1"}
{"timestamp":"2025-11-03T18:48:53.268Z","type":"ACTION","user_id":"anonymous","user_name":"anonymous","role_name":"anonymous","method":"GET","path":"/api/evaluation-dashboard/overall","action":"GET /api/evaluation-dashboard/overall","ip":"::1"}
{"timestamp":"2025-11-03T18:48:54.387Z","type":"ACTION","user_id":"7","user_name":"admin1","role_name":"ADMIN","method":"GET","path":"/api/tracking/interviewers","action":"GET /api/tracking/interviewers","ip":"::1"}
{"timestamp":"2025-11-03T18:48:54.420Z","type":"ACTION","user_id":"7","user_name":"admin1","role_name":"ADMIN","method":"GET","path":"/api/tracking/interviewers","action":"GET /api/tracking/interviewers","ip":"::1"}
{"timestamp":"2025-11-03T18:48:54.434Z","type":"ACTION","user_id":"7","user_name":"admin1","role_name":"ADMIN","method":"GET","path":"/api/tracking/students","action":"GET /api/tracking/students","ip":"::1","details":{"query":{"page":"1"}}}
{"timestamp":"2025-11-03T18:48:54.466Z","type":"ACTION","user_id":"7","user_name":"admin1","role_name":"ADMIN","method":"GET","path":"/api/tracking/students","action":"GET /api/tracking/students","ip":"::1","details":{"query":{"page":"1"}}}
{"timestamp":"2025-11-03T18:48:57.247Z","type":"ACTION","user_id":"7","user_name":"admin1","role_name":"ADMIN","method":"GET","path":"/api/tracking/students/303/interviews/all","action":"GET /api/tracking/students/303/interviews/all","ip":"::1"}
{"timestamp":"2025-11-03T18:48:57.263Z","type":"ACTION","user_id":"7","user_name":"admin1","role_name":"ADMIN","method":"GET","path":"/api/tracking/students/303/home/all","action":"GET /api/tracking/students/303/home/all","ip":"::1"}
{"timestamp":"2025-11-03T18:49:53.167Z","type":"ACTION","user_id":"7","user_name":"admin1","role_name":"ADMIN","method":"GET","path":"/api/tracking/interviewers","action":"GET /api/tracking/interviewers","ip":"::1"}
{"timestamp":"2025-11-03T18:49:53.212Z","type":"ACTION","user_id":"7","user_name":"admin1","role_name":"ADMIN","method":"GET","path":"/api/tracking/students","action":"GET /api/tracking/students","ip":"::1","details":{"query":{"page":"1"}}}
{"timestamp":"2025-11-03T18:49:53.237Z","type":"ACTION","user_id":"7","user_name":"admin1","role_name":"ADMIN","method":"GET","path":"/api/system-config/active","action":"GET /api/system-config/active","ip":"::1"}
{"timestamp":"2025-11-03T18:49:53.443Z","type":"ACTION","user_id":"7","user_name":"admin1","role_name":"ADMIN","method":"GET","path":"/api/tracking/interviewers","action":"GET /api/tracking/interviewers","ip":"::1"}
{"timestamp":"2025-11-03T18:49:53.499Z","type":"ACTION","user_id":"7","user_name":"admin1","role_name":"ADMIN","method":"GET","path":"/api/system-config/active","action":"GET /api/system-config/active","ip":"::1"}
{"timestamp":"2025-11-03T18:49:53.526Z","type":"ACTION","user_id":"7","user_name":"admin1","role_name":"ADMIN","method":"GET","path":"/api/tracking/students","action":"GET /api/tracking/students","ip":"::1","details":{"query":{"page":"1"}}}
{"timestamp":"2025-11-03T18:49:54.548Z","type":"ACTION","user_id":"anonymous","user_name":"anonymous","role_name":"anonymous","method":"GET","path":"/api/evaluation-dashboard/overall","action":"GET /api/evaluation-dashboard/overall","ip":"::1"}
{"timestamp":"2025-11-03T18:49:54.574Z","type":"ACTION","user_id":"anonymous","user_name":"anonymous","role_name":"anonymous","method":"GET","path":"/api/evaluation-dashboard/jurisdictions","action":"GET /api/evaluation-dashboard/jurisdictions","ip":"::1"}
{"timestamp":"2025-11-03T18:49:54.600Z","type":"ACTION","user_id":"anonymous","user_name":"anonymous","role_name":"anonymous","method":"GET","path":"/api/evaluation-dashboard/overall-progress","action":"GET /api/evaluation-dashboard/overall-progress","ip":"::1"}
{"timestamp":"2025-11-03T18:49:54.646Z","type":"ACTION","user_id":"anonymous","user_name":"anonymous","role_name":"anonymous","method":"GET","path":"/api/evaluation-dashboard/overall","action":"GET /api/evaluation-dashboard/overall","ip":"::1"}
{"timestamp":"2025-11-03T18:49:54.683Z","type":"ACTION","user_id":"anonymous","user_name":"anonymous","role_name":"anonymous","method":"GET","path":"/api/evaluation-dashboard/overall-progress","action":"GET /api/evaluation-dashboard/overall-progress","ip":"::1"}
{"timestamp":"2025-11-03T18:49:54.689Z","type":"ACTION","user_id":"anonymous","user_name":"anonymous","role_name":"anonymous","method":"GET","path":"/api/evaluation-dashboard/jurisdictions","action":"GET /api/evaluation-dashboard/jurisdictions","ip":"::1"}
{"timestamp":"2025-11-03T18:49:56.675Z","type":"ACTION","user_id":"7","user_name":"admin1","role_name":"ADMIN","method":"GET","path":"/api/interview/exam-centers","action":"GET /api/interview/exam-centers","ip":"::1"}
{"timestamp":"2025-11-03T18:49:56.706Z","type":"ACTION","user_id":"7","user_name":"admin1","role_name":"ADMIN","method":"GET","path":"/api/interview/exam-centers","action":"GET /api/interview/exam-centers","ip":"::1"}
{"timestamp":"2025-11-03T18:50:01.548Z","type":"ACTION","user_id":"7","user_name":"admin1","role_name":"ADMIN","method":"GET","path":"/api/interview/unassigned-students","action":"GET /api/interview/unassigned-students","ip":"::1","details":{"query":{"centerName":"center1","nmmsYear":"2025"}}}
{"timestamp":"2025-11-03T18:50:01.604Z","type":"ACTION","user_id":"7","user_name":"admin1","role_name":"ADMIN","method":"GET","path":"/api/interview/unassigned-students","action":"GET /api/interview/unassigned-students","ip":"::1","details":{"query":{"centerName":"center1","nmmsYear":"2025"}}}
{"timestamp":"2025-11-03T18:50:01.962Z","type":"ACTION","user_id":"7","user_name":"admin1","role_name":"ADMIN","method":"GET","path":"/api/interview/interviewers","action":"GET /api/interview/interviewers","ip":"::1"}
{"timestamp":"2025-11-03T18:50:01.983Z","type":"ACTION","user_id":"7","user_name":"admin1","role_name":"ADMIN","method":"GET","path":"/api/interview/interviewers","action":"GET /api/interview/interviewers","ip":"::1"}
{"timestamp":"2025-11-03T18:50:04.884Z","type":"ACTION","user_id":"7","user_name":"admin1","role_name":"ADMIN","method":"GET","path":"/api/interview/states","action":"GET /api/interview/states","ip":"::1"}
{"timestamp":"2025-11-03T18:50:04.924Z","type":"ACTION","user_id":"7","user_name":"admin1","role_name":"ADMIN","method":"GET","path":"/api/interview/states","action":"GET /api/interview/states","ip":"::1"}
{"timestamp":"2025-11-03T18:50:06.816Z","type":"ACTION","user_id":"7","user_name":"admin1","role_name":"ADMIN","method":"GET","path":"/api/interview/districts/KARNATAKA","action":"GET /api/interview/districts/KARNATAKA","ip":"::1"}
{"timestamp":"2025-11-03T18:50:08.197Z","type":"ACTION","user_id":"7","user_name":"admin1","role_name":"ADMIN","method":"GET","path":"/api/interview/blocks/BELAGAVI","action":"GET /api/interview/blocks/BELAGAVI","ip":"::1"}
{"timestamp":"2025-11-03T18:50:14.154Z","type":"ACTION","user_id":"7","user_name":"admin1","role_name":"ADMIN","method":"GET","path":"/api/interview/unassignedStudentsByBlock","action":"GET /api/interview/unassignedStudentsByBlock","ip":"::1","details":{"query":{"stateName":"KARNATAKA","districtName":"BELAGAVI","blockName":"BAILHONGAL","nmmsYear":"2025"}}}
{"timestamp":"2025-11-03T18:50:14.213Z","type":"ACTION","user_id":"7","user_name":"admin1","role_name":"ADMIN","method":"GET","path":"/api/interview/interviewers","action":"GET /api/interview/interviewers","ip":"::1"}
{"timestamp":"2025-11-03T18:50:14.228Z","type":"ACTION","user_id":"7","user_name":"admin1","role_name":"ADMIN","method":"GET","path":"/api/interview/interviewers","action":"GET /api/interview/interviewers","ip":"::1"}
{"timestamp":"2025-11-03T18:50:24.245Z","type":"ACTION","user_id":"7","user_name":"admin1","role_name":"ADMIN","method":"POST","path":"/api/interview/assign-students","action":"POST /api/interview/assign-students","ip":"::1","details":{"body":{"applicantIds":["303","324","451"],"interviewerId":6,"nmmsYear":2025}}}
{"timestamp":"2025-11-03T18:50:24.303Z","type":"ACTION","user_id":"7","user_name":"admin1","role_name":"ADMIN","method":"GET","path":"/api/interview/unassignedStudentsByBlock","action":"GET /api/interview/unassignedStudentsByBlock","ip":"::1","details":{"query":{"stateName":"KARNATAKA","districtName":"BELAGAVI","blockName":"BAILHONGAL","nmmsYear":"2025"}}}
{"timestamp":"2025-11-03T18:50:24.348Z","type":"ACTION","user_id":"7","user_name":"admin1","role_name":"ADMIN","method":"GET","path":"/api/interview/interviewers","action":"GET /api/interview/interviewers","ip":"::1"}
{"timestamp":"2025-11-03T18:50:24.358Z","type":"ACTION","user_id":"7","user_name":"admin1","role_name":"ADMIN","method":"GET","path":"/api/interview/interviewers","action":"GET /api/interview/interviewers","ip":"::1"}
{"timestamp":"2025-11-03T18:50:42.677Z","type":"ACTION","user_id":"7","user_name":"admin1","role_name":"ADMIN","method":"GET","path":"/api/interview/exam-centers","action":"GET /api/interview/exam-centers","ip":"::1"}
{"timestamp":"2025-11-03T18:50:42.764Z","type":"ACTION","user_id":"7","user_name":"admin1","role_name":"ADMIN","method":"GET","path":"/api/interview/unassigned-students","action":"GET /api/interview/unassigned-students","ip":"::1","details":{"query":{"centerName":"center1","nmmsYear":"2025"}}}
{"timestamp":"2025-11-03T18:50:42.911Z","type":"ACTION","user_id":"7","user_name":"admin1","role_name":"ADMIN","method":"GET","path":"/api/interview/exam-centers","action":"GET /api/interview/exam-centers","ip":"::1"}
{"timestamp":"2025-11-03T18:50:43.004Z","type":"ACTION","user_id":"7","user_name":"admin1","role_name":"ADMIN","method":"GET","path":"/api/interview/unassigned-students","action":"GET /api/interview/unassigned-students","ip":"::1","details":{"query":{"centerName":"center1","nmmsYear":"2025"}}}
{"timestamp":"2025-11-03T18:50:43.019Z","type":"ACTION","user_id":"7","user_name":"admin1","role_name":"ADMIN","method":"GET","path":"/api/interview/interviewers","action":"GET /api/interview/interviewers","ip":"::1"}
{"timestamp":"2025-11-03T18:50:43.040Z","type":"ACTION","user_id":"7","user_name":"admin1","role_name":"ADMIN","method":"GET","path":"/api/interview/interviewers","action":"GET /api/interview/interviewers","ip":"::1"}
{"timestamp":"2025-11-03T18:50:52.938Z","type":"ACTION","user_id":"7","user_name":"admin1","role_name":"ADMIN","method":"POST","path":"/api/interview/assign-students","action":"POST /api/interview/assign-students","ip":"::1","details":{"body":{"applicantIds":["303","356","331"],"interviewerId":6,"nmmsYear":2025}}}
{"timestamp":"2025-11-03T18:50:52.999Z","type":"ACTION","user_id":"7","user_name":"admin1","role_name":"ADMIN","method":"POST","path":"/api/interview/download-assignment-report","action":"POST /api/interview/download-assignment-report","ip":"::1","details":{"body":{"applicantIds":["356","331"],"nmmsYear":2025,"interviewerId":6}}}
{"timestamp":"2025-11-03T18:50:53.012Z","type":"ACTION","user_id":"7","user_name":"admin1","role_name":"ADMIN","method":"GET","path":"/api/interview/unassigned-students","action":"GET /api/interview/unassigned-students","ip":"::1","details":{"query":{"centerName":"center1","nmmsYear":"2025"}}}
{"timestamp":"2025-11-04T15:38:28.906Z","type":"ACTION","user_id":"7","user_name":"admin1","role_name":"ADMIN","method":"GET","path":"/api/system-config/active","action":"GET /api/system-config/active","ip":"::1"}
{"timestamp":"2025-11-04T15:38:29.381Z","type":"ACTION","user_id":"7","user_name":"admin1","role_name":"ADMIN","method":"GET","path":"/api/system-config/active","action":"GET /api/system-config/active","ip":"::1"}
{"timestamp":"2025-11-04T15:38:37.183Z","type":"ACTION","user_id":"anonymous","user_name":"anonymous","role_name":"anonymous","method":"GET","path":"/api/evaluation-dashboard/overall","action":"GET /api/evaluation-dashboard/overall","ip":"::1"}
{"timestamp":"2025-11-04T15:38:37.212Z","type":"ACTION","user_id":"anonymous","user_name":"anonymous","role_name":"anonymous","method":"GET","path":"/api/evaluation-dashboard/overall-progress","action":"GET /api/evaluation-dashboard/overall-progress","ip":"::1"}
{"timestamp":"2025-11-04T15:38:37.222Z","type":"ACTION","user_id":"anonymous","user_name":"anonymous","role_name":"anonymous","method":"GET","path":"/api/evaluation-dashboard/jurisdictions","action":"GET /api/evaluation-dashboard/jurisdictions","ip":"::1"}
{"timestamp":"2025-11-04T15:38:37.370Z","type":"ACTION","user_id":"anonymous","user_name":"anonymous","role_name":"anonymous","method":"GET","path":"/api/evaluation-dashboard/overall","action":"GET /api/evaluation-dashboard/overall","ip":"::1"}
{"timestamp":"2025-11-04T15:38:37.598Z","type":"ACTION","user_id":"anonymous","user_name":"anonymous","role_name":"anonymous","method":"GET","path":"/api/evaluation-dashboard/overall-progress","action":"GET /api/evaluation-dashboard/overall-progress","ip":"::1"}
{"timestamp":"2025-11-04T15:38:37.629Z","type":"ACTION","user_id":"anonymous","user_name":"anonymous","role_name":"anonymous","method":"GET","path":"/api/evaluation-dashboard/jurisdictions","action":"GET /api/evaluation-dashboard/jurisdictions","ip":"::1"}
{"timestamp":"2025-11-04T15:38:40.270Z","type":"ACTION","user_id":"7","user_name":"admin1","role_name":"ADMIN","method":"GET","path":"/api/interview/exam-centers","action":"GET /api/interview/exam-centers","ip":"::1"}
{"timestamp":"2025-11-04T15:38:40.294Z","type":"ACTION","user_id":"7","user_name":"admin1","role_name":"ADMIN","method":"GET","path":"/api/interview/exam-centers","action":"GET /api/interview/exam-centers","ip":"::1"}
{"timestamp":"2025-11-04T15:38:43.786Z","type":"ACTION","user_id":"7","user_name":"admin1","role_name":"ADMIN","method":"GET","path":"/api/interview/unassigned-students","action":"GET /api/interview/unassigned-students","ip":"::1","details":{"query":{"centerName":"center1","nmmsYear":"2025"}}}
{"timestamp":"2025-11-04T15:38:43.831Z","type":"ACTION","user_id":"7","user_name":"admin1","role_name":"ADMIN","method":"GET","path":"/api/interview/unassigned-students","action":"GET /api/interview/unassigned-students","ip":"::1","details":{"query":{"centerName":"center1","nmmsYear":"2025"}}}
{"timestamp":"2025-11-04T15:38:43.867Z","type":"ACTION","user_id":"7","user_name":"admin1","role_name":"ADMIN","method":"GET","path":"/api/interview/interviewers","action":"GET /api/interview/interviewers","ip":"::1"}
{"timestamp":"2025-11-04T15:38:43.885Z","type":"ACTION","user_id":"7","user_name":"admin1","role_name":"ADMIN","method":"GET","path":"/api/interview/interviewers","action":"GET /api/interview/interviewers","ip":"::1"}
{"timestamp":"2025-11-04T15:38:51.192Z","type":"ACTION","user_id":"7","user_name":"admin1","role_name":"ADMIN","method":"GET","path":"/api/interview/states","action":"GET /api/interview/states","ip":"::1"}
{"timestamp":"2025-11-04T15:38:51.207Z","type":"ACTION","user_id":"7","user_name":"admin1","role_name":"ADMIN","method":"GET","path":"/api/interview/states","action":"GET /api/interview/states","ip":"::1"}
{"timestamp":"2025-11-04T15:38:53.116Z","type":"ACTION","user_id":"7","user_name":"admin1","role_name":"ADMIN","method":"GET","path":"/api/interview/districts/KARNATAKA","action":"GET /api/interview/districts/KARNATAKA","ip":"::1"}
{"timestamp":"2025-11-04T15:38:59.031Z","type":"ACTION","user_id":"7","user_name":"admin1","role_name":"ADMIN","method":"GET","path":"/api/interview/blocks/BELAGAVI","action":"GET /api/interview/blocks/BELAGAVI","ip":"::1"}
{"timestamp":"2025-11-04T15:39:02.902Z","type":"ACTION","user_id":"7","user_name":"admin1","role_name":"ADMIN","method":"GET","path":"/api/interview/unassignedStudentsByBlock","action":"GET /api/interview/unassignedStudentsByBlock","ip":"::1","details":{"query":{"stateName":"KARNATAKA","districtName":"BELAGAVI","blockName":"BAILHONGAL","nmmsYear":"2025"}}}
{"timestamp":"2025-11-04T15:39:02.950Z","type":"ACTION","user_id":"7","user_name":"admin1","role_name":"ADMIN","method":"GET","path":"/api/interview/interviewers","action":"GET /api/interview/interviewers","ip":"::1"}
{"timestamp":"2025-11-04T15:39:02.962Z","type":"ACTION","user_id":"7","user_name":"admin1","role_name":"ADMIN","method":"GET","path":"/api/interview/interviewers","action":"GET /api/interview/interviewers","ip":"::1"}
{"timestamp":"2025-11-04T15:39:11.316Z","type":"ACTION","user_id":"7","user_name":"admin1","role_name":"ADMIN","method":"POST","path":"/api/interview/assign-students","action":"POST /api/interview/assign-students","ip":"::1","details":{"body":{"applicantIds":["303","332"],"interviewerId":6,"nmmsYear":2025}}}
{"timestamp":"2025-11-04T15:39:11.411Z","type":"ACTION","user_id":"7","user_name":"admin1","role_name":"ADMIN","method":"GET","path":"/api/interview/unassignedStudentsByBlock","action":"GET /api/interview/unassignedStudentsByBlock","ip":"::1","details":{"query":{"stateName":"KARNATAKA","districtName":"BELAGAVI","blockName":"BAILHONGAL","nmmsYear":"2025"}}}
{"timestamp":"2025-11-04T15:39:11.450Z","type":"ACTION","user_id":"7","user_name":"admin1","role_name":"ADMIN","method":"GET","path":"/api/interview/interviewers","action":"GET /api/interview/interviewers","ip":"::1"}
{"timestamp":"2025-11-04T15:39:11.464Z","type":"ACTION","user_id":"7","user_name":"admin1","role_name":"ADMIN","method":"GET","path":"/api/interview/interviewers","action":"GET /api/interview/interviewers","ip":"::1"}
{"timestamp":"2025-11-04T15:39:46.486Z","type":"ACTION","user_id":"7","user_name":"admin1","role_name":"ADMIN","method":"GET","path":"/api/interview/exam-centers","action":"GET /api/interview/exam-centers","ip":"::1"}
{"timestamp":"2025-11-04T15:39:46.494Z","type":"ACTION","user_id":"7","user_name":"admin1","role_name":"ADMIN","method":"GET","path":"/api/interview/unassigned-students","action":"GET /api/interview/unassigned-students","ip":"::1","details":{"query":{"centerName":"center1","nmmsYear":"2025"}}}
{"timestamp":"2025-11-04T15:39:46.696Z","type":"ACTION","user_id":"7","user_name":"admin1","role_name":"ADMIN","method":"GET","path":"/api/interview/exam-centers","action":"GET /api/interview/exam-centers","ip":"::1"}
{"timestamp":"2025-11-04T15:39:46.734Z","type":"ACTION","user_id":"7","user_name":"admin1","role_name":"ADMIN","method":"GET","path":"/api/interview/unassigned-students","action":"GET /api/interview/unassigned-students","ip":"::1","details":{"query":{"centerName":"center1","nmmsYear":"2025"}}}
{"timestamp":"2025-11-04T15:39:46.765Z","type":"ACTION","user_id":"7","user_name":"admin1","role_name":"ADMIN","method":"GET","path":"/api/interview/interviewers","action":"GET /api/interview/interviewers","ip":"::1"}
{"timestamp":"2025-11-04T15:39:46.783Z","type":"ACTION","user_id":"7","user_name":"admin1","role_name":"ADMIN","method":"GET","path":"/api/interview/interviewers","action":"GET /api/interview/interviewers","ip":"::1"}
{"timestamp":"2025-11-04T15:39:56.388Z","type":"ACTION","user_id":"7","user_name":"admin1","role_name":"ADMIN","method":"POST","path":"/api/interview/assign-students","action":"POST /api/interview/assign-students","ip":"::1","details":{"body":{"applicantIds":["303","445"],"interviewerId":6,"nmmsYear":2025}}}
{"timestamp":"2025-11-04T15:39:56.437Z","type":"ACTION","user_id":"7","user_name":"admin1","role_name":"ADMIN","method":"POST","path":"/api/interview/download-assignment-report","action":"POST /api/interview/download-assignment-report","ip":"::1","details":{"body":{"applicantIds":["445"],"nmmsYear":2025,"interviewerId":6}}}
{"timestamp":"2025-11-04T15:39:56.471Z","type":"ACTION","user_id":"7","user_name":"admin1","role_name":"ADMIN","method":"GET","path":"/api/interview/unassigned-students","action":"GET /api/interview/unassigned-students","ip":"::1","details":{"query":{"centerName":"center1","nmmsYear":"2025"}}}
{"timestamp":"2025-11-04T15:43:43.106Z","type":"ACTION","user_id":"7","user_name":"admin1","role_name":"ADMIN","method":"GET","path":"/api/system-config/active","action":"GET /api/system-config/active","ip":"::1"}
{"timestamp":"2025-11-04T15:43:43.276Z","type":"ACTION","user_id":"7","user_name":"admin1","role_name":"ADMIN","method":"GET","path":"/api/system-config/active","action":"GET /api/system-config/active","ip":"::1"}
{"timestamp":"2025-11-04T15:43:44.346Z","type":"ACTION","user_id":"7","user_name":"admin1","role_name":"ADMIN","method":"GET","path":"/api/interview/exam-centers","action":"GET /api/interview/exam-centers","ip":"::1"}
{"timestamp":"2025-11-04T15:43:44.373Z","type":"ACTION","user_id":"7","user_name":"admin1","role_name":"ADMIN","method":"GET","path":"/api/interview/exam-centers","action":"GET /api/interview/exam-centers","ip":"::1"}
{"timestamp":"2025-11-04T15:43:47.695Z","type":"ACTION","user_id":"7","user_name":"admin1","role_name":"ADMIN","method":"GET","path":"/api/interview/states","action":"GET /api/interview/states","ip":"::1"}
{"timestamp":"2025-11-04T15:43:47.721Z","type":"ACTION","user_id":"7","user_name":"admin1","role_name":"ADMIN","method":"GET","path":"/api/interview/states","action":"GET /api/interview/states","ip":"::1"}
{"timestamp":"2025-11-04T15:43:50.471Z","type":"ACTION","user_id":"7","user_name":"admin1","role_name":"ADMIN","method":"GET","path":"/api/interview/districts/KARNATAKA","action":"GET /api/interview/districts/KARNATAKA","ip":"::1"}
{"timestamp":"2025-11-04T15:43:52.612Z","type":"ACTION","user_id":"7","user_name":"admin1","role_name":"ADMIN","method":"GET","path":"/api/interview/blocks/BELAGAVI","action":"GET /api/interview/blocks/BELAGAVI","ip":"::1"}
{"timestamp":"2025-11-04T16:09:35.064Z","type":"ACTION","user_id":"7","user_name":"admin1","role_name":"ADMIN","method":"GET","path":"/api/system-config/active","action":"GET /api/system-config/active","ip":"::1"}
{"timestamp":"2025-11-04T16:09:35.345Z","type":"ACTION","user_id":"7","user_name":"admin1","role_name":"ADMIN","method":"GET","path":"/api/system-config/active","action":"GET /api/system-config/active","ip":"::1"}
{"timestamp":"2025-11-04T16:09:37.668Z","type":"ACTION","user_id":"7","user_name":"admin1","role_name":"ADMIN","method":"GET","path":"/api/interview/exam-centers","action":"GET /api/interview/exam-centers","ip":"::1"}
{"timestamp":"2025-11-04T16:09:37.686Z","type":"ACTION","user_id":"7","user_name":"admin1","role_name":"ADMIN","method":"GET","path":"/api/interview/exam-centers","action":"GET /api/interview/exam-centers","ip":"::1"}
{"timestamp":"2025-11-04T16:09:41.045Z","type":"ACTION","user_id":"7","user_name":"admin1","role_name":"ADMIN","method":"GET","path":"/api/interview/states","action":"GET /api/interview/states","ip":"::1"}
{"timestamp":"2025-11-04T16:09:41.064Z","type":"ACTION","user_id":"7","user_name":"admin1","role_name":"ADMIN","method":"GET","path":"/api/interview/states","action":"GET /api/interview/states","ip":"::1"}
{"timestamp":"2025-11-04T16:09:43.596Z","type":"ACTION","user_id":"7","user_name":"admin1","role_name":"ADMIN","method":"GET","path":"/api/interview/districts/KARNATAKA","action":"GET /api/interview/districts/KARNATAKA","ip":"::1"}
{"timestamp":"2025-11-04T16:09:45.335Z","type":"ACTION","user_id":"7","user_name":"admin1","role_name":"ADMIN","method":"GET","path":"/api/interview/blocks/BELAGAVI","action":"GET /api/interview/blocks/BELAGAVI","ip":"::1"}
{"timestamp":"2025-11-04T16:09:48.678Z","type":"ACTION","user_id":"7","user_name":"admin1","role_name":"ADMIN","method":"GET","path":"/api/interview/unassignedStudentsByBlock","action":"GET /api/interview/unassignedStudentsByBlock","ip":"::1","details":{"query":{"stateName":"KARNATAKA","districtName":"BELAGAVI","blockName":"BAILHONGAL","nmmsYear":"2025"}}}
{"timestamp":"2025-11-04T16:09:48.756Z","type":"ACTION","user_id":"7","user_name":"admin1","role_name":"ADMIN","method":"GET","path":"/api/interview/interviewers","action":"GET /api/interview/interviewers","ip":"::1"}
{"timestamp":"2025-11-04T16:09:48.772Z","type":"ACTION","user_id":"7","user_name":"admin1","role_name":"ADMIN","method":"GET","path":"/api/interview/interviewers","action":"GET /api/interview/interviewers","ip":"::1"}
{"timestamp":"2025-11-04T16:09:56.079Z","type":"ACTION","user_id":"7","user_name":"admin1","role_name":"ADMIN","method":"POST","path":"/api/interview/assign-students","action":"POST /api/interview/assign-students","ip":"::1","details":{"body":{"applicantIds":["303","213","341"],"interviewerId":6,"nmmsYear":2025}}}
{"timestamp":"2025-11-04T16:09:56.138Z","type":"ACTION","user_id":"7","user_name":"admin1","role_name":"ADMIN","method":"POST","path":"/api/interview/download-assignment-report","action":"POST /api/interview/download-assignment-report","ip":"::1","details":{"body":{"applicantIds":["213","341"],"nmmsYear":2025,"interviewerId":6}}}
{"timestamp":"2025-11-04T16:09:56.416Z","type":"ACTION","user_id":"7","user_name":"admin1","role_name":"ADMIN","method":"GET","path":"/api/interview/unassignedStudentsByBlock","action":"GET /api/interview/unassignedStudentsByBlock","ip":"::1","details":{"query":{"stateName":"KARNATAKA","districtName":"BELAGAVI","blockName":"BAILHONGAL","nmmsYear":"2025"}}}
{"timestamp":"2025-11-04T16:09:56.458Z","type":"ACTION","user_id":"7","user_name":"admin1","role_name":"ADMIN","method":"GET","path":"/api/interview/interviewers","action":"GET /api/interview/interviewers","ip":"::1"}
{"timestamp":"2025-11-04T16:09:56.474Z","type":"ACTION","user_id":"7","user_name":"admin1","role_name":"ADMIN","method":"GET","path":"/api/interview/interviewers","action":"GET /api/interview/interviewers","ip":"::1"}
{"timestamp":"2025-11-04T16:12:52.198Z","type":"ACTION","user_id":"7","user_name":"admin1","role_name":"ADMIN","method":"GET","path":"/api/interview/interviewers","action":"GET /api/interview/interviewers","ip":"::1"}
{"timestamp":"2025-11-04T16:12:52.207Z","type":"ACTION","user_id":"7","user_name":"admin1","role_name":"ADMIN","method":"GET","path":"/api/interview/states","action":"GET /api/interview/states","ip":"::1"}
{"timestamp":"2025-11-04T16:12:52.220Z","type":"ACTION","user_id":"7","user_name":"admin1","role_name":"ADMIN","method":"GET","path":"/api/interview/districts/KARNATAKA","action":"GET /api/interview/districts/KARNATAKA","ip":"::1"}
{"timestamp":"2025-11-04T16:12:52.226Z","type":"ACTION","user_id":"7","user_name":"admin1","role_name":"ADMIN","method":"GET","path":"/api/interview/blocks/BELAGAVI","action":"GET /api/interview/blocks/BELAGAVI","ip":"::1"}
{"timestamp":"2025-11-04T16:12:52.232Z","type":"ACTION","user_id":"7","user_name":"admin1","role_name":"ADMIN","method":"GET","path":"/api/interview/unassignedStudentsByBlock","action":"GET /api/interview/unassignedStudentsByBlock","ip":"::1","details":{"query":{"stateName":"KARNATAKA","districtName":"BELAGAVI","blockName":"BAILHONGAL","nmmsYear":"2025"}}}
{"timestamp":"2025-11-04T16:12:52.893Z","type":"ACTION","user_id":"7","user_name":"admin1","role_name":"ADMIN","method":"GET","path":"/api/interview/interviewers","action":"GET /api/interview/interviewers","ip":"::1"}
{"timestamp":"2025-11-04T16:12:52.934Z","type":"ACTION","user_id":"7","user_name":"admin1","role_name":"ADMIN","method":"GET","path":"/api/interview/interviewers","action":"GET /api/interview/interviewers","ip":"::1"}
{"timestamp":"2025-11-04T16:13:17.602Z","type":"ACTION","user_id":"7","user_name":"admin1","role_name":"ADMIN","method":"GET","path":"/api/interview/interviewers","action":"GET /api/interview/interviewers","ip":"::1"}
{"timestamp":"2025-11-04T16:13:17.610Z","type":"ACTION","user_id":"7","user_name":"admin1","role_name":"ADMIN","method":"GET","path":"/api/interview/states","action":"GET /api/interview/states","ip":"::1"}
{"timestamp":"2025-11-04T16:13:17.625Z","type":"ACTION","user_id":"7","user_name":"admin1","role_name":"ADMIN","method":"GET","path":"/api/interview/districts/KARNATAKA","action":"GET /api/interview/districts/KARNATAKA","ip":"::1"}
{"timestamp":"2025-11-04T16:13:17.642Z","type":"ACTION","user_id":"7","user_name":"admin1","role_name":"ADMIN","method":"GET","path":"/api/interview/blocks/BELAGAVI","action":"GET /api/interview/blocks/BELAGAVI","ip":"::1"}
{"timestamp":"2025-11-04T16:13:17.660Z","type":"ACTION","user_id":"7","user_name":"admin1","role_name":"ADMIN","method":"GET","path":"/api/interview/unassignedStudentsByBlock","action":"GET /api/interview/unassignedStudentsByBlock","ip":"::1","details":{"query":{"stateName":"KARNATAKA","districtName":"BELAGAVI","blockName":"BAILHONGAL","nmmsYear":"2025"}}}
{"timestamp":"2025-11-04T16:13:17.952Z","type":"ACTION","user_id":"7","user_name":"admin1","role_name":"ADMIN","method":"GET","path":"/api/interview/interviewers","action":"GET /api/interview/interviewers","ip":"::1"}
{"timestamp":"2025-11-04T16:13:17.964Z","type":"ACTION","user_id":"7","user_name":"admin1","role_name":"ADMIN","method":"GET","path":"/api/interview/interviewers","action":"GET /api/interview/interviewers","ip":"::1"}
{"timestamp":"2025-11-04T16:13:24.408Z","type":"ACTION","user_id":"7","user_name":"admin1","role_name":"ADMIN","method":"GET","path":"/api/system-config/active","action":"GET /api/system-config/active","ip":"::1"}
{"timestamp":"2025-11-04T16:13:24.456Z","type":"ACTION","user_id":"7","user_name":"admin1","role_name":"ADMIN","method":"GET","path":"/api/system-config/active","action":"GET /api/system-config/active","ip":"::1"}
{"timestamp":"2025-11-04T16:13:26.640Z","type":"ACTION","user_id":"7","user_name":"admin1","role_name":"ADMIN","method":"GET","path":"/api/interview/exam-centers","action":"GET /api/interview/exam-centers","ip":"::1"}
{"timestamp":"2025-11-04T16:13:26.656Z","type":"ACTION","user_id":"7","user_name":"admin1","role_name":"ADMIN","method":"GET","path":"/api/interview/exam-centers","action":"GET /api/interview/exam-centers","ip":"::1"}
{"timestamp":"2025-11-04T16:13:29.416Z","type":"ACTION","user_id":"7","user_name":"admin1","role_name":"ADMIN","method":"GET","path":"/api/interview/states","action":"GET /api/interview/states","ip":"::1"}
{"timestamp":"2025-11-04T16:13:29.434Z","type":"ACTION","user_id":"7","user_name":"admin1","role_name":"ADMIN","method":"GET","path":"/api/interview/states","action":"GET /api/interview/states","ip":"::1"}
{"timestamp":"2025-11-04T16:13:31.131Z","type":"ACTION","user_id":"7","user_name":"admin1","role_name":"ADMIN","method":"GET","path":"/api/interview/districts/KARNATAKA","action":"GET /api/interview/districts/KARNATAKA","ip":"::1"}
{"timestamp":"2025-11-04T16:13:32.433Z","type":"ACTION","user_id":"7","user_name":"admin1","role_name":"ADMIN","method":"GET","path":"/api/interview/blocks/BELAGAVI","action":"GET /api/interview/blocks/BELAGAVI","ip":"::1"}
{"timestamp":"2025-11-04T16:13:35.373Z","type":"ACTION","user_id":"7","user_name":"admin1","role_name":"ADMIN","method":"GET","path":"/api/interview/unassignedStudentsByBlock","action":"GET /api/interview/unassignedStudentsByBlock","ip":"::1","details":{"query":{"stateName":"KARNATAKA","districtName":"BELAGAVI","blockName":"BAILHONGAL","nmmsYear":"2025"}}}
{"timestamp":"2025-11-04T16:13:35.421Z","type":"ACTION","user_id":"7","user_name":"admin1","role_name":"ADMIN","method":"GET","path":"/api/interview/interviewers","action":"GET /api/interview/interviewers","ip":"::1"}
{"timestamp":"2025-11-04T16:13:35.431Z","type":"ACTION","user_id":"7","user_name":"admin1","role_name":"ADMIN","method":"GET","path":"/api/interview/interviewers","action":"GET /api/interview/interviewers","ip":"::1"}
{"timestamp":"2025-11-04T16:13:41.282Z","type":"ACTION","user_id":"7","user_name":"admin1","role_name":"ADMIN","method":"POST","path":"/api/interview/assign-students","action":"POST /api/interview/assign-students","ip":"::1","details":{"body":{"applicantIds":["303","242"],"interviewerId":6,"nmmsYear":2025}}}
{"timestamp":"2025-11-04T16:13:41.324Z","type":"ACTION","user_id":"7","user_name":"admin1","role_name":"ADMIN","method":"POST","path":"/api/interview/download-assignment-report","action":"POST /api/interview/download-assignment-report","ip":"::1","details":{"body":{"applicantIds":["242"],"nmmsYear":2025,"interviewerId":6}}}
{"timestamp":"2025-11-04T16:13:41.605Z","type":"ACTION","user_id":"7","user_name":"admin1","role_name":"ADMIN","method":"GET","path":"/api/interview/unassignedStudentsByBlock","action":"GET /api/interview/unassignedStudentsByBlock","ip":"::1","details":{"query":{"stateName":"KARNATAKA","districtName":"BELAGAVI","blockName":"BAILHONGAL","nmmsYear":"2025"}}}
{"timestamp":"2025-11-04T16:13:41.683Z","type":"ACTION","user_id":"7","user_name":"admin1","role_name":"ADMIN","method":"GET","path":"/api/interview/interviewers","action":"GET /api/interview/interviewers","ip":"::1"}
{"timestamp":"2025-11-04T16:13:41.695Z","type":"ACTION","user_id":"7","user_name":"admin1","role_name":"ADMIN","method":"GET","path":"/api/interview/interviewers","action":"GET /api/interview/interviewers","ip":"::1"}
{"timestamp":"2025-11-04T16:14:21.723Z","type":"ACTION","user_id":"7","user_name":"admin1","role_name":"ADMIN","method":"GET","path":"/api/system-config/active","action":"GET /api/system-config/active","ip":"::1"}
{"timestamp":"2025-11-04T16:14:21.921Z","type":"ACTION","user_id":"7","user_name":"admin1","role_name":"ADMIN","method":"GET","path":"/api/system-config/active","action":"GET /api/system-config/active","ip":"::1"}
{"timestamp":"2025-11-04T16:14:22.699Z","type":"ACTION","user_id":"7","user_name":"admin1","role_name":"ADMIN","method":"GET","path":"/api/interview/exam-centers","action":"GET /api/interview/exam-centers","ip":"::1"}
{"timestamp":"2025-11-04T16:14:22.731Z","type":"ACTION","user_id":"7","user_name":"admin1","role_name":"ADMIN","method":"GET","path":"/api/interview/exam-centers","action":"GET /api/interview/exam-centers","ip":"::1"}
{"timestamp":"2025-11-04T16:14:26.532Z","type":"ACTION","user_id":"7","user_name":"admin1","role_name":"ADMIN","method":"GET","path":"/api/interview/states","action":"GET /api/interview/states","ip":"::1"}
{"timestamp":"2025-11-04T16:14:26.557Z","type":"ACTION","user_id":"7","user_name":"admin1","role_name":"ADMIN","method":"GET","path":"/api/interview/states","action":"GET /api/interview/states","ip":"::1"}
{"timestamp":"2025-11-04T16:14:28.990Z","type":"ACTION","user_id":"7","user_name":"admin1","role_name":"ADMIN","method":"GET","path":"/api/interview/exam-centers","action":"GET /api/interview/exam-centers","ip":"::1"}
{"timestamp":"2025-11-04T16:14:29.002Z","type":"ACTION","user_id":"7","user_name":"admin1","role_name":"ADMIN","method":"GET","path":"/api/interview/exam-centers","action":"GET /api/interview/exam-centers","ip":"::1"}
{"timestamp":"2025-11-04T16:14:31.914Z","type":"ACTION","user_id":"7","user_name":"admin1","role_name":"ADMIN","method":"GET","path":"/api/interview/unassigned-students","action":"GET /api/interview/unassigned-students","ip":"::1","details":{"query":{"centerName":"center1","nmmsYear":"2025"}}}
{"timestamp":"2025-11-04T16:14:31.967Z","type":"ACTION","user_id":"7","user_name":"admin1","role_name":"ADMIN","method":"GET","path":"/api/interview/unassigned-students","action":"GET /api/interview/unassigned-students","ip":"::1","details":{"query":{"centerName":"center1","nmmsYear":"2025"}}}
{"timestamp":"2025-11-04T16:14:31.998Z","type":"ACTION","user_id":"7","user_name":"admin1","role_name":"ADMIN","method":"GET","path":"/api/interview/interviewers","action":"GET /api/interview/interviewers","ip":"::1"}
{"timestamp":"2025-11-04T16:14:32.015Z","type":"ACTION","user_id":"7","user_name":"admin1","role_name":"ADMIN","method":"GET","path":"/api/interview/interviewers","action":"GET /api/interview/interviewers","ip":"::1"}
{"timestamp":"2025-11-04T16:14:41.435Z","type":"ACTION","user_id":"7","user_name":"admin1","role_name":"ADMIN","method":"POST","path":"/api/interview/assign-students","action":"POST /api/interview/assign-students","ip":"::1","details":{"body":{"applicantIds":["303"],"interviewerId":6,"nmmsYear":2025}}}
{"timestamp":"2025-11-04T16:14:41.460Z","type":"ACTION","user_id":"7","user_name":"admin1","role_name":"ADMIN","method":"GET","path":"/api/interview/unassigned-students","action":"GET /api/interview/unassigned-students","ip":"::1","details":{"query":{"centerName":"center1","nmmsYear":"2025"}}}
{"timestamp":"2025-11-04T16:15:07.873Z","type":"ACTION","user_id":"7","user_name":"admin1","role_name":"ADMIN","method":"GET","path":"/api/interview/exam-centers","action":"GET /api/interview/exam-centers","ip":"::1"}
{"timestamp":"2025-11-04T16:15:07.914Z","type":"ACTION","user_id":"7","user_name":"admin1","role_name":"ADMIN","method":"GET","path":"/api/interview/interviewers","action":"GET /api/interview/interviewers","ip":"::1"}
{"timestamp":"2025-11-04T16:15:07.925Z","type":"ACTION","user_id":"7","user_name":"admin1","role_name":"ADMIN","method":"GET","path":"/api/interview/unassigned-students","action":"GET /api/interview/unassigned-students","ip":"::1","details":{"query":{"centerName":"center1","nmmsYear":"2025"}}}
{"timestamp":"2025-11-04T16:15:08.533Z","type":"ACTION","user_id":"7","user_name":"admin1","role_name":"ADMIN","method":"GET","path":"/api/interview/interviewers","action":"GET /api/interview/interviewers","ip":"::1"}
{"timestamp":"2025-11-04T16:15:08.563Z","type":"ACTION","user_id":"7","user_name":"admin1","role_name":"ADMIN","method":"GET","path":"/api/interview/interviewers","action":"GET /api/interview/interviewers","ip":"::1"}
{"timestamp":"2025-11-04T16:15:14.864Z","type":"ACTION","user_id":"7","user_name":"admin1","role_name":"ADMIN","method":"GET","path":"/api/interview/exam-centers","action":"GET /api/interview/exam-centers","ip":"::1"}
{"timestamp":"2025-11-04T16:15:14.869Z","type":"ACTION","user_id":"7","user_name":"admin1","role_name":"ADMIN","method":"GET","path":"/api/interview/interviewers","action":"GET /api/interview/interviewers","ip":"::1"}
{"timestamp":"2025-11-04T16:15:14.874Z","type":"ACTION","user_id":"7","user_name":"admin1","role_name":"ADMIN","method":"GET","path":"/api/interview/unassigned-students","action":"GET /api/interview/unassigned-students","ip":"::1","details":{"query":{"centerName":"center1","nmmsYear":"2025"}}}
{"timestamp":"2025-11-04T16:15:14.937Z","type":"ACTION","user_id":"7","user_name":"admin1","role_name":"ADMIN","method":"GET","path":"/api/interview/interviewers","action":"GET /api/interview/interviewers","ip":"::1"}
{"timestamp":"2025-11-04T16:15:14.945Z","type":"ACTION","user_id":"7","user_name":"admin1","role_name":"ADMIN","method":"GET","path":"/api/interview/interviewers","action":"GET /api/interview/interviewers","ip":"::1"}
{"timestamp":"2025-11-04T16:15:52.043Z","type":"ACTION","user_id":"7","user_name":"admin1","role_name":"ADMIN","method":"GET","path":"/api/interview/exam-centers","action":"GET /api/interview/exam-centers","ip":"::1"}
{"timestamp":"2025-11-04T16:15:52.072Z","type":"ACTION","user_id":"7","user_name":"admin1","role_name":"ADMIN","method":"GET","path":"/api/interview/unassigned-students","action":"GET /api/interview/unassigned-students","ip":"::1","details":{"query":{"centerName":"center1","nmmsYear":"2025"}}}
{"timestamp":"2025-11-04T16:15:52.078Z","type":"ACTION","user_id":"7","user_name":"admin1","role_name":"ADMIN","method":"GET","path":"/api/interview/interviewers","action":"GET /api/interview/interviewers","ip":"::1"}
{"timestamp":"2025-11-04T16:15:52.734Z","type":"ACTION","user_id":"7","user_name":"admin1","role_name":"ADMIN","method":"GET","path":"/api/interview/interviewers","action":"GET /api/interview/interviewers","ip":"::1"}
{"timestamp":"2025-11-04T16:15:52.749Z","type":"ACTION","user_id":"7","user_name":"admin1","role_name":"ADMIN","method":"GET","path":"/api/interview/interviewers","action":"GET /api/interview/interviewers","ip":"::1"}
{"timestamp":"2025-11-04T16:16:17.732Z","type":"ACTION","user_id":"7","user_name":"admin1","role_name":"ADMIN","method":"GET","path":"/api/system-config/active","action":"GET /api/system-config/active","ip":"::1"}
{"timestamp":"2025-11-04T16:16:17.939Z","type":"ACTION","user_id":"7","user_name":"admin1","role_name":"ADMIN","method":"GET","path":"/api/system-config/active","action":"GET /api/system-config/active","ip":"::1"}
{"timestamp":"2025-11-04T16:16:19.103Z","type":"ACTION","user_id":"7","user_name":"admin1","role_name":"ADMIN","method":"GET","path":"/api/interview/exam-centers","action":"GET /api/interview/exam-centers","ip":"::1"}
{"timestamp":"2025-11-04T16:16:19.121Z","type":"ACTION","user_id":"7","user_name":"admin1","role_name":"ADMIN","method":"GET","path":"/api/interview/exam-centers","action":"GET /api/interview/exam-centers","ip":"::1"}
{"timestamp":"2025-11-04T16:16:22.943Z","type":"ACTION","user_id":"7","user_name":"admin1","role_name":"ADMIN","method":"GET","path":"/api/interview/states","action":"GET /api/interview/states","ip":"::1"}
{"timestamp":"2025-11-04T16:16:22.962Z","type":"ACTION","user_id":"7","user_name":"admin1","role_name":"ADMIN","method":"GET","path":"/api/interview/states","action":"GET /api/interview/states","ip":"::1"}
{"timestamp":"2025-11-04T16:16:25.418Z","type":"ACTION","user_id":"7","user_name":"admin1","role_name":"ADMIN","method":"GET","path":"/api/interview/districts/KARNATAKA","action":"GET /api/interview/districts/KARNATAKA","ip":"::1"}
{"timestamp":"2025-11-04T16:16:26.972Z","type":"ACTION","user_id":"7","user_name":"admin1","role_name":"ADMIN","method":"GET","path":"/api/interview/blocks/BELAGAVI","action":"GET /api/interview/blocks/BELAGAVI","ip":"::1"}
{"timestamp":"2025-11-04T16:16:30.717Z","type":"ACTION","user_id":"7","user_name":"admin1","role_name":"ADMIN","method":"GET","path":"/api/interview/unassignedStudentsByBlock","action":"GET /api/interview/unassignedStudentsByBlock","ip":"::1","details":{"query":{"stateName":"KARNATAKA","districtName":"BELAGAVI","blockName":"BAILHONGAL","nmmsYear":"2025"}}}
{"timestamp":"2025-11-04T16:16:30.776Z","type":"ACTION","user_id":"7","user_name":"admin1","role_name":"ADMIN","method":"GET","path":"/api/interview/interviewers","action":"GET /api/interview/interviewers","ip":"::1"}
{"timestamp":"2025-11-04T16:16:30.795Z","type":"ACTION","user_id":"7","user_name":"admin1","role_name":"ADMIN","method":"GET","path":"/api/interview/interviewers","action":"GET /api/interview/interviewers","ip":"::1"}
{"timestamp":"2025-11-04T16:16:37.944Z","type":"ACTION","user_id":"7","user_name":"admin1","role_name":"ADMIN","method":"POST","path":"/api/interview/assign-students","action":"POST /api/interview/assign-students","ip":"::1","details":{"body":{"applicantIds":["303","436"],"interviewerId":6,"nmmsYear":2025}}}
{"timestamp":"2025-11-04T16:16:37.982Z","type":"ACTION","user_id":"7","user_name":"admin1","role_name":"ADMIN","method":"POST","path":"/api/interview/download-assignment-report","action":"POST /api/interview/download-assignment-report","ip":"::1","details":{"body":{"applicantIds":["436"],"nmmsYear":2025,"interviewerId":6}}}
{"timestamp":"2025-11-04T16:16:38.327Z","type":"ACTION","user_id":"7","user_name":"admin1","role_name":"ADMIN","method":"GET","path":"/api/interview/unassignedStudentsByBlock","action":"GET /api/interview/unassignedStudentsByBlock","ip":"::1","details":{"query":{"stateName":"KARNATAKA","districtName":"BELAGAVI","blockName":"BAILHONGAL","nmmsYear":"2025"}}}
{"timestamp":"2025-11-04T16:16:38.370Z","type":"ACTION","user_id":"7","user_name":"admin1","role_name":"ADMIN","method":"GET","path":"/api/interview/interviewers","action":"GET /api/interview/interviewers","ip":"::1"}
{"timestamp":"2025-11-04T16:16:38.382Z","type":"ACTION","user_id":"7","user_name":"admin1","role_name":"ADMIN","method":"GET","path":"/api/interview/interviewers","action":"GET /api/interview/interviewers","ip":"::1"}
{"timestamp":"2025-11-04T16:16:54.866Z","type":"ACTION","user_id":"7","user_name":"admin1","role_name":"ADMIN","method":"GET","path":"/api/interview/interviewers","action":"GET /api/interview/interviewers","ip":"::1"}
{"timestamp":"2025-11-04T16:16:54.875Z","type":"ACTION","user_id":"7","user_name":"admin1","role_name":"ADMIN","method":"GET","path":"/api/interview/states","action":"GET /api/interview/states","ip":"::1"}
{"timestamp":"2025-11-04T16:16:54.881Z","type":"ACTION","user_id":"7","user_name":"admin1","role_name":"ADMIN","method":"GET","path":"/api/interview/districts/KARNATAKA","action":"GET /api/interview/districts/KARNATAKA","ip":"::1"}
{"timestamp":"2025-11-04T16:16:54.888Z","type":"ACTION","user_id":"7","user_name":"admin1","role_name":"ADMIN","method":"GET","path":"/api/interview/blocks/BELAGAVI","action":"GET /api/interview/blocks/BELAGAVI","ip":"::1"}
{"timestamp":"2025-11-04T16:16:54.895Z","type":"ACTION","user_id":"7","user_name":"admin1","role_name":"ADMIN","method":"GET","path":"/api/interview/unassignedStudentsByBlock","action":"GET /api/interview/unassignedStudentsByBlock","ip":"::1","details":{"query":{"stateName":"KARNATAKA","districtName":"BELAGAVI","blockName":"BAILHONGAL","nmmsYear":"2025"}}}
{"timestamp":"2025-11-04T16:16:55.451Z","type":"ACTION","user_id":"7","user_name":"admin1","role_name":"ADMIN","method":"GET","path":"/api/interview/interviewers","action":"GET /api/interview/interviewers","ip":"::1"}
{"timestamp":"2025-11-04T16:16:55.467Z","type":"ACTION","user_id":"7","user_name":"admin1","role_name":"ADMIN","method":"GET","path":"/api/interview/interviewers","action":"GET /api/interview/interviewers","ip":"::1"}
{"timestamp":"2025-11-04T16:17:02.861Z","type":"ACTION","user_id":"7","user_name":"admin1","role_name":"ADMIN","method":"GET","path":"/api/interview/interviewers","action":"GET /api/interview/interviewers","ip":"::1"}
{"timestamp":"2025-11-04T16:17:02.871Z","type":"ACTION","user_id":"7","user_name":"admin1","role_name":"ADMIN","method":"GET","path":"/api/interview/states","action":"GET /api/interview/states","ip":"::1"}
{"timestamp":"2025-11-04T16:17:02.879Z","type":"ACTION","user_id":"7","user_name":"admin1","role_name":"ADMIN","method":"GET","path":"/api/interview/districts/KARNATAKA","action":"GET /api/interview/districts/KARNATAKA","ip":"::1"}
{"timestamp":"2025-11-04T16:17:02.886Z","type":"ACTION","user_id":"7","user_name":"admin1","role_name":"ADMIN","method":"GET","path":"/api/interview/blocks/BELAGAVI","action":"GET /api/interview/blocks/BELAGAVI","ip":"::1"}
{"timestamp":"2025-11-04T16:17:02.902Z","type":"ACTION","user_id":"7","user_name":"admin1","role_name":"ADMIN","method":"GET","path":"/api/interview/unassignedStudentsByBlock","action":"GET /api/interview/unassignedStudentsByBlock","ip":"::1","details":{"query":{"stateName":"KARNATAKA","districtName":"BELAGAVI","blockName":"BAILHONGAL","nmmsYear":"2025"}}}
{"timestamp":"2025-11-04T16:17:03.046Z","type":"ACTION","user_id":"7","user_name":"admin1","role_name":"ADMIN","method":"GET","path":"/api/interview/interviewers","action":"GET /api/interview/interviewers","ip":"::1"}
{"timestamp":"2025-11-04T16:17:03.055Z","type":"ACTION","user_id":"7","user_name":"admin1","role_name":"ADMIN","method":"GET","path":"/api/interview/interviewers","action":"GET /api/interview/interviewers","ip":"::1"}
{"timestamp":"2025-11-04T16:17:08.864Z","type":"ACTION","user_id":"7","user_name":"admin1","role_name":"ADMIN","method":"GET","path":"/api/interview/interviewers","action":"GET /api/interview/interviewers","ip":"::1"}
{"timestamp":"2025-11-04T16:17:08.869Z","type":"ACTION","user_id":"7","user_name":"admin1","role_name":"ADMIN","method":"GET","path":"/api/interview/states","action":"GET /api/interview/states","ip":"::1"}
{"timestamp":"2025-11-04T16:17:08.875Z","type":"ACTION","user_id":"7","user_name":"admin1","role_name":"ADMIN","method":"GET","path":"/api/interview/districts/KARNATAKA","action":"GET /api/interview/districts/KARNATAKA","ip":"::1"}
{"timestamp":"2025-11-04T16:17:08.894Z","type":"ACTION","user_id":"7","user_name":"admin1","role_name":"ADMIN","method":"GET","path":"/api/interview/blocks/BELAGAVI","action":"GET /api/interview/blocks/BELAGAVI","ip":"::1"}
{"timestamp":"2025-11-04T16:17:08.902Z","type":"ACTION","user_id":"7","user_name":"admin1","role_name":"ADMIN","method":"GET","path":"/api/interview/unassignedStudentsByBlock","action":"GET /api/interview/unassignedStudentsByBlock","ip":"::1","details":{"query":{"stateName":"KARNATAKA","districtName":"BELAGAVI","blockName":"BAILHONGAL","nmmsYear":"2025"}}}
{"timestamp":"2025-11-04T16:17:08.967Z","type":"ACTION","user_id":"7","user_name":"admin1","role_name":"ADMIN","method":"GET","path":"/api/interview/interviewers","action":"GET /api/interview/interviewers","ip":"::1"}
{"timestamp":"2025-11-04T16:17:08.978Z","type":"ACTION","user_id":"7","user_name":"admin1","role_name":"ADMIN","method":"GET","path":"/api/interview/interviewers","action":"GET /api/interview/interviewers","ip":"::1"}
