[2026-03-26T09:57:02.509Z] LOGIN:  by admin@rajalakshmifoundation.in  ip=::1 status=success_pre_auth
[2026-03-26T09:57:02.590Z] ACTION: login_complete by admin@rajalakshmiFoundation.in  ip=::1 status=success
[2026-03-26T09:57:02.772Z] ACTION: GET /api/applicants/count by admin@rajalakshmiFoundation.in (1) ip=::1  details={"query":{"year":"2025"}}
[2026-03-26T09:57:02.794Z] ACTION: GET /api/applicants/shortlisted/count by admin@rajalakshmiFoundation.in (1) ip=::1  details={"query":{"year":"2025"}}
[2026-03-26T09:57:02.826Z] ACTION: GET /api/applicants/selected/count by admin@rajalakshmiFoundation.in (1) ip=::1  details={"query":{"year":"2025"}}
[2026-03-26T09:57:02.861Z] ACTION: GET /api/system-config/active by admin@rajalakshmiFoundation.in (1) ip=::1 
[2026-03-26T09:57:03.020Z] ACTION: GET /api/applicants/count by admin@rajalakshmiFoundation.in (1) ip=::1  details={"query":{"year":"2025"}}
[2026-03-26T09:57:03.057Z] ACTION: GET /api/system-config/active by admin@rajalakshmiFoundation.in (1) ip=::1 
[2026-03-26T09:57:03.094Z] ACTION: GET /api/applicants/selected/count by admin@rajalakshmiFoundation.in (1) ip=::1  details={"query":{"year":"2025"}}
[2026-03-26T09:57:03.189Z] ACTION: GET /api/applicants/shortlisted/count by admin@rajalakshmiFoundation.in (1) ip=::1  details={"query":{"year":"2025"}}
[2026-03-26T09:57:21.780Z] ACTION: GET /api/exams/viewcentres by admin@rajalakshmiFoundation.in (1) ip=::1 
[2026-03-26T09:57:21.811Z] ACTION: GET /api/exams/assigned by admin@rajalakshmiFoundation.in (1) ip=::1 
[2026-03-26T09:57:21.832Z] ACTION: GET /api/exams/exam-centres by admin@rajalakshmiFoundation.in (1) ip=::1 
[2026-03-26T09:57:21.848Z] ACTION: GET /api/exams/divisions-by-state/1 by admin@rajalakshmiFoundation.in (1) ip=::1 
[2026-03-26T09:57:21.869Z] ACTION: GET /api/exams/used-blocks by admin@rajalakshmiFoundation.in (1) ip=::1 
[2026-03-26T09:57:21.886Z] ACTION: GET /api/exams/notassigned by admin@rajalakshmiFoundation.in (1) ip=::1 
[2026-03-26T09:57:21.936Z] ACTION: GET /api/exams/viewcentres by admin@rajalakshmiFoundation.in (1) ip=::1 
[2026-03-26T09:57:21.987Z] ACTION: GET /api/exams/divisions-by-state/1 by admin@rajalakshmiFoundation.in (1) ip=::1 
[2026-03-26T09:57:22.029Z] ACTION: GET /api/exams/notassigned by admin@rajalakshmiFoundation.in (1) ip=::1 
[2026-03-26T09:57:22.058Z] ACTION: GET /api/exams/exam-centres by admin@rajalakshmiFoundation.in (1) ip=::1 
[2026-03-26T09:57:22.087Z] ACTION: GET /api/exams/used-blocks by admin@rajalakshmiFoundation.in (1) ip=::1 
[2026-03-26T09:57:22.100Z] ACTION: GET /api/exams/assigned by admin@rajalakshmiFoundation.in (1) ip=::1 
[2026-03-26T09:57:22.176Z] ACTION: GET /api/exams/blocks-by-district/2930 by admin@rajalakshmiFoundation.in (1) ip=::1 
[2026-03-26T09:57:22.185Z] ACTION: GET /api/exams/blocks-by-district/2920 by admin@rajalakshmiFoundation.in (1) ip=::1 
[2026-03-26T09:57:22.193Z] ACTION: GET /api/exams/blocks-by-district/2910 by admin@rajalakshmiFoundation.in (1) ip=::1 
[2026-03-26T09:57:22.202Z] ACTION: GET /api/exams/blocks-by-district/2934 by admin@rajalakshmiFoundation.in (1) ip=::1 
[2026-03-26T09:57:22.212Z] ACTION: GET /api/exams/blocks-by-district/2914 by admin@rajalakshmiFoundation.in (1) ip=::1 
[2026-03-26T09:57:22.222Z] ACTION: GET /api/exams/blocks-by-district/2909 by admin@rajalakshmiFoundation.in (1) ip=::1 
[2026-03-26T09:57:22.238Z] ACTION: GET /api/exams/blocks-by-district/2908 by admin@rajalakshmiFoundation.in (1) ip=::1 
[2026-03-26T09:57:22.245Z] ACTION: GET /api/exams/blocks-by-district/2903 by admin@rajalakshmiFoundation.in (1) ip=::1 
[2026-03-26T09:57:22.256Z] ACTION: GET /api/exams/blocks-by-district/2911 by admin@rajalakshmiFoundation.in (1) ip=::1 
[2026-03-26T09:57:22.263Z] ACTION: GET /api/exams/blocks-by-district/2902 by admin@rajalakshmiFoundation.in (1) ip=::1 
[2026-03-26T09:57:22.270Z] ACTION: GET /api/exams/blocks-by-district/2901 by admin@rajalakshmiFoundation.in (1) ip=::1 
[2026-03-26T09:57:22.279Z] ACTION: GET /api/exams/blocks-by-district/2930 by admin@rajalakshmiFoundation.in (1) ip=::1 
[2026-03-26T09:57:22.289Z] ACTION: GET /api/exams/blocks-by-district/2920 by admin@rajalakshmiFoundation.in (1) ip=::1 
[2026-03-26T09:57:22.295Z] ACTION: GET /api/exams/blocks-by-district/2910 by admin@rajalakshmiFoundation.in (1) ip=::1 
[2026-03-26T09:57:22.303Z] ACTION: GET /api/exams/blocks-by-district/2934 by admin@rajalakshmiFoundation.in (1) ip=::1 
[2026-03-26T09:57:22.311Z] ACTION: GET /api/exams/blocks-by-district/2914 by admin@rajalakshmiFoundation.in (1) ip=::1 
[2026-03-26T09:57:22.319Z] ACTION: GET /api/exams/blocks-by-district/2909 by admin@rajalakshmiFoundation.in (1) ip=::1 
[2026-03-26T09:57:22.330Z] ACTION: GET /api/exams/blocks-by-district/2908 by admin@rajalakshmiFoundation.in (1) ip=::1 
[2026-03-26T09:57:22.342Z] ACTION: GET /api/exams/blocks-by-district/2903 by admin@rajalakshmiFoundation.in (1) ip=::1 
[2026-03-26T09:57:22.351Z] ACTION: GET /api/exams/blocks-by-district/2911 by admin@rajalakshmiFoundation.in (1) ip=::1 
[2026-03-26T09:57:22.364Z] ACTION: GET /api/exams/blocks-by-district/2902 by admin@rajalakshmiFoundation.in (1) ip=::1 
[2026-03-26T09:57:22.371Z] ACTION: GET /api/exams/blocks-by-district/2901 by admin@rajalakshmiFoundation.in (1) ip=::1 
[2026-03-26T09:57:22.380Z] ACTION: GET /api/exams/blocks-by-district/2930 by admin@rajalakshmiFoundation.in (1) ip=::1 
[2026-03-26T09:57:22.396Z] ACTION: GET /api/exams/blocks-by-district/2920 by admin@rajalakshmiFoundation.in (1) ip=::1 
[2026-03-26T09:57:22.408Z] ACTION: GET /api/exams/blocks-by-district/2910 by admin@rajalakshmiFoundation.in (1) ip=::1 
[2026-03-26T09:57:22.415Z] ACTION: GET /api/exams/blocks-by-district/2934 by admin@rajalakshmiFoundation.in (1) ip=::1 
[2026-03-26T09:57:22.426Z] ACTION: GET /api/exams/blocks-by-district/2909 by admin@rajalakshmiFoundation.in (1) ip=::1 
[2026-03-26T09:57:22.433Z] ACTION: GET /api/exams/blocks-by-district/2903 by admin@rajalakshmiFoundation.in (1) ip=::1 
[2026-03-26T09:57:22.440Z] ACTION: GET /api/exams/blocks-by-district/2911 by admin@rajalakshmiFoundation.in (1) ip=::1 
[2026-03-26T09:57:22.452Z] ACTION: GET /api/exams/blocks-by-district/2902 by admin@rajalakshmiFoundation.in (1) ip=::1 
[2026-03-26T09:57:22.464Z] ACTION: GET /api/exams/blocks-by-district/2901 by admin@rajalakshmiFoundation.in (1) ip=::1 
[2026-03-26T09:57:22.473Z] ACTION: GET /api/exams/blocks-by-district/2930 by admin@rajalakshmiFoundation.in (1) ip=::1 
[2026-03-26T09:57:22.481Z] ACTION: GET /api/exams/blocks-by-district/2920 by admin@rajalakshmiFoundation.in (1) ip=::1 
[2026-03-26T09:57:22.489Z] ACTION: GET /api/exams/blocks-by-district/2910 by admin@rajalakshmiFoundation.in (1) ip=::1 
[2026-03-26T09:57:22.498Z] ACTION: GET /api/exams/blocks-by-district/2934 by admin@rajalakshmiFoundation.in (1) ip=::1 
[2026-03-26T09:57:22.511Z] ACTION: GET /api/exams/blocks-by-district/2909 by admin@rajalakshmiFoundation.in (1) ip=::1 
[2026-03-26T09:57:22.528Z] ACTION: GET /api/exams/blocks-by-district/2903 by admin@rajalakshmiFoundation.in (1) ip=::1 
[2026-03-26T09:57:22.538Z] ACTION: GET /api/exams/blocks-by-district/2911 by admin@rajalakshmiFoundation.in (1) ip=::1 
[2026-03-26T09:57:22.549Z] ACTION: GET /api/exams/blocks-by-district/2902 by admin@rajalakshmiFoundation.in (1) ip=::1 
[2026-03-26T09:57:22.559Z] ACTION: GET /api/exams/blocks-by-district/2901 by admin@rajalakshmiFoundation.in (1) ip=::1 
[2026-03-26T09:57:22.567Z] ACTION: GET /api/exams/blocks-by-district/2930 by admin@rajalakshmiFoundation.in (1) ip=::1 
[2026-03-26T09:57:22.579Z] ACTION: GET /api/exams/blocks-by-district/2920 by admin@rajalakshmiFoundation.in (1) ip=::1 
[2026-03-26T09:57:22.592Z] ACTION: GET /api/exams/blocks-by-district/2911 by admin@rajalakshmiFoundation.in (1) ip=::1 
[2026-03-26T09:57:22.611Z] ACTION: GET /api/exams/blocks-by-district/2901 by admin@rajalakshmiFoundation.in (1) ip=::1 
[2026-03-26T09:57:22.621Z] ACTION: GET /api/exams/blocks-by-district/2930 by admin@rajalakshmiFoundation.in (1) ip=::1 
[2026-03-26T09:57:22.630Z] ACTION: GET /api/exams/blocks-by-district/2920 by admin@rajalakshmiFoundation.in (1) ip=::1 
[2026-03-26T09:57:22.641Z] ACTION: GET /api/exams/blocks-by-district/2911 by admin@rajalakshmiFoundation.in (1) ip=::1 
[2026-03-26T09:57:22.653Z] ACTION: GET /api/exams/blocks-by-district/2901 by admin@rajalakshmiFoundation.in (1) ip=::1 
[2026-03-26T09:57:22.662Z] ACTION: GET /api/exams/blocks-by-district/2930 by admin@rajalakshmiFoundation.in (1) ip=::1 
[2026-03-26T09:57:22.672Z] ACTION: GET /api/exams/blocks-by-district/2920 by admin@rajalakshmiFoundation.in (1) ip=::1 
[2026-03-26T09:57:22.686Z] ACTION: GET /api/exams/blocks-by-district/2901 by admin@rajalakshmiFoundation.in (1) ip=::1 
[2026-03-26T09:57:22.697Z] ACTION: GET /api/exams/blocks-by-district/2930 by admin@rajalakshmiFoundation.in (1) ip=::1 
[2026-03-26T09:57:22.706Z] ACTION: GET /api/exams/blocks-by-district/2920 by admin@rajalakshmiFoundation.in (1) ip=::1 
[2026-03-26T09:57:22.725Z] ACTION: GET /api/exams/blocks-by-district/2901 by admin@rajalakshmiFoundation.in (1) ip=::1 
[2026-03-26T09:57:22.736Z] ACTION: GET /api/exams/blocks-by-district/2930 by admin@rajalakshmiFoundation.in (1) ip=::1 
[2026-03-26T09:57:22.753Z] ACTION: GET /api/exams/blocks-by-district/2930 by admin@rajalakshmiFoundation.in (1) ip=::1 
[2026-03-26T10:00:42.955Z] LOGIN:  by admin@rajalakshmifoundation.in  ip=::1 status=success_pre_auth
[2026-03-26T10:00:42.996Z] ACTION: login_complete by admin@rajalakshmiFoundation.in  ip=::1 status=success
[2026-03-26T10:00:43.076Z] ACTION: GET /api/applicants/count by admin@rajalakshmiFoundation.in (1) ip=::1  details={"query":{"year":"2025"}}
[2026-03-26T10:00:43.088Z] ACTION: GET /api/applicants/shortlisted/count by admin@rajalakshmiFoundation.in (1) ip=::1  details={"query":{"year":"2025"}}
[2026-03-26T10:00:43.099Z] ACTION: GET /api/applicants/selected/count by admin@rajalakshmiFoundation.in (1) ip=::1  details={"query":{"year":"2025"}}
[2026-03-26T10:00:43.115Z] ACTION: GET /api/system-config/active by admin@rajalakshmiFoundation.in (1) ip=::1 
[2026-03-26T10:00:43.244Z] ACTION: GET /api/system-config/active by admin@rajalakshmiFoundation.in (1) ip=::1 
[2026-03-26T10:00:43.277Z] ACTION: GET /api/applicants/selected/count by admin@rajalakshmiFoundation.in (1) ip=::1  details={"query":{"year":"2025"}}
[2026-03-26T10:00:43.293Z] ACTION: GET /api/applicants/count by admin@rajalakshmiFoundation.in (1) ip=::1  details={"query":{"year":"2025"}}
[2026-03-26T10:00:43.347Z] ACTION: GET /api/applicants/shortlisted/count by admin@rajalakshmiFoundation.in (1) ip=::1  details={"query":{"year":"2025"}}
