{"timestamp":"2026-01-07T09:41:32.622Z","type":"LOGIN","user_name":"admin","status":"success_pre_auth","ip":"::1"}
{"timestamp":"2026-01-07T09:41:35.343Z","type":"ACTION","user_name":"admin","role":"ADMIN","action":"login_complete","status":"success","ip":"::1"}
{"timestamp":"2026-01-07T09:41:35.552Z","type":"ACTION","user_id":"10","user_name":"admin","role_name":"ADMIN","method":"GET","path":"/api/system-config/active","action":"GET /api/system-config/active","ip":"::1"}
{"timestamp":"2026-01-07T09:41:35.592Z","type":"ACTION","user_id":"10","user_name":"admin","role_name":"ADMIN","method":"GET","path":"/api/system-config/active","action":"GET /api/system-config/active","ip":"::1"}
{"timestamp":"2026-01-07T09:41:45.050Z","type":"ACTION","user_id":"10","user_name":"admin","role_name":"ADMIN","method":"GET","path":"/api/states","action":"GET /api/states","ip":"::1"}
{"timestamp":"2026-01-07T09:41:45.099Z","type":"ACTION","user_id":"10","user_name":"admin","role_name":"ADMIN","method":"GET","path":"/api/states","action":"GET /api/states","ip":"::1"}
{"timestamp":"2026-01-07T09:42:01.652Z","type":"ACTION","user_id":"10","user_name":"admin","role_name":"ADMIN","method":"GET","path":"/api/divisions-by-state/1","action":"GET /api/divisions-by-state/1","ip":"::1"}
{"timestamp":"2026-01-07T09:42:01.843Z","type":"ACTION","user_id":"10","user_name":"admin","role_name":"ADMIN","method":"GET","path":"/api/districts-by-division/2","action":"GET /api/districts-by-division/2","ip":"::1"}
{"timestamp":"2026-01-07T09:42:01.854Z","type":"ACTION","user_id":"10","user_name":"admin","role_name":"ADMIN","method":"GET","path":"/api/districts-by-division/3","action":"GET /api/districts-by-division/3","ip":"::1"}
{"timestamp":"2026-01-07T09:42:01.865Z","type":"ACTION","user_id":"10","user_name":"admin","role_name":"ADMIN","method":"GET","path":"/api/districts-by-division/4","action":"GET /api/districts-by-division/4","ip":"::1"}
{"timestamp":"2026-01-07T09:42:01.875Z","type":"ACTION","user_id":"10","user_name":"admin","role_name":"ADMIN","method":"GET","path":"/api/districts-by-division/5","action":"GET /api/districts-by-division/5","ip":"::1"}
{"timestamp":"2026-01-07T09:42:03.641Z","type":"ACTION","user_id":"10","user_name":"admin","role_name":"ADMIN","method":"GET","path":"/api/blocks-by-district/2925","action":"GET /api/blocks-by-district/2925","ip":"::1"}
{"timestamp":"2026-01-07T09:42:05.208Z","type":"ACTION","user_id":"10","user_name":"admin","role_name":"ADMIN","method":"GET","path":"/api/clusters-by-block/292503","action":"GET /api/clusters-by-block/292503","ip":"::1"}
{"timestamp":"2026-01-07T09:42:05.236Z","type":"ACTION","user_id":"10","user_name":"admin","role_name":"ADMIN","method":"GET","path":"/api/clusters-by-block/292503","action":"GET /api/clusters-by-block/292503","ip":"::1"}
{"timestamp":"2026-01-07T09:42:05.300Z","type":"ACTION","user_id":"10","user_name":"admin","role_name":"ADMIN","method":"GET","path":"/api/institutes-by-cluster/2925030002","action":"GET /api/institutes-by-cluster/2925030002","ip":"::1"}
{"timestamp":"2026-01-07T09:42:05.314Z","type":"ACTION","user_id":"10","user_name":"admin","role_name":"ADMIN","method":"GET","path":"/api/institutes-by-cluster/2925030004","action":"GET /api/institutes-by-cluster/2925030004","ip":"::1"}
{"timestamp":"2026-01-07T09:42:05.323Z","type":"ACTION","user_id":"10","user_name":"admin","role_name":"ADMIN","method":"GET","path":"/api/institutes-by-cluster/2925030007","action":"GET /api/institutes-by-cluster/2925030007","ip":"::1"}
{"timestamp":"2026-01-07T09:42:05.330Z","type":"ACTION","user_id":"10","user_name":"admin","role_name":"ADMIN","method":"GET","path":"/api/institutes-by-cluster/2925030011","action":"GET /api/institutes-by-cluster/2925030011","ip":"::1"}
{"timestamp":"2026-01-07T09:42:05.338Z","type":"ACTION","user_id":"10","user_name":"admin","role_name":"ADMIN","method":"GET","path":"/api/institutes-by-cluster/2925030010","action":"GET /api/institutes-by-cluster/2925030010","ip":"::1"}
{"timestamp":"2026-01-07T09:42:05.346Z","type":"ACTION","user_id":"10","user_name":"admin","role_name":"ADMIN","method":"GET","path":"/api/institutes-by-cluster/2925030014","action":"GET /api/institutes-by-cluster/2925030014","ip":"::1"}
{"timestamp":"2026-01-07T09:42:05.830Z","type":"ACTION","user_id":"10","user_name":"admin","role_name":"ADMIN","method":"GET","path":"/api/institutes-by-cluster/2925030009","action":"GET /api/institutes-by-cluster/2925030009","ip":"::1"}
{"timestamp":"2026-01-07T09:42:05.838Z","type":"ACTION","user_id":"10","user_name":"admin","role_name":"ADMIN","method":"GET","path":"/api/institutes-by-cluster/2925030008","action":"GET /api/institutes-by-cluster/2925030008","ip":"::1"}
{"timestamp":"2026-01-07T09:42:05.846Z","type":"ACTION","user_id":"10","user_name":"admin","role_name":"ADMIN","method":"GET","path":"/api/institutes-by-cluster/2925030005","action":"GET /api/institutes-by-cluster/2925030005","ip":"::1"}
{"timestamp":"2026-01-07T09:42:05.852Z","type":"ACTION","user_id":"10","user_name":"admin","role_name":"ADMIN","method":"GET","path":"/api/institutes-by-cluster/2925030001","action":"GET /api/institutes-by-cluster/2925030001","ip":"::1"}
{"timestamp":"2026-01-07T09:42:05.860Z","type":"ACTION","user_id":"10","user_name":"admin","role_name":"ADMIN","method":"GET","path":"/api/institutes-by-cluster/2925030006","action":"GET /api/institutes-by-cluster/2925030006","ip":"::1"}
{"timestamp":"2026-01-07T09:42:05.867Z","type":"ACTION","user_id":"10","user_name":"admin","role_name":"ADMIN","method":"GET","path":"/api/institutes-by-cluster/2925030013","action":"GET /api/institutes-by-cluster/2925030013","ip":"::1"}
{"timestamp":"2026-01-07T09:42:05.892Z","type":"ACTION","user_id":"10","user_name":"admin","role_name":"ADMIN","method":"GET","path":"/api/institutes-by-cluster/2925030015","action":"GET /api/institutes-by-cluster/2925030015","ip":"::1"}
{"timestamp":"2026-01-07T09:42:05.908Z","type":"ACTION","user_id":"10","user_name":"admin","role_name":"ADMIN","method":"GET","path":"/api/institutes-by-cluster/2925030012","action":"GET /api/institutes-by-cluster/2925030012","ip":"::1"}
{"timestamp":"2026-01-07T09:42:15.808Z","type":"ACTION","user_id":"10","user_name":"admin","role_name":"ADMIN","method":"GET","path":"/api/states","action":"GET /api/states","ip":"::1"}
{"timestamp":"2026-01-07T09:42:15.816Z","type":"ACTION","user_id":"10","user_name":"admin","role_name":"ADMIN","method":"GET","path":"/api/system-config/active","action":"GET /api/system-config/active","ip":"::1"}
{"timestamp":"2026-01-07T09:42:15.828Z","type":"ACTION","user_id":"10","user_name":"admin","role_name":"ADMIN","method":"GET","path":"/api/states","action":"GET /api/states","ip":"::1"}
{"timestamp":"2026-01-07T09:42:15.840Z","type":"ACTION","user_id":"10","user_name":"admin","role_name":"ADMIN","method":"GET","path":"/api/system-config/active","action":"GET /api/system-config/active","ip":"::1"}
{"timestamp":"2026-01-07T09:42:21.540Z","type":"LOGIN","user_name":"admin","status":"success_pre_auth","ip":"::1"}
