{"timestamp":"2026-02-07T09:56:32.766Z","type":"LOGIN","user_name":"admin@rajalakshmifoundation.in","status":"success_pre_auth","ip":"::1"}
{"timestamp":"2026-02-07T09:56:32.778Z","type":"ACTION","user_name":"admin@rajalakshmiFoundation.in","role":"ADMIN","action":"login_complete","status":"success","ip":"::1"}
{"timestamp":"2026-02-07T09:56:32.820Z","type":"ACTION","user_id":"1","user_name":"admin@rajalakshmiFoundation.in","role_name":"ADMIN","method":"GET","path":"/api/applicants/shortlisted/count","action":"GET /api/applicants/shortlisted/count","ip":"::1","details":{"query":{"year":"2025"}}}
{"timestamp":"2026-02-07T09:56:32.824Z","type":"ACTION","user_id":"1","user_name":"admin@rajalakshmiFoundation.in","role_name":"ADMIN","method":"GET","path":"/api/applicants/selected/count","action":"GET /api/applicants/selected/count","ip":"::1","details":{"query":{"year":"2025"}}}
{"timestamp":"2026-02-07T09:56:32.828Z","type":"ACTION","user_id":"1","user_name":"admin@rajalakshmiFoundation.in","role_name":"ADMIN","method":"GET","path":"/api/applicants/count","action":"GET /api/applicants/count","ip":"::1","details":{"query":{"year":"2025"}}}
{"timestamp":"2026-02-07T09:56:32.833Z","type":"ACTION","user_id":"1","user_name":"admin@rajalakshmiFoundation.in","role_name":"ADMIN","method":"GET","path":"/api/system-config/active","action":"GET /api/system-config/active","ip":"::1"}
{"timestamp":"2026-02-07T09:56:32.908Z","type":"ACTION","user_id":"1","user_name":"admin@rajalakshmiFoundation.in","role_name":"ADMIN","method":"GET","path":"/api/system-config/active","action":"GET /api/system-config/active","ip":"::1"}
{"timestamp":"2026-02-07T09:56:32.945Z","type":"ACTION","user_id":"1","user_name":"admin@rajalakshmiFoundation.in","role_name":"ADMIN","method":"GET","path":"/api/applicants/selected/count","action":"GET /api/applicants/selected/count","ip":"::1","details":{"query":{"year":"2025"}}}
{"timestamp":"2026-02-07T09:56:33.028Z","type":"ACTION","user_id":"1","user_name":"admin@rajalakshmiFoundation.in","role_name":"ADMIN","method":"GET","path":"/api/applicants/count","action":"GET /api/applicants/count","ip":"::1","details":{"query":{"year":"2025"}}}
{"timestamp":"2026-02-07T09:56:33.032Z","type":"ACTION","user_id":"1","user_name":"admin@rajalakshmiFoundation.in","role_name":"ADMIN","method":"GET","path":"/api/applicants/shortlisted/count","action":"GET /api/applicants/shortlisted/count","ip":"::1","details":{"query":{"year":"2025"}}}
{"timestamp":"2026-02-07T09:56:36.989Z","type":"ACTION","user_id":"1","user_name":"admin@rajalakshmiFoundation.in","role_name":"ADMIN","method":"GET","path":"/api/exams/assigned","action":"GET /api/exams/assigned","ip":"::1"}
{"timestamp":"2026-02-07T09:56:36.994Z","type":"ACTION","user_id":"1","user_name":"admin@rajalakshmiFoundation.in","role_name":"ADMIN","method":"GET","path":"/api/exams/exam-centres","action":"GET /api/exams/exam-centres","ip":"::1"}
{"timestamp":"2026-02-07T09:56:36.998Z","type":"ACTION","user_id":"1","user_name":"admin@rajalakshmiFoundation.in","role_name":"ADMIN","method":"GET","path":"/api/exams/divisions-by-state/1","action":"GET /api/exams/divisions-by-state/1","ip":"::1"}
{"timestamp":"2026-02-07T09:56:37.002Z","type":"ACTION","user_id":"1","user_name":"admin@rajalakshmiFoundation.in","role_name":"ADMIN","method":"GET","path":"/api/exams/used-blocks","action":"GET /api/exams/used-blocks","ip":"::1"}
{"timestamp":"2026-02-07T09:56:37.006Z","type":"ACTION","user_id":"1","user_name":"admin@rajalakshmiFoundation.in","role_name":"ADMIN","method":"GET","path":"/api/exams/notassigned","action":"GET /api/exams/notassigned","ip":"::1"}
{"timestamp":"2026-02-07T09:56:37.013Z","type":"ACTION","user_id":"1","user_name":"admin@rajalakshmiFoundation.in","role_name":"ADMIN","method":"GET","path":"/api/exams/exam-centres","action":"GET /api/exams/exam-centres","ip":"::1"}
{"timestamp":"2026-02-07T09:56:37.016Z","type":"ACTION","user_id":"1","user_name":"admin@rajalakshmiFoundation.in","role_name":"ADMIN","method":"GET","path":"/api/exams/divisions-by-state/1","action":"GET /api/exams/divisions-by-state/1","ip":"::1"}
{"timestamp":"2026-02-07T09:56:37.055Z","type":"ACTION","user_id":"1","user_name":"admin@rajalakshmiFoundation.in","role_name":"ADMIN","method":"GET","path":"/api/exams/used-blocks","action":"GET /api/exams/used-blocks","ip":"::1"}
{"timestamp":"2026-02-07T09:56:37.063Z","type":"ACTION","user_id":"1","user_name":"admin@rajalakshmiFoundation.in","role_name":"ADMIN","method":"GET","path":"/api/exams/notassigned","action":"GET /api/exams/notassigned","ip":"::1"}
{"timestamp":"2026-02-07T09:56:37.082Z","type":"ACTION","user_id":"1","user_name":"admin@rajalakshmiFoundation.in","role_name":"ADMIN","method":"GET","path":"/api/exams/assigned","action":"GET /api/exams/assigned","ip":"::1"}
{"timestamp":"2026-02-07T09:56:37.101Z","type":"ACTION","user_id":"1","user_name":"admin@rajalakshmiFoundation.in","role_name":"ADMIN","method":"GET","path":"/api/exams/blocks-by-district/2920","action":"GET /api/exams/blocks-by-district/2920","ip":"::1"}
{"timestamp":"2026-02-07T09:56:37.107Z","type":"ACTION","user_id":"1","user_name":"admin@rajalakshmiFoundation.in","role_name":"ADMIN","method":"GET","path":"/api/exams/blocks-by-district/2914","action":"GET /api/exams/blocks-by-district/2914","ip":"::1"}
{"timestamp":"2026-02-07T09:56:37.118Z","type":"ACTION","user_id":"1","user_name":"admin@rajalakshmiFoundation.in","role_name":"ADMIN","method":"GET","path":"/api/exams/blocks-by-district/2910","action":"GET /api/exams/blocks-by-district/2910","ip":"::1"}
{"timestamp":"2026-02-07T09:56:37.121Z","type":"ACTION","user_id":"1","user_name":"admin@rajalakshmiFoundation.in","role_name":"ADMIN","method":"GET","path":"/api/exams/blocks-by-district/2934","action":"GET /api/exams/blocks-by-district/2934","ip":"::1"}
{"timestamp":"2026-02-07T09:56:37.124Z","type":"ACTION","user_id":"1","user_name":"admin@rajalakshmiFoundation.in","role_name":"ADMIN","method":"GET","path":"/api/exams/blocks-by-district/2920","action":"GET /api/exams/blocks-by-district/2920","ip":"::1"}
{"timestamp":"2026-02-07T09:56:37.129Z","type":"ACTION","user_id":"1","user_name":"admin@rajalakshmiFoundation.in","role_name":"ADMIN","method":"GET","path":"/api/exams/blocks-by-district/2908","action":"GET /api/exams/blocks-by-district/2908","ip":"::1"}
{"timestamp":"2026-02-07T09:56:37.132Z","type":"ACTION","user_id":"1","user_name":"admin@rajalakshmiFoundation.in","role_name":"ADMIN","method":"GET","path":"/api/exams/blocks-by-district/2909","action":"GET /api/exams/blocks-by-district/2909","ip":"::1"}
{"timestamp":"2026-02-07T09:56:37.135Z","type":"ACTION","user_id":"1","user_name":"admin@rajalakshmiFoundation.in","role_name":"ADMIN","method":"GET","path":"/api/exams/blocks-by-district/2911","action":"GET /api/exams/blocks-by-district/2911","ip":"::1"}
{"timestamp":"2026-02-07T09:56:37.138Z","type":"ACTION","user_id":"1","user_name":"admin@rajalakshmiFoundation.in","role_name":"ADMIN","method":"GET","path":"/api/exams/blocks-by-district/2903","action":"GET /api/exams/blocks-by-district/2903","ip":"::1"}
{"timestamp":"2026-02-07T09:56:37.140Z","type":"ACTION","user_id":"1","user_name":"admin@rajalakshmiFoundation.in","role_name":"ADMIN","method":"GET","path":"/api/exams/blocks-by-district/2902","action":"GET /api/exams/blocks-by-district/2902","ip":"::1"}
{"timestamp":"2026-02-07T09:56:37.149Z","type":"ACTION","user_id":"1","user_name":"admin@rajalakshmiFoundation.in","role_name":"ADMIN","method":"GET","path":"/api/exams/blocks-by-district/2901","action":"GET /api/exams/blocks-by-district/2901","ip":"::1"}
{"timestamp":"2026-02-07T09:56:37.154Z","type":"ACTION","user_id":"1","user_name":"admin@rajalakshmiFoundation.in","role_name":"ADMIN","method":"GET","path":"/api/exams/blocks-by-district/2930","action":"GET /api/exams/blocks-by-district/2930","ip":"::1"}
{"timestamp":"2026-02-07T09:56:37.163Z","type":"ACTION","user_id":"1","user_name":"admin@rajalakshmiFoundation.in","role_name":"ADMIN","method":"GET","path":"/api/exams/blocks-by-district/2910","action":"GET /api/exams/blocks-by-district/2910","ip":"::1"}
{"timestamp":"2026-02-07T09:56:37.167Z","type":"ACTION","user_id":"1","user_name":"admin@rajalakshmiFoundation.in","role_name":"ADMIN","method":"GET","path":"/api/exams/blocks-by-district/2934","action":"GET /api/exams/blocks-by-district/2934","ip":"::1"}
{"timestamp":"2026-02-07T09:56:37.173Z","type":"ACTION","user_id":"1","user_name":"admin@rajalakshmiFoundation.in","role_name":"ADMIN","method":"GET","path":"/api/exams/blocks-by-district/2920","action":"GET /api/exams/blocks-by-district/2920","ip":"::1"}
{"timestamp":"2026-02-07T09:56:37.177Z","type":"ACTION","user_id":"1","user_name":"admin@rajalakshmiFoundation.in","role_name":"ADMIN","method":"GET","path":"/api/exams/blocks-by-district/2909","action":"GET /api/exams/blocks-by-district/2909","ip":"::1"}
{"timestamp":"2026-02-07T09:56:37.180Z","type":"ACTION","user_id":"1","user_name":"admin@rajalakshmiFoundation.in","role_name":"ADMIN","method":"GET","path":"/api/exams/blocks-by-district/2911","action":"GET /api/exams/blocks-by-district/2911","ip":"::1"}
{"timestamp":"2026-02-07T09:56:37.182Z","type":"ACTION","user_id":"1","user_name":"admin@rajalakshmiFoundation.in","role_name":"ADMIN","method":"GET","path":"/api/exams/blocks-by-district/2903","action":"GET /api/exams/blocks-by-district/2903","ip":"::1"}
{"timestamp":"2026-02-07T09:56:37.184Z","type":"ACTION","user_id":"1","user_name":"admin@rajalakshmiFoundation.in","role_name":"ADMIN","method":"GET","path":"/api/exams/blocks-by-district/2914","action":"GET /api/exams/blocks-by-district/2914","ip":"::1"}
{"timestamp":"2026-02-07T09:56:37.186Z","type":"ACTION","user_id":"1","user_name":"admin@rajalakshmiFoundation.in","role_name":"ADMIN","method":"GET","path":"/api/exams/blocks-by-district/2908","action":"GET /api/exams/blocks-by-district/2908","ip":"::1"}
{"timestamp":"2026-02-07T09:56:37.189Z","type":"ACTION","user_id":"1","user_name":"admin@rajalakshmiFoundation.in","role_name":"ADMIN","method":"GET","path":"/api/exams/blocks-by-district/2901","action":"GET /api/exams/blocks-by-district/2901","ip":"::1"}
{"timestamp":"2026-02-07T09:56:37.191Z","type":"ACTION","user_id":"1","user_name":"admin@rajalakshmiFoundation.in","role_name":"ADMIN","method":"GET","path":"/api/exams/blocks-by-district/2930","action":"GET /api/exams/blocks-by-district/2930","ip":"::1"}
{"timestamp":"2026-02-07T09:56:37.193Z","type":"ACTION","user_id":"1","user_name":"admin@rajalakshmiFoundation.in","role_name":"ADMIN","method":"GET","path":"/api/exams/blocks-by-district/2910","action":"GET /api/exams/blocks-by-district/2910","ip":"::1"}
{"timestamp":"2026-02-07T09:56:37.195Z","type":"ACTION","user_id":"1","user_name":"admin@rajalakshmiFoundation.in","role_name":"ADMIN","method":"GET","path":"/api/exams/blocks-by-district/2934","action":"GET /api/exams/blocks-by-district/2934","ip":"::1"}
{"timestamp":"2026-02-07T09:56:37.196Z","type":"ACTION","user_id":"1","user_name":"admin@rajalakshmiFoundation.in","role_name":"ADMIN","method":"GET","path":"/api/exams/blocks-by-district/2920","action":"GET /api/exams/blocks-by-district/2920","ip":"::1"}
{"timestamp":"2026-02-07T09:56:37.199Z","type":"ACTION","user_id":"1","user_name":"admin@rajalakshmiFoundation.in","role_name":"ADMIN","method":"GET","path":"/api/exams/blocks-by-district/2909","action":"GET /api/exams/blocks-by-district/2909","ip":"::1"}
{"timestamp":"2026-02-07T09:56:37.202Z","type":"ACTION","user_id":"1","user_name":"admin@rajalakshmiFoundation.in","role_name":"ADMIN","method":"GET","path":"/api/exams/blocks-by-district/2911","action":"GET /api/exams/blocks-by-district/2911","ip":"::1"}
{"timestamp":"2026-02-07T09:56:37.204Z","type":"ACTION","user_id":"1","user_name":"admin@rajalakshmiFoundation.in","role_name":"ADMIN","method":"GET","path":"/api/exams/blocks-by-district/2903","action":"GET /api/exams/blocks-by-district/2903","ip":"::1"}
{"timestamp":"2026-02-07T09:56:37.206Z","type":"ACTION","user_id":"1","user_name":"admin@rajalakshmiFoundation.in","role_name":"ADMIN","method":"GET","path":"/api/exams/blocks-by-district/2901","action":"GET /api/exams/blocks-by-district/2901","ip":"::1"}
{"timestamp":"2026-02-07T09:56:37.208Z","type":"ACTION","user_id":"1","user_name":"admin@rajalakshmiFoundation.in","role_name":"ADMIN","method":"GET","path":"/api/exams/blocks-by-district/2930","action":"GET /api/exams/blocks-by-district/2930","ip":"::1"}
{"timestamp":"2026-02-07T09:56:37.212Z","type":"ACTION","user_id":"1","user_name":"admin@rajalakshmiFoundation.in","role_name":"ADMIN","method":"GET","path":"/api/exams/blocks-by-district/2910","action":"GET /api/exams/blocks-by-district/2910","ip":"::1"}
{"timestamp":"2026-02-07T09:56:37.214Z","type":"ACTION","user_id":"1","user_name":"admin@rajalakshmiFoundation.in","role_name":"ADMIN","method":"GET","path":"/api/exams/blocks-by-district/2934","action":"GET /api/exams/blocks-by-district/2934","ip":"::1"}
{"timestamp":"2026-02-07T09:56:37.216Z","type":"ACTION","user_id":"1","user_name":"admin@rajalakshmiFoundation.in","role_name":"ADMIN","method":"GET","path":"/api/exams/blocks-by-district/2920","action":"GET /api/exams/blocks-by-district/2920","ip":"::1"}
{"timestamp":"2026-02-07T09:56:37.218Z","type":"ACTION","user_id":"1","user_name":"admin@rajalakshmiFoundation.in","role_name":"ADMIN","method":"GET","path":"/api/exams/blocks-by-district/2909","action":"GET /api/exams/blocks-by-district/2909","ip":"::1"}
{"timestamp":"2026-02-07T09:56:37.219Z","type":"ACTION","user_id":"1","user_name":"admin@rajalakshmiFoundation.in","role_name":"ADMIN","method":"GET","path":"/api/exams/blocks-by-district/2911","action":"GET /api/exams/blocks-by-district/2911","ip":"::1"}
{"timestamp":"2026-02-07T09:56:37.223Z","type":"ACTION","user_id":"1","user_name":"admin@rajalakshmiFoundation.in","role_name":"ADMIN","method":"GET","path":"/api/exams/blocks-by-district/2903","action":"GET /api/exams/blocks-by-district/2903","ip":"::1"}
{"timestamp":"2026-02-07T09:56:37.226Z","type":"ACTION","user_id":"1","user_name":"admin@rajalakshmiFoundation.in","role_name":"ADMIN","method":"GET","path":"/api/exams/blocks-by-district/2901","action":"GET /api/exams/blocks-by-district/2901","ip":"::1"}
{"timestamp":"2026-02-07T09:56:37.228Z","type":"ACTION","user_id":"1","user_name":"admin@rajalakshmiFoundation.in","role_name":"ADMIN","method":"GET","path":"/api/exams/blocks-by-district/2930","action":"GET /api/exams/blocks-by-district/2930","ip":"::1"}
{"timestamp":"2026-02-07T09:56:37.230Z","type":"ACTION","user_id":"1","user_name":"admin@rajalakshmiFoundation.in","role_name":"ADMIN","method":"GET","path":"/api/exams/blocks-by-district/2920","action":"GET /api/exams/blocks-by-district/2920","ip":"::1"}
{"timestamp":"2026-02-07T09:56:37.231Z","type":"ACTION","user_id":"1","user_name":"admin@rajalakshmiFoundation.in","role_name":"ADMIN","method":"GET","path":"/api/exams/blocks-by-district/2911","action":"GET /api/exams/blocks-by-district/2911","ip":"::1"}
{"timestamp":"2026-02-07T09:56:37.236Z","type":"ACTION","user_id":"1","user_name":"admin@rajalakshmiFoundation.in","role_name":"ADMIN","method":"GET","path":"/api/exams/blocks-by-district/2901","action":"GET /api/exams/blocks-by-district/2901","ip":"::1"}
{"timestamp":"2026-02-07T09:56:37.238Z","type":"ACTION","user_id":"1","user_name":"admin@rajalakshmiFoundation.in","role_name":"ADMIN","method":"GET","path":"/api/exams/blocks-by-district/2930","action":"GET /api/exams/blocks-by-district/2930","ip":"::1"}
{"timestamp":"2026-02-07T09:56:37.240Z","type":"ACTION","user_id":"1","user_name":"admin@rajalakshmiFoundation.in","role_name":"ADMIN","method":"GET","path":"/api/exams/blocks-by-district/2920","action":"GET /api/exams/blocks-by-district/2920","ip":"::1"}
{"timestamp":"2026-02-07T09:56:37.242Z","type":"ACTION","user_id":"1","user_name":"admin@rajalakshmiFoundation.in","role_name":"ADMIN","method":"GET","path":"/api/exams/blocks-by-district/2911","action":"GET /api/exams/blocks-by-district/2911","ip":"::1"}
{"timestamp":"2026-02-07T09:56:37.245Z","type":"ACTION","user_id":"1","user_name":"admin@rajalakshmiFoundation.in","role_name":"ADMIN","method":"GET","path":"/api/exams/blocks-by-district/2902","action":"GET /api/exams/blocks-by-district/2902","ip":"::1"}
{"timestamp":"2026-02-07T09:56:37.249Z","type":"ACTION","user_id":"1","user_name":"admin@rajalakshmiFoundation.in","role_name":"ADMIN","method":"GET","path":"/api/exams/blocks-by-district/2901","action":"GET /api/exams/blocks-by-district/2901","ip":"::1"}
{"timestamp":"2026-02-07T09:56:37.251Z","type":"ACTION","user_id":"1","user_name":"admin@rajalakshmiFoundation.in","role_name":"ADMIN","method":"GET","path":"/api/exams/blocks-by-district/2930","action":"GET /api/exams/blocks-by-district/2930","ip":"::1"}
{"timestamp":"2026-02-07T09:56:37.253Z","type":"ACTION","user_id":"1","user_name":"admin@rajalakshmiFoundation.in","role_name":"ADMIN","method":"GET","path":"/api/exams/blocks-by-district/2920","action":"GET /api/exams/blocks-by-district/2920","ip":"::1"}
{"timestamp":"2026-02-07T09:56:37.257Z","type":"ACTION","user_id":"1","user_name":"admin@rajalakshmiFoundation.in","role_name":"ADMIN","method":"GET","path":"/api/exams/blocks-by-district/2902","action":"GET /api/exams/blocks-by-district/2902","ip":"::1"}
{"timestamp":"2026-02-07T09:56:37.261Z","type":"ACTION","user_id":"1","user_name":"admin@rajalakshmiFoundation.in","role_name":"ADMIN","method":"GET","path":"/api/exams/blocks-by-district/2901","action":"GET /api/exams/blocks-by-district/2901","ip":"::1"}
{"timestamp":"2026-02-07T09:56:37.263Z","type":"ACTION","user_id":"1","user_name":"admin@rajalakshmiFoundation.in","role_name":"ADMIN","method":"GET","path":"/api/exams/blocks-by-district/2930","action":"GET /api/exams/blocks-by-district/2930","ip":"::1"}
{"timestamp":"2026-02-07T09:56:37.266Z","type":"ACTION","user_id":"1","user_name":"admin@rajalakshmiFoundation.in","role_name":"ADMIN","method":"GET","path":"/api/exams/blocks-by-district/2902","action":"GET /api/exams/blocks-by-district/2902","ip":"::1"}
{"timestamp":"2026-02-07T09:56:37.269Z","type":"ACTION","user_id":"1","user_name":"admin@rajalakshmiFoundation.in","role_name":"ADMIN","method":"GET","path":"/api/exams/blocks-by-district/2901","action":"GET /api/exams/blocks-by-district/2901","ip":"::1"}
{"timestamp":"2026-02-07T09:56:37.270Z","type":"ACTION","user_id":"1","user_name":"admin@rajalakshmiFoundation.in","role_name":"ADMIN","method":"GET","path":"/api/exams/blocks-by-district/2930","action":"GET /api/exams/blocks-by-district/2930","ip":"::1"}
{"timestamp":"2026-02-07T09:56:51.902Z","type":"ACTION","user_id":"anonymous","user_name":"anonymous","role_name":"anonymous","method":"GET","path":"/api/exams/26/KPS_YEDIYURU_HIGH_SCHOOL_SOU3_13_07_2025_10_00_14_00/download-all-hall-tickets","action":"GET /api/exams/26/KPS_YEDIYURU_HIGH_SCHOOL_SOU3_13_07_2025_10_00_14_00/download-all-hall-tickets","ip":"::1"}
{"timestamp":"2026-02-07T09:57:06.859Z","type":"ACTION","user_id":"anonymous","user_name":"anonymous","role_name":"anonymous","method":"GET","path":"/api/exams/3/S_K_HIGH_SCHOOL_CHI_16_05_2025_10_00_14_00/download-all-hall-tickets","action":"GET /api/exams/3/S_K_HIGH_SCHOOL_CHI_16_05_2025_10_00_14_00/download-all-hall-tickets","ip":"::1"}
{"timestamp":"2026-02-07T11:01:07.003Z","type":"LOGIN","user_name":"admin@rajalakshmifoundation.in","status":"success_pre_auth","ip":"::1"}
{"timestamp":"2026-02-07T11:01:07.030Z","type":"ACTION","user_name":"admin@rajalakshmiFoundation.in","role":"ADMIN","action":"login_complete","status":"success","ip":"::1"}
{"timestamp":"2026-02-07T11:01:07.113Z","type":"ACTION","user_id":"1","user_name":"admin@rajalakshmiFoundation.in","role_name":"ADMIN","method":"GET","path":"/api/applicants/selected/count","action":"GET /api/applicants/selected/count","ip":"::1","details":{"query":{"year":"2025"}}}
{"timestamp":"2026-02-07T11:01:07.119Z","type":"ACTION","user_id":"1","user_name":"admin@rajalakshmiFoundation.in","role_name":"ADMIN","method":"GET","path":"/api/applicants/count","action":"GET /api/applicants/count","ip":"::1","details":{"query":{"year":"2025"}}}
{"timestamp":"2026-02-07T11:01:07.124Z","type":"ACTION","user_id":"1","user_name":"admin@rajalakshmiFoundation.in","role_name":"ADMIN","method":"GET","path":"/api/applicants/shortlisted/count","action":"GET /api/applicants/shortlisted/count","ip":"::1","details":{"query":{"year":"2025"}}}
{"timestamp":"2026-02-07T11:01:07.132Z","type":"ACTION","user_id":"1","user_name":"admin@rajalakshmiFoundation.in","role_name":"ADMIN","method":"GET","path":"/api/system-config/active","action":"GET /api/system-config/active","ip":"::1"}
{"timestamp":"2026-02-07T11:01:07.266Z","type":"ACTION","user_id":"1","user_name":"admin@rajalakshmiFoundation.in","role_name":"ADMIN","method":"GET","path":"/api/system-config/active","action":"GET /api/system-config/active","ip":"::1"}
{"timestamp":"2026-02-07T11:01:07.342Z","type":"ACTION","user_id":"1","user_name":"admin@rajalakshmiFoundation.in","role_name":"ADMIN","method":"GET","path":"/api/applicants/selected/count","action":"GET /api/applicants/selected/count","ip":"::1","details":{"query":{"year":"2025"}}}
{"timestamp":"2026-02-07T11:01:07.511Z","type":"ACTION","user_id":"1","user_name":"admin@rajalakshmiFoundation.in","role_name":"ADMIN","method":"GET","path":"/api/applicants/count","action":"GET /api/applicants/count","ip":"::1","details":{"query":{"year":"2025"}}}
{"timestamp":"2026-02-07T11:01:07.526Z","type":"ACTION","user_id":"1","user_name":"admin@rajalakshmiFoundation.in","role_name":"ADMIN","method":"GET","path":"/api/applicants/shortlisted/count","action":"GET /api/applicants/shortlisted/count","ip":"::1","details":{"query":{"year":"2025"}}}
{"timestamp":"2026-02-07T11:01:11.699Z","type":"ACTION","user_id":"1","user_name":"admin@rajalakshmiFoundation.in","role_name":"ADMIN","method":"GET","path":"/api/exams/exam-centres","action":"GET /api/exams/exam-centres","ip":"::1"}
{"timestamp":"2026-02-07T11:01:11.715Z","type":"ACTION","user_id":"1","user_name":"admin@rajalakshmiFoundation.in","role_name":"ADMIN","method":"GET","path":"/api/exams/assigned","action":"GET /api/exams/assigned","ip":"::1"}
{"timestamp":"2026-02-07T11:01:11.727Z","type":"ACTION","user_id":"1","user_name":"admin@rajalakshmiFoundation.in","role_name":"ADMIN","method":"GET","path":"/api/exams/divisions-by-state/1","action":"GET /api/exams/divisions-by-state/1","ip":"::1"}
{"timestamp":"2026-02-07T11:01:11.740Z","type":"ACTION","user_id":"1","user_name":"admin@rajalakshmiFoundation.in","role_name":"ADMIN","method":"GET","path":"/api/exams/notassigned","action":"GET /api/exams/notassigned","ip":"::1"}
{"timestamp":"2026-02-07T11:01:11.760Z","type":"ACTION","user_id":"1","user_name":"admin@rajalakshmiFoundation.in","role_name":"ADMIN","method":"GET","path":"/api/exams/used-blocks","action":"GET /api/exams/used-blocks","ip":"::1"}
{"timestamp":"2026-02-07T11:01:11.792Z","type":"ACTION","user_id":"1","user_name":"admin@rajalakshmiFoundation.in","role_name":"ADMIN","method":"GET","path":"/api/exams/exam-centres","action":"GET /api/exams/exam-centres","ip":"::1"}
{"timestamp":"2026-02-07T11:01:11.826Z","type":"ACTION","user_id":"1","user_name":"admin@rajalakshmiFoundation.in","role_name":"ADMIN","method":"GET","path":"/api/exams/notassigned","action":"GET /api/exams/notassigned","ip":"::1"}
{"timestamp":"2026-02-07T11:01:11.837Z","type":"ACTION","user_id":"1","user_name":"admin@rajalakshmiFoundation.in","role_name":"ADMIN","method":"GET","path":"/api/exams/divisions-by-state/1","action":"GET /api/exams/divisions-by-state/1","ip":"::1"}
{"timestamp":"2026-02-07T11:01:11.872Z","type":"ACTION","user_id":"1","user_name":"admin@rajalakshmiFoundation.in","role_name":"ADMIN","method":"GET","path":"/api/exams/assigned","action":"GET /api/exams/assigned","ip":"::1"}
{"timestamp":"2026-02-07T11:01:11.898Z","type":"ACTION","user_id":"1","user_name":"admin@rajalakshmiFoundation.in","role_name":"ADMIN","method":"GET","path":"/api/exams/blocks-by-district/2920","action":"GET /api/exams/blocks-by-district/2920","ip":"::1"}
{"timestamp":"2026-02-07T11:01:11.928Z","type":"ACTION","user_id":"1","user_name":"admin@rajalakshmiFoundation.in","role_name":"ADMIN","method":"GET","path":"/api/exams/blocks-by-district/2914","action":"GET /api/exams/blocks-by-district/2914","ip":"::1"}
{"timestamp":"2026-02-07T11:01:11.934Z","type":"ACTION","user_id":"1","user_name":"admin@rajalakshmiFoundation.in","role_name":"ADMIN","method":"GET","path":"/api/exams/blocks-by-district/2910","action":"GET /api/exams/blocks-by-district/2910","ip":"::1"}
{"timestamp":"2026-02-07T11:01:11.941Z","type":"ACTION","user_id":"1","user_name":"admin@rajalakshmiFoundation.in","role_name":"ADMIN","method":"GET","path":"/api/exams/blocks-by-district/2934","action":"GET /api/exams/blocks-by-district/2934","ip":"::1"}
{"timestamp":"2026-02-07T11:01:11.949Z","type":"ACTION","user_id":"1","user_name":"admin@rajalakshmiFoundation.in","role_name":"ADMIN","method":"GET","path":"/api/exams/blocks-by-district/2908","action":"GET /api/exams/blocks-by-district/2908","ip":"::1"}
{"timestamp":"2026-02-07T11:01:11.956Z","type":"ACTION","user_id":"1","user_name":"admin@rajalakshmiFoundation.in","role_name":"ADMIN","method":"GET","path":"/api/exams/blocks-by-district/2909","action":"GET /api/exams/blocks-by-district/2909","ip":"::1"}
{"timestamp":"2026-02-07T11:01:11.963Z","type":"ACTION","user_id":"1","user_name":"admin@rajalakshmiFoundation.in","role_name":"ADMIN","method":"GET","path":"/api/exams/blocks-by-district/2911","action":"GET /api/exams/blocks-by-district/2911","ip":"::1"}
{"timestamp":"2026-02-07T11:01:11.973Z","type":"ACTION","user_id":"1","user_name":"admin@rajalakshmiFoundation.in","role_name":"ADMIN","method":"GET","path":"/api/exams/blocks-by-district/2903","action":"GET /api/exams/blocks-by-district/2903","ip":"::1"}
{"timestamp":"2026-02-07T11:01:11.979Z","type":"ACTION","user_id":"1","user_name":"admin@rajalakshmiFoundation.in","role_name":"ADMIN","method":"GET","path":"/api/exams/blocks-by-district/2920","action":"GET /api/exams/blocks-by-district/2920","ip":"::1"}
{"timestamp":"2026-02-07T11:01:11.996Z","type":"ACTION","user_id":"1","user_name":"admin@rajalakshmiFoundation.in","role_name":"ADMIN","method":"GET","path":"/api/exams/blocks-by-district/2902","action":"GET /api/exams/blocks-by-district/2902","ip":"::1"}
{"timestamp":"2026-02-07T11:01:12.009Z","type":"ACTION","user_id":"1","user_name":"admin@rajalakshmiFoundation.in","role_name":"ADMIN","method":"GET","path":"/api/exams/blocks-by-district/2901","action":"GET /api/exams/blocks-by-district/2901","ip":"::1"}
{"timestamp":"2026-02-07T11:01:12.018Z","type":"ACTION","user_id":"1","user_name":"admin@rajalakshmiFoundation.in","role_name":"ADMIN","method":"GET","path":"/api/exams/blocks-by-district/2930","action":"GET /api/exams/blocks-by-district/2930","ip":"::1"}
{"timestamp":"2026-02-07T11:01:12.028Z","type":"ACTION","user_id":"1","user_name":"admin@rajalakshmiFoundation.in","role_name":"ADMIN","method":"GET","path":"/api/exams/blocks-by-district/2910","action":"GET /api/exams/blocks-by-district/2910","ip":"::1"}
{"timestamp":"2026-02-07T11:01:12.038Z","type":"ACTION","user_id":"1","user_name":"admin@rajalakshmiFoundation.in","role_name":"ADMIN","method":"GET","path":"/api/exams/blocks-by-district/2934","action":"GET /api/exams/blocks-by-district/2934","ip":"::1"}
{"timestamp":"2026-02-07T11:01:12.047Z","type":"ACTION","user_id":"1","user_name":"admin@rajalakshmiFoundation.in","role_name":"ADMIN","method":"GET","path":"/api/exams/blocks-by-district/2909","action":"GET /api/exams/blocks-by-district/2909","ip":"::1"}
{"timestamp":"2026-02-07T11:01:12.056Z","type":"ACTION","user_id":"1","user_name":"admin@rajalakshmiFoundation.in","role_name":"ADMIN","method":"GET","path":"/api/exams/blocks-by-district/2911","action":"GET /api/exams/blocks-by-district/2911","ip":"::1"}
{"timestamp":"2026-02-07T11:01:12.067Z","type":"ACTION","user_id":"1","user_name":"admin@rajalakshmiFoundation.in","role_name":"ADMIN","method":"GET","path":"/api/exams/blocks-by-district/2914","action":"GET /api/exams/blocks-by-district/2914","ip":"::1"}
{"timestamp":"2026-02-07T11:01:12.077Z","type":"ACTION","user_id":"1","user_name":"admin@rajalakshmiFoundation.in","role_name":"ADMIN","method":"GET","path":"/api/exams/blocks-by-district/2908","action":"GET /api/exams/blocks-by-district/2908","ip":"::1"}
{"timestamp":"2026-02-07T11:01:12.086Z","type":"ACTION","user_id":"1","user_name":"admin@rajalakshmiFoundation.in","role_name":"ADMIN","method":"GET","path":"/api/exams/used-blocks","action":"GET /api/exams/used-blocks","ip":"::1"}
{"timestamp":"2026-02-07T11:01:12.093Z","type":"ACTION","user_id":"1","user_name":"admin@rajalakshmiFoundation.in","role_name":"ADMIN","method":"GET","path":"/api/exams/blocks-by-district/2903","action":"GET /api/exams/blocks-by-district/2903","ip":"::1"}
{"timestamp":"2026-02-07T11:01:12.100Z","type":"ACTION","user_id":"1","user_name":"admin@rajalakshmiFoundation.in","role_name":"ADMIN","method":"GET","path":"/api/exams/blocks-by-district/2920","action":"GET /api/exams/blocks-by-district/2920","ip":"::1"}
{"timestamp":"2026-02-07T11:01:12.110Z","type":"ACTION","user_id":"1","user_name":"admin@rajalakshmiFoundation.in","role_name":"ADMIN","method":"GET","path":"/api/exams/blocks-by-district/2902","action":"GET /api/exams/blocks-by-district/2902","ip":"::1"}
{"timestamp":"2026-02-07T11:01:12.127Z","type":"ACTION","user_id":"1","user_name":"admin@rajalakshmiFoundation.in","role_name":"ADMIN","method":"GET","path":"/api/exams/blocks-by-district/2901","action":"GET /api/exams/blocks-by-district/2901","ip":"::1"}
{"timestamp":"2026-02-07T11:01:12.137Z","type":"ACTION","user_id":"1","user_name":"admin@rajalakshmiFoundation.in","role_name":"ADMIN","method":"GET","path":"/api/exams/blocks-by-district/2930","action":"GET /api/exams/blocks-by-district/2930","ip":"::1"}
{"timestamp":"2026-02-07T11:01:12.148Z","type":"ACTION","user_id":"1","user_name":"admin@rajalakshmiFoundation.in","role_name":"ADMIN","method":"GET","path":"/api/exams/blocks-by-district/2910","action":"GET /api/exams/blocks-by-district/2910","ip":"::1"}
{"timestamp":"2026-02-07T11:01:12.158Z","type":"ACTION","user_id":"1","user_name":"admin@rajalakshmiFoundation.in","role_name":"ADMIN","method":"GET","path":"/api/exams/blocks-by-district/2934","action":"GET /api/exams/blocks-by-district/2934","ip":"::1"}
{"timestamp":"2026-02-07T11:01:12.169Z","type":"ACTION","user_id":"1","user_name":"admin@rajalakshmiFoundation.in","role_name":"ADMIN","method":"GET","path":"/api/exams/blocks-by-district/2909","action":"GET /api/exams/blocks-by-district/2909","ip":"::1"}
{"timestamp":"2026-02-07T11:01:12.186Z","type":"ACTION","user_id":"1","user_name":"admin@rajalakshmiFoundation.in","role_name":"ADMIN","method":"GET","path":"/api/exams/blocks-by-district/2911","action":"GET /api/exams/blocks-by-district/2911","ip":"::1"}
{"timestamp":"2026-02-07T11:01:12.193Z","type":"ACTION","user_id":"1","user_name":"admin@rajalakshmiFoundation.in","role_name":"ADMIN","method":"GET","path":"/api/exams/blocks-by-district/2903","action":"GET /api/exams/blocks-by-district/2903","ip":"::1"}
{"timestamp":"2026-02-07T11:01:12.202Z","type":"ACTION","user_id":"1","user_name":"admin@rajalakshmiFoundation.in","role_name":"ADMIN","method":"GET","path":"/api/exams/blocks-by-district/2920","action":"GET /api/exams/blocks-by-district/2920","ip":"::1"}
{"timestamp":"2026-02-07T11:01:12.209Z","type":"ACTION","user_id":"1","user_name":"admin@rajalakshmiFoundation.in","role_name":"ADMIN","method":"GET","path":"/api/exams/blocks-by-district/2902","action":"GET /api/exams/blocks-by-district/2902","ip":"::1"}
{"timestamp":"2026-02-07T11:01:12.216Z","type":"ACTION","user_id":"1","user_name":"admin@rajalakshmiFoundation.in","role_name":"ADMIN","method":"GET","path":"/api/exams/blocks-by-district/2901","action":"GET /api/exams/blocks-by-district/2901","ip":"::1"}
{"timestamp":"2026-02-07T11:01:12.226Z","type":"ACTION","user_id":"1","user_name":"admin@rajalakshmiFoundation.in","role_name":"ADMIN","method":"GET","path":"/api/exams/blocks-by-district/2930","action":"GET /api/exams/blocks-by-district/2930","ip":"::1"}
{"timestamp":"2026-02-07T11:01:12.239Z","type":"ACTION","user_id":"1","user_name":"admin@rajalakshmiFoundation.in","role_name":"ADMIN","method":"GET","path":"/api/exams/blocks-by-district/2910","action":"GET /api/exams/blocks-by-district/2910","ip":"::1"}
{"timestamp":"2026-02-07T11:01:12.244Z","type":"ACTION","user_id":"1","user_name":"admin@rajalakshmiFoundation.in","role_name":"ADMIN","method":"GET","path":"/api/exams/blocks-by-district/2934","action":"GET /api/exams/blocks-by-district/2934","ip":"::1"}
{"timestamp":"2026-02-07T11:01:12.253Z","type":"ACTION","user_id":"1","user_name":"admin@rajalakshmiFoundation.in","role_name":"ADMIN","method":"GET","path":"/api/exams/blocks-by-district/2909","action":"GET /api/exams/blocks-by-district/2909","ip":"::1"}
{"timestamp":"2026-02-07T11:01:12.260Z","type":"ACTION","user_id":"1","user_name":"admin@rajalakshmiFoundation.in","role_name":"ADMIN","method":"GET","path":"/api/exams/blocks-by-district/2911","action":"GET /api/exams/blocks-by-district/2911","ip":"::1"}
{"timestamp":"2026-02-07T11:01:12.267Z","type":"ACTION","user_id":"1","user_name":"admin@rajalakshmiFoundation.in","role_name":"ADMIN","method":"GET","path":"/api/exams/blocks-by-district/2903","action":"GET /api/exams/blocks-by-district/2903","ip":"::1"}
{"timestamp":"2026-02-07T11:01:12.277Z","type":"ACTION","user_id":"1","user_name":"admin@rajalakshmiFoundation.in","role_name":"ADMIN","method":"GET","path":"/api/exams/blocks-by-district/2920","action":"GET /api/exams/blocks-by-district/2920","ip":"::1"}
{"timestamp":"2026-02-07T11:01:12.285Z","type":"ACTION","user_id":"1","user_name":"admin@rajalakshmiFoundation.in","role_name":"ADMIN","method":"GET","path":"/api/exams/blocks-by-district/2902","action":"GET /api/exams/blocks-by-district/2902","ip":"::1"}
{"timestamp":"2026-02-07T11:01:12.291Z","type":"ACTION","user_id":"1","user_name":"admin@rajalakshmiFoundation.in","role_name":"ADMIN","method":"GET","path":"/api/exams/blocks-by-district/2901","action":"GET /api/exams/blocks-by-district/2901","ip":"::1"}
{"timestamp":"2026-02-07T11:01:12.298Z","type":"ACTION","user_id":"1","user_name":"admin@rajalakshmiFoundation.in","role_name":"ADMIN","method":"GET","path":"/api/exams/blocks-by-district/2930","action":"GET /api/exams/blocks-by-district/2930","ip":"::1"}
{"timestamp":"2026-02-07T11:01:12.304Z","type":"ACTION","user_id":"1","user_name":"admin@rajalakshmiFoundation.in","role_name":"ADMIN","method":"GET","path":"/api/exams/blocks-by-district/2911","action":"GET /api/exams/blocks-by-district/2911","ip":"::1"}
{"timestamp":"2026-02-07T11:01:12.312Z","type":"ACTION","user_id":"1","user_name":"admin@rajalakshmiFoundation.in","role_name":"ADMIN","method":"GET","path":"/api/exams/blocks-by-district/2920","action":"GET /api/exams/blocks-by-district/2920","ip":"::1"}
{"timestamp":"2026-02-07T11:01:12.329Z","type":"ACTION","user_id":"1","user_name":"admin@rajalakshmiFoundation.in","role_name":"ADMIN","method":"GET","path":"/api/exams/blocks-by-district/2901","action":"GET /api/exams/blocks-by-district/2901","ip":"::1"}
{"timestamp":"2026-02-07T11:01:12.337Z","type":"ACTION","user_id":"1","user_name":"admin@rajalakshmiFoundation.in","role_name":"ADMIN","method":"GET","path":"/api/exams/blocks-by-district/2930","action":"GET /api/exams/blocks-by-district/2930","ip":"::1"}
{"timestamp":"2026-02-07T11:01:12.344Z","type":"ACTION","user_id":"1","user_name":"admin@rajalakshmiFoundation.in","role_name":"ADMIN","method":"GET","path":"/api/exams/blocks-by-district/2911","action":"GET /api/exams/blocks-by-district/2911","ip":"::1"}
{"timestamp":"2026-02-07T11:01:12.352Z","type":"ACTION","user_id":"1","user_name":"admin@rajalakshmiFoundation.in","role_name":"ADMIN","method":"GET","path":"/api/exams/blocks-by-district/2920","action":"GET /api/exams/blocks-by-district/2920","ip":"::1"}
{"timestamp":"2026-02-07T11:01:12.361Z","type":"ACTION","user_id":"1","user_name":"admin@rajalakshmiFoundation.in","role_name":"ADMIN","method":"GET","path":"/api/exams/blocks-by-district/2901","action":"GET /api/exams/blocks-by-district/2901","ip":"::1"}
{"timestamp":"2026-02-07T11:01:12.368Z","type":"ACTION","user_id":"1","user_name":"admin@rajalakshmiFoundation.in","role_name":"ADMIN","method":"GET","path":"/api/exams/blocks-by-district/2930","action":"GET /api/exams/blocks-by-district/2930","ip":"::1"}
{"timestamp":"2026-02-07T11:01:12.375Z","type":"ACTION","user_id":"1","user_name":"admin@rajalakshmiFoundation.in","role_name":"ADMIN","method":"GET","path":"/api/exams/blocks-by-district/2920","action":"GET /api/exams/blocks-by-district/2920","ip":"::1"}
{"timestamp":"2026-02-07T11:01:12.385Z","type":"ACTION","user_id":"1","user_name":"admin@rajalakshmiFoundation.in","role_name":"ADMIN","method":"GET","path":"/api/exams/blocks-by-district/2901","action":"GET /api/exams/blocks-by-district/2901","ip":"::1"}
{"timestamp":"2026-02-07T11:01:12.393Z","type":"ACTION","user_id":"1","user_name":"admin@rajalakshmiFoundation.in","role_name":"ADMIN","method":"GET","path":"/api/exams/blocks-by-district/2930","action":"GET /api/exams/blocks-by-district/2930","ip":"::1"}
{"timestamp":"2026-02-07T11:01:12.404Z","type":"ACTION","user_id":"1","user_name":"admin@rajalakshmiFoundation.in","role_name":"ADMIN","method":"GET","path":"/api/exams/blocks-by-district/2901","action":"GET /api/exams/blocks-by-district/2901","ip":"::1"}
{"timestamp":"2026-02-07T11:01:12.410Z","type":"ACTION","user_id":"1","user_name":"admin@rajalakshmiFoundation.in","role_name":"ADMIN","method":"GET","path":"/api/exams/blocks-by-district/2930","action":"GET /api/exams/blocks-by-district/2930","ip":"::1"}
{"timestamp":"2026-02-07T11:01:12.509Z","type":"ACTION","user_id":"anonymous","user_name":"anonymous","role_name":"anonymous","method":"GET","path":"/api/evaluation-dashboard/overall/2025","action":"GET /api/evaluation-dashboard/overall/2025","ip":"::1"}
{"timestamp":"2026-02-07T11:01:12.513Z","type":"ACTION","user_id":"anonymous","user_name":"anonymous","role_name":"anonymous","method":"GET","path":"/api/evaluation-dashboard/jurisdictions/2025","action":"GET /api/evaluation-dashboard/jurisdictions/2025","ip":"::1"}
{"timestamp":"2026-02-07T11:01:12.520Z","type":"ACTION","user_id":"anonymous","user_name":"anonymous","role_name":"anonymous","method":"GET","path":"/api/evaluation-dashboard/overall-progress/2025","action":"GET /api/evaluation-dashboard/overall-progress/2025","ip":"::1"}
{"timestamp":"2026-02-07T11:01:13.575Z","type":"ACTION","user_id":"anonymous","user_name":"anonymous","role_name":"anonymous","method":"GET","path":"/api/evaluation-dashboard/overall-progress/2025","action":"GET /api/evaluation-dashboard/overall-progress/2025","ip":"::1"}
{"timestamp":"2026-02-07T11:01:14.849Z","type":"ACTION","user_id":"anonymous","user_name":"anonymous","role_name":"anonymous","method":"GET","path":"/api/evaluation-dashboard/jurisdictions/2025","action":"GET /api/evaluation-dashboard/jurisdictions/2025","ip":"::1"}
{"timestamp":"2026-02-07T11:01:14.868Z","type":"ACTION","user_id":"anonymous","user_name":"anonymous","role_name":"anonymous","method":"GET","path":"/api/evaluation-dashboard/overall/2025","action":"GET /api/evaluation-dashboard/overall/2025","ip":"::1"}
{"timestamp":"2026-02-07T11:01:16.679Z","type":"ACTION","user_id":"1","user_name":"admin@rajalakshmiFoundation.in","role_name":"ADMIN","method":"GET","path":"/api/evaluation/exam_names","action":"GET /api/evaluation/exam_names","ip":"::1"}
{"timestamp":"2026-02-07T11:01:16.686Z","type":"ACTION","user_id":"1","user_name":"admin@rajalakshmiFoundation.in","role_name":"ADMIN","method":"GET","path":"/api/evaluation/exam_names","action":"GET /api/evaluation/exam_names","ip":"::1","status":"error","error":"Route not found","details":{"statusCode":404}}
{"timestamp":"2026-02-07T11:01:16.697Z","type":"ACTION","user_id":"1","user_name":"admin@rajalakshmiFoundation.in","role_name":"ADMIN","method":"GET","path":"/api/evaluation/exam_names","action":"GET /api/evaluation/exam_names","ip":"::1"}
{"timestamp":"2026-02-07T11:01:16.700Z","type":"ACTION","user_id":"1","user_name":"admin@rajalakshmiFoundation.in","role_name":"ADMIN","method":"GET","path":"/api/evaluation/exam_names","action":"GET /api/evaluation/exam_names","ip":"::1","status":"error","error":"Route not found","details":{"statusCode":404}}
{"timestamp":"2026-02-07T11:01:24.411Z","type":"ACTION","user_id":"anonymous","user_name":"anonymous","role_name":"anonymous","method":"GET","path":"/api/evaluation-dashboard/overall/2025","action":"GET /api/evaluation-dashboard/overall/2025","ip":"::1"}
{"timestamp":"2026-02-07T11:01:24.416Z","type":"ACTION","user_id":"anonymous","user_name":"anonymous","role_name":"anonymous","method":"GET","path":"/api/evaluation-dashboard/jurisdictions/2025","action":"GET /api/evaluation-dashboard/jurisdictions/2025","ip":"::1"}
{"timestamp":"2026-02-07T11:01:24.421Z","type":"ACTION","user_id":"anonymous","user_name":"anonymous","role_name":"anonymous","method":"GET","path":"/api/evaluation-dashboard/overall-progress/2025","action":"GET /api/evaluation-dashboard/overall-progress/2025","ip":"::1"}
{"timestamp":"2026-02-07T11:01:25.380Z","type":"ACTION","user_id":"anonymous","user_name":"anonymous","role_name":"anonymous","method":"GET","path":"/api/evaluation-dashboard/overall-progress/2025","action":"GET /api/evaluation-dashboard/overall-progress/2025","ip":"::1"}
{"timestamp":"2026-02-07T11:01:26.868Z","type":"ACTION","user_id":"anonymous","user_name":"anonymous","role_name":"anonymous","method":"GET","path":"/api/evaluation-dashboard/jurisdictions/2025","action":"GET /api/evaluation-dashboard/jurisdictions/2025","ip":"::1"}
{"timestamp":"2026-02-07T11:01:26.881Z","type":"ACTION","user_id":"anonymous","user_name":"anonymous","role_name":"anonymous","method":"GET","path":"/api/evaluation-dashboard/overall/2025","action":"GET /api/evaluation-dashboard/overall/2025","ip":"::1"}
{"timestamp":"2026-02-07T11:01:30.084Z","type":"ACTION","user_id":"1","user_name":"admin@rajalakshmiFoundation.in","role_name":"ADMIN","method":"GET","path":"/api/interview/exam-centers","action":"GET /api/interview/exam-centers","ip":"::1"}
{"timestamp":"2026-02-07T11:01:30.107Z","type":"ACTION","user_id":"1","user_name":"admin@rajalakshmiFoundation.in","role_name":"ADMIN","method":"GET","path":"/api/interview/exam-centers","action":"GET /api/interview/exam-centers","ip":"::1"}
{"timestamp":"2026-02-07T11:01:41.363Z","type":"ACTION","user_id":"1","user_name":"admin@rajalakshmiFoundation.in","role_name":"ADMIN","method":"GET","path":"/api/exams/assigned","action":"GET /api/exams/assigned","ip":"::1"}
{"timestamp":"2026-02-07T11:01:41.387Z","type":"ACTION","user_id":"1","user_name":"admin@rajalakshmiFoundation.in","role_name":"ADMIN","method":"GET","path":"/api/exams/exam-centres","action":"GET /api/exams/exam-centres","ip":"::1"}
{"timestamp":"2026-02-07T11:01:41.405Z","type":"ACTION","user_id":"1","user_name":"admin@rajalakshmiFoundation.in","role_name":"ADMIN","method":"GET","path":"/api/exams/divisions-by-state/1","action":"GET /api/exams/divisions-by-state/1","ip":"::1"}
{"timestamp":"2026-02-07T11:01:41.417Z","type":"ACTION","user_id":"1","user_name":"admin@rajalakshmiFoundation.in","role_name":"ADMIN","method":"GET","path":"/api/exams/used-blocks","action":"GET /api/exams/used-blocks","ip":"::1"}
{"timestamp":"2026-02-07T11:01:41.426Z","type":"ACTION","user_id":"1","user_name":"admin@rajalakshmiFoundation.in","role_name":"ADMIN","method":"GET","path":"/api/exams/notassigned","action":"GET /api/exams/notassigned","ip":"::1"}
{"timestamp":"2026-02-07T11:01:41.497Z","type":"ACTION","user_id":"1","user_name":"admin@rajalakshmiFoundation.in","role_name":"ADMIN","method":"GET","path":"/api/exams/exam-centres","action":"GET /api/exams/exam-centres","ip":"::1"}
{"timestamp":"2026-02-07T11:01:41.527Z","type":"ACTION","user_id":"1","user_name":"admin@rajalakshmiFoundation.in","role_name":"ADMIN","method":"GET","path":"/api/exams/divisions-by-state/1","action":"GET /api/exams/divisions-by-state/1","ip":"::1"}
{"timestamp":"2026-02-07T11:01:41.549Z","type":"ACTION","user_id":"1","user_name":"admin@rajalakshmiFoundation.in","role_name":"ADMIN","method":"GET","path":"/api/exams/notassigned","action":"GET /api/exams/notassigned","ip":"::1"}
{"timestamp":"2026-02-07T11:01:41.560Z","type":"ACTION","user_id":"1","user_name":"admin@rajalakshmiFoundation.in","role_name":"ADMIN","method":"GET","path":"/api/exams/assigned","action":"GET /api/exams/assigned","ip":"::1"}
{"timestamp":"2026-02-07T11:01:41.601Z","type":"ACTION","user_id":"1","user_name":"admin@rajalakshmiFoundation.in","role_name":"ADMIN","method":"GET","path":"/api/exams/blocks-by-district/2920","action":"GET /api/exams/blocks-by-district/2920","ip":"::1"}
{"timestamp":"2026-02-07T11:01:41.608Z","type":"ACTION","user_id":"1","user_name":"admin@rajalakshmiFoundation.in","role_name":"ADMIN","method":"GET","path":"/api/exams/blocks-by-district/2914","action":"GET /api/exams/blocks-by-district/2914","ip":"::1"}
{"timestamp":"2026-02-07T11:01:41.617Z","type":"ACTION","user_id":"1","user_name":"admin@rajalakshmiFoundation.in","role_name":"ADMIN","method":"GET","path":"/api/exams/used-blocks","action":"GET /api/exams/used-blocks","ip":"::1"}
{"timestamp":"2026-02-07T11:01:41.624Z","type":"ACTION","user_id":"1","user_name":"admin@rajalakshmiFoundation.in","role_name":"ADMIN","method":"GET","path":"/api/exams/blocks-by-district/2910","action":"GET /api/exams/blocks-by-district/2910","ip":"::1"}
{"timestamp":"2026-02-07T11:01:41.630Z","type":"ACTION","user_id":"1","user_name":"admin@rajalakshmiFoundation.in","role_name":"ADMIN","method":"GET","path":"/api/exams/blocks-by-district/2934","action":"GET /api/exams/blocks-by-district/2934","ip":"::1"}
{"timestamp":"2026-02-07T11:01:41.645Z","type":"ACTION","user_id":"1","user_name":"admin@rajalakshmiFoundation.in","role_name":"ADMIN","method":"GET","path":"/api/exams/blocks-by-district/2908","action":"GET /api/exams/blocks-by-district/2908","ip":"::1"}
{"timestamp":"2026-02-07T11:01:41.652Z","type":"ACTION","user_id":"1","user_name":"admin@rajalakshmiFoundation.in","role_name":"ADMIN","method":"GET","path":"/api/exams/blocks-by-district/2909","action":"GET /api/exams/blocks-by-district/2909","ip":"::1"}
{"timestamp":"2026-02-07T11:01:41.657Z","type":"ACTION","user_id":"1","user_name":"admin@rajalakshmiFoundation.in","role_name":"ADMIN","method":"GET","path":"/api/exams/blocks-by-district/2911","action":"GET /api/exams/blocks-by-district/2911","ip":"::1"}
{"timestamp":"2026-02-07T11:01:41.665Z","type":"ACTION","user_id":"1","user_name":"admin@rajalakshmiFoundation.in","role_name":"ADMIN","method":"GET","path":"/api/exams/blocks-by-district/2903","action":"GET /api/exams/blocks-by-district/2903","ip":"::1"}
{"timestamp":"2026-02-07T11:01:41.682Z","type":"ACTION","user_id":"1","user_name":"admin@rajalakshmiFoundation.in","role_name":"ADMIN","method":"GET","path":"/api/exams/blocks-by-district/2902","action":"GET /api/exams/blocks-by-district/2902","ip":"::1"}
{"timestamp":"2026-02-07T11:01:41.692Z","type":"ACTION","user_id":"1","user_name":"admin@rajalakshmiFoundation.in","role_name":"ADMIN","method":"GET","path":"/api/exams/blocks-by-district/2901","action":"GET /api/exams/blocks-by-district/2901","ip":"::1"}
{"timestamp":"2026-02-07T11:01:41.698Z","type":"ACTION","user_id":"1","user_name":"admin@rajalakshmiFoundation.in","role_name":"ADMIN","method":"GET","path":"/api/exams/blocks-by-district/2930","action":"GET /api/exams/blocks-by-district/2930","ip":"::1"}
{"timestamp":"2026-02-07T11:01:41.706Z","type":"ACTION","user_id":"1","user_name":"admin@rajalakshmiFoundation.in","role_name":"ADMIN","method":"GET","path":"/api/exams/blocks-by-district/2920","action":"GET /api/exams/blocks-by-district/2920","ip":"::1"}
{"timestamp":"2026-02-07T11:01:41.714Z","type":"ACTION","user_id":"1","user_name":"admin@rajalakshmiFoundation.in","role_name":"ADMIN","method":"GET","path":"/api/exams/blocks-by-district/2910","action":"GET /api/exams/blocks-by-district/2910","ip":"::1"}
{"timestamp":"2026-02-07T11:01:41.722Z","type":"ACTION","user_id":"1","user_name":"admin@rajalakshmiFoundation.in","role_name":"ADMIN","method":"GET","path":"/api/exams/blocks-by-district/2914","action":"GET /api/exams/blocks-by-district/2914","ip":"::1"}
{"timestamp":"2026-02-07T11:01:41.728Z","type":"ACTION","user_id":"1","user_name":"admin@rajalakshmiFoundation.in","role_name":"ADMIN","method":"GET","path":"/api/exams/blocks-by-district/2908","action":"GET /api/exams/blocks-by-district/2908","ip":"::1"}
{"timestamp":"2026-02-07T11:01:41.735Z","type":"ACTION","user_id":"1","user_name":"admin@rajalakshmiFoundation.in","role_name":"ADMIN","method":"GET","path":"/api/exams/blocks-by-district/2909","action":"GET /api/exams/blocks-by-district/2909","ip":"::1"}
{"timestamp":"2026-02-07T11:01:41.742Z","type":"ACTION","user_id":"1","user_name":"admin@rajalakshmiFoundation.in","role_name":"ADMIN","method":"GET","path":"/api/exams/blocks-by-district/2911","action":"GET /api/exams/blocks-by-district/2911","ip":"::1"}
{"timestamp":"2026-02-07T11:01:41.750Z","type":"ACTION","user_id":"1","user_name":"admin@rajalakshmiFoundation.in","role_name":"ADMIN","method":"GET","path":"/api/exams/blocks-by-district/2903","action":"GET /api/exams/blocks-by-district/2903","ip":"::1"}
{"timestamp":"2026-02-07T11:01:41.760Z","type":"ACTION","user_id":"1","user_name":"admin@rajalakshmiFoundation.in","role_name":"ADMIN","method":"GET","path":"/api/exams/blocks-by-district/2902","action":"GET /api/exams/blocks-by-district/2902","ip":"::1"}
{"timestamp":"2026-02-07T11:01:41.768Z","type":"ACTION","user_id":"1","user_name":"admin@rajalakshmiFoundation.in","role_name":"ADMIN","method":"GET","path":"/api/exams/blocks-by-district/2901","action":"GET /api/exams/blocks-by-district/2901","ip":"::1"}
{"timestamp":"2026-02-07T11:01:41.774Z","type":"ACTION","user_id":"1","user_name":"admin@rajalakshmiFoundation.in","role_name":"ADMIN","method":"GET","path":"/api/exams/blocks-by-district/2930","action":"GET /api/exams/blocks-by-district/2930","ip":"::1"}
{"timestamp":"2026-02-07T11:01:41.781Z","type":"ACTION","user_id":"1","user_name":"admin@rajalakshmiFoundation.in","role_name":"ADMIN","method":"GET","path":"/api/exams/blocks-by-district/2920","action":"GET /api/exams/blocks-by-district/2920","ip":"::1"}
{"timestamp":"2026-02-07T11:01:41.792Z","type":"ACTION","user_id":"1","user_name":"admin@rajalakshmiFoundation.in","role_name":"ADMIN","method":"GET","path":"/api/exams/blocks-by-district/2910","action":"GET /api/exams/blocks-by-district/2910","ip":"::1"}
{"timestamp":"2026-02-07T11:01:41.800Z","type":"ACTION","user_id":"1","user_name":"admin@rajalakshmiFoundation.in","role_name":"ADMIN","method":"GET","path":"/api/exams/blocks-by-district/2909","action":"GET /api/exams/blocks-by-district/2909","ip":"::1"}
{"timestamp":"2026-02-07T11:01:41.808Z","type":"ACTION","user_id":"1","user_name":"admin@rajalakshmiFoundation.in","role_name":"ADMIN","method":"GET","path":"/api/exams/blocks-by-district/2911","action":"GET /api/exams/blocks-by-district/2911","ip":"::1"}
{"timestamp":"2026-02-07T11:01:41.816Z","type":"ACTION","user_id":"1","user_name":"admin@rajalakshmiFoundation.in","role_name":"ADMIN","method":"GET","path":"/api/exams/blocks-by-district/2903","action":"GET /api/exams/blocks-by-district/2903","ip":"::1"}
{"timestamp":"2026-02-07T11:01:41.825Z","type":"ACTION","user_id":"1","user_name":"admin@rajalakshmiFoundation.in","role_name":"ADMIN","method":"GET","path":"/api/exams/blocks-by-district/2902","action":"GET /api/exams/blocks-by-district/2902","ip":"::1"}
{"timestamp":"2026-02-07T11:01:41.833Z","type":"ACTION","user_id":"1","user_name":"admin@rajalakshmiFoundation.in","role_name":"ADMIN","method":"GET","path":"/api/exams/blocks-by-district/2901","action":"GET /api/exams/blocks-by-district/2901","ip":"::1"}
{"timestamp":"2026-02-07T11:01:41.848Z","type":"ACTION","user_id":"1","user_name":"admin@rajalakshmiFoundation.in","role_name":"ADMIN","method":"GET","path":"/api/exams/blocks-by-district/2930","action":"GET /api/exams/blocks-by-district/2930","ip":"::1"}
{"timestamp":"2026-02-07T11:01:41.860Z","type":"ACTION","user_id":"1","user_name":"admin@rajalakshmiFoundation.in","role_name":"ADMIN","method":"GET","path":"/api/exams/blocks-by-district/2920","action":"GET /api/exams/blocks-by-district/2920","ip":"::1"}
{"timestamp":"2026-02-07T11:01:41.870Z","type":"ACTION","user_id":"1","user_name":"admin@rajalakshmiFoundation.in","role_name":"ADMIN","method":"GET","path":"/api/exams/blocks-by-district/2910","action":"GET /api/exams/blocks-by-district/2910","ip":"::1"}
{"timestamp":"2026-02-07T11:01:41.879Z","type":"ACTION","user_id":"1","user_name":"admin@rajalakshmiFoundation.in","role_name":"ADMIN","method":"GET","path":"/api/exams/blocks-by-district/2909","action":"GET /api/exams/blocks-by-district/2909","ip":"::1"}
{"timestamp":"2026-02-07T11:01:41.888Z","type":"ACTION","user_id":"1","user_name":"admin@rajalakshmiFoundation.in","role_name":"ADMIN","method":"GET","path":"/api/exams/blocks-by-district/2911","action":"GET /api/exams/blocks-by-district/2911","ip":"::1"}
{"timestamp":"2026-02-07T11:01:41.900Z","type":"ACTION","user_id":"1","user_name":"admin@rajalakshmiFoundation.in","role_name":"ADMIN","method":"GET","path":"/api/exams/blocks-by-district/2903","action":"GET /api/exams/blocks-by-district/2903","ip":"::1"}
{"timestamp":"2026-02-07T11:01:41.909Z","type":"ACTION","user_id":"1","user_name":"admin@rajalakshmiFoundation.in","role_name":"ADMIN","method":"GET","path":"/api/exams/blocks-by-district/2902","action":"GET /api/exams/blocks-by-district/2902","ip":"::1"}
{"timestamp":"2026-02-07T11:01:41.918Z","type":"ACTION","user_id":"1","user_name":"admin@rajalakshmiFoundation.in","role_name":"ADMIN","method":"GET","path":"/api/exams/blocks-by-district/2901","action":"GET /api/exams/blocks-by-district/2901","ip":"::1"}
{"timestamp":"2026-02-07T11:01:41.924Z","type":"ACTION","user_id":"1","user_name":"admin@rajalakshmiFoundation.in","role_name":"ADMIN","method":"GET","path":"/api/exams/blocks-by-district/2930","action":"GET /api/exams/blocks-by-district/2930","ip":"::1"}
{"timestamp":"2026-02-07T11:01:41.934Z","type":"ACTION","user_id":"1","user_name":"admin@rajalakshmiFoundation.in","role_name":"ADMIN","method":"GET","path":"/api/exams/blocks-by-district/2920","action":"GET /api/exams/blocks-by-district/2920","ip":"::1"}
{"timestamp":"2026-02-07T11:01:41.946Z","type":"ACTION","user_id":"1","user_name":"admin@rajalakshmiFoundation.in","role_name":"ADMIN","method":"GET","path":"/api/exams/blocks-by-district/2911","action":"GET /api/exams/blocks-by-district/2911","ip":"::1"}
{"timestamp":"2026-02-07T11:01:41.957Z","type":"ACTION","user_id":"1","user_name":"admin@rajalakshmiFoundation.in","role_name":"ADMIN","method":"GET","path":"/api/exams/blocks-by-district/2901","action":"GET /api/exams/blocks-by-district/2901","ip":"::1"}
{"timestamp":"2026-02-07T11:01:41.966Z","type":"ACTION","user_id":"1","user_name":"admin@rajalakshmiFoundation.in","role_name":"ADMIN","method":"GET","path":"/api/exams/blocks-by-district/2930","action":"GET /api/exams/blocks-by-district/2930","ip":"::1"}
{"timestamp":"2026-02-07T11:01:41.975Z","type":"ACTION","user_id":"1","user_name":"admin@rajalakshmiFoundation.in","role_name":"ADMIN","method":"GET","path":"/api/exams/blocks-by-district/2934","action":"GET /api/exams/blocks-by-district/2934","ip":"::1"}
{"timestamp":"2026-02-07T11:01:41.983Z","type":"ACTION","user_id":"1","user_name":"admin@rajalakshmiFoundation.in","role_name":"ADMIN","method":"GET","path":"/api/exams/blocks-by-district/2920","action":"GET /api/exams/blocks-by-district/2920","ip":"::1"}
{"timestamp":"2026-02-07T11:01:41.998Z","type":"ACTION","user_id":"1","user_name":"admin@rajalakshmiFoundation.in","role_name":"ADMIN","method":"GET","path":"/api/exams/blocks-by-district/2911","action":"GET /api/exams/blocks-by-district/2911","ip":"::1"}
{"timestamp":"2026-02-07T11:01:42.006Z","type":"ACTION","user_id":"1","user_name":"admin@rajalakshmiFoundation.in","role_name":"ADMIN","method":"GET","path":"/api/exams/blocks-by-district/2901","action":"GET /api/exams/blocks-by-district/2901","ip":"::1"}
{"timestamp":"2026-02-07T11:01:42.015Z","type":"ACTION","user_id":"1","user_name":"admin@rajalakshmiFoundation.in","role_name":"ADMIN","method":"GET","path":"/api/exams/blocks-by-district/2930","action":"GET /api/exams/blocks-by-district/2930","ip":"::1"}
{"timestamp":"2026-02-07T11:01:42.023Z","type":"ACTION","user_id":"1","user_name":"admin@rajalakshmiFoundation.in","role_name":"ADMIN","method":"GET","path":"/api/exams/blocks-by-district/2934","action":"GET /api/exams/blocks-by-district/2934","ip":"::1"}
{"timestamp":"2026-02-07T11:01:42.038Z","type":"ACTION","user_id":"1","user_name":"admin@rajalakshmiFoundation.in","role_name":"ADMIN","method":"GET","path":"/api/exams/blocks-by-district/2920","action":"GET /api/exams/blocks-by-district/2920","ip":"::1"}
{"timestamp":"2026-02-07T11:01:42.055Z","type":"ACTION","user_id":"1","user_name":"admin@rajalakshmiFoundation.in","role_name":"ADMIN","method":"GET","path":"/api/exams/blocks-by-district/2901","action":"GET /api/exams/blocks-by-district/2901","ip":"::1"}
{"timestamp":"2026-02-07T11:01:42.069Z","type":"ACTION","user_id":"1","user_name":"admin@rajalakshmiFoundation.in","role_name":"ADMIN","method":"GET","path":"/api/exams/blocks-by-district/2930","action":"GET /api/exams/blocks-by-district/2930","ip":"::1"}
{"timestamp":"2026-02-07T11:01:42.088Z","type":"ACTION","user_id":"1","user_name":"admin@rajalakshmiFoundation.in","role_name":"ADMIN","method":"GET","path":"/api/exams/blocks-by-district/2934","action":"GET /api/exams/blocks-by-district/2934","ip":"::1"}
{"timestamp":"2026-02-07T11:01:42.097Z","type":"ACTION","user_id":"1","user_name":"admin@rajalakshmiFoundation.in","role_name":"ADMIN","method":"GET","path":"/api/exams/blocks-by-district/2920","action":"GET /api/exams/blocks-by-district/2920","ip":"::1"}
{"timestamp":"2026-02-07T11:01:42.117Z","type":"ACTION","user_id":"1","user_name":"admin@rajalakshmiFoundation.in","role_name":"ADMIN","method":"GET","path":"/api/exams/blocks-by-district/2901","action":"GET /api/exams/blocks-by-district/2901","ip":"::1"}
{"timestamp":"2026-02-07T11:01:42.126Z","type":"ACTION","user_id":"1","user_name":"admin@rajalakshmiFoundation.in","role_name":"ADMIN","method":"GET","path":"/api/exams/blocks-by-district/2930","action":"GET /api/exams/blocks-by-district/2930","ip":"::1"}
{"timestamp":"2026-02-07T11:05:03.736Z","type":"ACTION","user_id":"anonymous","user_name":"anonymous","role_name":"anonymous","method":"GET","path":"/api/evaluation-dashboard/overall/2025","action":"GET /api/evaluation-dashboard/overall/2025","ip":"::1"}
{"timestamp":"2026-02-07T11:05:03.745Z","type":"ACTION","user_id":"anonymous","user_name":"anonymous","role_name":"anonymous","method":"GET","path":"/api/evaluation-dashboard/jurisdictions/2025","action":"GET /api/evaluation-dashboard/jurisdictions/2025","ip":"::1"}
{"timestamp":"2026-02-07T11:05:03.751Z","type":"ACTION","user_id":"anonymous","user_name":"anonymous","role_name":"anonymous","method":"GET","path":"/api/evaluation-dashboard/overall-progress/2025","action":"GET /api/evaluation-dashboard/overall-progress/2025","ip":"::1"}
{"timestamp":"2026-02-07T11:05:04.864Z","type":"ACTION","user_id":"anonymous","user_name":"anonymous","role_name":"anonymous","method":"GET","path":"/api/evaluation-dashboard/overall-progress/2025","action":"GET /api/evaluation-dashboard/overall-progress/2025","ip":"::1"}
{"timestamp":"2026-02-07T11:05:05.995Z","type":"ACTION","user_id":"anonymous","user_name":"anonymous","role_name":"anonymous","method":"GET","path":"/api/evaluation-dashboard/jurisdictions/2025","action":"GET /api/evaluation-dashboard/jurisdictions/2025","ip":"::1"}
{"timestamp":"2026-02-07T11:05:06.002Z","type":"ACTION","user_id":"anonymous","user_name":"anonymous","role_name":"anonymous","method":"GET","path":"/api/evaluation-dashboard/overall/2025","action":"GET /api/evaluation-dashboard/overall/2025","ip":"::1"}
{"timestamp":"2026-02-07T11:05:07.208Z","type":"ACTION","user_id":"1","user_name":"admin@rajalakshmiFoundation.in","role_name":"ADMIN","method":"GET","path":"/api/evaluation/exam_names","action":"GET /api/evaluation/exam_names","ip":"::1"}
{"timestamp":"2026-02-07T11:05:07.216Z","type":"ACTION","user_id":"1","user_name":"admin@rajalakshmiFoundation.in","role_name":"ADMIN","method":"GET","path":"/api/evaluation/exam_names","action":"GET /api/evaluation/exam_names","ip":"::1","status":"error","error":"Route not found","details":{"statusCode":404}}
{"timestamp":"2026-02-07T11:05:07.229Z","type":"ACTION","user_id":"1","user_name":"admin@rajalakshmiFoundation.in","role_name":"ADMIN","method":"GET","path":"/api/evaluation/exam_names","action":"GET /api/evaluation/exam_names","ip":"::1"}
{"timestamp":"2026-02-07T11:05:07.234Z","type":"ACTION","user_id":"1","user_name":"admin@rajalakshmiFoundation.in","role_name":"ADMIN","method":"GET","path":"/api/evaluation/exam_names","action":"GET /api/evaluation/exam_names","ip":"::1","status":"error","error":"Route not found","details":{"statusCode":404}}
