{"timestamp":"2026-03-30T09:28:43.383Z","type":"LOGIN","user_name":"admin@rajalakshmifoundation.in","status":"success_pre_auth","ip":"::1"}
{"timestamp":"2026-03-30T09:28:43.433Z","type":"ACTION","user_name":"admin@rajalakshmiFoundation.in","role":"ADMIN","action":"login_complete","status":"success","ip":"::1"}
{"timestamp":"2026-03-30T09:28:43.529Z","type":"ACTION","user_id":"1","user_name":"admin@rajalakshmiFoundation.in","role_name":"ADMIN","method":"GET","path":"/api/applicants/shortlisted/count","action":"GET /api/applicants/shortlisted/count","ip":"::1","details":{"query":{"year":"2025"}}}
{"timestamp":"2026-03-30T09:28:43.567Z","type":"ACTION","user_id":"1","user_name":"admin@rajalakshmiFoundation.in","role_name":"ADMIN","method":"GET","path":"/api/applicants/selected/count","action":"GET /api/applicants/selected/count","ip":"::1","details":{"query":{"year":"2025"}}}
{"timestamp":"2026-03-30T09:28:43.581Z","type":"ACTION","user_id":"1","user_name":"admin@rajalakshmiFoundation.in","role_name":"ADMIN","method":"GET","path":"/api/applicants/count","action":"GET /api/applicants/count","ip":"::1","details":{"query":{"year":"2025"}}}
{"timestamp":"2026-03-30T09:28:43.596Z","type":"ACTION","user_id":"1","user_name":"admin@rajalakshmiFoundation.in","role_name":"ADMIN","method":"GET","path":"/api/system-config/active","action":"GET /api/system-config/active","ip":"::1"}
{"timestamp":"2026-03-30T09:28:43.726Z","type":"ACTION","user_id":"1","user_name":"admin@rajalakshmiFoundation.in","role_name":"ADMIN","method":"GET","path":"/api/system-config/active","action":"GET /api/system-config/active","ip":"::1"}
{"timestamp":"2026-03-30T09:28:43.742Z","type":"ACTION","user_id":"1","user_name":"admin@rajalakshmiFoundation.in","role_name":"ADMIN","method":"GET","path":"/api/applicants/shortlisted/count","action":"GET /api/applicants/shortlisted/count","ip":"::1","details":{"query":{"year":"2025"}}}
{"timestamp":"2026-03-30T09:28:43.764Z","type":"ACTION","user_id":"1","user_name":"admin@rajalakshmiFoundation.in","role_name":"ADMIN","method":"GET","path":"/api/applicants/selected/count","action":"GET /api/applicants/selected/count","ip":"::1","details":{"query":{"year":"2025"}}}
{"timestamp":"2026-03-30T09:28:43.816Z","type":"ACTION","user_id":"1","user_name":"admin@rajalakshmiFoundation.in","role_name":"ADMIN","method":"GET","path":"/api/applicants/count","action":"GET /api/applicants/count","ip":"::1","details":{"query":{"year":"2025"}}}
{"timestamp":"2026-03-30T09:28:47.083Z","type":"ACTION","user_id":"1","user_name":"admin@rajalakshmiFoundation.in","role_name":"ADMIN","method":"GET","path":"/api/exams/divisions-by-state/1","action":"GET /api/exams/divisions-by-state/1","ip":"::1"}
{"timestamp":"2026-03-30T09:28:47.098Z","type":"ACTION","user_id":"1","user_name":"admin@rajalakshmiFoundation.in","role_name":"ADMIN","method":"GET","path":"/api/results/all-exams","action":"GET /api/results/all-exams","ip":"::1"}
{"timestamp":"2026-03-30T09:28:47.122Z","type":"ACTION","user_id":"1","user_name":"admin@rajalakshmiFoundation.in","role_name":"ADMIN","method":"GET","path":"/api/exams/divisions-by-state/1","action":"GET /api/exams/divisions-by-state/1","ip":"::1"}
{"timestamp":"2026-03-30T09:28:47.129Z","type":"ACTION","user_id":"1","user_name":"admin@rajalakshmiFoundation.in","role_name":"ADMIN","method":"GET","path":"/api/results/all-exams","action":"GET /api/results/all-exams","ip":"::1"}
{"timestamp":"2026-03-30T09:28:47.655Z","type":"ACTION","user_id":"anonymous","user_name":"anonymous","role_name":"anonymous","method":"GET","path":"/api/evaluation-dashboard/overall/2025","action":"GET /api/evaluation-dashboard/overall/2025","ip":"::1"}
{"timestamp":"2026-03-30T09:28:47.663Z","type":"ACTION","user_id":"anonymous","user_name":"anonymous","role_name":"anonymous","method":"GET","path":"/api/evaluation-dashboard/jurisdictions/2025","action":"GET /api/evaluation-dashboard/jurisdictions/2025","ip":"::1"}
{"timestamp":"2026-03-30T09:28:47.675Z","type":"ACTION","user_id":"anonymous","user_name":"anonymous","role_name":"anonymous","method":"GET","path":"/api/evaluation-dashboard/overall-progress/2025","action":"GET /api/evaluation-dashboard/overall-progress/2025","ip":"::1"}
{"timestamp":"2026-03-30T09:28:47.970Z","type":"ACTION","user_id":"anonymous","user_name":"anonymous","role_name":"anonymous","method":"GET","path":"/api/evaluation-dashboard/overall-progress/2025","action":"GET /api/evaluation-dashboard/overall-progress/2025","ip":"::1"}
{"timestamp":"2026-03-30T09:28:50.044Z","type":"ACTION","user_id":"anonymous","user_name":"anonymous","role_name":"anonymous","method":"GET","path":"/api/evaluation-dashboard/jurisdictions/2025","action":"GET /api/evaluation-dashboard/jurisdictions/2025","ip":"::1"}
{"timestamp":"2026-03-30T09:28:50.052Z","type":"ACTION","user_id":"anonymous","user_name":"anonymous","role_name":"anonymous","method":"GET","path":"/api/evaluation-dashboard/overall/2025","action":"GET /api/evaluation-dashboard/overall/2025","ip":"::1"}
{"timestamp":"2026-03-30T09:29:00.406Z","type":"ACTION","user_id":"1","user_name":"admin@rajalakshmiFoundation.in","role_name":"ADMIN","method":"GET","path":"/api/evaluation/exam_names","action":"GET /api/evaluation/exam_names","ip":"::1"}
{"timestamp":"2026-03-30T09:29:00.419Z","type":"ACTION","user_id":"1","user_name":"admin@rajalakshmiFoundation.in","role_name":"ADMIN","method":"GET","path":"/api/evaluation/exam_names","action":"GET /api/evaluation/exam_names","ip":"::1"}
{"timestamp":"2026-03-30T09:29:03.482Z","type":"ACTION","user_id":"1","user_name":"admin@rajalakshmiFoundation.in","role_name":"ADMIN","method":"GET","path":"/api/exams/divisions-by-state/1","action":"GET /api/exams/divisions-by-state/1","ip":"::1"}
{"timestamp":"2026-03-30T09:29:03.492Z","type":"ACTION","user_id":"1","user_name":"admin@rajalakshmiFoundation.in","role_name":"ADMIN","method":"GET","path":"/api/results/all-exams","action":"GET /api/results/all-exams","ip":"::1"}
{"timestamp":"2026-03-30T09:29:03.512Z","type":"ACTION","user_id":"1","user_name":"admin@rajalakshmiFoundation.in","role_name":"ADMIN","method":"GET","path":"/api/exams/divisions-by-state/1","action":"GET /api/exams/divisions-by-state/1","ip":"::1"}
{"timestamp":"2026-03-30T09:29:03.729Z","type":"ACTION","user_id":"1","user_name":"admin@rajalakshmiFoundation.in","role_name":"ADMIN","method":"GET","path":"/api/results/all-exams","action":"GET /api/results/all-exams","ip":"::1"}
{"timestamp":"2026-03-30T09:29:04.874Z","type":"ACTION","user_id":"anonymous","user_name":"anonymous","role_name":"anonymous","method":"GET","path":"/api/evaluation-dashboard/overall/2025","action":"GET /api/evaluation-dashboard/overall/2025","ip":"::1"}
{"timestamp":"2026-03-30T09:29:04.880Z","type":"ACTION","user_id":"anonymous","user_name":"anonymous","role_name":"anonymous","method":"GET","path":"/api/evaluation-dashboard/jurisdictions/2025","action":"GET /api/evaluation-dashboard/jurisdictions/2025","ip":"::1"}
{"timestamp":"2026-03-30T09:29:04.887Z","type":"ACTION","user_id":"anonymous","user_name":"anonymous","role_name":"anonymous","method":"GET","path":"/api/evaluation-dashboard/overall-progress/2025","action":"GET /api/evaluation-dashboard/overall-progress/2025","ip":"::1"}
{"timestamp":"2026-03-30T09:29:05.961Z","type":"ACTION","user_id":"anonymous","user_name":"anonymous","role_name":"anonymous","method":"GET","path":"/api/evaluation-dashboard/overall-progress/2025","action":"GET /api/evaluation-dashboard/overall-progress/2025","ip":"::1"}
{"timestamp":"2026-03-30T09:29:07.101Z","type":"ACTION","user_id":"anonymous","user_name":"anonymous","role_name":"anonymous","method":"GET","path":"/api/evaluation-dashboard/jurisdictions/2025","action":"GET /api/evaluation-dashboard/jurisdictions/2025","ip":"::1"}
{"timestamp":"2026-03-30T09:29:07.114Z","type":"ACTION","user_id":"anonymous","user_name":"anonymous","role_name":"anonymous","method":"GET","path":"/api/evaluation-dashboard/overall/2025","action":"GET /api/evaluation-dashboard/overall/2025","ip":"::1"}
{"timestamp":"2026-03-30T09:29:08.773Z","type":"ACTION","user_id":"1","user_name":"admin@rajalakshmiFoundation.in","role_name":"ADMIN","method":"GET","path":"/api/evaluation/exam_names","action":"GET /api/evaluation/exam_names","ip":"::1"}
{"timestamp":"2026-03-30T09:29:09.570Z","type":"ACTION","user_id":"1","user_name":"admin@rajalakshmiFoundation.in","role_name":"ADMIN","method":"GET","path":"/api/evaluation/exam_names","action":"GET /api/evaluation/exam_names","ip":"::1"}
{"timestamp":"2026-03-30T09:29:12.096Z","type":"ACTION","user_id":"1","user_name":"admin@rajalakshmiFoundation.in","role_name":"ADMIN","method":"POST","path":"/api/evaluation/exam_query","action":"POST /api/evaluation/exam_query","ip":"::1","details":{"body":{"exam_name":"S_K_HIGH_SCHOOL_CHI_16_05_2025_10_00_14_00"}}}
{"timestamp":"2026-03-30T09:29:12.103Z","type":"ACTION","user_id":"1","user_name":"admin@rajalakshmiFoundation.in","role_name":"ADMIN","method":"POST","path":"/api/evaluation/exam_query","action":"POST /api/evaluation/exam_query","ip":"::1","details":{"body":{"exam_name":"S_K_HIGH_SCHOOL_CHI_16_05_2025_10_00_14_00"},"statusCode":404},"status":"error","error":"Route not found"}
{"timestamp":"2026-03-30T09:29:13.456Z","type":"ACTION","user_id":"1","user_name":"admin@rajalakshmiFoundation.in","role_name":"ADMIN","method":"POST","path":"/api/evaluation/download_excel","action":"POST /api/evaluation/download_excel","ip":"::1","details":{"body":{"exam_name":"S_K_HIGH_SCHOOL_CHI_16_05_2025_10_00_14_00"}}}
