{"timestamp":"2025-12-03T04:53:44.234Z","type":"ACTION","user_id":"10","user_name":"admin","role_name":"ADMIN","action":"role_authorization","status":"success","ip":"::1"}
{"timestamp":"2025-12-03T04:53:44.309Z","type":"ACTION","user_id":"10","user_name":"admin","role_name":"ADMIN","method":"GET","path":"/api/system-config/active","action":"GET /api/system-config/active","ip":"::1"}
{"timestamp":"2025-12-03T04:53:44.327Z","type":"ACTION","user_id":"10","user_name":"admin","role_name":"ADMIN","method":"GET","path":"/api/system-config/active","action":"GET /api/system-config/active","ip":"::1"}
{"timestamp":"2025-12-03T04:53:49.276Z","type":"ACTION","user_id":"anonymous","user_name":"anonymous","role_name":"anonymous","method":"GET","path":"/api/evaluation-dashboard/overall","action":"GET /api/evaluation-dashboard/overall","ip":"::1"}
{"timestamp":"2025-12-03T04:53:49.282Z","type":"ACTION","user_id":"anonymous","user_name":"anonymous","role_name":"anonymous","method":"GET","path":"/api/evaluation-dashboard/jurisdictions","action":"GET /api/evaluation-dashboard/jurisdictions","ip":"::1"}
{"timestamp":"2025-12-03T04:53:49.290Z","type":"ACTION","user_id":"anonymous","user_name":"anonymous","role_name":"anonymous","method":"GET","path":"/api/evaluation-dashboard/overall-progress","action":"GET /api/evaluation-dashboard/overall-progress","ip":"::1"}
{"timestamp":"2025-12-03T04:53:49.337Z","type":"ACTION","user_id":"anonymous","user_name":"anonymous","role_name":"anonymous","method":"GET","path":"/api/evaluation-dashboard/overall","action":"GET /api/evaluation-dashboard/overall","ip":"::1"}
{"timestamp":"2025-12-03T04:53:49.412Z","type":"ACTION","user_id":"anonymous","user_name":"anonymous","role_name":"anonymous","method":"GET","path":"/api/evaluation-dashboard/overall-progress","action":"GET /api/evaluation-dashboard/overall-progress","ip":"::1"}
{"timestamp":"2025-12-03T04:53:49.436Z","type":"ACTION","user_id":"anonymous","user_name":"anonymous","role_name":"anonymous","method":"GET","path":"/api/evaluation-dashboard/jurisdictions","action":"GET /api/evaluation-dashboard/jurisdictions","ip":"::1"}
{"timestamp":"2025-12-03T04:53:52.412Z","type":"ACTION","user_id":"10","user_name":"admin","role_name":"ADMIN","method":"GET","path":"/api/exams/divisions-by-state/1","action":"GET /api/exams/divisions-by-state/1","ip":"::1"}
{"timestamp":"2025-12-03T04:53:52.419Z","type":"ACTION","user_id":"10","user_name":"admin","role_name":"ADMIN","method":"GET","path":"/api/results/all-exams","action":"GET /api/results/all-exams","ip":"::1"}
{"timestamp":"2025-12-03T04:53:52.435Z","type":"ACTION","user_id":"10","user_name":"admin","role_name":"ADMIN","method":"GET","path":"/api/results/all-exams","action":"GET /api/results/all-exams","ip":"::1"}
{"timestamp":"2025-12-03T04:53:52.500Z","type":"ACTION","user_id":"10","user_name":"admin","role_name":"ADMIN","method":"GET","path":"/api/exams/divisions-by-state/1","action":"GET /api/exams/divisions-by-state/1","ip":"::1"}
{"timestamp":"2025-12-03T04:53:58.303Z","type":"ACTION","user_id":"10","user_name":"admin","role_name":"ADMIN","method":"POST","path":"/api/results/search-by-blocks","action":"POST /api/results/search-by-blocks","ip":"::1"}
{"timestamp":"2025-12-03T04:54:00.197Z","type":"ACTION","user_id":"10","user_name":"admin","role_name":"ADMIN","method":"GET","path":"/api/exams/divisions-by-state/1","action":"GET /api/exams/divisions-by-state/1","ip":"::1"}
{"timestamp":"2025-12-03T04:54:00.214Z","type":"ACTION","user_id":"10","user_name":"admin","role_name":"ADMIN","method":"GET","path":"/api/results/all-exams","action":"GET /api/results/all-exams","ip":"::1"}
{"timestamp":"2025-12-03T04:54:00.220Z","type":"ACTION","user_id":"10","user_name":"admin","role_name":"ADMIN","method":"GET","path":"/api/system-config/active","action":"GET /api/system-config/active","ip":"::1"}
{"timestamp":"2025-12-03T04:54:00.233Z","type":"ACTION","user_id":"10","user_name":"admin","role_name":"ADMIN","method":"GET","path":"/api/exams/divisions-by-state/1","action":"GET /api/exams/divisions-by-state/1","ip":"::1"}
{"timestamp":"2025-12-03T04:54:00.237Z","type":"ACTION","user_id":"10","user_name":"admin","role_name":"ADMIN","method":"GET","path":"/api/results/all-exams","action":"GET /api/results/all-exams","ip":"::1"}
{"timestamp":"2025-12-03T04:54:00.314Z","type":"ACTION","user_id":"10","user_name":"admin","role_name":"ADMIN","method":"GET","path":"/api/system-config/active","action":"GET /api/system-config/active","ip":"::1"}
{"timestamp":"2025-12-03T04:54:07.854Z","type":"ACTION","user_id":"10","user_name":"admin","role_name":"ADMIN","method":"GET","path":"/api/exams/education-districts-by-division/3","action":"GET /api/exams/education-districts-by-division/3","ip":"::1"}
{"timestamp":"2025-12-03T04:54:09.361Z","type":"ACTION","user_id":"10","user_name":"admin","role_name":"ADMIN","method":"POST","path":"/api/results/search-by-blocks","action":"POST /api/results/search-by-blocks","ip":"::1"}
{"timestamp":"2025-12-03T04:54:12.073Z","type":"ACTION","user_id":"anonymous","user_name":"anonymous","role_name":"anonymous","method":"GET","path":"/api/evaluation-dashboard/overall","action":"GET /api/evaluation-dashboard/overall","ip":"::1"}
{"timestamp":"2025-12-03T04:54:12.075Z","type":"ACTION","user_id":"anonymous","user_name":"anonymous","role_name":"anonymous","method":"GET","path":"/api/evaluation-dashboard/jurisdictions","action":"GET /api/evaluation-dashboard/jurisdictions","ip":"::1"}
{"timestamp":"2025-12-03T04:54:12.080Z","type":"ACTION","user_id":"anonymous","user_name":"anonymous","role_name":"anonymous","method":"GET","path":"/api/evaluation-dashboard/overall-progress","action":"GET /api/evaluation-dashboard/overall-progress","ip":"::1"}
{"timestamp":"2025-12-03T04:54:12.119Z","type":"ACTION","user_id":"anonymous","user_name":"anonymous","role_name":"anonymous","method":"GET","path":"/api/evaluation-dashboard/overall","action":"GET /api/evaluation-dashboard/overall","ip":"::1"}
{"timestamp":"2025-12-03T04:54:12.204Z","type":"ACTION","user_id":"anonymous","user_name":"anonymous","role_name":"anonymous","method":"GET","path":"/api/evaluation-dashboard/jurisdictions","action":"GET /api/evaluation-dashboard/jurisdictions","ip":"::1"}
{"timestamp":"2025-12-03T04:54:12.206Z","type":"ACTION","user_id":"anonymous","user_name":"anonymous","role_name":"anonymous","method":"GET","path":"/api/evaluation-dashboard/overall-progress","action":"GET /api/evaluation-dashboard/overall-progress","ip":"::1"}
{"timestamp":"2025-12-03T04:54:13.814Z","type":"ACTION","user_id":"10","user_name":"admin","role_name":"ADMIN","method":"GET","path":"/api/exams/divisions-by-state/1","action":"GET /api/exams/divisions-by-state/1","ip":"::1"}
{"timestamp":"2025-12-03T04:54:13.817Z","type":"ACTION","user_id":"10","user_name":"admin","role_name":"ADMIN","method":"GET","path":"/api/results/all-exams","action":"GET /api/results/all-exams","ip":"::1"}
{"timestamp":"2025-12-03T04:54:13.834Z","type":"ACTION","user_id":"10","user_name":"admin","role_name":"ADMIN","method":"GET","path":"/api/exams/divisions-by-state/1","action":"GET /api/exams/divisions-by-state/1","ip":"::1"}
{"timestamp":"2025-12-03T04:54:13.837Z","type":"ACTION","user_id":"10","user_name":"admin","role_name":"ADMIN","method":"GET","path":"/api/results/all-exams","action":"GET /api/results/all-exams","ip":"::1"}
{"timestamp":"2025-12-03T04:54:16.920Z","type":"ACTION","user_id":"10","user_name":"admin","role_name":"ADMIN","method":"GET","path":"/api/exams/education-districts-by-division/3","action":"GET /api/exams/education-districts-by-division/3","ip":"::1"}
{"timestamp":"2025-12-03T04:54:19.523Z","type":"ACTION","user_id":"10","user_name":"admin","role_name":"ADMIN","method":"GET","path":"/api/exams/blocks-by-district/2901","action":"GET /api/exams/blocks-by-district/2901","ip":"::1"}
{"timestamp":"2025-12-03T04:54:21.118Z","type":"ACTION","user_id":"10","user_name":"admin","role_name":"ADMIN","method":"POST","path":"/api/results/search-by-blocks","action":"POST /api/results/search-by-blocks","ip":"::1"}
{"timestamp":"2025-12-03T04:54:28.919Z","type":"ACTION","user_id":"anonymous","user_name":"anonymous","role_name":"anonymous","method":"GET","path":"/api/evaluation-dashboard/overall","action":"GET /api/evaluation-dashboard/overall","ip":"::1"}
{"timestamp":"2025-12-03T04:54:28.922Z","type":"ACTION","user_id":"anonymous","user_name":"anonymous","role_name":"anonymous","method":"GET","path":"/api/evaluation-dashboard/overall-progress","action":"GET /api/evaluation-dashboard/overall-progress","ip":"::1"}
{"timestamp":"2025-12-03T04:54:28.926Z","type":"ACTION","user_id":"anonymous","user_name":"anonymous","role_name":"anonymous","method":"GET","path":"/api/evaluation-dashboard/jurisdictions","action":"GET /api/evaluation-dashboard/jurisdictions","ip":"::1"}
{"timestamp":"2025-12-03T04:54:28.966Z","type":"ACTION","user_id":"anonymous","user_name":"anonymous","role_name":"anonymous","method":"GET","path":"/api/evaluation-dashboard/overall","action":"GET /api/evaluation-dashboard/overall","ip":"::1"}
{"timestamp":"2025-12-03T04:54:29.070Z","type":"ACTION","user_id":"anonymous","user_name":"anonymous","role_name":"anonymous","method":"GET","path":"/api/evaluation-dashboard/overall-progress","action":"GET /api/evaluation-dashboard/overall-progress","ip":"::1"}
{"timestamp":"2025-12-03T04:54:29.080Z","type":"ACTION","user_id":"anonymous","user_name":"anonymous","role_name":"anonymous","method":"GET","path":"/api/evaluation-dashboard/jurisdictions","action":"GET /api/evaluation-dashboard/jurisdictions","ip":"::1"}
{"timestamp":"2025-12-03T04:54:29.747Z","type":"ACTION","user_id":"10","user_name":"admin","role_name":"ADMIN","method":"GET","path":"/api/exams/divisions-by-state/1","action":"GET /api/exams/divisions-by-state/1","ip":"::1"}
{"timestamp":"2025-12-03T04:54:29.755Z","type":"ACTION","user_id":"10","user_name":"admin","role_name":"ADMIN","method":"GET","path":"/api/results/all-exams","action":"GET /api/results/all-exams","ip":"::1"}
{"timestamp":"2025-12-03T04:54:29.770Z","type":"ACTION","user_id":"10","user_name":"admin","role_name":"ADMIN","method":"GET","path":"/api/exams/divisions-by-state/1","action":"GET /api/exams/divisions-by-state/1","ip":"::1"}
{"timestamp":"2025-12-03T04:54:29.780Z","type":"ACTION","user_id":"10","user_name":"admin","role_name":"ADMIN","method":"GET","path":"/api/results/all-exams","action":"GET /api/results/all-exams","ip":"::1"}
{"timestamp":"2025-12-03T04:54:31.427Z","type":"ACTION","user_id":"10","user_name":"admin","role_name":"ADMIN","method":"POST","path":"/api/results/search-by-blocks","action":"POST /api/results/search-by-blocks","ip":"::1"}
{"timestamp":"2025-12-03T04:54:57.360Z","type":"ACTION","user_id":"10","user_name":"admin","role_name":"ADMIN","method":"GET","path":"/api/exams/education-districts-by-division/3","action":"GET /api/exams/education-districts-by-division/3","ip":"::1"}
{"timestamp":"2025-12-03T04:54:59.619Z","type":"ACTION","user_id":"10","user_name":"admin","role_name":"ADMIN","method":"GET","path":"/api/exams/blocks-by-district/2901","action":"GET /api/exams/blocks-by-district/2901","ip":"::1"}
{"timestamp":"2025-12-03T04:55:01.895Z","type":"ACTION","user_id":"10","user_name":"admin","role_name":"ADMIN","method":"POST","path":"/api/results/search-by-blocks","action":"POST /api/results/search-by-blocks","ip":"::1"}
{"timestamp":"2025-12-03T04:55:02.933Z","type":"ACTION","user_id":"10","user_name":"admin","role_name":"ADMIN","method":"POST","path":"/api/results/search-by-blocks","action":"POST /api/results/search-by-blocks","ip":"::1"}
{"timestamp":"2025-12-03T04:55:31.894Z","type":"ACTION","user_id":"10","user_name":"admin","role_name":"ADMIN","method":"GET","path":"/api/exams/assigned","action":"GET /api/exams/assigned","ip":"::1"}
{"timestamp":"2025-12-03T04:55:31.905Z","type":"ACTION","user_id":"10","user_name":"admin","role_name":"ADMIN","method":"GET","path":"/api/exams/exam-centres","action":"GET /api/exams/exam-centres","ip":"::1"}
{"timestamp":"2025-12-03T04:55:31.914Z","type":"ACTION","user_id":"10","user_name":"admin","role_name":"ADMIN","method":"GET","path":"/api/exams/divisions-by-state/1","action":"GET /api/exams/divisions-by-state/1","ip":"::1"}
{"timestamp":"2025-12-03T04:55:31.927Z","type":"ACTION","user_id":"10","user_name":"admin","role_name":"ADMIN","method":"GET","path":"/api/exams/used-blocks","action":"GET /api/exams/used-blocks","ip":"::1"}
{"timestamp":"2025-12-03T04:55:31.939Z","type":"ACTION","user_id":"10","user_name":"admin","role_name":"ADMIN","method":"GET","path":"/api/exams/notassigned","action":"GET /api/exams/notassigned","ip":"::1"}
{"timestamp":"2025-12-03T04:55:31.998Z","type":"ACTION","user_id":"10","user_name":"admin","role_name":"ADMIN","method":"GET","path":"/api/exams/divisions-by-state/1","action":"GET /api/exams/divisions-by-state/1","ip":"::1"}
{"timestamp":"2025-12-03T04:55:32.002Z","type":"ACTION","user_id":"10","user_name":"admin","role_name":"ADMIN","method":"GET","path":"/api/exams/exam-centres","action":"GET /api/exams/exam-centres","ip":"::1"}
{"timestamp":"2025-12-03T04:55:32.009Z","type":"ACTION","user_id":"10","user_name":"admin","role_name":"ADMIN","method":"GET","path":"/api/exams/used-blocks","action":"GET /api/exams/used-blocks","ip":"::1"}
{"timestamp":"2025-12-03T04:55:32.101Z","type":"ACTION","user_id":"10","user_name":"admin","role_name":"ADMIN","method":"GET","path":"/api/exams/assigned","action":"GET /api/exams/assigned","ip":"::1"}
{"timestamp":"2025-12-03T04:55:32.107Z","type":"ACTION","user_id":"10","user_name":"admin","role_name":"ADMIN","method":"GET","path":"/api/exams/blocks-by-district/2901","action":"GET /api/exams/blocks-by-district/2901","ip":"::1"}
{"timestamp":"2025-12-03T04:55:32.121Z","type":"ACTION","user_id":"10","user_name":"admin","role_name":"ADMIN","method":"GET","path":"/api/exams/blocks-by-district/2901","action":"GET /api/exams/blocks-by-district/2901","ip":"::1"}
{"timestamp":"2025-12-03T04:55:32.149Z","type":"ACTION","user_id":"10","user_name":"admin","role_name":"ADMIN","method":"GET","path":"/api/exams/notassigned","action":"GET /api/exams/notassigned","ip":"::1"}
{"timestamp":"2025-12-03T04:55:37.743Z","type":"ACTION","user_id":"10","user_name":"admin","role_name":"ADMIN","method":"DELETE","path":"/api/exams/4","action":"DELETE /api/exams/4","ip":"::1"}
{"timestamp":"2025-12-03T04:55:37.818Z","type":"ACTION","user_id":"10","user_name":"admin","role_name":"ADMIN","method":"GET","path":"/api/exams","action":"GET /api/exams","ip":"::1"}
{"timestamp":"2025-12-03T04:55:37.824Z","type":"ACTION","user_id":"10","user_name":"admin","role_name":"ADMIN","method":"GET","path":"/api/exams","action":"GET /api/exams","ip":"::1","status":"error","error":"Route not found","details":{"statusCode":404}}
{"timestamp":"2025-12-03T04:55:40.333Z","type":"ACTION","user_id":"10","user_name":"admin","role_name":"ADMIN","method":"GET","path":"/api/exams/assigned","action":"GET /api/exams/assigned","ip":"::1"}
{"timestamp":"2025-12-03T04:55:40.340Z","type":"ACTION","user_id":"10","user_name":"admin","role_name":"ADMIN","method":"GET","path":"/api/exams/exam-centres","action":"GET /api/exams/exam-centres","ip":"::1"}
{"timestamp":"2025-12-03T04:55:40.347Z","type":"ACTION","user_id":"10","user_name":"admin","role_name":"ADMIN","method":"GET","path":"/api/exams/divisions-by-state/1","action":"GET /api/exams/divisions-by-state/1","ip":"::1"}
{"timestamp":"2025-12-03T04:55:40.356Z","type":"ACTION","user_id":"10","user_name":"admin","role_name":"ADMIN","method":"GET","path":"/api/exams/used-blocks","action":"GET /api/exams/used-blocks","ip":"::1"}
{"timestamp":"2025-12-03T04:55:40.376Z","type":"ACTION","user_id":"10","user_name":"admin","role_name":"ADMIN","method":"GET","path":"/api/exams/exam-centres","action":"GET /api/exams/exam-centres","ip":"::1"}
{"timestamp":"2025-12-03T04:55:40.379Z","type":"ACTION","user_id":"10","user_name":"admin","role_name":"ADMIN","method":"GET","path":"/api/exams/assigned","action":"GET /api/exams/assigned","ip":"::1"}
{"timestamp":"2025-12-03T04:55:40.386Z","type":"ACTION","user_id":"10","user_name":"admin","role_name":"ADMIN","method":"GET","path":"/api/exams/divisions-by-state/1","action":"GET /api/exams/divisions-by-state/1","ip":"::1"}
{"timestamp":"2025-12-03T04:55:40.404Z","type":"ACTION","user_id":"10","user_name":"admin","role_name":"ADMIN","method":"GET","path":"/api/exams/used-blocks","action":"GET /api/exams/used-blocks","ip":"::1"}
{"timestamp":"2025-12-03T04:55:40.411Z","type":"ACTION","user_id":"10","user_name":"admin","role_name":"ADMIN","method":"GET","path":"/api/exams/blocks-by-district/2901","action":"GET /api/exams/blocks-by-district/2901","ip":"::1"}
{"timestamp":"2025-12-03T04:55:40.424Z","type":"ACTION","user_id":"10","user_name":"admin","role_name":"ADMIN","method":"GET","path":"/api/exams/blocks-by-district/2901","action":"GET /api/exams/blocks-by-district/2901","ip":"::1"}
{"timestamp":"2025-12-03T05:01:25.314Z","type":"ACTION","user_id":"10","user_name":"admin","role_name":"ADMIN","method":"POST","path":"/api/exams/exam-centres","action":"POST /api/exams/exam-centres","ip":"::1"}
{"timestamp":"2025-12-03T05:01:25.488Z","type":"ACTION","user_id":"10","user_name":"admin","role_name":"ADMIN","method":"POST","path":"/api/exams/exam-centres","action":"POST /api/exams/exam-centres","ip":"::1","status":"error","error":"Duplicate entry (email, phone, or code already exists).","details":{"statusCode":409}}
{"timestamp":"2025-12-03T05:01:42.823Z","type":"ACTION","user_id":"10","user_name":"admin","role_name":"ADMIN","method":"POST","path":"/api/exams/exam-centres","action":"POST /api/exams/exam-centres","ip":"::1"}
{"timestamp":"2025-12-03T05:01:46.758Z","type":"ACTION","user_id":"10","user_name":"admin","role_name":"ADMIN","method":"GET","path":"/api/exams/exam-centres","action":"GET /api/exams/exam-centres","ip":"::1"}
{"timestamp":"2025-12-03T05:01:46.779Z","type":"ACTION","user_id":"10","user_name":"admin","role_name":"ADMIN","method":"GET","path":"/api/exams/assigned","action":"GET /api/exams/assigned","ip":"::1"}
{"timestamp":"2025-12-03T05:01:46.790Z","type":"ACTION","user_id":"10","user_name":"admin","role_name":"ADMIN","method":"GET","path":"/api/exams/divisions-by-state/1","action":"GET /api/exams/divisions-by-state/1","ip":"::1"}
{"timestamp":"2025-12-03T05:01:46.795Z","type":"ACTION","user_id":"10","user_name":"admin","role_name":"ADMIN","method":"GET","path":"/api/system-config/active","action":"GET /api/system-config/active","ip":"::1"}
{"timestamp":"2025-12-03T05:01:46.800Z","type":"ACTION","user_id":"10","user_name":"admin","role_name":"ADMIN","method":"GET","path":"/api/exams/used-blocks","action":"GET /api/exams/used-blocks","ip":"::1"}
{"timestamp":"2025-12-03T05:01:46.803Z","type":"ACTION","user_id":"10","user_name":"admin","role_name":"ADMIN","method":"GET","path":"/api/exams/notassigned","action":"GET /api/exams/notassigned","ip":"::1"}
{"timestamp":"2025-12-03T05:01:46.808Z","type":"ACTION","user_id":"10","user_name":"admin","role_name":"ADMIN","method":"GET","path":"/api/exams/exam-centres","action":"GET /api/exams/exam-centres","ip":"::1"}
{"timestamp":"2025-12-03T05:01:46.818Z","type":"ACTION","user_id":"10","user_name":"admin","role_name":"ADMIN","method":"GET","path":"/api/exams/divisions-by-state/1","action":"GET /api/exams/divisions-by-state/1","ip":"::1"}
{"timestamp":"2025-12-03T05:01:46.867Z","type":"ACTION","user_id":"10","user_name":"admin","role_name":"ADMIN","method":"GET","path":"/api/exams/assigned","action":"GET /api/exams/assigned","ip":"::1"}
{"timestamp":"2025-12-03T05:01:46.875Z","type":"ACTION","user_id":"10","user_name":"admin","role_name":"ADMIN","method":"GET","path":"/api/exams/blocks-by-district/2901","action":"GET /api/exams/blocks-by-district/2901","ip":"::1"}
{"timestamp":"2025-12-03T05:01:46.879Z","type":"ACTION","user_id":"10","user_name":"admin","role_name":"ADMIN","method":"GET","path":"/api/exams/used-blocks","action":"GET /api/exams/used-blocks","ip":"::1"}
{"timestamp":"2025-12-03T05:01:46.886Z","type":"ACTION","user_id":"10","user_name":"admin","role_name":"ADMIN","method":"GET","path":"/api/exams/blocks-by-district/2901","action":"GET /api/exams/blocks-by-district/2901","ip":"::1"}
{"timestamp":"2025-12-03T05:01:46.893Z","type":"ACTION","user_id":"10","user_name":"admin","role_name":"ADMIN","method":"GET","path":"/api/exams/notassigned","action":"GET /api/exams/notassigned","ip":"::1"}
{"timestamp":"2025-12-03T05:01:46.971Z","type":"ACTION","user_id":"10","user_name":"admin","role_name":"ADMIN","method":"GET","path":"/api/system-config/active","action":"GET /api/system-config/active","ip":"::1"}
{"timestamp":"2025-12-03T05:01:48.371Z","type":"ACTION","user_id":"10","user_name":"admin","role_name":"ADMIN","method":"GET","path":"/api/exams/assigned","action":"GET /api/exams/assigned","ip":"::1"}
{"timestamp":"2025-12-03T05:01:48.374Z","type":"ACTION","user_id":"10","user_name":"admin","role_name":"ADMIN","method":"GET","path":"/api/exams/divisions-by-state/1","action":"GET /api/exams/divisions-by-state/1","ip":"::1"}
{"timestamp":"2025-12-03T05:01:48.378Z","type":"ACTION","user_id":"10","user_name":"admin","role_name":"ADMIN","method":"GET","path":"/api/exams/used-blocks","action":"GET /api/exams/used-blocks","ip":"::1"}
{"timestamp":"2025-12-03T05:01:48.383Z","type":"ACTION","user_id":"10","user_name":"admin","role_name":"ADMIN","method":"GET","path":"/api/exams/exam-centres","action":"GET /api/exams/exam-centres","ip":"::1"}
{"timestamp":"2025-12-03T05:01:48.400Z","type":"ACTION","user_id":"10","user_name":"admin","role_name":"ADMIN","method":"GET","path":"/api/exams/divisions-by-state/1","action":"GET /api/exams/divisions-by-state/1","ip":"::1"}
{"timestamp":"2025-12-03T05:01:48.404Z","type":"ACTION","user_id":"10","user_name":"admin","role_name":"ADMIN","method":"GET","path":"/api/exams/used-blocks","action":"GET /api/exams/used-blocks","ip":"::1"}
{"timestamp":"2025-12-03T05:01:48.409Z","type":"ACTION","user_id":"10","user_name":"admin","role_name":"ADMIN","method":"GET","path":"/api/exams/exam-centres","action":"GET /api/exams/exam-centres","ip":"::1"}
{"timestamp":"2025-12-03T05:01:48.412Z","type":"ACTION","user_id":"10","user_name":"admin","role_name":"ADMIN","method":"GET","path":"/api/exams/assigned","action":"GET /api/exams/assigned","ip":"::1"}
{"timestamp":"2025-12-03T05:01:48.416Z","type":"ACTION","user_id":"10","user_name":"admin","role_name":"ADMIN","method":"GET","path":"/api/exams/blocks-by-district/2901","action":"GET /api/exams/blocks-by-district/2901","ip":"::1"}
{"timestamp":"2025-12-03T05:01:48.429Z","type":"ACTION","user_id":"10","user_name":"admin","role_name":"ADMIN","method":"GET","path":"/api/exams/blocks-by-district/2901","action":"GET /api/exams/blocks-by-district/2901","ip":"::1"}
{"timestamp":"2025-12-03T05:02:12.677Z","type":"ACTION","user_id":"10","user_name":"admin","role_name":"ADMIN","method":"POST","path":"/api/exams/create","action":"POST /api/exams/create","ip":"::1"}
{"timestamp":"2025-12-03T05:02:12.772Z","type":"ACTION","user_id":"10","user_name":"admin","role_name":"ADMIN","method":"GET","path":"/api/exams","action":"GET /api/exams","ip":"::1"}
{"timestamp":"2025-12-03T05:02:12.774Z","type":"ACTION","user_id":"10","user_name":"admin","role_name":"ADMIN","method":"GET","path":"/api/exams","action":"GET /api/exams","ip":"::1","status":"error","error":"Route not found","details":{"statusCode":404}}
{"timestamp":"2025-12-03T05:02:14.797Z","type":"ACTION","user_id":"10","user_name":"admin","role_name":"ADMIN","method":"GET","path":"/api/exams/assigned","action":"GET /api/exams/assigned","ip":"::1"}
{"timestamp":"2025-12-03T05:02:14.800Z","type":"ACTION","user_id":"10","user_name":"admin","role_name":"ADMIN","method":"GET","path":"/api/exams/exam-centres","action":"GET /api/exams/exam-centres","ip":"::1"}
{"timestamp":"2025-12-03T05:02:14.807Z","type":"ACTION","user_id":"10","user_name":"admin","role_name":"ADMIN","method":"GET","path":"/api/exams/divisions-by-state/1","action":"GET /api/exams/divisions-by-state/1","ip":"::1"}
{"timestamp":"2025-12-03T05:02:14.811Z","type":"ACTION","user_id":"10","user_name":"admin","role_name":"ADMIN","method":"GET","path":"/api/exams/used-blocks","action":"GET /api/exams/used-blocks","ip":"::1"}
{"timestamp":"2025-12-03T05:02:14.815Z","type":"ACTION","user_id":"10","user_name":"admin","role_name":"ADMIN","method":"GET","path":"/api/exams/notassigned","action":"GET /api/exams/notassigned","ip":"::1"}
{"timestamp":"2025-12-03T05:02:14.818Z","type":"ACTION","user_id":"10","user_name":"admin","role_name":"ADMIN","method":"GET","path":"/api/system-config/active","action":"GET /api/system-config/active","ip":"::1"}
{"timestamp":"2025-12-03T05:02:14.828Z","type":"ACTION","user_id":"10","user_name":"admin","role_name":"ADMIN","method":"GET","path":"/api/exams/assigned","action":"GET /api/exams/assigned","ip":"::1"}
{"timestamp":"2025-12-03T05:02:14.836Z","type":"ACTION","user_id":"10","user_name":"admin","role_name":"ADMIN","method":"GET","path":"/api/exams/blocks-by-district/2901","action":"GET /api/exams/blocks-by-district/2901","ip":"::1"}
{"timestamp":"2025-12-03T05:02:14.841Z","type":"ACTION","user_id":"10","user_name":"admin","role_name":"ADMIN","method":"GET","path":"/api/exams/blocks-by-district/2901","action":"GET /api/exams/blocks-by-district/2901","ip":"::1"}
{"timestamp":"2025-12-03T05:02:14.880Z","type":"ACTION","user_id":"10","user_name":"admin","role_name":"ADMIN","method":"GET","path":"/api/exams/divisions-by-state/1","action":"GET /api/exams/divisions-by-state/1","ip":"::1"}
{"timestamp":"2025-12-03T05:02:14.886Z","type":"ACTION","user_id":"10","user_name":"admin","role_name":"ADMIN","method":"GET","path":"/api/exams/exam-centres","action":"GET /api/exams/exam-centres","ip":"::1"}
{"timestamp":"2025-12-03T05:02:14.902Z","type":"ACTION","user_id":"10","user_name":"admin","role_name":"ADMIN","method":"GET","path":"/api/exams/used-blocks","action":"GET /api/exams/used-blocks","ip":"::1"}
{"timestamp":"2025-12-03T05:02:14.905Z","type":"ACTION","user_id":"10","user_name":"admin","role_name":"ADMIN","method":"GET","path":"/api/system-config/active","action":"GET /api/system-config/active","ip":"::1"}
{"timestamp":"2025-12-03T05:02:14.907Z","type":"ACTION","user_id":"10","user_name":"admin","role_name":"ADMIN","method":"GET","path":"/api/exams/notassigned","action":"GET /api/exams/notassigned","ip":"::1"}
{"timestamp":"2025-12-03T05:02:17.651Z","type":"ACTION","user_id":"10","user_name":"admin","role_name":"ADMIN","method":"GET","path":"/api/exams/assigned","action":"GET /api/exams/assigned","ip":"::1"}
{"timestamp":"2025-12-03T05:02:17.653Z","type":"ACTION","user_id":"10","user_name":"admin","role_name":"ADMIN","method":"GET","path":"/api/exams/exam-centres","action":"GET /api/exams/exam-centres","ip":"::1"}
{"timestamp":"2025-12-03T05:02:17.657Z","type":"ACTION","user_id":"10","user_name":"admin","role_name":"ADMIN","method":"GET","path":"/api/exams/divisions-by-state/1","action":"GET /api/exams/divisions-by-state/1","ip":"::1"}
{"timestamp":"2025-12-03T05:02:17.661Z","type":"ACTION","user_id":"10","user_name":"admin","role_name":"ADMIN","method":"GET","path":"/api/exams/used-blocks","action":"GET /api/exams/used-blocks","ip":"::1"}
{"timestamp":"2025-12-03T05:02:17.680Z","type":"ACTION","user_id":"10","user_name":"admin","role_name":"ADMIN","method":"GET","path":"/api/exams/assigned","action":"GET /api/exams/assigned","ip":"::1"}
{"timestamp":"2025-12-03T05:02:17.684Z","type":"ACTION","user_id":"10","user_name":"admin","role_name":"ADMIN","method":"GET","path":"/api/exams/exam-centres","action":"GET /api/exams/exam-centres","ip":"::1"}
{"timestamp":"2025-12-03T05:02:17.689Z","type":"ACTION","user_id":"10","user_name":"admin","role_name":"ADMIN","method":"GET","path":"/api/exams/blocks-by-district/2901","action":"GET /api/exams/blocks-by-district/2901","ip":"::1"}
{"timestamp":"2025-12-03T05:02:17.692Z","type":"ACTION","user_id":"10","user_name":"admin","role_name":"ADMIN","method":"GET","path":"/api/exams/divisions-by-state/1","action":"GET /api/exams/divisions-by-state/1","ip":"::1"}
{"timestamp":"2025-12-03T05:02:17.698Z","type":"ACTION","user_id":"10","user_name":"admin","role_name":"ADMIN","method":"GET","path":"/api/exams/used-blocks","action":"GET /api/exams/used-blocks","ip":"::1"}
{"timestamp":"2025-12-03T05:02:17.705Z","type":"ACTION","user_id":"10","user_name":"admin","role_name":"ADMIN","method":"GET","path":"/api/exams/blocks-by-district/2901","action":"GET /api/exams/blocks-by-district/2901","ip":"::1"}
{"timestamp":"2025-12-03T05:02:19.767Z","type":"ACTION","user_id":"10","user_name":"admin","role_name":"ADMIN","method":"GET","path":"/api/exams/education-districts-by-division/3","action":"GET /api/exams/education-districts-by-division/3","ip":"::1"}
{"timestamp":"2025-12-03T05:02:21.459Z","type":"ACTION","user_id":"10","user_name":"admin","role_name":"ADMIN","method":"GET","path":"/api/exams/blocks-by-district/2901","action":"GET /api/exams/blocks-by-district/2901","ip":"::1"}
{"timestamp":"2025-12-03T05:20:06.354Z","type":"ACTION","user_id":"10","user_name":"admin","role_name":"ADMIN","method":"GET","path":"/api/shortlist/generate/allstates","action":"GET /api/shortlist/generate/allstates","ip":"::1"}
{"timestamp":"2025-12-03T05:20:06.411Z","type":"ACTION","user_id":"10","user_name":"admin","role_name":"ADMIN","method":"GET","path":"/api/shortlist/generate/criteria","action":"GET /api/shortlist/generate/criteria","ip":"::1"}
{"timestamp":"2025-12-03T05:20:06.533Z","type":"ACTION","user_id":"10","user_name":"admin","role_name":"ADMIN","method":"GET","path":"/api/shortlist/generate/allstates","action":"GET /api/shortlist/generate/allstates","ip":"::1"}
{"timestamp":"2025-12-03T05:20:06.542Z","type":"ACTION","user_id":"10","user_name":"admin","role_name":"ADMIN","method":"GET","path":"/api/shortlist/generate/criteria","action":"GET /api/shortlist/generate/criteria","ip":"::1"}
{"timestamp":"2025-12-03T05:20:12.403Z","type":"ACTION","user_id":"10","user_name":"admin","role_name":"ADMIN","method":"GET","path":"/api/exams/assigned","action":"GET /api/exams/assigned","ip":"::1"}
{"timestamp":"2025-12-03T05:20:12.412Z","type":"ACTION","user_id":"10","user_name":"admin","role_name":"ADMIN","method":"GET","path":"/api/exams/exam-centres","action":"GET /api/exams/exam-centres","ip":"::1"}
{"timestamp":"2025-12-03T05:20:12.418Z","type":"ACTION","user_id":"10","user_name":"admin","role_name":"ADMIN","method":"GET","path":"/api/exams/divisions-by-state/1","action":"GET /api/exams/divisions-by-state/1","ip":"::1"}
{"timestamp":"2025-12-03T05:20:12.428Z","type":"ACTION","user_id":"10","user_name":"admin","role_name":"ADMIN","method":"GET","path":"/api/exams/used-blocks","action":"GET /api/exams/used-blocks","ip":"::1"}
{"timestamp":"2025-12-03T05:20:12.441Z","type":"ACTION","user_id":"10","user_name":"admin","role_name":"ADMIN","method":"GET","path":"/api/exams/notassigned","action":"GET /api/exams/notassigned","ip":"::1"}
{"timestamp":"2025-12-03T05:20:12.461Z","type":"ACTION","user_id":"10","user_name":"admin","role_name":"ADMIN","method":"GET","path":"/api/exams/exam-centres","action":"GET /api/exams/exam-centres","ip":"::1"}
{"timestamp":"2025-12-03T05:20:12.466Z","type":"ACTION","user_id":"10","user_name":"admin","role_name":"ADMIN","method":"GET","path":"/api/exams/assigned","action":"GET /api/exams/assigned","ip":"::1"}
{"timestamp":"2025-12-03T05:20:12.479Z","type":"ACTION","user_id":"10","user_name":"admin","role_name":"ADMIN","method":"GET","path":"/api/exams/blocks-by-district/2901","action":"GET /api/exams/blocks-by-district/2901","ip":"::1"}
{"timestamp":"2025-12-03T05:20:12.497Z","type":"ACTION","user_id":"10","user_name":"admin","role_name":"ADMIN","method":"GET","path":"/api/exams/blocks-by-district/2901","action":"GET /api/exams/blocks-by-district/2901","ip":"::1"}
{"timestamp":"2025-12-03T05:20:12.585Z","type":"ACTION","user_id":"10","user_name":"admin","role_name":"ADMIN","method":"GET","path":"/api/exams/divisions-by-state/1","action":"GET /api/exams/divisions-by-state/1","ip":"::1"}
{"timestamp":"2025-12-03T05:20:12.590Z","type":"ACTION","user_id":"10","user_name":"admin","role_name":"ADMIN","method":"GET","path":"/api/exams/used-blocks","action":"GET /api/exams/used-blocks","ip":"::1"}
{"timestamp":"2025-12-03T05:20:12.598Z","type":"ACTION","user_id":"10","user_name":"admin","role_name":"ADMIN","method":"GET","path":"/api/exams/notassigned","action":"GET /api/exams/notassigned","ip":"::1"}
{"timestamp":"2025-12-03T05:20:15.105Z","type":"ACTION","user_id":"anonymous","user_name":"anonymous","role_name":"anonymous","method":"GET","path":"/api/shortlist-info/names","action":"GET /api/shortlist-info/names","ip":"::1"}
{"timestamp":"2025-12-03T05:20:15.111Z","type":"ACTION","user_id":"anonymous","user_name":"anonymous","role_name":"anonymous","method":"GET","path":"/api/shortlist-info/non-frozen-names","action":"GET /api/shortlist-info/non-frozen-names","ip":"::1"}
{"timestamp":"2025-12-03T05:20:15.116Z","type":"ACTION","user_id":"anonymous","user_name":"anonymous","role_name":"anonymous","method":"GET","path":"/api/shortlist-info/counts","action":"GET /api/shortlist-info/counts","ip":"::1"}
{"timestamp":"2025-12-03T05:20:15.128Z","type":"ACTION","user_id":"anonymous","user_name":"anonymous","role_name":"anonymous","method":"GET","path":"/api/shortlist-info/names","action":"GET /api/shortlist-info/names","ip":"::1"}
{"timestamp":"2025-12-03T05:20:15.129Z","type":"ACTION","user_id":"anonymous","user_name":"anonymous","role_name":"anonymous","method":"GET","path":"/api/shortlist-info/non-frozen-names","action":"GET /api/shortlist-info/non-frozen-names","ip":"::1"}
{"timestamp":"2025-12-03T05:20:15.136Z","type":"ACTION","user_id":"anonymous","user_name":"anonymous","role_name":"anonymous","method":"GET","path":"/api/shortlist-info/counts","action":"GET /api/shortlist-info/counts","ip":"::1"}
{"timestamp":"2025-12-03T05:20:21.346Z","type":"ACTION","user_id":"anonymous","user_name":"anonymous","role_name":"anonymous","method":"GET","path":"/api/shortlist-info/Batch%20B","action":"GET /api/shortlist-info/Batch%20B","ip":"::1"}
{"timestamp":"2025-12-03T05:20:32.013Z","type":"ACTION","user_id":"anonymous","user_name":"anonymous","role_name":"anonymous","method":"GET","path":"/api/shortlist-info/download-data/Batch%20B","action":"GET /api/shortlist-info/download-data/Batch%20B","ip":"::1"}
{"timestamp":"2025-12-03T05:20:50.430Z","type":"ACTION","user_id":"anonymous","user_name":"anonymous","role_name":"anonymous","method":"GET","path":"/api/shortlist-info/download-data/Batch%20A","action":"GET /api/shortlist-info/download-data/Batch%20A","ip":"::1"}
{"timestamp":"2025-12-03T05:21:43.190Z","type":"ACTION","user_id":"anonymous","user_name":"anonymous","role_name":"anonymous","method":"GET","path":"/api/shortlist-info/download-data/Batch%20B","action":"GET /api/shortlist-info/download-data/Batch%20B","ip":"::1"}
{"timestamp":"2025-12-03T05:21:56.725Z","type":"ACTION","user_id":"anonymous","user_name":"anonymous","role_name":"anonymous","method":"GET","path":"/api/evaluation-dashboard/overall","action":"GET /api/evaluation-dashboard/overall","ip":"::1"}
{"timestamp":"2025-12-03T05:21:56.731Z","type":"ACTION","user_id":"anonymous","user_name":"anonymous","role_name":"anonymous","method":"GET","path":"/api/evaluation-dashboard/jurisdictions","action":"GET /api/evaluation-dashboard/jurisdictions","ip":"::1"}
{"timestamp":"2025-12-03T05:21:56.735Z","type":"ACTION","user_id":"anonymous","user_name":"anonymous","role_name":"anonymous","method":"GET","path":"/api/evaluation-dashboard/overall-progress","action":"GET /api/evaluation-dashboard/overall-progress","ip":"::1"}
{"timestamp":"2025-12-03T05:21:56.904Z","type":"ACTION","user_id":"anonymous","user_name":"anonymous","role_name":"anonymous","method":"GET","path":"/api/evaluation-dashboard/overall","action":"GET /api/evaluation-dashboard/overall","ip":"::1"}
{"timestamp":"2025-12-03T05:21:56.908Z","type":"ACTION","user_id":"anonymous","user_name":"anonymous","role_name":"anonymous","method":"GET","path":"/api/evaluation-dashboard/overall-progress","action":"GET /api/evaluation-dashboard/overall-progress","ip":"::1"}
{"timestamp":"2025-12-03T05:21:56.922Z","type":"ACTION","user_id":"anonymous","user_name":"anonymous","role_name":"anonymous","method":"GET","path":"/api/evaluation-dashboard/jurisdictions","action":"GET /api/evaluation-dashboard/jurisdictions","ip":"::1"}
{"timestamp":"2025-12-03T05:21:57.662Z","type":"ACTION","user_id":"10","user_name":"admin","role_name":"ADMIN","method":"GET","path":"/api/exams/assigned","action":"GET /api/exams/assigned","ip":"::1"}
{"timestamp":"2025-12-03T05:21:57.669Z","type":"ACTION","user_id":"10","user_name":"admin","role_name":"ADMIN","method":"GET","path":"/api/exams/exam-centres","action":"GET /api/exams/exam-centres","ip":"::1"}
{"timestamp":"2025-12-03T05:21:57.675Z","type":"ACTION","user_id":"10","user_name":"admin","role_name":"ADMIN","method":"GET","path":"/api/exams/divisions-by-state/1","action":"GET /api/exams/divisions-by-state/1","ip":"::1"}
{"timestamp":"2025-12-03T05:21:57.680Z","type":"ACTION","user_id":"10","user_name":"admin","role_name":"ADMIN","method":"GET","path":"/api/exams/used-blocks","action":"GET /api/exams/used-blocks","ip":"::1"}
{"timestamp":"2025-12-03T05:21:57.686Z","type":"ACTION","user_id":"10","user_name":"admin","role_name":"ADMIN","method":"GET","path":"/api/exams/notassigned","action":"GET /api/exams/notassigned","ip":"::1"}
{"timestamp":"2025-12-03T05:21:57.700Z","type":"ACTION","user_id":"10","user_name":"admin","role_name":"ADMIN","method":"GET","path":"/api/exams/exam-centres","action":"GET /api/exams/exam-centres","ip":"::1"}
{"timestamp":"2025-12-03T05:21:57.706Z","type":"ACTION","user_id":"10","user_name":"admin","role_name":"ADMIN","method":"GET","path":"/api/exams/assigned","action":"GET /api/exams/assigned","ip":"::1"}
{"timestamp":"2025-12-03T05:21:57.711Z","type":"ACTION","user_id":"10","user_name":"admin","role_name":"ADMIN","method":"GET","path":"/api/exams/divisions-by-state/1","action":"GET /api/exams/divisions-by-state/1","ip":"::1"}
{"timestamp":"2025-12-03T05:21:57.722Z","type":"ACTION","user_id":"10","user_name":"admin","role_name":"ADMIN","method":"GET","path":"/api/exams/blocks-by-district/2901","action":"GET /api/exams/blocks-by-district/2901","ip":"::1"}
{"timestamp":"2025-12-03T05:21:57.735Z","type":"ACTION","user_id":"10","user_name":"admin","role_name":"ADMIN","method":"GET","path":"/api/exams/blocks-by-district/2901","action":"GET /api/exams/blocks-by-district/2901","ip":"::1"}
{"timestamp":"2025-12-03T05:21:57.819Z","type":"ACTION","user_id":"10","user_name":"admin","role_name":"ADMIN","method":"GET","path":"/api/exams/notassigned","action":"GET /api/exams/notassigned","ip":"::1"}
{"timestamp":"2025-12-03T05:21:57.825Z","type":"ACTION","user_id":"10","user_name":"admin","role_name":"ADMIN","method":"GET","path":"/api/exams/used-blocks","action":"GET /api/exams/used-blocks","ip":"::1"}
{"timestamp":"2025-12-03T05:21:59.274Z","type":"ACTION","user_id":"10","user_name":"admin","role_name":"ADMIN","method":"GET","path":"/api/exams/assigned","action":"GET /api/exams/assigned","ip":"::1"}
{"timestamp":"2025-12-03T05:21:59.278Z","type":"ACTION","user_id":"10","user_name":"admin","role_name":"ADMIN","method":"GET","path":"/api/exams/exam-centres","action":"GET /api/exams/exam-centres","ip":"::1"}
{"timestamp":"2025-12-03T05:21:59.288Z","type":"ACTION","user_id":"10","user_name":"admin","role_name":"ADMIN","method":"GET","path":"/api/exams/divisions-by-state/1","action":"GET /api/exams/divisions-by-state/1","ip":"::1"}
{"timestamp":"2025-12-03T05:21:59.298Z","type":"ACTION","user_id":"10","user_name":"admin","role_name":"ADMIN","method":"GET","path":"/api/exams/used-blocks","action":"GET /api/exams/used-blocks","ip":"::1"}
{"timestamp":"2025-12-03T05:21:59.314Z","type":"ACTION","user_id":"10","user_name":"admin","role_name":"ADMIN","method":"GET","path":"/api/exams/exam-centres","action":"GET /api/exams/exam-centres","ip":"::1"}
{"timestamp":"2025-12-03T05:21:59.320Z","type":"ACTION","user_id":"10","user_name":"admin","role_name":"ADMIN","method":"GET","path":"/api/exams/assigned","action":"GET /api/exams/assigned","ip":"::1"}
{"timestamp":"2025-12-03T05:21:59.327Z","type":"ACTION","user_id":"10","user_name":"admin","role_name":"ADMIN","method":"GET","path":"/api/exams/divisions-by-state/1","action":"GET /api/exams/divisions-by-state/1","ip":"::1"}
{"timestamp":"2025-12-03T05:21:59.335Z","type":"ACTION","user_id":"10","user_name":"admin","role_name":"ADMIN","method":"GET","path":"/api/exams/used-blocks","action":"GET /api/exams/used-blocks","ip":"::1"}
{"timestamp":"2025-12-03T05:21:59.342Z","type":"ACTION","user_id":"10","user_name":"admin","role_name":"ADMIN","method":"GET","path":"/api/exams/blocks-by-district/2901","action":"GET /api/exams/blocks-by-district/2901","ip":"::1"}
{"timestamp":"2025-12-03T05:21:59.362Z","type":"ACTION","user_id":"10","user_name":"admin","role_name":"ADMIN","method":"GET","path":"/api/exams/blocks-by-district/2901","action":"GET /api/exams/blocks-by-district/2901","ip":"::1"}
{"timestamp":"2025-12-03T05:22:01.205Z","type":"ACTION","user_id":"10","user_name":"admin","role_name":"ADMIN","method":"GET","path":"/api/exams/education-districts-by-division/3","action":"GET /api/exams/education-districts-by-division/3","ip":"::1"}
{"timestamp":"2025-12-03T05:22:02.809Z","type":"ACTION","user_id":"10","user_name":"admin","role_name":"ADMIN","method":"GET","path":"/api/exams/blocks-by-district/2901","action":"GET /api/exams/blocks-by-district/2901","ip":"::1"}
{"timestamp":"2025-12-03T05:22:05.168Z","type":"ACTION","user_id":"anonymous","user_name":"anonymous","role_name":"anonymous","method":"POST","path":"/api/exams/5/assign-students","action":"POST /api/exams/5/assign-students","ip":"::1"}
{"timestamp":"2025-12-03T05:22:07.843Z","type":"ACTION","user_id":"10","user_name":"admin","role_name":"ADMIN","method":"GET","path":"/api/exams/assigned","action":"GET /api/exams/assigned","ip":"::1"}
{"timestamp":"2025-12-03T05:22:07.850Z","type":"ACTION","user_id":"10","user_name":"admin","role_name":"ADMIN","method":"GET","path":"/api/exams/exam-centres","action":"GET /api/exams/exam-centres","ip":"::1"}
{"timestamp":"2025-12-03T05:22:07.856Z","type":"ACTION","user_id":"10","user_name":"admin","role_name":"ADMIN","method":"GET","path":"/api/exams/divisions-by-state/1","action":"GET /api/exams/divisions-by-state/1","ip":"::1"}
{"timestamp":"2025-12-03T05:22:07.861Z","type":"ACTION","user_id":"10","user_name":"admin","role_name":"ADMIN","method":"GET","path":"/api/exams/used-blocks","action":"GET /api/exams/used-blocks","ip":"::1"}
{"timestamp":"2025-12-03T05:22:07.867Z","type":"ACTION","user_id":"10","user_name":"admin","role_name":"ADMIN","method":"GET","path":"/api/system-config/active","action":"GET /api/system-config/active","ip":"::1"}
{"timestamp":"2025-12-03T05:22:07.871Z","type":"ACTION","user_id":"10","user_name":"admin","role_name":"ADMIN","method":"GET","path":"/api/exams/notassigned","action":"GET /api/exams/notassigned","ip":"::1"}
{"timestamp":"2025-12-03T05:22:07.879Z","type":"ACTION","user_id":"10","user_name":"admin","role_name":"ADMIN","method":"GET","path":"/api/exams/assigned","action":"GET /api/exams/assigned","ip":"::1"}
{"timestamp":"2025-12-03T05:22:07.883Z","type":"ACTION","user_id":"10","user_name":"admin","role_name":"ADMIN","method":"GET","path":"/api/exams/exam-centres","action":"GET /api/exams/exam-centres","ip":"::1"}
{"timestamp":"2025-12-03T05:22:07.892Z","type":"ACTION","user_id":"10","user_name":"admin","role_name":"ADMIN","method":"GET","path":"/api/exams/divisions-by-state/1","action":"GET /api/exams/divisions-by-state/1","ip":"::1"}
{"timestamp":"2025-12-03T05:22:07.896Z","type":"ACTION","user_id":"10","user_name":"admin","role_name":"ADMIN","method":"GET","path":"/api/exams/used-blocks","action":"GET /api/exams/used-blocks","ip":"::1"}
{"timestamp":"2025-12-03T05:22:07.900Z","type":"ACTION","user_id":"10","user_name":"admin","role_name":"ADMIN","method":"GET","path":"/api/system-config/active","action":"GET /api/system-config/active","ip":"::1"}
{"timestamp":"2025-12-03T05:22:07.906Z","type":"ACTION","user_id":"10","user_name":"admin","role_name":"ADMIN","method":"GET","path":"/api/exams/notassigned","action":"GET /api/exams/notassigned","ip":"::1"}
{"timestamp":"2025-12-03T05:22:07.910Z","type":"ACTION","user_id":"10","user_name":"admin","role_name":"ADMIN","method":"GET","path":"/api/exams/blocks-by-district/2901","action":"GET /api/exams/blocks-by-district/2901","ip":"::1"}
{"timestamp":"2025-12-03T05:22:07.920Z","type":"ACTION","user_id":"10","user_name":"admin","role_name":"ADMIN","method":"GET","path":"/api/exams/blocks-by-district/2901","action":"GET /api/exams/blocks-by-district/2901","ip":"::1"}
{"timestamp":"2025-12-03T05:22:07.928Z","type":"ACTION","user_id":"10","user_name":"admin","role_name":"ADMIN","method":"GET","path":"/api/exams/blocks-by-district/2901","action":"GET /api/exams/blocks-by-district/2901","ip":"::1"}
{"timestamp":"2025-12-03T05:22:07.935Z","type":"ACTION","user_id":"10","user_name":"admin","role_name":"ADMIN","method":"GET","path":"/api/exams/blocks-by-district/2901","action":"GET /api/exams/blocks-by-district/2901","ip":"::1"}
{"timestamp":"2025-12-03T05:22:14.842Z","type":"ACTION","user_id":"anonymous","user_name":"anonymous","role_name":"anonymous","method":"GET","path":"/api/exams/5/student-list","action":"GET /api/exams/5/student-list","ip":"::1"}
{"timestamp":"2025-12-03T05:22:26.802Z","type":"ACTION","user_id":"anonymous","user_name":"anonymous","role_name":"anonymous","method":"GET","path":"/api/exams/5/download-all-hall-tickets","action":"GET /api/exams/5/download-all-hall-tickets","ip":"::1"}
{"timestamp":"2025-12-03T05:22:44.777Z","type":"ACTION","user_id":"anonymous","user_name":"anonymous","role_name":"anonymous","method":"GET","path":"/api/evaluation-dashboard/overall-progress","action":"GET /api/evaluation-dashboard/overall-progress","ip":"::1"}
{"timestamp":"2025-12-03T05:22:44.786Z","type":"ACTION","user_id":"anonymous","user_name":"anonymous","role_name":"anonymous","method":"GET","path":"/api/evaluation-dashboard/overall","action":"GET /api/evaluation-dashboard/overall","ip":"::1"}
{"timestamp":"2025-12-03T05:22:44.790Z","type":"ACTION","user_id":"anonymous","user_name":"anonymous","role_name":"anonymous","method":"GET","path":"/api/evaluation-dashboard/jurisdictions","action":"GET /api/evaluation-dashboard/jurisdictions","ip":"::1"}
{"timestamp":"2025-12-03T05:22:44.951Z","type":"ACTION","user_id":"anonymous","user_name":"anonymous","role_name":"anonymous","method":"GET","path":"/api/evaluation-dashboard/overall-progress","action":"GET /api/evaluation-dashboard/overall-progress","ip":"::1"}
{"timestamp":"2025-12-03T05:22:45.049Z","type":"ACTION","user_id":"anonymous","user_name":"anonymous","role_name":"anonymous","method":"GET","path":"/api/evaluation-dashboard/overall","action":"GET /api/evaluation-dashboard/overall","ip":"::1"}
{"timestamp":"2025-12-03T05:22:45.090Z","type":"ACTION","user_id":"anonymous","user_name":"anonymous","role_name":"anonymous","method":"GET","path":"/api/evaluation-dashboard/jurisdictions","action":"GET /api/evaluation-dashboard/jurisdictions","ip":"::1"}
{"timestamp":"2025-12-03T05:22:48.092Z","type":"ACTION","user_id":"10","user_name":"admin","role_name":"ADMIN","method":"GET","path":"/api/evaluation/exam_names","action":"GET /api/evaluation/exam_names","ip":"::1"}
{"timestamp":"2025-12-03T05:22:48.107Z","type":"ACTION","user_id":"10","user_name":"admin","role_name":"ADMIN","method":"GET","path":"/api/evaluation/exam_names","action":"GET /api/evaluation/exam_names","ip":"::1"}
{"timestamp":"2025-12-03T05:22:50.368Z","type":"ACTION","user_id":"10","user_name":"admin","role_name":"ADMIN","method":"POST","path":"/api/evaluation/exam_query","action":"POST /api/evaluation/exam_query","ip":"::1"}
{"timestamp":"2025-12-03T05:22:50.375Z","type":"ACTION","user_id":"10","user_name":"admin","role_name":"ADMIN","method":"POST","path":"/api/evaluation/exam_query","action":"POST /api/evaluation/exam_query","ip":"::1","status":"error","error":"Route not found","details":{"statusCode":404}}
{"timestamp":"2025-12-03T05:22:51.696Z","type":"ACTION","user_id":"10","user_name":"admin","role_name":"ADMIN","method":"POST","path":"/api/evaluation/download_excel","action":"POST /api/evaluation/download_excel","ip":"::1"}
{"timestamp":"2025-12-03T05:24:43.383Z","type":"ACTION","user_id":"10","user_name":"admin","role_name":"ADMIN","method":"POST","path":"/api/evaluation/bulk-upload","action":"POST /api/evaluation/bulk-upload","ip":"::1"}
{"timestamp":"2025-12-03T05:24:47.085Z","type":"ACTION","user_id":"10","user_name":"admin","role_name":"ADMIN","method":"GET","path":"/api/evaluation/exam_names","action":"GET /api/evaluation/exam_names","ip":"::1"}
{"timestamp":"2025-12-03T05:24:47.092Z","type":"ACTION","user_id":"10","user_name":"admin","role_name":"ADMIN","method":"GET","path":"/api/system-config/active","action":"GET /api/system-config/active","ip":"::1"}
{"timestamp":"2025-12-03T05:24:47.113Z","type":"ACTION","user_id":"10","user_name":"admin","role_name":"ADMIN","method":"GET","path":"/api/evaluation/exam_names","action":"GET /api/evaluation/exam_names","ip":"::1"}
{"timestamp":"2025-12-03T05:24:47.232Z","type":"ACTION","user_id":"10","user_name":"admin","role_name":"ADMIN","method":"GET","path":"/api/system-config/active","action":"GET /api/system-config/active","ip":"::1"}
{"timestamp":"2025-12-03T05:24:48.558Z","type":"ACTION","user_id":"10","user_name":"admin","role_name":"ADMIN","method":"GET","path":"/api/exams/divisions-by-state/1","action":"GET /api/exams/divisions-by-state/1","ip":"::1"}
{"timestamp":"2025-12-03T05:24:48.568Z","type":"ACTION","user_id":"10","user_name":"admin","role_name":"ADMIN","method":"GET","path":"/api/results/all-exams","action":"GET /api/results/all-exams","ip":"::1"}
{"timestamp":"2025-12-03T05:24:48.578Z","type":"ACTION","user_id":"10","user_name":"admin","role_name":"ADMIN","method":"GET","path":"/api/exams/divisions-by-state/1","action":"GET /api/exams/divisions-by-state/1","ip":"::1"}
{"timestamp":"2025-12-03T05:24:48.583Z","type":"ACTION","user_id":"10","user_name":"admin","role_name":"ADMIN","method":"GET","path":"/api/results/all-exams","action":"GET /api/results/all-exams","ip":"::1"}
{"timestamp":"2025-12-03T05:24:49.777Z","type":"ACTION","user_id":"anonymous","user_name":"anonymous","role_name":"anonymous","method":"GET","path":"/api/evaluation-dashboard/overall","action":"GET /api/evaluation-dashboard/overall","ip":"::1"}
{"timestamp":"2025-12-03T05:24:49.780Z","type":"ACTION","user_id":"anonymous","user_name":"anonymous","role_name":"anonymous","method":"GET","path":"/api/evaluation-dashboard/jurisdictions","action":"GET /api/evaluation-dashboard/jurisdictions","ip":"::1"}
{"timestamp":"2025-12-03T05:24:49.784Z","type":"ACTION","user_id":"anonymous","user_name":"anonymous","role_name":"anonymous","method":"GET","path":"/api/evaluation-dashboard/overall-progress","action":"GET /api/evaluation-dashboard/overall-progress","ip":"::1"}
{"timestamp":"2025-12-03T05:24:49.831Z","type":"ACTION","user_id":"anonymous","user_name":"anonymous","role_name":"anonymous","method":"GET","path":"/api/evaluation-dashboard/overall","action":"GET /api/evaluation-dashboard/overall","ip":"::1"}
{"timestamp":"2025-12-03T05:24:49.949Z","type":"ACTION","user_id":"anonymous","user_name":"anonymous","role_name":"anonymous","method":"GET","path":"/api/evaluation-dashboard/jurisdictions","action":"GET /api/evaluation-dashboard/jurisdictions","ip":"::1"}
{"timestamp":"2025-12-03T05:24:49.958Z","type":"ACTION","user_id":"anonymous","user_name":"anonymous","role_name":"anonymous","method":"GET","path":"/api/evaluation-dashboard/overall-progress","action":"GET /api/evaluation-dashboard/overall-progress","ip":"::1"}
{"timestamp":"2025-12-03T05:24:52.802Z","type":"ACTION","user_id":"10","user_name":"admin","role_name":"ADMIN","method":"GET","path":"/api/interview/exam-centers","action":"GET /api/interview/exam-centers","ip":"::1"}
{"timestamp":"2025-12-03T05:24:52.825Z","type":"ACTION","user_id":"10","user_name":"admin","role_name":"ADMIN","method":"GET","path":"/api/interview/exam-centers","action":"GET /api/interview/exam-centers","ip":"::1"}
{"timestamp":"2025-12-03T05:25:00.167Z","type":"ACTION","user_id":"10","user_name":"admin","role_name":"ADMIN","method":"GET","path":"/api/interview/unassigned-students","action":"GET /api/interview/unassigned-students","ip":"::1","details":{"query":{"centerName":"B K Modal","nmmsYear":"2025"}}}
{"timestamp":"2025-12-03T05:25:00.203Z","type":"ACTION","user_id":"10","user_name":"admin","role_name":"ADMIN","method":"GET","path":"/api/interview/unassigned-students","action":"GET /api/interview/unassigned-students","ip":"::1","details":{"query":{"centerName":"B K Modal","nmmsYear":"2025"}}}
{"timestamp":"2025-12-03T05:25:00.216Z","type":"ACTION","user_id":"10","user_name":"admin","role_name":"ADMIN","method":"GET","path":"/api/interview/interviewers","action":"GET /api/interview/interviewers","ip":"::1"}
{"timestamp":"2025-12-03T05:25:00.346Z","type":"ACTION","user_id":"10","user_name":"admin","role_name":"ADMIN","method":"GET","path":"/api/interview/interviewers","action":"GET /api/interview/interviewers","ip":"::1"}
{"timestamp":"2025-12-03T05:25:08.346Z","type":"ACTION","user_id":"10","user_name":"admin","role_name":"ADMIN","method":"POST","path":"/api/interview/assign-students","action":"POST /api/interview/assign-students","ip":"::1"}
{"timestamp":"2025-12-03T05:25:08.404Z","type":"ACTION","user_id":"10","user_name":"admin","role_name":"ADMIN","method":"POST","path":"/api/interview/download-assignment-report","action":"POST /api/interview/download-assignment-report","ip":"::1"}
{"timestamp":"2025-12-03T05:25:08.419Z","type":"ACTION","user_id":"10","user_name":"admin","role_name":"ADMIN","method":"GET","path":"/api/interview/unassigned-students","action":"GET /api/interview/unassigned-students","ip":"::1","details":{"query":{"centerName":"B K Modal","nmmsYear":"2025"}}}
{"timestamp":"2025-12-03T05:25:50.301Z","type":"ACTION","user_id":"10","user_name":"admin","role_name":"ADMIN","method":"GET","path":"/api/exams/divisions-by-state/1","action":"GET /api/exams/divisions-by-state/1","ip":"::1"}
{"timestamp":"2025-12-03T05:25:50.308Z","type":"ACTION","user_id":"10","user_name":"admin","role_name":"ADMIN","method":"GET","path":"/api/results/all-exams","action":"GET /api/results/all-exams","ip":"::1"}
{"timestamp":"2025-12-03T05:25:50.445Z","type":"ACTION","user_id":"10","user_name":"admin","role_name":"ADMIN","method":"GET","path":"/api/results/all-exams","action":"GET /api/results/all-exams","ip":"::1"}
{"timestamp":"2025-12-03T05:25:50.452Z","type":"ACTION","user_id":"10","user_name":"admin","role_name":"ADMIN","method":"GET","path":"/api/exams/divisions-by-state/1","action":"GET /api/exams/divisions-by-state/1","ip":"::1"}
{"timestamp":"2025-12-03T05:25:53.414Z","type":"ACTION","user_id":"10","user_name":"admin","role_name":"ADMIN","method":"POST","path":"/api/results/search-by-blocks","action":"POST /api/results/search-by-blocks","ip":"::1"}
{"timestamp":"2025-12-03T05:25:56.212Z","type":"ACTION","user_id":"10","user_name":"admin","role_name":"ADMIN","method":"GET","path":"/api/exams/divisions-by-state/1","action":"GET /api/exams/divisions-by-state/1","ip":"::1"}
{"timestamp":"2025-12-03T05:25:56.217Z","type":"ACTION","user_id":"10","user_name":"admin","role_name":"ADMIN","method":"GET","path":"/api/results/all-exams","action":"GET /api/results/all-exams","ip":"::1"}
{"timestamp":"2025-12-03T05:25:56.223Z","type":"ACTION","user_id":"10","user_name":"admin","role_name":"ADMIN","method":"GET","path":"/api/exams/divisions-by-state/1","action":"GET /api/exams/divisions-by-state/1","ip":"::1"}
{"timestamp":"2025-12-03T05:25:56.229Z","type":"ACTION","user_id":"10","user_name":"admin","role_name":"ADMIN","method":"GET","path":"/api/results/all-exams","action":"GET /api/results/all-exams","ip":"::1"}
{"timestamp":"2025-12-03T05:25:57.854Z","type":"ACTION","user_id":"10","user_name":"admin","role_name":"ADMIN","method":"POST","path":"/api/results/search-by-blocks","action":"POST /api/results/search-by-blocks","ip":"::1"}
{"timestamp":"2025-12-03T05:26:38.223Z","type":"ACTION","user_id":"10","user_name":"admin","role_name":"ADMIN","method":"GET","path":"/api/exams/education-districts-by-division/3","action":"GET /api/exams/education-districts-by-division/3","ip":"::1"}
{"timestamp":"2025-12-03T05:26:40.615Z","type":"ACTION","user_id":"10","user_name":"admin","role_name":"ADMIN","method":"GET","path":"/api/exams/blocks-by-district/2901","action":"GET /api/exams/blocks-by-district/2901","ip":"::1"}
{"timestamp":"2025-12-03T05:26:46.247Z","type":"ACTION","user_id":"10","user_name":"admin","role_name":"ADMIN","method":"POST","path":"/api/results/search-by-blocks","action":"POST /api/results/search-by-blocks","ip":"::1"}
{"timestamp":"2025-12-03T05:36:39.525Z","type":"ACTION","user_id":"10","user_name":"admin","role_name":"ADMIN","method":"GET","path":"/api/exams/divisions-by-state/1","action":"GET /api/exams/divisions-by-state/1","ip":"::1"}
{"timestamp":"2025-12-03T05:36:39.537Z","type":"ACTION","user_id":"10","user_name":"admin","role_name":"ADMIN","method":"GET","path":"/api/exams/education-districts-by-division/3","action":"GET /api/exams/education-districts-by-division/3","ip":"::1"}
{"timestamp":"2025-12-03T05:36:39.549Z","type":"ACTION","user_id":"10","user_name":"admin","role_name":"ADMIN","method":"GET","path":"/api/exams/blocks-by-district/2901","action":"GET /api/exams/blocks-by-district/2901","ip":"::1"}
{"timestamp":"2025-12-03T05:36:39.557Z","type":"ACTION","user_id":"10","user_name":"admin","role_name":"ADMIN","method":"GET","path":"/api/results/all-exams","action":"GET /api/results/all-exams","ip":"::1"}
{"timestamp":"2025-12-03T05:37:01.940Z","type":"ACTION","user_id":"10","user_name":"admin","role_name":"ADMIN","method":"GET","path":"/api/exams/divisions-by-state/1","action":"GET /api/exams/divisions-by-state/1","ip":"::1"}
{"timestamp":"2025-12-03T05:37:01.950Z","type":"ACTION","user_id":"10","user_name":"admin","role_name":"ADMIN","method":"GET","path":"/api/exams/education-districts-by-division/3","action":"GET /api/exams/education-districts-by-division/3","ip":"::1"}
{"timestamp":"2025-12-03T05:37:01.956Z","type":"ACTION","user_id":"10","user_name":"admin","role_name":"ADMIN","method":"GET","path":"/api/exams/blocks-by-district/2901","action":"GET /api/exams/blocks-by-district/2901","ip":"::1"}
{"timestamp":"2025-12-03T05:37:01.967Z","type":"ACTION","user_id":"10","user_name":"admin","role_name":"ADMIN","method":"GET","path":"/api/results/all-exams","action":"GET /api/results/all-exams","ip":"::1"}
{"timestamp":"2025-12-03T05:37:36.500Z","type":"ACTION","user_id":"10","user_name":"admin","role_name":"ADMIN","method":"GET","path":"/api/exams/divisions-by-state/1","action":"GET /api/exams/divisions-by-state/1","ip":"::1"}
{"timestamp":"2025-12-03T05:37:36.506Z","type":"ACTION","user_id":"10","user_name":"admin","role_name":"ADMIN","method":"GET","path":"/api/exams/education-districts-by-division/3","action":"GET /api/exams/education-districts-by-division/3","ip":"::1"}
{"timestamp":"2025-12-03T05:37:36.510Z","type":"ACTION","user_id":"10","user_name":"admin","role_name":"ADMIN","method":"GET","path":"/api/exams/blocks-by-district/2901","action":"GET /api/exams/blocks-by-district/2901","ip":"::1"}
{"timestamp":"2025-12-03T05:37:36.514Z","type":"ACTION","user_id":"10","user_name":"admin","role_name":"ADMIN","method":"GET","path":"/api/results/all-exams","action":"GET /api/results/all-exams","ip":"::1"}
{"timestamp":"2025-12-03T05:37:40.153Z","type":"ACTION","user_id":"10","user_name":"admin","role_name":"ADMIN","method":"GET","path":"/api/exams/divisions-by-state/1","action":"GET /api/exams/divisions-by-state/1","ip":"::1"}
{"timestamp":"2025-12-03T05:37:40.165Z","type":"ACTION","user_id":"10","user_name":"admin","role_name":"ADMIN","method":"GET","path":"/api/exams/education-districts-by-division/3","action":"GET /api/exams/education-districts-by-division/3","ip":"::1"}
{"timestamp":"2025-12-03T05:37:40.174Z","type":"ACTION","user_id":"10","user_name":"admin","role_name":"ADMIN","method":"GET","path":"/api/exams/blocks-by-district/2901","action":"GET /api/exams/blocks-by-district/2901","ip":"::1"}
{"timestamp":"2025-12-03T05:37:40.183Z","type":"ACTION","user_id":"10","user_name":"admin","role_name":"ADMIN","method":"GET","path":"/api/results/all-exams","action":"GET /api/results/all-exams","ip":"::1"}
{"timestamp":"2025-12-03T05:38:29.760Z","type":"ACTION","user_id":"10","user_name":"admin","role_name":"ADMIN","method":"GET","path":"/api/exams/divisions-by-state/1","action":"GET /api/exams/divisions-by-state/1","ip":"::1"}
{"timestamp":"2025-12-03T05:38:29.766Z","type":"ACTION","user_id":"10","user_name":"admin","role_name":"ADMIN","method":"GET","path":"/api/exams/education-districts-by-division/3","action":"GET /api/exams/education-districts-by-division/3","ip":"::1"}
{"timestamp":"2025-12-03T05:38:29.772Z","type":"ACTION","user_id":"10","user_name":"admin","role_name":"ADMIN","method":"GET","path":"/api/exams/blocks-by-district/2901","action":"GET /api/exams/blocks-by-district/2901","ip":"::1"}
{"timestamp":"2025-12-03T05:38:29.778Z","type":"ACTION","user_id":"10","user_name":"admin","role_name":"ADMIN","method":"GET","path":"/api/results/all-exams","action":"GET /api/results/all-exams","ip":"::1"}
{"timestamp":"2025-12-03T05:38:33.492Z","type":"ACTION","user_id":"10","user_name":"admin","role_name":"ADMIN","method":"GET","path":"/api/exams/divisions-by-state/1","action":"GET /api/exams/divisions-by-state/1","ip":"::1"}
{"timestamp":"2025-12-03T05:38:33.523Z","type":"ACTION","user_id":"10","user_name":"admin","role_name":"ADMIN","method":"GET","path":"/api/exams/education-districts-by-division/3","action":"GET /api/exams/education-districts-by-division/3","ip":"::1"}
{"timestamp":"2025-12-03T05:38:33.536Z","type":"ACTION","user_id":"10","user_name":"admin","role_name":"ADMIN","method":"GET","path":"/api/exams/blocks-by-district/2901","action":"GET /api/exams/blocks-by-district/2901","ip":"::1"}
{"timestamp":"2025-12-03T05:38:33.556Z","type":"ACTION","user_id":"10","user_name":"admin","role_name":"ADMIN","method":"GET","path":"/api/results/all-exams","action":"GET /api/results/all-exams","ip":"::1"}
{"timestamp":"2025-12-03T05:40:59.593Z","type":"ACTION","user_id":"10","user_name":"admin","role_name":"ADMIN","method":"GET","path":"/api/exams/divisions-by-state/1","action":"GET /api/exams/divisions-by-state/1","ip":"::1"}
{"timestamp":"2025-12-03T05:40:59.600Z","type":"ACTION","user_id":"10","user_name":"admin","role_name":"ADMIN","method":"GET","path":"/api/exams/education-districts-by-division/3","action":"GET /api/exams/education-districts-by-division/3","ip":"::1"}
{"timestamp":"2025-12-03T05:40:59.603Z","type":"ACTION","user_id":"10","user_name":"admin","role_name":"ADMIN","method":"GET","path":"/api/exams/blocks-by-district/2901","action":"GET /api/exams/blocks-by-district/2901","ip":"::1"}
{"timestamp":"2025-12-03T05:40:59.608Z","type":"ACTION","user_id":"10","user_name":"admin","role_name":"ADMIN","method":"GET","path":"/api/results/all-exams","action":"GET /api/results/all-exams","ip":"::1"}
{"timestamp":"2025-12-03T05:42:32.598Z","type":"ACTION","user_id":"10","user_name":"admin","role_name":"ADMIN","method":"GET","path":"/api/exams/divisions-by-state/1","action":"GET /api/exams/divisions-by-state/1","ip":"::1"}
{"timestamp":"2025-12-03T05:42:32.606Z","type":"ACTION","user_id":"10","user_name":"admin","role_name":"ADMIN","method":"GET","path":"/api/results/all-exams","action":"GET /api/results/all-exams","ip":"::1"}
{"timestamp":"2025-12-03T05:42:32.610Z","type":"ACTION","user_id":"10","user_name":"admin","role_name":"ADMIN","method":"GET","path":"/api/system-config/active","action":"GET /api/system-config/active","ip":"::1"}
{"timestamp":"2025-12-03T05:42:32.809Z","type":"ACTION","user_id":"10","user_name":"admin","role_name":"ADMIN","method":"GET","path":"/api/system-config/active","action":"GET /api/system-config/active","ip":"::1"}
{"timestamp":"2025-12-03T05:42:32.813Z","type":"ACTION","user_id":"10","user_name":"admin","role_name":"ADMIN","method":"GET","path":"/api/exams/divisions-by-state/1","action":"GET /api/exams/divisions-by-state/1","ip":"::1"}
{"timestamp":"2025-12-03T05:42:32.890Z","type":"ACTION","user_id":"10","user_name":"admin","role_name":"ADMIN","method":"GET","path":"/api/results/all-exams","action":"GET /api/results/all-exams","ip":"::1"}
{"timestamp":"2025-12-03T05:42:35.511Z","type":"ACTION","user_id":"10","user_name":"admin","role_name":"ADMIN","method":"GET","path":"/api/exams/divisions-by-state/1","action":"GET /api/exams/divisions-by-state/1","ip":"::1"}
{"timestamp":"2025-12-03T05:42:35.516Z","type":"ACTION","user_id":"10","user_name":"admin","role_name":"ADMIN","method":"GET","path":"/api/results/all-exams","action":"GET /api/results/all-exams","ip":"::1"}
{"timestamp":"2025-12-03T05:56:52.566Z","type":"ACTION","user_id":"10","user_name":"admin","role_name":"ADMIN","method":"GET","path":"/api/exams/divisions-by-state/1","action":"GET /api/exams/divisions-by-state/1","ip":"::1"}
{"timestamp":"2025-12-03T05:56:52.600Z","type":"ACTION","user_id":"10","user_name":"admin","role_name":"ADMIN","method":"GET","path":"/api/results/all-exams","action":"GET /api/results/all-exams","ip":"::1"}
{"timestamp":"2025-12-03T05:56:52.721Z","type":"ACTION","user_id":"10","user_name":"admin","role_name":"ADMIN","method":"GET","path":"/api/results/all-exams","action":"GET /api/results/all-exams","ip":"::1"}
{"timestamp":"2025-12-03T05:56:52.727Z","type":"ACTION","user_id":"10","user_name":"admin","role_name":"ADMIN","method":"GET","path":"/api/exams/divisions-by-state/1","action":"GET /api/exams/divisions-by-state/1","ip":"::1"}
{"timestamp":"2025-12-03T05:56:56.238Z","type":"ACTION","user_id":"10","user_name":"admin","role_name":"ADMIN","method":"GET","path":"/api/exams/education-districts-by-division/3","action":"GET /api/exams/education-districts-by-division/3","ip":"::1"}
{"timestamp":"2025-12-03T05:56:57.811Z","type":"ACTION","user_id":"10","user_name":"admin","role_name":"ADMIN","method":"GET","path":"/api/exams/blocks-by-district/2901","action":"GET /api/exams/blocks-by-district/2901","ip":"::1"}
{"timestamp":"2025-12-03T05:57:01.912Z","type":"ACTION","user_id":"10","user_name":"admin","role_name":"ADMIN","method":"POST","path":"/api/results/search-by-blocks","action":"POST /api/results/search-by-blocks","ip":"::1"}
{"timestamp":"2025-12-03T05:57:04.091Z","type":"ACTION","user_id":"10","user_name":"admin","role_name":"ADMIN","method":"GET","path":"/api/exams/divisions-by-state/1","action":"GET /api/exams/divisions-by-state/1","ip":"::1"}
{"timestamp":"2025-12-03T05:57:04.099Z","type":"ACTION","user_id":"10","user_name":"admin","role_name":"ADMIN","method":"GET","path":"/api/results/all-exams","action":"GET /api/results/all-exams","ip":"::1"}
{"timestamp":"2025-12-03T05:57:04.117Z","type":"ACTION","user_id":"10","user_name":"admin","role_name":"ADMIN","method":"GET","path":"/api/exams/divisions-by-state/1","action":"GET /api/exams/divisions-by-state/1","ip":"::1"}
{"timestamp":"2025-12-03T05:57:04.209Z","type":"ACTION","user_id":"10","user_name":"admin","role_name":"ADMIN","method":"GET","path":"/api/results/all-exams","action":"GET /api/results/all-exams","ip":"::1"}
{"timestamp":"2025-12-03T05:57:09.438Z","type":"ACTION","user_id":"10","user_name":"admin","role_name":"ADMIN","method":"GET","path":"/api/exams/education-districts-by-division/3","action":"GET /api/exams/education-districts-by-division/3","ip":"::1"}
{"timestamp":"2025-12-03T05:57:11.373Z","type":"ACTION","user_id":"10","user_name":"admin","role_name":"ADMIN","method":"GET","path":"/api/exams/blocks-by-district/2901","action":"GET /api/exams/blocks-by-district/2901","ip":"::1"}
{"timestamp":"2025-12-03T05:57:13.065Z","type":"ACTION","user_id":"10","user_name":"admin","role_name":"ADMIN","method":"POST","path":"/api/results/search-by-blocks","action":"POST /api/results/search-by-blocks","ip":"::1"}
{"timestamp":"2025-12-03T06:07:13.244Z","type":"ACTION","user_id":"10","user_name":"admin","role_name":"ADMIN","method":"POST","path":"/api/results/download-by-blocks","action":"POST /api/results/download-by-blocks","ip":"::1"}
{"timestamp":"2025-12-03T06:16:15.119Z","type":"ACTION","user_id":"10","user_name":"admin","role_name":"ADMIN","method":"GET","path":"/api/exams/divisions-by-state/1","action":"GET /api/exams/divisions-by-state/1","ip":"::1"}
{"timestamp":"2025-12-03T06:16:15.142Z","type":"ACTION","user_id":"10","user_name":"admin","role_name":"ADMIN","method":"GET","path":"/api/results/all-exams","action":"GET /api/results/all-exams","ip":"::1"}
{"timestamp":"2025-12-03T06:16:15.149Z","type":"ACTION","user_id":"10","user_name":"admin","role_name":"ADMIN","method":"GET","path":"/api/system-config/active","action":"GET /api/system-config/active","ip":"::1"}
{"timestamp":"2025-12-03T06:16:15.249Z","type":"ACTION","user_id":"10","user_name":"admin","role_name":"ADMIN","method":"GET","path":"/api/exams/divisions-by-state/1","action":"GET /api/exams/divisions-by-state/1","ip":"::1"}
{"timestamp":"2025-12-03T06:16:15.264Z","type":"ACTION","user_id":"10","user_name":"admin","role_name":"ADMIN","method":"GET","path":"/api/results/all-exams","action":"GET /api/results/all-exams","ip":"::1"}
{"timestamp":"2025-12-03T06:16:15.328Z","type":"ACTION","user_id":"10","user_name":"admin","role_name":"ADMIN","method":"GET","path":"/api/system-config/active","action":"GET /api/system-config/active","ip":"::1"}
{"timestamp":"2025-12-03T06:16:22.295Z","type":"ACTION","user_id":"10","user_name":"admin","role_name":"ADMIN","method":"POST","path":"/api/results/search-by-exam","action":"POST /api/results/search-by-exam","ip":"::1"}
{"timestamp":"2025-12-03T06:16:36.746Z","type":"ACTION","user_id":"10","user_name":"admin","role_name":"ADMIN","method":"POST","path":"/api/results/search-by-exam","action":"POST /api/results/search-by-exam","ip":"::1"}
{"timestamp":"2025-12-03T06:18:28.800Z","type":"ACTION","user_id":"10","user_name":"admin","role_name":"ADMIN","method":"POST","path":"/api/results/search-by-exam","action":"POST /api/results/search-by-exam","ip":"::1"}
{"timestamp":"2025-12-03T06:18:44.903Z","type":"ACTION","user_id":"10","user_name":"admin","role_name":"ADMIN","method":"POST","path":"/api/results/search-by-exam","action":"POST /api/results/search-by-exam","ip":"::1"}
{"timestamp":"2025-12-03T06:18:49.041Z","type":"ACTION","user_id":"10","user_name":"admin","role_name":"ADMIN","method":"POST","path":"/api/results/search-by-exam","action":"POST /api/results/search-by-exam","ip":"::1"}
{"timestamp":"2025-12-03T06:18:55.809Z","type":"ACTION","user_id":"10","user_name":"admin","role_name":"ADMIN","method":"POST","path":"/api/results/search-by-exam","action":"POST /api/results/search-by-exam","ip":"::1"}
{"timestamp":"2025-12-03T06:19:12.012Z","type":"ACTION","user_id":"10","user_name":"admin","role_name":"ADMIN","method":"GET","path":"/api/exams/divisions-by-state/1","action":"GET /api/exams/divisions-by-state/1","ip":"::1"}
{"timestamp":"2025-12-03T06:19:12.016Z","type":"ACTION","user_id":"10","user_name":"admin","role_name":"ADMIN","method":"GET","path":"/api/results/all-exams","action":"GET /api/results/all-exams","ip":"::1"}
{"timestamp":"2025-12-03T06:19:12.020Z","type":"ACTION","user_id":"10","user_name":"admin","role_name":"ADMIN","method":"GET","path":"/api/system-config/active","action":"GET /api/system-config/active","ip":"::1"}
{"timestamp":"2025-12-03T06:19:12.083Z","type":"ACTION","user_id":"10","user_name":"admin","role_name":"ADMIN","method":"GET","path":"/api/exams/divisions-by-state/1","action":"GET /api/exams/divisions-by-state/1","ip":"::1"}
{"timestamp":"2025-12-03T06:19:12.092Z","type":"ACTION","user_id":"10","user_name":"admin","role_name":"ADMIN","method":"GET","path":"/api/results/all-exams","action":"GET /api/results/all-exams","ip":"::1"}
{"timestamp":"2025-12-03T06:19:12.103Z","type":"ACTION","user_id":"10","user_name":"admin","role_name":"ADMIN","method":"GET","path":"/api/system-config/active","action":"GET /api/system-config/active","ip":"::1"}
{"timestamp":"2025-12-03T06:19:29.760Z","type":"ACTION","user_id":"10","user_name":"admin","role_name":"ADMIN","method":"POST","path":"/api/results/search-by-exam","action":"POST /api/results/search-by-exam","ip":"::1"}
{"timestamp":"2025-12-03T06:22:16.262Z","type":"ACTION","user_id":"10","user_name":"admin","role_name":"ADMIN","method":"GET","path":"/api/exams/divisions-by-state/1","action":"GET /api/exams/divisions-by-state/1","ip":"::1"}
{"timestamp":"2025-12-03T06:22:16.291Z","type":"ACTION","user_id":"10","user_name":"admin","role_name":"ADMIN","method":"GET","path":"/api/results/all-exams","action":"GET /api/results/all-exams","ip":"::1"}
{"timestamp":"2025-12-03T06:22:16.300Z","type":"ACTION","user_id":"10","user_name":"admin","role_name":"ADMIN","method":"GET","path":"/api/system-config/active","action":"GET /api/system-config/active","ip":"::1"}
{"timestamp":"2025-12-03T06:22:16.389Z","type":"ACTION","user_id":"10","user_name":"admin","role_name":"ADMIN","method":"GET","path":"/api/results/all-exams","action":"GET /api/results/all-exams","ip":"::1"}
{"timestamp":"2025-12-03T06:22:16.397Z","type":"ACTION","user_id":"10","user_name":"admin","role_name":"ADMIN","method":"GET","path":"/api/exams/divisions-by-state/1","action":"GET /api/exams/divisions-by-state/1","ip":"::1"}
{"timestamp":"2025-12-03T06:22:16.484Z","type":"ACTION","user_id":"10","user_name":"admin","role_name":"ADMIN","method":"GET","path":"/api/system-config/active","action":"GET /api/system-config/active","ip":"::1"}
{"timestamp":"2025-12-03T06:22:25.835Z","type":"ACTION","user_id":"10","user_name":"admin","role_name":"ADMIN","method":"GET","path":"/api/exams/education-districts-by-division/3","action":"GET /api/exams/education-districts-by-division/3","ip":"::1"}
{"timestamp":"2025-12-03T06:22:26.773Z","type":"ACTION","user_id":"10","user_name":"admin","role_name":"ADMIN","method":"POST","path":"/api/results/search-by-blocks","action":"POST /api/results/search-by-blocks","ip":"::1"}
{"timestamp":"2025-12-03T06:22:28.523Z","type":"ACTION","user_id":"10","user_name":"admin","role_name":"ADMIN","method":"GET","path":"/api/exams/divisions-by-state/1","action":"GET /api/exams/divisions-by-state/1","ip":"::1"}
{"timestamp":"2025-12-03T06:22:28.528Z","type":"ACTION","user_id":"10","user_name":"admin","role_name":"ADMIN","method":"GET","path":"/api/results/all-exams","action":"GET /api/results/all-exams","ip":"::1"}
{"timestamp":"2025-12-03T06:22:28.549Z","type":"ACTION","user_id":"10","user_name":"admin","role_name":"ADMIN","method":"GET","path":"/api/exams/divisions-by-state/1","action":"GET /api/exams/divisions-by-state/1","ip":"::1"}
{"timestamp":"2025-12-03T06:22:28.622Z","type":"ACTION","user_id":"10","user_name":"admin","role_name":"ADMIN","method":"GET","path":"/api/results/all-exams","action":"GET /api/results/all-exams","ip":"::1"}
{"timestamp":"2025-12-03T06:22:30.141Z","type":"ACTION","user_id":"10","user_name":"admin","role_name":"ADMIN","method":"POST","path":"/api/results/search-by-blocks","action":"POST /api/results/search-by-blocks","ip":"::1"}
{"timestamp":"2025-12-03T06:22:43.608Z","type":"ACTION","user_id":"10","user_name":"admin","role_name":"ADMIN","method":"GET","path":"/api/exams/education-districts-by-division/3","action":"GET /api/exams/education-districts-by-division/3","ip":"::1"}
{"timestamp":"2025-12-03T06:22:47.360Z","type":"ACTION","user_id":"10","user_name":"admin","role_name":"ADMIN","method":"GET","path":"/api/exams/blocks-by-district/2901","action":"GET /api/exams/blocks-by-district/2901","ip":"::1"}
{"timestamp":"2025-12-03T06:22:50.341Z","type":"ACTION","user_id":"10","user_name":"admin","role_name":"ADMIN","method":"POST","path":"/api/results/search-by-blocks","action":"POST /api/results/search-by-blocks","ip":"::1"}
{"timestamp":"2025-12-03T06:22:54.884Z","type":"ACTION","user_id":"10","user_name":"admin","role_name":"ADMIN","method":"POST","path":"/api/results/search-by-blocks","action":"POST /api/results/search-by-blocks","ip":"::1"}
{"timestamp":"2025-12-03T06:22:58.245Z","type":"ACTION","user_id":"10","user_name":"admin","role_name":"ADMIN","method":"POST","path":"/api/results/search-by-blocks","action":"POST /api/results/search-by-blocks","ip":"::1"}
{"timestamp":"2025-12-03T06:23:29.312Z","type":"ACTION","user_id":"10","user_name":"admin","role_name":"ADMIN","method":"GET","path":"/api/exams/divisions-by-state/1","action":"GET /api/exams/divisions-by-state/1","ip":"::1"}
{"timestamp":"2025-12-03T06:23:29.322Z","type":"ACTION","user_id":"10","user_name":"admin","role_name":"ADMIN","method":"GET","path":"/api/results/all-exams","action":"GET /api/results/all-exams","ip":"::1"}
{"timestamp":"2025-12-03T06:23:29.328Z","type":"ACTION","user_id":"10","user_name":"admin","role_name":"ADMIN","method":"GET","path":"/api/system-config/active","action":"GET /api/system-config/active","ip":"::1"}
{"timestamp":"2025-12-03T06:23:29.390Z","type":"ACTION","user_id":"10","user_name":"admin","role_name":"ADMIN","method":"GET","path":"/api/exams/divisions-by-state/1","action":"GET /api/exams/divisions-by-state/1","ip":"::1"}
{"timestamp":"2025-12-03T06:23:29.395Z","type":"ACTION","user_id":"10","user_name":"admin","role_name":"ADMIN","method":"GET","path":"/api/system-config/active","action":"GET /api/system-config/active","ip":"::1"}
{"timestamp":"2025-12-03T06:23:29.495Z","type":"ACTION","user_id":"10","user_name":"admin","role_name":"ADMIN","method":"GET","path":"/api/results/all-exams","action":"GET /api/results/all-exams","ip":"::1"}
{"timestamp":"2025-12-03T06:23:40.261Z","type":"ACTION","user_id":"anonymous","user_name":"anonymous","role_name":"anonymous","method":"GET","path":"/api/evaluation-dashboard/overall","action":"GET /api/evaluation-dashboard/overall","ip":"::1"}
{"timestamp":"2025-12-03T06:23:40.275Z","type":"ACTION","user_id":"anonymous","user_name":"anonymous","role_name":"anonymous","method":"GET","path":"/api/evaluation-dashboard/jurisdictions","action":"GET /api/evaluation-dashboard/jurisdictions","ip":"::1"}
{"timestamp":"2025-12-03T06:23:40.284Z","type":"ACTION","user_id":"anonymous","user_name":"anonymous","role_name":"anonymous","method":"GET","path":"/api/evaluation-dashboard/overall-progress","action":"GET /api/evaluation-dashboard/overall-progress","ip":"::1"}
{"timestamp":"2025-12-03T06:23:40.375Z","type":"ACTION","user_id":"anonymous","user_name":"anonymous","role_name":"anonymous","method":"GET","path":"/api/evaluation-dashboard/overall","action":"GET /api/evaluation-dashboard/overall","ip":"::1"}
{"timestamp":"2025-12-03T06:23:40.389Z","type":"ACTION","user_id":"anonymous","user_name":"anonymous","role_name":"anonymous","method":"GET","path":"/api/evaluation-dashboard/overall-progress","action":"GET /api/evaluation-dashboard/overall-progress","ip":"::1"}
{"timestamp":"2025-12-03T06:23:40.571Z","type":"ACTION","user_id":"anonymous","user_name":"anonymous","role_name":"anonymous","method":"GET","path":"/api/evaluation-dashboard/jurisdictions","action":"GET /api/evaluation-dashboard/jurisdictions","ip":"::1"}
{"timestamp":"2025-12-03T06:23:55.696Z","type":"ACTION","user_id":"10","user_name":"admin","role_name":"ADMIN","method":"GET","path":"/api/exams/divisions-by-state/1","action":"GET /api/exams/divisions-by-state/1","ip":"::1"}
{"timestamp":"2025-12-03T06:23:55.701Z","type":"ACTION","user_id":"10","user_name":"admin","role_name":"ADMIN","method":"GET","path":"/api/results/all-exams","action":"GET /api/results/all-exams","ip":"::1"}
{"timestamp":"2025-12-03T06:23:55.781Z","type":"ACTION","user_id":"10","user_name":"admin","role_name":"ADMIN","method":"GET","path":"/api/results/all-exams","action":"GET /api/results/all-exams","ip":"::1"}
{"timestamp":"2025-12-03T06:23:55.785Z","type":"ACTION","user_id":"10","user_name":"admin","role_name":"ADMIN","method":"GET","path":"/api/exams/divisions-by-state/1","action":"GET /api/exams/divisions-by-state/1","ip":"::1"}
{"timestamp":"2025-12-03T06:23:56.757Z","type":"ACTION","user_id":"10","user_name":"admin","role_name":"ADMIN","method":"GET","path":"/api/exams/divisions-by-state/1","action":"GET /api/exams/divisions-by-state/1","ip":"::1"}
{"timestamp":"2025-12-03T06:23:56.772Z","type":"ACTION","user_id":"10","user_name":"admin","role_name":"ADMIN","method":"GET","path":"/api/exams/assigned","action":"GET /api/exams/assigned","ip":"::1"}
{"timestamp":"2025-12-03T06:23:56.778Z","type":"ACTION","user_id":"10","user_name":"admin","role_name":"ADMIN","method":"GET","path":"/api/exams/exam-centres","action":"GET /api/exams/exam-centres","ip":"::1"}
{"timestamp":"2025-12-03T06:23:56.785Z","type":"ACTION","user_id":"10","user_name":"admin","role_name":"ADMIN","method":"GET","path":"/api/exams/used-blocks","action":"GET /api/exams/used-blocks","ip":"::1"}
{"timestamp":"2025-12-03T06:23:56.794Z","type":"ACTION","user_id":"10","user_name":"admin","role_name":"ADMIN","method":"GET","path":"/api/exams/notassigned","action":"GET /api/exams/notassigned","ip":"::1"}
{"timestamp":"2025-12-03T06:23:56.803Z","type":"ACTION","user_id":"10","user_name":"admin","role_name":"ADMIN","method":"GET","path":"/api/exams/divisions-by-state/1","action":"GET /api/exams/divisions-by-state/1","ip":"::1"}
{"timestamp":"2025-12-03T06:23:56.830Z","type":"ACTION","user_id":"10","user_name":"admin","role_name":"ADMIN","method":"GET","path":"/api/exams/assigned","action":"GET /api/exams/assigned","ip":"::1"}
{"timestamp":"2025-12-03T06:23:56.841Z","type":"ACTION","user_id":"10","user_name":"admin","role_name":"ADMIN","method":"GET","path":"/api/exams/used-blocks","action":"GET /api/exams/used-blocks","ip":"::1"}
{"timestamp":"2025-12-03T06:23:56.849Z","type":"ACTION","user_id":"10","user_name":"admin","role_name":"ADMIN","method":"GET","path":"/api/exams/blocks-by-district/2901","action":"GET /api/exams/blocks-by-district/2901","ip":"::1"}
{"timestamp":"2025-12-03T06:23:56.885Z","type":"ACTION","user_id":"10","user_name":"admin","role_name":"ADMIN","method":"GET","path":"/api/exams/exam-centres","action":"GET /api/exams/exam-centres","ip":"::1"}
{"timestamp":"2025-12-03T06:23:56.891Z","type":"ACTION","user_id":"10","user_name":"admin","role_name":"ADMIN","method":"GET","path":"/api/exams/notassigned","action":"GET /api/exams/notassigned","ip":"::1"}
{"timestamp":"2025-12-03T06:23:56.916Z","type":"ACTION","user_id":"10","user_name":"admin","role_name":"ADMIN","method":"GET","path":"/api/exams/blocks-by-district/2901","action":"GET /api/exams/blocks-by-district/2901","ip":"::1"}
{"timestamp":"2025-12-03T06:23:56.922Z","type":"ACTION","user_id":"10","user_name":"admin","role_name":"ADMIN","method":"GET","path":"/api/exams/blocks-by-district/2901","action":"GET /api/exams/blocks-by-district/2901","ip":"::1"}
{"timestamp":"2025-12-03T06:23:56.927Z","type":"ACTION","user_id":"10","user_name":"admin","role_name":"ADMIN","method":"GET","path":"/api/exams/blocks-by-district/2901","action":"GET /api/exams/blocks-by-district/2901","ip":"::1"}
{"timestamp":"2025-12-03T06:36:55.982Z","type":"ACTION","user_id":"10","user_name":"admin","role_name":"ADMIN","method":"GET","path":"/api/exams/divisions-by-state/1","action":"GET /api/exams/divisions-by-state/1","ip":"::1"}
{"timestamp":"2025-12-03T06:36:55.995Z","type":"ACTION","user_id":"10","user_name":"admin","role_name":"ADMIN","method":"GET","path":"/api/exams/assigned","action":"GET /api/exams/assigned","ip":"::1"}
{"timestamp":"2025-12-03T06:36:56.002Z","type":"ACTION","user_id":"10","user_name":"admin","role_name":"ADMIN","method":"GET","path":"/api/exams/exam-centres","action":"GET /api/exams/exam-centres","ip":"::1"}
{"timestamp":"2025-12-03T06:36:56.008Z","type":"ACTION","user_id":"10","user_name":"admin","role_name":"ADMIN","method":"GET","path":"/api/exams/used-blocks","action":"GET /api/exams/used-blocks","ip":"::1"}
{"timestamp":"2025-12-03T06:36:56.015Z","type":"ACTION","user_id":"10","user_name":"admin","role_name":"ADMIN","method":"GET","path":"/api/exams/notassigned","action":"GET /api/exams/notassigned","ip":"::1"}
{"timestamp":"2025-12-03T06:36:56.023Z","type":"ACTION","user_id":"10","user_name":"admin","role_name":"ADMIN","method":"GET","path":"/api/system-config/active","action":"GET /api/system-config/active","ip":"::1"}
{"timestamp":"2025-12-03T06:36:56.090Z","type":"ACTION","user_id":"10","user_name":"admin","role_name":"ADMIN","method":"GET","path":"/api/exams/exam-centres","action":"GET /api/exams/exam-centres","ip":"::1"}
{"timestamp":"2025-12-03T06:36:56.094Z","type":"ACTION","user_id":"10","user_name":"admin","role_name":"ADMIN","method":"GET","path":"/api/exams/notassigned","action":"GET /api/exams/notassigned","ip":"::1"}
{"timestamp":"2025-12-03T06:36:56.103Z","type":"ACTION","user_id":"10","user_name":"admin","role_name":"ADMIN","method":"GET","path":"/api/exams/assigned","action":"GET /api/exams/assigned","ip":"::1"}
{"timestamp":"2025-12-03T06:36:56.110Z","type":"ACTION","user_id":"10","user_name":"admin","role_name":"ADMIN","method":"GET","path":"/api/exams/blocks-by-district/2901","action":"GET /api/exams/blocks-by-district/2901","ip":"::1"}
{"timestamp":"2025-12-03T06:36:56.118Z","type":"ACTION","user_id":"10","user_name":"admin","role_name":"ADMIN","method":"GET","path":"/api/system-config/active","action":"GET /api/system-config/active","ip":"::1"}
{"timestamp":"2025-12-03T06:36:56.122Z","type":"ACTION","user_id":"10","user_name":"admin","role_name":"ADMIN","method":"GET","path":"/api/exams/blocks-by-district/2901","action":"GET /api/exams/blocks-by-district/2901","ip":"::1"}
{"timestamp":"2025-12-03T06:36:56.128Z","type":"ACTION","user_id":"10","user_name":"admin","role_name":"ADMIN","method":"GET","path":"/api/exams/blocks-by-district/2901","action":"GET /api/exams/blocks-by-district/2901","ip":"::1"}
{"timestamp":"2025-12-03T06:36:56.135Z","type":"ACTION","user_id":"10","user_name":"admin","role_name":"ADMIN","method":"GET","path":"/api/exams/blocks-by-district/2901","action":"GET /api/exams/blocks-by-district/2901","ip":"::1"}
{"timestamp":"2025-12-03T06:36:56.167Z","type":"ACTION","user_id":"10","user_name":"admin","role_name":"ADMIN","method":"GET","path":"/api/exams/divisions-by-state/1","action":"GET /api/exams/divisions-by-state/1","ip":"::1"}
{"timestamp":"2025-12-03T06:36:56.205Z","type":"ACTION","user_id":"10","user_name":"admin","role_name":"ADMIN","method":"GET","path":"/api/exams/used-blocks","action":"GET /api/exams/used-blocks","ip":"::1"}
{"timestamp":"2025-12-03T06:36:57.744Z","type":"ACTION","user_id":"anonymous","user_name":"anonymous","role_name":"anonymous","method":"GET","path":"/api/exams/5/download-all-hall-tickets","action":"GET /api/exams/5/download-all-hall-tickets","ip":"::1"}
{"timestamp":"2025-12-03T06:42:58.468Z","type":"ACTION","user_id":"anonymous","user_name":"anonymous","role_name":"anonymous","method":"GET","path":"/api/exams/5/download-all-hall-tickets","action":"GET /api/exams/5/download-all-hall-tickets","ip":"::1"}
{"timestamp":"2025-12-03T06:43:29.480Z","type":"ACTION","user_id":"anonymous","user_name":"anonymous","role_name":"anonymous","method":"GET","path":"/api/exams/5/download-all-hall-tickets","action":"GET /api/exams/5/download-all-hall-tickets","ip":"::1"}
{"timestamp":"2025-12-03T06:57:26.859Z","type":"ACTION","user_id":"anonymous","user_name":"anonymous","role_name":"anonymous","method":"GET","path":"/api/exams/5/download-all-hall-tickets","action":"GET /api/exams/5/download-all-hall-tickets","ip":"::1"}
{"timestamp":"2025-12-03T07:21:27.071Z","type":"ACTION","user_id":"10","user_name":"admin","role_name":"ADMIN","method":"GET","path":"/api/exams/assigned","action":"GET /api/exams/assigned","ip":"::1"}
{"timestamp":"2025-12-03T07:21:27.087Z","type":"ACTION","user_id":"10","user_name":"admin","role_name":"ADMIN","method":"GET","path":"/api/exams/divisions-by-state/1","action":"GET /api/exams/divisions-by-state/1","ip":"::1"}
{"timestamp":"2025-12-03T07:21:27.092Z","type":"ACTION","user_id":"10","user_name":"admin","role_name":"ADMIN","method":"GET","path":"/api/exams/exam-centres","action":"GET /api/exams/exam-centres","ip":"::1"}
{"timestamp":"2025-12-03T07:21:27.097Z","type":"ACTION","user_id":"10","user_name":"admin","role_name":"ADMIN","method":"GET","path":"/api/exams/used-blocks","action":"GET /api/exams/used-blocks","ip":"::1"}
{"timestamp":"2025-12-03T07:21:27.107Z","type":"ACTION","user_id":"10","user_name":"admin","role_name":"ADMIN","method":"GET","path":"/api/exams/notassigned","action":"GET /api/exams/notassigned","ip":"::1"}
{"timestamp":"2025-12-03T07:21:27.115Z","type":"ACTION","user_id":"10","user_name":"admin","role_name":"ADMIN","method":"GET","path":"/api/system-config/active","action":"GET /api/system-config/active","ip":"::1"}
{"timestamp":"2025-12-03T07:21:27.186Z","type":"ACTION","user_id":"10","user_name":"admin","role_name":"ADMIN","method":"GET","path":"/api/exams/exam-centres","action":"GET /api/exams/exam-centres","ip":"::1"}
{"timestamp":"2025-12-03T07:21:27.190Z","type":"ACTION","user_id":"10","user_name":"admin","role_name":"ADMIN","method":"GET","path":"/api/exams/divisions-by-state/1","action":"GET /api/exams/divisions-by-state/1","ip":"::1"}
{"timestamp":"2025-12-03T07:21:27.197Z","type":"ACTION","user_id":"10","user_name":"admin","role_name":"ADMIN","method":"GET","path":"/api/exams/used-blocks","action":"GET /api/exams/used-blocks","ip":"::1"}
{"timestamp":"2025-12-03T07:21:27.205Z","type":"ACTION","user_id":"10","user_name":"admin","role_name":"ADMIN","method":"GET","path":"/api/exams/assigned","action":"GET /api/exams/assigned","ip":"::1"}
{"timestamp":"2025-12-03T07:21:27.213Z","type":"ACTION","user_id":"10","user_name":"admin","role_name":"ADMIN","method":"GET","path":"/api/exams/blocks-by-district/2901","action":"GET /api/exams/blocks-by-district/2901","ip":"::1"}
{"timestamp":"2025-12-03T07:21:27.224Z","type":"ACTION","user_id":"10","user_name":"admin","role_name":"ADMIN","method":"GET","path":"/api/exams/blocks-by-district/2901","action":"GET /api/exams/blocks-by-district/2901","ip":"::1"}
{"timestamp":"2025-12-03T07:21:27.230Z","type":"ACTION","user_id":"10","user_name":"admin","role_name":"ADMIN","method":"GET","path":"/api/system-config/active","action":"GET /api/system-config/active","ip":"::1"}
{"timestamp":"2025-12-03T07:21:27.233Z","type":"ACTION","user_id":"10","user_name":"admin","role_name":"ADMIN","method":"GET","path":"/api/exams/blocks-by-district/2901","action":"GET /api/exams/blocks-by-district/2901","ip":"::1"}
{"timestamp":"2025-12-03T07:21:27.240Z","type":"ACTION","user_id":"10","user_name":"admin","role_name":"ADMIN","method":"GET","path":"/api/exams/notassigned","action":"GET /api/exams/notassigned","ip":"::1"}
{"timestamp":"2025-12-03T07:21:27.246Z","type":"ACTION","user_id":"10","user_name":"admin","role_name":"ADMIN","method":"GET","path":"/api/exams/blocks-by-district/2901","action":"GET /api/exams/blocks-by-district/2901","ip":"::1"}
{"timestamp":"2025-12-03T07:21:30.998Z","type":"ACTION","user_id":"10","user_name":"admin","role_name":"ADMIN","method":"GET","path":"/api/exams/divisions-by-state/1","action":"GET /api/exams/divisions-by-state/1","ip":"::1"}
{"timestamp":"2025-12-03T07:21:31.009Z","type":"ACTION","user_id":"10","user_name":"admin","role_name":"ADMIN","method":"GET","path":"/api/results/all-exams","action":"GET /api/results/all-exams","ip":"::1"}
{"timestamp":"2025-12-03T07:21:31.019Z","type":"ACTION","user_id":"10","user_name":"admin","role_name":"ADMIN","method":"GET","path":"/api/exams/divisions-by-state/1","action":"GET /api/exams/divisions-by-state/1","ip":"::1"}
{"timestamp":"2025-12-03T07:21:31.037Z","type":"ACTION","user_id":"10","user_name":"admin","role_name":"ADMIN","method":"GET","path":"/api/results/all-exams","action":"GET /api/results/all-exams","ip":"::1"}
{"timestamp":"2025-12-03T07:21:33.915Z","type":"ACTION","user_id":"10","user_name":"admin","role_name":"ADMIN","method":"POST","path":"/api/results/search-by-blocks","action":"POST /api/results/search-by-blocks","ip":"::1"}
{"timestamp":"2025-12-03T07:21:39.659Z","type":"ACTION","user_id":"10","user_name":"admin","role_name":"ADMIN","method":"GET","path":"/api/exams/education-districts-by-division/3","action":"GET /api/exams/education-districts-by-division/3","ip":"::1"}
{"timestamp":"2025-12-03T07:21:41.871Z","type":"ACTION","user_id":"10","user_name":"admin","role_name":"ADMIN","method":"GET","path":"/api/exams/blocks-by-district/2901","action":"GET /api/exams/blocks-by-district/2901","ip":"::1"}
{"timestamp":"2025-12-03T07:21:44.118Z","type":"ACTION","user_id":"10","user_name":"admin","role_name":"ADMIN","method":"POST","path":"/api/results/search-by-blocks","action":"POST /api/results/search-by-blocks","ip":"::1"}
{"timestamp":"2025-12-03T07:21:52.971Z","type":"ACTION","user_id":"10","user_name":"admin","role_name":"ADMIN","method":"POST","path":"/api/results/search-by-blocks","action":"POST /api/results/search-by-blocks","ip":"::1"}
{"timestamp":"2025-12-03T07:21:58.620Z","type":"ACTION","user_id":"10","user_name":"admin","role_name":"ADMIN","method":"POST","path":"/api/results/search-by-blocks","action":"POST /api/results/search-by-blocks","ip":"::1"}
{"timestamp":"2025-12-03T07:23:03.861Z","type":"ACTION","user_id":"10","user_name":"admin","role_name":"ADMIN","method":"POST","path":"/api/results/download-by-blocks","action":"POST /api/results/download-by-blocks","ip":"::1"}
