{"timestamp":"2026-02-05T06:54:43.468Z","type":"LOGIN","user_name":"admin@rajalakshmifoundation.in","status":"success_pre_auth","ip":"::1"}
{"timestamp":"2026-02-05T06:54:43.526Z","type":"ACTION","user_name":"admin@rajalakshmiFoundation.in","role":"ADMIN","action":"login_complete","status":"success","ip":"::1"}
{"timestamp":"2026-02-05T06:54:43.630Z","type":"ACTION","user_id":"1","user_name":"admin@rajalakshmiFoundation.in","role_name":"ADMIN","method":"GET","path":"/api/applicants/count","action":"GET /api/applicants/count","ip":"::1","details":{"query":{"year":"2025"}}}
{"timestamp":"2026-02-05T06:54:43.675Z","type":"ACTION","user_id":"1","user_name":"admin@rajalakshmiFoundation.in","role_name":"ADMIN","method":"GET","path":"/api/system-config/active","action":"GET /api/system-config/active","ip":"::1"}
{"timestamp":"2026-02-05T06:54:43.723Z","type":"ACTION","user_id":"1","user_name":"admin@rajalakshmiFoundation.in","role_name":"ADMIN","method":"GET","path":"/api/applicants/selected/count","action":"GET /api/applicants/selected/count","ip":"::1","details":{"query":{"year":"2025"}}}
{"timestamp":"2026-02-05T06:54:43.749Z","type":"ACTION","user_id":"1","user_name":"admin@rajalakshmiFoundation.in","role_name":"ADMIN","method":"GET","path":"/api/applicants/shortlisted/count","action":"GET /api/applicants/shortlisted/count","ip":"::1","details":{"query":{"year":"2025"}}}
{"timestamp":"2026-02-05T06:54:43.801Z","type":"ACTION","user_id":"1","user_name":"admin@rajalakshmiFoundation.in","role_name":"ADMIN","method":"GET","path":"/api/system-config/active","action":"GET /api/system-config/active","ip":"::1"}
{"timestamp":"2026-02-05T06:54:43.831Z","type":"ACTION","user_id":"1","user_name":"admin@rajalakshmiFoundation.in","role_name":"ADMIN","method":"GET","path":"/api/applicants/count","action":"GET /api/applicants/count","ip":"::1","details":{"query":{"year":"2025"}}}
{"timestamp":"2026-02-05T06:54:43.884Z","type":"ACTION","user_id":"1","user_name":"admin@rajalakshmiFoundation.in","role_name":"ADMIN","method":"GET","path":"/api/applicants/selected/count","action":"GET /api/applicants/selected/count","ip":"::1","details":{"query":{"year":"2025"}}}
{"timestamp":"2026-02-05T06:54:43.955Z","type":"ACTION","user_id":"1","user_name":"admin@rajalakshmiFoundation.in","role_name":"ADMIN","method":"GET","path":"/api/applicants/shortlisted/count","action":"GET /api/applicants/shortlisted/count","ip":"::1","details":{"query":{"year":"2025"}}}
{"timestamp":"2026-02-05T06:54:47.791Z","type":"ACTION","user_id":"1","user_name":"admin@rajalakshmiFoundation.in","role_name":"ADMIN","method":"GET","path":"/api/exams/assigned","action":"GET /api/exams/assigned","ip":"::1"}
{"timestamp":"2026-02-05T06:54:47.818Z","type":"ACTION","user_id":"1","user_name":"admin@rajalakshmiFoundation.in","role_name":"ADMIN","method":"GET","path":"/api/exams/exam-centres","action":"GET /api/exams/exam-centres","ip":"::1"}
{"timestamp":"2026-02-05T06:54:47.831Z","type":"ACTION","user_id":"1","user_name":"admin@rajalakshmiFoundation.in","role_name":"ADMIN","method":"GET","path":"/api/exams/divisions-by-state/1","action":"GET /api/exams/divisions-by-state/1","ip":"::1"}
{"timestamp":"2026-02-05T06:54:47.853Z","type":"ACTION","user_id":"1","user_name":"admin@rajalakshmiFoundation.in","role_name":"ADMIN","method":"GET","path":"/api/exams/used-blocks","action":"GET /api/exams/used-blocks","ip":"::1"}
{"timestamp":"2026-02-05T06:54:47.870Z","type":"ACTION","user_id":"1","user_name":"admin@rajalakshmiFoundation.in","role_name":"ADMIN","method":"GET","path":"/api/exams/notassigned","action":"GET /api/exams/notassigned","ip":"::1"}
{"timestamp":"2026-02-05T06:54:47.888Z","type":"ACTION","user_id":"1","user_name":"admin@rajalakshmiFoundation.in","role_name":"ADMIN","method":"GET","path":"/api/exams/exam-centres","action":"GET /api/exams/exam-centres","ip":"::1"}
{"timestamp":"2026-02-05T06:54:47.912Z","type":"ACTION","user_id":"1","user_name":"admin@rajalakshmiFoundation.in","role_name":"ADMIN","method":"GET","path":"/api/exams/divisions-by-state/1","action":"GET /api/exams/divisions-by-state/1","ip":"::1"}
{"timestamp":"2026-02-05T06:54:47.961Z","type":"ACTION","user_id":"1","user_name":"admin@rajalakshmiFoundation.in","role_name":"ADMIN","method":"GET","path":"/api/exams/notassigned","action":"GET /api/exams/notassigned","ip":"::1"}
{"timestamp":"2026-02-05T06:54:47.977Z","type":"ACTION","user_id":"1","user_name":"admin@rajalakshmiFoundation.in","role_name":"ADMIN","method":"GET","path":"/api/exams/used-blocks","action":"GET /api/exams/used-blocks","ip":"::1"}
{"timestamp":"2026-02-05T06:54:47.984Z","type":"ACTION","user_id":"1","user_name":"admin@rajalakshmiFoundation.in","role_name":"ADMIN","method":"GET","path":"/api/exams/assigned","action":"GET /api/exams/assigned","ip":"::1"}
{"timestamp":"2026-02-05T06:54:48.061Z","type":"ACTION","user_id":"1","user_name":"admin@rajalakshmiFoundation.in","role_name":"ADMIN","method":"GET","path":"/api/exams/blocks-by-district/2914","action":"GET /api/exams/blocks-by-district/2914","ip":"::1"}
{"timestamp":"2026-02-05T06:54:48.070Z","type":"ACTION","user_id":"1","user_name":"admin@rajalakshmiFoundation.in","role_name":"ADMIN","method":"GET","path":"/api/exams/blocks-by-district/2920","action":"GET /api/exams/blocks-by-district/2920","ip":"::1"}
{"timestamp":"2026-02-05T06:54:48.079Z","type":"ACTION","user_id":"1","user_name":"admin@rajalakshmiFoundation.in","role_name":"ADMIN","method":"GET","path":"/api/exams/blocks-by-district/2910","action":"GET /api/exams/blocks-by-district/2910","ip":"::1"}
{"timestamp":"2026-02-05T06:54:48.089Z","type":"ACTION","user_id":"1","user_name":"admin@rajalakshmiFoundation.in","role_name":"ADMIN","method":"GET","path":"/api/exams/blocks-by-district/2934","action":"GET /api/exams/blocks-by-district/2934","ip":"::1"}
{"timestamp":"2026-02-05T06:54:48.100Z","type":"ACTION","user_id":"1","user_name":"admin@rajalakshmiFoundation.in","role_name":"ADMIN","method":"GET","path":"/api/exams/blocks-by-district/2908","action":"GET /api/exams/blocks-by-district/2908","ip":"::1"}
{"timestamp":"2026-02-05T06:54:48.119Z","type":"ACTION","user_id":"1","user_name":"admin@rajalakshmiFoundation.in","role_name":"ADMIN","method":"GET","path":"/api/exams/blocks-by-district/2911","action":"GET /api/exams/blocks-by-district/2911","ip":"::1"}
{"timestamp":"2026-02-05T06:54:48.131Z","type":"ACTION","user_id":"1","user_name":"admin@rajalakshmiFoundation.in","role_name":"ADMIN","method":"GET","path":"/api/exams/blocks-by-district/2909","action":"GET /api/exams/blocks-by-district/2909","ip":"::1"}
{"timestamp":"2026-02-05T06:54:48.139Z","type":"ACTION","user_id":"1","user_name":"admin@rajalakshmiFoundation.in","role_name":"ADMIN","method":"GET","path":"/api/exams/blocks-by-district/2903","action":"GET /api/exams/blocks-by-district/2903","ip":"::1"}
{"timestamp":"2026-02-05T06:54:48.156Z","type":"ACTION","user_id":"1","user_name":"admin@rajalakshmiFoundation.in","role_name":"ADMIN","method":"GET","path":"/api/exams/blocks-by-district/2902","action":"GET /api/exams/blocks-by-district/2902","ip":"::1"}
{"timestamp":"2026-02-05T06:54:48.170Z","type":"ACTION","user_id":"1","user_name":"admin@rajalakshmiFoundation.in","role_name":"ADMIN","method":"GET","path":"/api/exams/blocks-by-district/2901","action":"GET /api/exams/blocks-by-district/2901","ip":"::1"}
{"timestamp":"2026-02-05T06:54:48.187Z","type":"ACTION","user_id":"1","user_name":"admin@rajalakshmiFoundation.in","role_name":"ADMIN","method":"GET","path":"/api/exams/blocks-by-district/2930","action":"GET /api/exams/blocks-by-district/2930","ip":"::1"}
{"timestamp":"2026-02-05T06:54:48.194Z","type":"ACTION","user_id":"1","user_name":"admin@rajalakshmiFoundation.in","role_name":"ADMIN","method":"GET","path":"/api/exams/blocks-by-district/2914","action":"GET /api/exams/blocks-by-district/2914","ip":"::1"}
{"timestamp":"2026-02-05T06:54:48.203Z","type":"ACTION","user_id":"1","user_name":"admin@rajalakshmiFoundation.in","role_name":"ADMIN","method":"GET","path":"/api/exams/blocks-by-district/2920","action":"GET /api/exams/blocks-by-district/2920","ip":"::1"}
{"timestamp":"2026-02-05T06:54:48.217Z","type":"ACTION","user_id":"1","user_name":"admin@rajalakshmiFoundation.in","role_name":"ADMIN","method":"GET","path":"/api/exams/blocks-by-district/2910","action":"GET /api/exams/blocks-by-district/2910","ip":"::1"}
{"timestamp":"2026-02-05T06:54:48.229Z","type":"ACTION","user_id":"1","user_name":"admin@rajalakshmiFoundation.in","role_name":"ADMIN","method":"GET","path":"/api/exams/blocks-by-district/2934","action":"GET /api/exams/blocks-by-district/2934","ip":"::1"}
{"timestamp":"2026-02-05T06:54:48.248Z","type":"ACTION","user_id":"1","user_name":"admin@rajalakshmiFoundation.in","role_name":"ADMIN","method":"GET","path":"/api/exams/blocks-by-district/2911","action":"GET /api/exams/blocks-by-district/2911","ip":"::1"}
{"timestamp":"2026-02-05T06:54:48.255Z","type":"ACTION","user_id":"1","user_name":"admin@rajalakshmiFoundation.in","role_name":"ADMIN","method":"GET","path":"/api/exams/blocks-by-district/2909","action":"GET /api/exams/blocks-by-district/2909","ip":"::1"}
{"timestamp":"2026-02-05T06:54:48.267Z","type":"ACTION","user_id":"1","user_name":"admin@rajalakshmiFoundation.in","role_name":"ADMIN","method":"GET","path":"/api/exams/blocks-by-district/2903","action":"GET /api/exams/blocks-by-district/2903","ip":"::1"}
{"timestamp":"2026-02-05T06:54:48.275Z","type":"ACTION","user_id":"1","user_name":"admin@rajalakshmiFoundation.in","role_name":"ADMIN","method":"GET","path":"/api/exams/blocks-by-district/2902","action":"GET /api/exams/blocks-by-district/2902","ip":"::1"}
{"timestamp":"2026-02-05T06:54:48.288Z","type":"ACTION","user_id":"1","user_name":"admin@rajalakshmiFoundation.in","role_name":"ADMIN","method":"GET","path":"/api/exams/blocks-by-district/2901","action":"GET /api/exams/blocks-by-district/2901","ip":"::1"}
{"timestamp":"2026-02-05T06:54:48.308Z","type":"ACTION","user_id":"1","user_name":"admin@rajalakshmiFoundation.in","role_name":"ADMIN","method":"GET","path":"/api/exams/blocks-by-district/2930","action":"GET /api/exams/blocks-by-district/2930","ip":"::1"}
{"timestamp":"2026-02-05T06:54:48.322Z","type":"ACTION","user_id":"1","user_name":"admin@rajalakshmiFoundation.in","role_name":"ADMIN","method":"GET","path":"/api/exams/blocks-by-district/2920","action":"GET /api/exams/blocks-by-district/2920","ip":"::1"}
{"timestamp":"2026-02-05T06:54:48.335Z","type":"ACTION","user_id":"1","user_name":"admin@rajalakshmiFoundation.in","role_name":"ADMIN","method":"GET","path":"/api/exams/blocks-by-district/2910","action":"GET /api/exams/blocks-by-district/2910","ip":"::1"}
{"timestamp":"2026-02-05T06:54:48.344Z","type":"ACTION","user_id":"1","user_name":"admin@rajalakshmiFoundation.in","role_name":"ADMIN","method":"GET","path":"/api/exams/blocks-by-district/2934","action":"GET /api/exams/blocks-by-district/2934","ip":"::1"}
{"timestamp":"2026-02-05T06:54:48.352Z","type":"ACTION","user_id":"1","user_name":"admin@rajalakshmiFoundation.in","role_name":"ADMIN","method":"GET","path":"/api/exams/blocks-by-district/2911","action":"GET /api/exams/blocks-by-district/2911","ip":"::1"}
{"timestamp":"2026-02-05T06:54:48.372Z","type":"ACTION","user_id":"1","user_name":"admin@rajalakshmiFoundation.in","role_name":"ADMIN","method":"GET","path":"/api/exams/blocks-by-district/2909","action":"GET /api/exams/blocks-by-district/2909","ip":"::1"}
{"timestamp":"2026-02-05T06:54:48.381Z","type":"ACTION","user_id":"1","user_name":"admin@rajalakshmiFoundation.in","role_name":"ADMIN","method":"GET","path":"/api/exams/blocks-by-district/2903","action":"GET /api/exams/blocks-by-district/2903","ip":"::1"}
{"timestamp":"2026-02-05T06:54:48.390Z","type":"ACTION","user_id":"1","user_name":"admin@rajalakshmiFoundation.in","role_name":"ADMIN","method":"GET","path":"/api/exams/blocks-by-district/2902","action":"GET /api/exams/blocks-by-district/2902","ip":"::1"}
{"timestamp":"2026-02-05T06:54:48.398Z","type":"ACTION","user_id":"1","user_name":"admin@rajalakshmiFoundation.in","role_name":"ADMIN","method":"GET","path":"/api/exams/blocks-by-district/2901","action":"GET /api/exams/blocks-by-district/2901","ip":"::1"}
{"timestamp":"2026-02-05T06:54:48.406Z","type":"ACTION","user_id":"1","user_name":"admin@rajalakshmiFoundation.in","role_name":"ADMIN","method":"GET","path":"/api/exams/blocks-by-district/2930","action":"GET /api/exams/blocks-by-district/2930","ip":"::1"}
{"timestamp":"2026-02-05T06:54:48.427Z","type":"ACTION","user_id":"1","user_name":"admin@rajalakshmiFoundation.in","role_name":"ADMIN","method":"GET","path":"/api/exams/blocks-by-district/2920","action":"GET /api/exams/blocks-by-district/2920","ip":"::1"}
{"timestamp":"2026-02-05T06:54:48.435Z","type":"ACTION","user_id":"1","user_name":"admin@rajalakshmiFoundation.in","role_name":"ADMIN","method":"GET","path":"/api/exams/blocks-by-district/2910","action":"GET /api/exams/blocks-by-district/2910","ip":"::1"}
{"timestamp":"2026-02-05T06:54:48.444Z","type":"ACTION","user_id":"1","user_name":"admin@rajalakshmiFoundation.in","role_name":"ADMIN","method":"GET","path":"/api/exams/blocks-by-district/2934","action":"GET /api/exams/blocks-by-district/2934","ip":"::1"}
{"timestamp":"2026-02-05T06:54:48.452Z","type":"ACTION","user_id":"1","user_name":"admin@rajalakshmiFoundation.in","role_name":"ADMIN","method":"GET","path":"/api/exams/blocks-by-district/2911","action":"GET /api/exams/blocks-by-district/2911","ip":"::1"}
{"timestamp":"2026-02-05T06:54:48.459Z","type":"ACTION","user_id":"1","user_name":"admin@rajalakshmiFoundation.in","role_name":"ADMIN","method":"GET","path":"/api/exams/blocks-by-district/2909","action":"GET /api/exams/blocks-by-district/2909","ip":"::1"}
{"timestamp":"2026-02-05T06:54:48.471Z","type":"ACTION","user_id":"1","user_name":"admin@rajalakshmiFoundation.in","role_name":"ADMIN","method":"GET","path":"/api/exams/blocks-by-district/2903","action":"GET /api/exams/blocks-by-district/2903","ip":"::1"}
{"timestamp":"2026-02-05T06:54:48.490Z","type":"ACTION","user_id":"1","user_name":"admin@rajalakshmiFoundation.in","role_name":"ADMIN","method":"GET","path":"/api/exams/blocks-by-district/2902","action":"GET /api/exams/blocks-by-district/2902","ip":"::1"}
{"timestamp":"2026-02-05T06:54:48.499Z","type":"ACTION","user_id":"1","user_name":"admin@rajalakshmiFoundation.in","role_name":"ADMIN","method":"GET","path":"/api/exams/blocks-by-district/2901","action":"GET /api/exams/blocks-by-district/2901","ip":"::1"}
{"timestamp":"2026-02-05T06:54:48.509Z","type":"ACTION","user_id":"1","user_name":"admin@rajalakshmiFoundation.in","role_name":"ADMIN","method":"GET","path":"/api/exams/blocks-by-district/2930","action":"GET /api/exams/blocks-by-district/2930","ip":"::1"}
{"timestamp":"2026-02-05T06:54:48.519Z","type":"ACTION","user_id":"1","user_name":"admin@rajalakshmiFoundation.in","role_name":"ADMIN","method":"GET","path":"/api/exams/blocks-by-district/2908","action":"GET /api/exams/blocks-by-district/2908","ip":"::1"}
{"timestamp":"2026-02-05T06:54:48.526Z","type":"ACTION","user_id":"1","user_name":"admin@rajalakshmiFoundation.in","role_name":"ADMIN","method":"GET","path":"/api/exams/blocks-by-district/2920","action":"GET /api/exams/blocks-by-district/2920","ip":"::1"}
{"timestamp":"2026-02-05T06:54:48.536Z","type":"ACTION","user_id":"1","user_name":"admin@rajalakshmiFoundation.in","role_name":"ADMIN","method":"GET","path":"/api/exams/blocks-by-district/2911","action":"GET /api/exams/blocks-by-district/2911","ip":"::1"}
{"timestamp":"2026-02-05T06:54:48.555Z","type":"ACTION","user_id":"1","user_name":"admin@rajalakshmiFoundation.in","role_name":"ADMIN","method":"GET","path":"/api/exams/blocks-by-district/2901","action":"GET /api/exams/blocks-by-district/2901","ip":"::1"}
{"timestamp":"2026-02-05T06:54:48.564Z","type":"ACTION","user_id":"1","user_name":"admin@rajalakshmiFoundation.in","role_name":"ADMIN","method":"GET","path":"/api/exams/blocks-by-district/2930","action":"GET /api/exams/blocks-by-district/2930","ip":"::1"}
{"timestamp":"2026-02-05T06:54:48.571Z","type":"ACTION","user_id":"1","user_name":"admin@rajalakshmiFoundation.in","role_name":"ADMIN","method":"GET","path":"/api/exams/blocks-by-district/2920","action":"GET /api/exams/blocks-by-district/2920","ip":"::1"}
{"timestamp":"2026-02-05T06:54:48.579Z","type":"ACTION","user_id":"1","user_name":"admin@rajalakshmiFoundation.in","role_name":"ADMIN","method":"GET","path":"/api/exams/blocks-by-district/2911","action":"GET /api/exams/blocks-by-district/2911","ip":"::1"}
{"timestamp":"2026-02-05T06:54:48.599Z","type":"ACTION","user_id":"1","user_name":"admin@rajalakshmiFoundation.in","role_name":"ADMIN","method":"GET","path":"/api/exams/blocks-by-district/2901","action":"GET /api/exams/blocks-by-district/2901","ip":"::1"}
{"timestamp":"2026-02-05T06:54:48.609Z","type":"ACTION","user_id":"1","user_name":"admin@rajalakshmiFoundation.in","role_name":"ADMIN","method":"GET","path":"/api/exams/blocks-by-district/2930","action":"GET /api/exams/blocks-by-district/2930","ip":"::1"}
{"timestamp":"2026-02-05T06:54:48.619Z","type":"ACTION","user_id":"1","user_name":"admin@rajalakshmiFoundation.in","role_name":"ADMIN","method":"GET","path":"/api/exams/blocks-by-district/2920","action":"GET /api/exams/blocks-by-district/2920","ip":"::1"}
{"timestamp":"2026-02-05T06:54:48.633Z","type":"ACTION","user_id":"1","user_name":"admin@rajalakshmiFoundation.in","role_name":"ADMIN","method":"GET","path":"/api/exams/blocks-by-district/2901","action":"GET /api/exams/blocks-by-district/2901","ip":"::1"}
{"timestamp":"2026-02-05T06:54:48.644Z","type":"ACTION","user_id":"1","user_name":"admin@rajalakshmiFoundation.in","role_name":"ADMIN","method":"GET","path":"/api/exams/blocks-by-district/2930","action":"GET /api/exams/blocks-by-district/2930","ip":"::1"}
{"timestamp":"2026-02-05T06:54:48.656Z","type":"ACTION","user_id":"1","user_name":"admin@rajalakshmiFoundation.in","role_name":"ADMIN","method":"GET","path":"/api/exams/blocks-by-district/2920","action":"GET /api/exams/blocks-by-district/2920","ip":"::1"}
{"timestamp":"2026-02-05T06:54:48.673Z","type":"ACTION","user_id":"1","user_name":"admin@rajalakshmiFoundation.in","role_name":"ADMIN","method":"GET","path":"/api/exams/blocks-by-district/2901","action":"GET /api/exams/blocks-by-district/2901","ip":"::1"}
{"timestamp":"2026-02-05T06:54:48.685Z","type":"ACTION","user_id":"1","user_name":"admin@rajalakshmiFoundation.in","role_name":"ADMIN","method":"GET","path":"/api/exams/blocks-by-district/2930","action":"GET /api/exams/blocks-by-district/2930","ip":"::1"}
{"timestamp":"2026-02-05T06:54:50.891Z","type":"ACTION","user_id":"anonymous","user_name":"anonymous","role_name":"anonymous","method":"GET","path":"/api/exams/26/KPS_YEDIYURU_HIGH_SCHOOL_SOU3_13_07_2025_10_00_14_00/download-all-hall-tickets","action":"GET /api/exams/26/KPS_YEDIYURU_HIGH_SCHOOL_SOU3_13_07_2025_10_00_14_00/download-all-hall-tickets","ip":"::1"}
{"timestamp":"2026-02-05T06:55:54.768Z","type":"ACTION","user_id":"1","user_name":"admin@rajalakshmiFoundation.in","role_name":"ADMIN","method":"GET","path":"/api/exams/divisions-by-state/1","action":"GET /api/exams/divisions-by-state/1","ip":"::1"}
{"timestamp":"2026-02-05T06:55:54.792Z","type":"ACTION","user_id":"1","user_name":"admin@rajalakshmiFoundation.in","role_name":"ADMIN","method":"GET","path":"/api/exams/assigned","action":"GET /api/exams/assigned","ip":"::1"}
{"timestamp":"2026-02-05T06:55:54.807Z","type":"ACTION","user_id":"1","user_name":"admin@rajalakshmiFoundation.in","role_name":"ADMIN","method":"GET","path":"/api/exams/exam-centres","action":"GET /api/exams/exam-centres","ip":"::1"}
{"timestamp":"2026-02-05T06:55:54.826Z","type":"ACTION","user_id":"1","user_name":"admin@rajalakshmiFoundation.in","role_name":"ADMIN","method":"GET","path":"/api/exams/used-blocks","action":"GET /api/exams/used-blocks","ip":"::1"}
{"timestamp":"2026-02-05T06:55:54.839Z","type":"ACTION","user_id":"1","user_name":"admin@rajalakshmiFoundation.in","role_name":"ADMIN","method":"GET","path":"/api/exams/notassigned","action":"GET /api/exams/notassigned","ip":"::1"}
{"timestamp":"2026-02-05T06:55:54.860Z","type":"ACTION","user_id":"1","user_name":"admin@rajalakshmiFoundation.in","role_name":"ADMIN","method":"GET","path":"/api/system-config/active","action":"GET /api/system-config/active","ip":"::1"}
{"timestamp":"2026-02-05T06:55:55.017Z","type":"ACTION","user_id":"1","user_name":"admin@rajalakshmiFoundation.in","role_name":"ADMIN","method":"GET","path":"/api/exams/exam-centres","action":"GET /api/exams/exam-centres","ip":"::1"}
{"timestamp":"2026-02-05T06:55:55.026Z","type":"ACTION","user_id":"1","user_name":"admin@rajalakshmiFoundation.in","role_name":"ADMIN","method":"GET","path":"/api/exams/divisions-by-state/1","action":"GET /api/exams/divisions-by-state/1","ip":"::1"}
{"timestamp":"2026-02-05T06:55:55.085Z","type":"ACTION","user_id":"1","user_name":"admin@rajalakshmiFoundation.in","role_name":"ADMIN","method":"GET","path":"/api/exams/notassigned","action":"GET /api/exams/notassigned","ip":"::1"}
{"timestamp":"2026-02-05T06:55:55.113Z","type":"ACTION","user_id":"1","user_name":"admin@rajalakshmiFoundation.in","role_name":"ADMIN","method":"GET","path":"/api/exams/used-blocks","action":"GET /api/exams/used-blocks","ip":"::1"}
{"timestamp":"2026-02-05T06:55:55.120Z","type":"ACTION","user_id":"1","user_name":"admin@rajalakshmiFoundation.in","role_name":"ADMIN","method":"GET","path":"/api/exams/assigned","action":"GET /api/exams/assigned","ip":"::1"}
{"timestamp":"2026-02-05T06:55:55.171Z","type":"ACTION","user_id":"1","user_name":"admin@rajalakshmiFoundation.in","role_name":"ADMIN","method":"GET","path":"/api/exams/blocks-by-district/2920","action":"GET /api/exams/blocks-by-district/2920","ip":"::1"}
{"timestamp":"2026-02-05T06:55:55.178Z","type":"ACTION","user_id":"1","user_name":"admin@rajalakshmiFoundation.in","role_name":"ADMIN","method":"GET","path":"/api/system-config/active","action":"GET /api/system-config/active","ip":"::1"}
{"timestamp":"2026-02-05T06:55:55.183Z","type":"ACTION","user_id":"1","user_name":"admin@rajalakshmiFoundation.in","role_name":"ADMIN","method":"GET","path":"/api/exams/blocks-by-district/2914","action":"GET /api/exams/blocks-by-district/2914","ip":"::1"}
{"timestamp":"2026-02-05T06:55:55.190Z","type":"ACTION","user_id":"1","user_name":"admin@rajalakshmiFoundation.in","role_name":"ADMIN","method":"GET","path":"/api/exams/blocks-by-district/2934","action":"GET /api/exams/blocks-by-district/2934","ip":"::1"}
{"timestamp":"2026-02-05T06:55:55.197Z","type":"ACTION","user_id":"1","user_name":"admin@rajalakshmiFoundation.in","role_name":"ADMIN","method":"GET","path":"/api/exams/blocks-by-district/2910","action":"GET /api/exams/blocks-by-district/2910","ip":"::1"}
{"timestamp":"2026-02-05T06:55:55.219Z","type":"ACTION","user_id":"1","user_name":"admin@rajalakshmiFoundation.in","role_name":"ADMIN","method":"GET","path":"/api/exams/blocks-by-district/2908","action":"GET /api/exams/blocks-by-district/2908","ip":"::1"}
{"timestamp":"2026-02-05T06:55:55.227Z","type":"ACTION","user_id":"1","user_name":"admin@rajalakshmiFoundation.in","role_name":"ADMIN","method":"GET","path":"/api/exams/blocks-by-district/2909","action":"GET /api/exams/blocks-by-district/2909","ip":"::1"}
{"timestamp":"2026-02-05T06:55:55.236Z","type":"ACTION","user_id":"1","user_name":"admin@rajalakshmiFoundation.in","role_name":"ADMIN","method":"GET","path":"/api/exams/blocks-by-district/2911","action":"GET /api/exams/blocks-by-district/2911","ip":"::1"}
{"timestamp":"2026-02-05T06:55:55.246Z","type":"ACTION","user_id":"1","user_name":"admin@rajalakshmiFoundation.in","role_name":"ADMIN","method":"GET","path":"/api/exams/blocks-by-district/2903","action":"GET /api/exams/blocks-by-district/2903","ip":"::1"}
{"timestamp":"2026-02-05T06:55:55.252Z","type":"ACTION","user_id":"1","user_name":"admin@rajalakshmiFoundation.in","role_name":"ADMIN","method":"GET","path":"/api/exams/blocks-by-district/2902","action":"GET /api/exams/blocks-by-district/2902","ip":"::1"}
{"timestamp":"2026-02-05T06:55:55.262Z","type":"ACTION","user_id":"1","user_name":"admin@rajalakshmiFoundation.in","role_name":"ADMIN","method":"GET","path":"/api/exams/blocks-by-district/2901","action":"GET /api/exams/blocks-by-district/2901","ip":"::1"}
{"timestamp":"2026-02-05T06:55:55.282Z","type":"ACTION","user_id":"1","user_name":"admin@rajalakshmiFoundation.in","role_name":"ADMIN","method":"GET","path":"/api/exams/blocks-by-district/2930","action":"GET /api/exams/blocks-by-district/2930","ip":"::1"}
{"timestamp":"2026-02-05T06:55:55.290Z","type":"ACTION","user_id":"1","user_name":"admin@rajalakshmiFoundation.in","role_name":"ADMIN","method":"GET","path":"/api/exams/blocks-by-district/2920","action":"GET /api/exams/blocks-by-district/2920","ip":"::1"}
{"timestamp":"2026-02-05T06:55:55.299Z","type":"ACTION","user_id":"1","user_name":"admin@rajalakshmiFoundation.in","role_name":"ADMIN","method":"GET","path":"/api/exams/blocks-by-district/2914","action":"GET /api/exams/blocks-by-district/2914","ip":"::1"}
{"timestamp":"2026-02-05T06:55:55.308Z","type":"ACTION","user_id":"1","user_name":"admin@rajalakshmiFoundation.in","role_name":"ADMIN","method":"GET","path":"/api/exams/blocks-by-district/2934","action":"GET /api/exams/blocks-by-district/2934","ip":"::1"}
{"timestamp":"2026-02-05T06:55:55.315Z","type":"ACTION","user_id":"1","user_name":"admin@rajalakshmiFoundation.in","role_name":"ADMIN","method":"GET","path":"/api/exams/blocks-by-district/2910","action":"GET /api/exams/blocks-by-district/2910","ip":"::1"}
{"timestamp":"2026-02-05T06:55:55.321Z","type":"ACTION","user_id":"1","user_name":"admin@rajalakshmiFoundation.in","role_name":"ADMIN","method":"GET","path":"/api/exams/blocks-by-district/2908","action":"GET /api/exams/blocks-by-district/2908","ip":"::1"}
{"timestamp":"2026-02-05T06:55:55.335Z","type":"ACTION","user_id":"1","user_name":"admin@rajalakshmiFoundation.in","role_name":"ADMIN","method":"GET","path":"/api/exams/blocks-by-district/2909","action":"GET /api/exams/blocks-by-district/2909","ip":"::1"}
{"timestamp":"2026-02-05T06:55:55.341Z","type":"ACTION","user_id":"1","user_name":"admin@rajalakshmiFoundation.in","role_name":"ADMIN","method":"GET","path":"/api/exams/blocks-by-district/2911","action":"GET /api/exams/blocks-by-district/2911","ip":"::1"}
{"timestamp":"2026-02-05T06:55:55.346Z","type":"ACTION","user_id":"1","user_name":"admin@rajalakshmiFoundation.in","role_name":"ADMIN","method":"GET","path":"/api/exams/blocks-by-district/2903","action":"GET /api/exams/blocks-by-district/2903","ip":"::1"}
{"timestamp":"2026-02-05T06:55:55.352Z","type":"ACTION","user_id":"1","user_name":"admin@rajalakshmiFoundation.in","role_name":"ADMIN","method":"GET","path":"/api/exams/blocks-by-district/2902","action":"GET /api/exams/blocks-by-district/2902","ip":"::1"}
{"timestamp":"2026-02-05T06:55:55.358Z","type":"ACTION","user_id":"1","user_name":"admin@rajalakshmiFoundation.in","role_name":"ADMIN","method":"GET","path":"/api/exams/blocks-by-district/2901","action":"GET /api/exams/blocks-by-district/2901","ip":"::1"}
{"timestamp":"2026-02-05T06:55:55.363Z","type":"ACTION","user_id":"1","user_name":"admin@rajalakshmiFoundation.in","role_name":"ADMIN","method":"GET","path":"/api/exams/blocks-by-district/2930","action":"GET /api/exams/blocks-by-district/2930","ip":"::1"}
{"timestamp":"2026-02-05T06:55:55.377Z","type":"ACTION","user_id":"1","user_name":"admin@rajalakshmiFoundation.in","role_name":"ADMIN","method":"GET","path":"/api/exams/blocks-by-district/2920","action":"GET /api/exams/blocks-by-district/2920","ip":"::1"}
{"timestamp":"2026-02-05T06:55:55.386Z","type":"ACTION","user_id":"1","user_name":"admin@rajalakshmiFoundation.in","role_name":"ADMIN","method":"GET","path":"/api/exams/blocks-by-district/2934","action":"GET /api/exams/blocks-by-district/2934","ip":"::1"}
{"timestamp":"2026-02-05T06:55:55.394Z","type":"ACTION","user_id":"1","user_name":"admin@rajalakshmiFoundation.in","role_name":"ADMIN","method":"GET","path":"/api/exams/blocks-by-district/2910","action":"GET /api/exams/blocks-by-district/2910","ip":"::1"}
{"timestamp":"2026-02-05T06:55:55.401Z","type":"ACTION","user_id":"1","user_name":"admin@rajalakshmiFoundation.in","role_name":"ADMIN","method":"GET","path":"/api/exams/blocks-by-district/2909","action":"GET /api/exams/blocks-by-district/2909","ip":"::1"}
{"timestamp":"2026-02-05T06:55:55.409Z","type":"ACTION","user_id":"1","user_name":"admin@rajalakshmiFoundation.in","role_name":"ADMIN","method":"GET","path":"/api/exams/blocks-by-district/2911","action":"GET /api/exams/blocks-by-district/2911","ip":"::1"}
{"timestamp":"2026-02-05T06:55:55.417Z","type":"ACTION","user_id":"1","user_name":"admin@rajalakshmiFoundation.in","role_name":"ADMIN","method":"GET","path":"/api/exams/blocks-by-district/2903","action":"GET /api/exams/blocks-by-district/2903","ip":"::1"}
{"timestamp":"2026-02-05T06:55:55.431Z","type":"ACTION","user_id":"1","user_name":"admin@rajalakshmiFoundation.in","role_name":"ADMIN","method":"GET","path":"/api/exams/blocks-by-district/2902","action":"GET /api/exams/blocks-by-district/2902","ip":"::1"}
{"timestamp":"2026-02-05T06:55:55.438Z","type":"ACTION","user_id":"1","user_name":"admin@rajalakshmiFoundation.in","role_name":"ADMIN","method":"GET","path":"/api/exams/blocks-by-district/2901","action":"GET /api/exams/blocks-by-district/2901","ip":"::1"}
{"timestamp":"2026-02-05T06:55:55.442Z","type":"ACTION","user_id":"1","user_name":"admin@rajalakshmiFoundation.in","role_name":"ADMIN","method":"GET","path":"/api/exams/blocks-by-district/2930","action":"GET /api/exams/blocks-by-district/2930","ip":"::1"}
{"timestamp":"2026-02-05T06:55:55.450Z","type":"ACTION","user_id":"1","user_name":"admin@rajalakshmiFoundation.in","role_name":"ADMIN","method":"GET","path":"/api/exams/blocks-by-district/2920","action":"GET /api/exams/blocks-by-district/2920","ip":"::1"}
{"timestamp":"2026-02-05T06:55:55.455Z","type":"ACTION","user_id":"1","user_name":"admin@rajalakshmiFoundation.in","role_name":"ADMIN","method":"GET","path":"/api/exams/blocks-by-district/2934","action":"GET /api/exams/blocks-by-district/2934","ip":"::1"}
{"timestamp":"2026-02-05T06:55:55.462Z","type":"ACTION","user_id":"1","user_name":"admin@rajalakshmiFoundation.in","role_name":"ADMIN","method":"GET","path":"/api/exams/blocks-by-district/2910","action":"GET /api/exams/blocks-by-district/2910","ip":"::1"}
{"timestamp":"2026-02-05T06:55:55.480Z","type":"ACTION","user_id":"1","user_name":"admin@rajalakshmiFoundation.in","role_name":"ADMIN","method":"GET","path":"/api/exams/blocks-by-district/2909","action":"GET /api/exams/blocks-by-district/2909","ip":"::1"}
{"timestamp":"2026-02-05T06:55:55.490Z","type":"ACTION","user_id":"1","user_name":"admin@rajalakshmiFoundation.in","role_name":"ADMIN","method":"GET","path":"/api/exams/blocks-by-district/2911","action":"GET /api/exams/blocks-by-district/2911","ip":"::1"}
{"timestamp":"2026-02-05T06:55:55.499Z","type":"ACTION","user_id":"1","user_name":"admin@rajalakshmiFoundation.in","role_name":"ADMIN","method":"GET","path":"/api/exams/blocks-by-district/2903","action":"GET /api/exams/blocks-by-district/2903","ip":"::1"}
{"timestamp":"2026-02-05T06:55:55.510Z","type":"ACTION","user_id":"1","user_name":"admin@rajalakshmiFoundation.in","role_name":"ADMIN","method":"GET","path":"/api/exams/blocks-by-district/2902","action":"GET /api/exams/blocks-by-district/2902","ip":"::1"}
{"timestamp":"2026-02-05T06:55:55.516Z","type":"ACTION","user_id":"1","user_name":"admin@rajalakshmiFoundation.in","role_name":"ADMIN","method":"GET","path":"/api/exams/blocks-by-district/2901","action":"GET /api/exams/blocks-by-district/2901","ip":"::1"}
{"timestamp":"2026-02-05T06:55:55.525Z","type":"ACTION","user_id":"1","user_name":"admin@rajalakshmiFoundation.in","role_name":"ADMIN","method":"GET","path":"/api/exams/blocks-by-district/2930","action":"GET /api/exams/blocks-by-district/2930","ip":"::1"}
{"timestamp":"2026-02-05T06:55:55.543Z","type":"ACTION","user_id":"1","user_name":"admin@rajalakshmiFoundation.in","role_name":"ADMIN","method":"GET","path":"/api/exams/blocks-by-district/2920","action":"GET /api/exams/blocks-by-district/2920","ip":"::1"}
{"timestamp":"2026-02-05T06:55:55.551Z","type":"ACTION","user_id":"1","user_name":"admin@rajalakshmiFoundation.in","role_name":"ADMIN","method":"GET","path":"/api/exams/blocks-by-district/2911","action":"GET /api/exams/blocks-by-district/2911","ip":"::1"}
{"timestamp":"2026-02-05T06:55:55.559Z","type":"ACTION","user_id":"1","user_name":"admin@rajalakshmiFoundation.in","role_name":"ADMIN","method":"GET","path":"/api/exams/blocks-by-district/2901","action":"GET /api/exams/blocks-by-district/2901","ip":"::1"}
{"timestamp":"2026-02-05T06:55:55.569Z","type":"ACTION","user_id":"1","user_name":"admin@rajalakshmiFoundation.in","role_name":"ADMIN","method":"GET","path":"/api/exams/blocks-by-district/2930","action":"GET /api/exams/blocks-by-district/2930","ip":"::1"}
{"timestamp":"2026-02-05T06:55:55.590Z","type":"ACTION","user_id":"1","user_name":"admin@rajalakshmiFoundation.in","role_name":"ADMIN","method":"GET","path":"/api/exams/blocks-by-district/2920","action":"GET /api/exams/blocks-by-district/2920","ip":"::1"}
{"timestamp":"2026-02-05T06:55:55.598Z","type":"ACTION","user_id":"1","user_name":"admin@rajalakshmiFoundation.in","role_name":"ADMIN","method":"GET","path":"/api/exams/blocks-by-district/2911","action":"GET /api/exams/blocks-by-district/2911","ip":"::1"}
{"timestamp":"2026-02-05T06:55:55.608Z","type":"ACTION","user_id":"1","user_name":"admin@rajalakshmiFoundation.in","role_name":"ADMIN","method":"GET","path":"/api/exams/blocks-by-district/2901","action":"GET /api/exams/blocks-by-district/2901","ip":"::1"}
{"timestamp":"2026-02-05T06:55:55.620Z","type":"ACTION","user_id":"1","user_name":"admin@rajalakshmiFoundation.in","role_name":"ADMIN","method":"GET","path":"/api/exams/blocks-by-district/2930","action":"GET /api/exams/blocks-by-district/2930","ip":"::1"}
{"timestamp":"2026-02-05T06:55:55.646Z","type":"ACTION","user_id":"1","user_name":"admin@rajalakshmiFoundation.in","role_name":"ADMIN","method":"GET","path":"/api/exams/blocks-by-district/2920","action":"GET /api/exams/blocks-by-district/2920","ip":"::1"}
{"timestamp":"2026-02-05T06:55:55.658Z","type":"ACTION","user_id":"1","user_name":"admin@rajalakshmiFoundation.in","role_name":"ADMIN","method":"GET","path":"/api/exams/blocks-by-district/2901","action":"GET /api/exams/blocks-by-district/2901","ip":"::1"}
{"timestamp":"2026-02-05T06:55:55.667Z","type":"ACTION","user_id":"1","user_name":"admin@rajalakshmiFoundation.in","role_name":"ADMIN","method":"GET","path":"/api/exams/blocks-by-district/2930","action":"GET /api/exams/blocks-by-district/2930","ip":"::1"}
{"timestamp":"2026-02-05T06:55:55.681Z","type":"ACTION","user_id":"1","user_name":"admin@rajalakshmiFoundation.in","role_name":"ADMIN","method":"GET","path":"/api/exams/blocks-by-district/2920","action":"GET /api/exams/blocks-by-district/2920","ip":"::1"}
{"timestamp":"2026-02-05T06:55:55.690Z","type":"ACTION","user_id":"1","user_name":"admin@rajalakshmiFoundation.in","role_name":"ADMIN","method":"GET","path":"/api/exams/blocks-by-district/2901","action":"GET /api/exams/blocks-by-district/2901","ip":"::1"}
{"timestamp":"2026-02-05T06:55:55.697Z","type":"ACTION","user_id":"1","user_name":"admin@rajalakshmiFoundation.in","role_name":"ADMIN","method":"GET","path":"/api/exams/blocks-by-district/2930","action":"GET /api/exams/blocks-by-district/2930","ip":"::1"}
{"timestamp":"2026-02-05T06:55:59.037Z","type":"ACTION","user_id":"1","user_name":"admin@rajalakshmiFoundation.in","role_name":"ADMIN","method":"GET","path":"/api/exams/assigned","action":"GET /api/exams/assigned","ip":"::1"}
{"timestamp":"2026-02-05T06:55:59.061Z","type":"ACTION","user_id":"1","user_name":"admin@rajalakshmiFoundation.in","role_name":"ADMIN","method":"GET","path":"/api/exams/exam-centres","action":"GET /api/exams/exam-centres","ip":"::1"}
{"timestamp":"2026-02-05T06:55:59.070Z","type":"ACTION","user_id":"1","user_name":"admin@rajalakshmiFoundation.in","role_name":"ADMIN","method":"GET","path":"/api/exams/divisions-by-state/1","action":"GET /api/exams/divisions-by-state/1","ip":"::1"}
{"timestamp":"2026-02-05T06:55:59.079Z","type":"ACTION","user_id":"1","user_name":"admin@rajalakshmiFoundation.in","role_name":"ADMIN","method":"GET","path":"/api/exams/used-blocks","action":"GET /api/exams/used-blocks","ip":"::1"}
{"timestamp":"2026-02-05T06:55:59.087Z","type":"ACTION","user_id":"1","user_name":"admin@rajalakshmiFoundation.in","role_name":"ADMIN","method":"GET","path":"/api/exams/notassigned","action":"GET /api/exams/notassigned","ip":"::1"}
{"timestamp":"2026-02-05T06:55:59.097Z","type":"ACTION","user_id":"1","user_name":"admin@rajalakshmiFoundation.in","role_name":"ADMIN","method":"GET","path":"/api/system-config/active","action":"GET /api/system-config/active","ip":"::1"}
{"timestamp":"2026-02-05T06:55:59.162Z","type":"ACTION","user_id":"1","user_name":"admin@rajalakshmiFoundation.in","role_name":"ADMIN","method":"GET","path":"/api/exams/exam-centres","action":"GET /api/exams/exam-centres","ip":"::1"}
{"timestamp":"2026-02-05T06:55:59.176Z","type":"ACTION","user_id":"1","user_name":"admin@rajalakshmiFoundation.in","role_name":"ADMIN","method":"GET","path":"/api/exams/divisions-by-state/1","action":"GET /api/exams/divisions-by-state/1","ip":"::1"}
{"timestamp":"2026-02-05T06:55:59.183Z","type":"ACTION","user_id":"1","user_name":"admin@rajalakshmiFoundation.in","role_name":"ADMIN","method":"GET","path":"/api/exams/notassigned","action":"GET /api/exams/notassigned","ip":"::1"}
{"timestamp":"2026-02-05T06:55:59.202Z","type":"ACTION","user_id":"1","user_name":"admin@rajalakshmiFoundation.in","role_name":"ADMIN","method":"GET","path":"/api/exams/assigned","action":"GET /api/exams/assigned","ip":"::1"}
{"timestamp":"2026-02-05T06:55:59.211Z","type":"ACTION","user_id":"1","user_name":"admin@rajalakshmiFoundation.in","role_name":"ADMIN","method":"GET","path":"/api/system-config/active","action":"GET /api/system-config/active","ip":"::1"}
{"timestamp":"2026-02-05T06:55:59.223Z","type":"ACTION","user_id":"1","user_name":"admin@rajalakshmiFoundation.in","role_name":"ADMIN","method":"GET","path":"/api/exams/blocks-by-district/2920","action":"GET /api/exams/blocks-by-district/2920","ip":"::1"}
{"timestamp":"2026-02-05T06:55:59.232Z","type":"ACTION","user_id":"1","user_name":"admin@rajalakshmiFoundation.in","role_name":"ADMIN","method":"GET","path":"/api/exams/blocks-by-district/2914","action":"GET /api/exams/blocks-by-district/2914","ip":"::1"}
{"timestamp":"2026-02-05T06:55:59.245Z","type":"ACTION","user_id":"1","user_name":"admin@rajalakshmiFoundation.in","role_name":"ADMIN","method":"GET","path":"/api/exams/blocks-by-district/2910","action":"GET /api/exams/blocks-by-district/2910","ip":"::1"}
{"timestamp":"2026-02-05T06:55:59.250Z","type":"ACTION","user_id":"1","user_name":"admin@rajalakshmiFoundation.in","role_name":"ADMIN","method":"GET","path":"/api/exams/blocks-by-district/2934","action":"GET /api/exams/blocks-by-district/2934","ip":"::1"}
{"timestamp":"2026-02-05T06:55:59.257Z","type":"ACTION","user_id":"1","user_name":"admin@rajalakshmiFoundation.in","role_name":"ADMIN","method":"GET","path":"/api/exams/blocks-by-district/2908","action":"GET /api/exams/blocks-by-district/2908","ip":"::1"}
{"timestamp":"2026-02-05T06:55:59.271Z","type":"ACTION","user_id":"1","user_name":"admin@rajalakshmiFoundation.in","role_name":"ADMIN","method":"GET","path":"/api/exams/blocks-by-district/2909","action":"GET /api/exams/blocks-by-district/2909","ip":"::1"}
{"timestamp":"2026-02-05T06:55:59.290Z","type":"ACTION","user_id":"1","user_name":"admin@rajalakshmiFoundation.in","role_name":"ADMIN","method":"GET","path":"/api/exams/blocks-by-district/2911","action":"GET /api/exams/blocks-by-district/2911","ip":"::1"}
{"timestamp":"2026-02-05T06:55:59.297Z","type":"ACTION","user_id":"1","user_name":"admin@rajalakshmiFoundation.in","role_name":"ADMIN","method":"GET","path":"/api/exams/blocks-by-district/2903","action":"GET /api/exams/blocks-by-district/2903","ip":"::1"}
{"timestamp":"2026-02-05T06:55:59.303Z","type":"ACTION","user_id":"1","user_name":"admin@rajalakshmiFoundation.in","role_name":"ADMIN","method":"GET","path":"/api/exams/blocks-by-district/2902","action":"GET /api/exams/blocks-by-district/2902","ip":"::1"}
{"timestamp":"2026-02-05T06:55:59.308Z","type":"ACTION","user_id":"1","user_name":"admin@rajalakshmiFoundation.in","role_name":"ADMIN","method":"GET","path":"/api/exams/blocks-by-district/2901","action":"GET /api/exams/blocks-by-district/2901","ip":"::1"}
{"timestamp":"2026-02-05T06:55:59.317Z","type":"ACTION","user_id":"1","user_name":"admin@rajalakshmiFoundation.in","role_name":"ADMIN","method":"GET","path":"/api/exams/blocks-by-district/2930","action":"GET /api/exams/blocks-by-district/2930","ip":"::1"}
{"timestamp":"2026-02-05T06:55:59.325Z","type":"ACTION","user_id":"1","user_name":"admin@rajalakshmiFoundation.in","role_name":"ADMIN","method":"GET","path":"/api/exams/used-blocks","action":"GET /api/exams/used-blocks","ip":"::1"}
{"timestamp":"2026-02-05T06:55:59.329Z","type":"ACTION","user_id":"1","user_name":"admin@rajalakshmiFoundation.in","role_name":"ADMIN","method":"GET","path":"/api/exams/blocks-by-district/2920","action":"GET /api/exams/blocks-by-district/2920","ip":"::1"}
{"timestamp":"2026-02-05T06:55:59.333Z","type":"ACTION","user_id":"1","user_name":"admin@rajalakshmiFoundation.in","role_name":"ADMIN","method":"GET","path":"/api/exams/blocks-by-district/2910","action":"GET /api/exams/blocks-by-district/2910","ip":"::1"}
{"timestamp":"2026-02-05T06:55:59.339Z","type":"ACTION","user_id":"1","user_name":"admin@rajalakshmiFoundation.in","role_name":"ADMIN","method":"GET","path":"/api/exams/blocks-by-district/2934","action":"GET /api/exams/blocks-by-district/2934","ip":"::1"}
{"timestamp":"2026-02-05T06:55:59.343Z","type":"ACTION","user_id":"1","user_name":"admin@rajalakshmiFoundation.in","role_name":"ADMIN","method":"GET","path":"/api/exams/blocks-by-district/2914","action":"GET /api/exams/blocks-by-district/2914","ip":"::1"}
{"timestamp":"2026-02-05T06:55:59.347Z","type":"ACTION","user_id":"1","user_name":"admin@rajalakshmiFoundation.in","role_name":"ADMIN","method":"GET","path":"/api/exams/blocks-by-district/2908","action":"GET /api/exams/blocks-by-district/2908","ip":"::1"}
{"timestamp":"2026-02-05T06:55:59.357Z","type":"ACTION","user_id":"1","user_name":"admin@rajalakshmiFoundation.in","role_name":"ADMIN","method":"GET","path":"/api/exams/blocks-by-district/2909","action":"GET /api/exams/blocks-by-district/2909","ip":"::1"}
{"timestamp":"2026-02-05T06:55:59.361Z","type":"ACTION","user_id":"1","user_name":"admin@rajalakshmiFoundation.in","role_name":"ADMIN","method":"GET","path":"/api/exams/blocks-by-district/2911","action":"GET /api/exams/blocks-by-district/2911","ip":"::1"}
{"timestamp":"2026-02-05T06:55:59.364Z","type":"ACTION","user_id":"1","user_name":"admin@rajalakshmiFoundation.in","role_name":"ADMIN","method":"GET","path":"/api/exams/blocks-by-district/2903","action":"GET /api/exams/blocks-by-district/2903","ip":"::1"}
{"timestamp":"2026-02-05T06:55:59.369Z","type":"ACTION","user_id":"1","user_name":"admin@rajalakshmiFoundation.in","role_name":"ADMIN","method":"GET","path":"/api/exams/blocks-by-district/2902","action":"GET /api/exams/blocks-by-district/2902","ip":"::1"}
{"timestamp":"2026-02-05T06:55:59.375Z","type":"ACTION","user_id":"1","user_name":"admin@rajalakshmiFoundation.in","role_name":"ADMIN","method":"GET","path":"/api/exams/blocks-by-district/2901","action":"GET /api/exams/blocks-by-district/2901","ip":"::1"}
{"timestamp":"2026-02-05T06:55:59.380Z","type":"ACTION","user_id":"1","user_name":"admin@rajalakshmiFoundation.in","role_name":"ADMIN","method":"GET","path":"/api/exams/blocks-by-district/2930","action":"GET /api/exams/blocks-by-district/2930","ip":"::1"}
{"timestamp":"2026-02-05T06:55:59.393Z","type":"ACTION","user_id":"1","user_name":"admin@rajalakshmiFoundation.in","role_name":"ADMIN","method":"GET","path":"/api/exams/blocks-by-district/2920","action":"GET /api/exams/blocks-by-district/2920","ip":"::1"}
{"timestamp":"2026-02-05T06:55:59.399Z","type":"ACTION","user_id":"1","user_name":"admin@rajalakshmiFoundation.in","role_name":"ADMIN","method":"GET","path":"/api/exams/blocks-by-district/2910","action":"GET /api/exams/blocks-by-district/2910","ip":"::1"}
{"timestamp":"2026-02-05T06:55:59.403Z","type":"ACTION","user_id":"1","user_name":"admin@rajalakshmiFoundation.in","role_name":"ADMIN","method":"GET","path":"/api/exams/blocks-by-district/2934","action":"GET /api/exams/blocks-by-district/2934","ip":"::1"}
{"timestamp":"2026-02-05T06:55:59.407Z","type":"ACTION","user_id":"1","user_name":"admin@rajalakshmiFoundation.in","role_name":"ADMIN","method":"GET","path":"/api/exams/blocks-by-district/2909","action":"GET /api/exams/blocks-by-district/2909","ip":"::1"}
{"timestamp":"2026-02-05T06:55:59.412Z","type":"ACTION","user_id":"1","user_name":"admin@rajalakshmiFoundation.in","role_name":"ADMIN","method":"GET","path":"/api/exams/blocks-by-district/2911","action":"GET /api/exams/blocks-by-district/2911","ip":"::1"}
{"timestamp":"2026-02-05T06:55:59.417Z","type":"ACTION","user_id":"1","user_name":"admin@rajalakshmiFoundation.in","role_name":"ADMIN","method":"GET","path":"/api/exams/blocks-by-district/2903","action":"GET /api/exams/blocks-by-district/2903","ip":"::1"}
{"timestamp":"2026-02-05T06:55:59.427Z","type":"ACTION","user_id":"1","user_name":"admin@rajalakshmiFoundation.in","role_name":"ADMIN","method":"GET","path":"/api/exams/blocks-by-district/2902","action":"GET /api/exams/blocks-by-district/2902","ip":"::1"}
{"timestamp":"2026-02-05T06:55:59.433Z","type":"ACTION","user_id":"1","user_name":"admin@rajalakshmiFoundation.in","role_name":"ADMIN","method":"GET","path":"/api/exams/blocks-by-district/2901","action":"GET /api/exams/blocks-by-district/2901","ip":"::1"}
{"timestamp":"2026-02-05T06:55:59.437Z","type":"ACTION","user_id":"1","user_name":"admin@rajalakshmiFoundation.in","role_name":"ADMIN","method":"GET","path":"/api/exams/blocks-by-district/2930","action":"GET /api/exams/blocks-by-district/2930","ip":"::1"}
{"timestamp":"2026-02-05T06:55:59.441Z","type":"ACTION","user_id":"1","user_name":"admin@rajalakshmiFoundation.in","role_name":"ADMIN","method":"GET","path":"/api/exams/blocks-by-district/2920","action":"GET /api/exams/blocks-by-district/2920","ip":"::1"}
{"timestamp":"2026-02-05T06:55:59.446Z","type":"ACTION","user_id":"1","user_name":"admin@rajalakshmiFoundation.in","role_name":"ADMIN","method":"GET","path":"/api/exams/blocks-by-district/2910","action":"GET /api/exams/blocks-by-district/2910","ip":"::1"}
{"timestamp":"2026-02-05T06:55:59.450Z","type":"ACTION","user_id":"1","user_name":"admin@rajalakshmiFoundation.in","role_name":"ADMIN","method":"GET","path":"/api/exams/blocks-by-district/2934","action":"GET /api/exams/blocks-by-district/2934","ip":"::1"}
{"timestamp":"2026-02-05T06:55:59.458Z","type":"ACTION","user_id":"1","user_name":"admin@rajalakshmiFoundation.in","role_name":"ADMIN","method":"GET","path":"/api/exams/blocks-by-district/2909","action":"GET /api/exams/blocks-by-district/2909","ip":"::1"}
{"timestamp":"2026-02-05T06:55:59.462Z","type":"ACTION","user_id":"1","user_name":"admin@rajalakshmiFoundation.in","role_name":"ADMIN","method":"GET","path":"/api/exams/blocks-by-district/2911","action":"GET /api/exams/blocks-by-district/2911","ip":"::1"}
{"timestamp":"2026-02-05T06:55:59.466Z","type":"ACTION","user_id":"1","user_name":"admin@rajalakshmiFoundation.in","role_name":"ADMIN","method":"GET","path":"/api/exams/blocks-by-district/2903","action":"GET /api/exams/blocks-by-district/2903","ip":"::1"}
{"timestamp":"2026-02-05T06:55:59.470Z","type":"ACTION","user_id":"1","user_name":"admin@rajalakshmiFoundation.in","role_name":"ADMIN","method":"GET","path":"/api/exams/blocks-by-district/2902","action":"GET /api/exams/blocks-by-district/2902","ip":"::1"}
{"timestamp":"2026-02-05T06:55:59.475Z","type":"ACTION","user_id":"1","user_name":"admin@rajalakshmiFoundation.in","role_name":"ADMIN","method":"GET","path":"/api/exams/blocks-by-district/2901","action":"GET /api/exams/blocks-by-district/2901","ip":"::1"}
{"timestamp":"2026-02-05T06:55:59.481Z","type":"ACTION","user_id":"1","user_name":"admin@rajalakshmiFoundation.in","role_name":"ADMIN","method":"GET","path":"/api/exams/blocks-by-district/2930","action":"GET /api/exams/blocks-by-district/2930","ip":"::1"}
{"timestamp":"2026-02-05T06:55:59.495Z","type":"ACTION","user_id":"1","user_name":"admin@rajalakshmiFoundation.in","role_name":"ADMIN","method":"GET","path":"/api/exams/blocks-by-district/2920","action":"GET /api/exams/blocks-by-district/2920","ip":"::1"}
{"timestamp":"2026-02-05T06:55:59.501Z","type":"ACTION","user_id":"1","user_name":"admin@rajalakshmiFoundation.in","role_name":"ADMIN","method":"GET","path":"/api/exams/blocks-by-district/2911","action":"GET /api/exams/blocks-by-district/2911","ip":"::1"}
{"timestamp":"2026-02-05T06:55:59.507Z","type":"ACTION","user_id":"1","user_name":"admin@rajalakshmiFoundation.in","role_name":"ADMIN","method":"GET","path":"/api/exams/blocks-by-district/2901","action":"GET /api/exams/blocks-by-district/2901","ip":"::1"}
{"timestamp":"2026-02-05T06:55:59.513Z","type":"ACTION","user_id":"1","user_name":"admin@rajalakshmiFoundation.in","role_name":"ADMIN","method":"GET","path":"/api/exams/blocks-by-district/2930","action":"GET /api/exams/blocks-by-district/2930","ip":"::1"}
{"timestamp":"2026-02-05T06:55:59.526Z","type":"ACTION","user_id":"1","user_name":"admin@rajalakshmiFoundation.in","role_name":"ADMIN","method":"GET","path":"/api/exams/blocks-by-district/2920","action":"GET /api/exams/blocks-by-district/2920","ip":"::1"}
{"timestamp":"2026-02-05T06:55:59.533Z","type":"ACTION","user_id":"1","user_name":"admin@rajalakshmiFoundation.in","role_name":"ADMIN","method":"GET","path":"/api/exams/blocks-by-district/2911","action":"GET /api/exams/blocks-by-district/2911","ip":"::1"}
{"timestamp":"2026-02-05T06:55:59.538Z","type":"ACTION","user_id":"1","user_name":"admin@rajalakshmiFoundation.in","role_name":"ADMIN","method":"GET","path":"/api/exams/blocks-by-district/2901","action":"GET /api/exams/blocks-by-district/2901","ip":"::1"}
{"timestamp":"2026-02-05T06:55:59.545Z","type":"ACTION","user_id":"1","user_name":"admin@rajalakshmiFoundation.in","role_name":"ADMIN","method":"GET","path":"/api/exams/blocks-by-district/2930","action":"GET /api/exams/blocks-by-district/2930","ip":"::1"}
{"timestamp":"2026-02-05T06:55:59.556Z","type":"ACTION","user_id":"1","user_name":"admin@rajalakshmiFoundation.in","role_name":"ADMIN","method":"GET","path":"/api/exams/blocks-by-district/2920","action":"GET /api/exams/blocks-by-district/2920","ip":"::1"}
{"timestamp":"2026-02-05T06:55:59.564Z","type":"ACTION","user_id":"1","user_name":"admin@rajalakshmiFoundation.in","role_name":"ADMIN","method":"GET","path":"/api/exams/blocks-by-district/2901","action":"GET /api/exams/blocks-by-district/2901","ip":"::1"}
{"timestamp":"2026-02-05T06:55:59.569Z","type":"ACTION","user_id":"1","user_name":"admin@rajalakshmiFoundation.in","role_name":"ADMIN","method":"GET","path":"/api/exams/blocks-by-district/2930","action":"GET /api/exams/blocks-by-district/2930","ip":"::1"}
{"timestamp":"2026-02-05T06:55:59.581Z","type":"ACTION","user_id":"1","user_name":"admin@rajalakshmiFoundation.in","role_name":"ADMIN","method":"GET","path":"/api/exams/blocks-by-district/2920","action":"GET /api/exams/blocks-by-district/2920","ip":"::1"}
{"timestamp":"2026-02-05T06:55:59.587Z","type":"ACTION","user_id":"1","user_name":"admin@rajalakshmiFoundation.in","role_name":"ADMIN","method":"GET","path":"/api/exams/blocks-by-district/2901","action":"GET /api/exams/blocks-by-district/2901","ip":"::1"}
{"timestamp":"2026-02-05T06:55:59.593Z","type":"ACTION","user_id":"1","user_name":"admin@rajalakshmiFoundation.in","role_name":"ADMIN","method":"GET","path":"/api/exams/blocks-by-district/2930","action":"GET /api/exams/blocks-by-district/2930","ip":"::1"}
{"timestamp":"2026-02-05T06:56:03.211Z","type":"ACTION","user_id":"anonymous","user_name":"anonymous","role_name":"anonymous","method":"GET","path":"/api/exams/3/S_K_HIGH_SCHOOL_CHI_16_05_2025_10_00_14_00/download-all-hall-tickets","action":"GET /api/exams/3/S_K_HIGH_SCHOOL_CHI_16_05_2025_10_00_14_00/download-all-hall-tickets","ip":"::1"}
