{"timestamp":"2026-01-29T08:22:27.866Z","type":"LOGIN","user_name":"pradeepa@rajalakshmiFoundation.in","status":"success_pre_auth","ip":"::1"}
{"timestamp":"2026-01-29T08:22:33.474Z","type":"ACTION","user_name":"pradeepa@rajalakshmiFoundation.in","role":"BATCH COORDINATOR","action":"login_complete","status":"success","ip":"::1"}
{"timestamp":"2026-01-29T08:22:33.598Z","type":"ACTION","user_id":"2","user_name":"pradeepa@rajalakshmiFoundation.in","role_name":"BATCH COORDINATOR","method":"GET","path":"/api/coordinator/batches","action":"GET /api/coordinator/batches","ip":"::1"}
{"timestamp":"2026-01-29T08:22:33.612Z","type":"ACTION","user_id":"2","user_name":"pradeepa@rajalakshmiFoundation.in","role_name":"BATCH COORDINATOR","method":"GET","path":"/api/coordinator/attendance/batch-weekly-avg","action":"GET /api/coordinator/attendance/batch-weekly-avg","ip":"::1"}
{"timestamp":"2026-01-29T08:22:33.625Z","type":"ACTION","user_id":"2","user_name":"pradeepa@rajalakshmiFoundation.in","role_name":"BATCH COORDINATOR","method":"GET","path":"/api/coordinator/students","action":"GET /api/coordinator/students","ip":"::1"}
{"timestamp":"2026-01-29T08:22:33.632Z","type":"ACTION","user_id":"2","user_name":"pradeepa@rajalakshmiFoundation.in","role_name":"BATCH COORDINATOR","method":"GET","path":"/api/coordinator/reports/global-attendance","action":"GET /api/coordinator/reports/global-attendance","ip":"::1"}
{"timestamp":"2026-01-29T08:22:33.644Z","type":"ACTION","user_id":"2","user_name":"pradeepa@rajalakshmiFoundation.in","role_name":"BATCH COORDINATOR","method":"GET","path":"/api/system-config/active","action":"GET /api/system-config/active","ip":"::1"}
{"timestamp":"2026-01-29T08:22:33.662Z","type":"ACTION","user_id":"2","user_name":"pradeepa@rajalakshmiFoundation.in","role_name":"BATCH COORDINATOR","method":"GET","path":"/api/coordinator/batches","action":"GET /api/coordinator/batches","ip":"::1"}
{"timestamp":"2026-01-29T08:22:33.676Z","type":"ACTION","user_id":"2","user_name":"pradeepa@rajalakshmiFoundation.in","role_name":"BATCH COORDINATOR","method":"GET","path":"/api/coordinator/timetable","action":"GET /api/coordinator/timetable","ip":"::1","details":{"query":{"batchId":"26"}}}
{"timestamp":"2026-01-29T08:22:33.681Z","type":"ACTION","user_id":"2","user_name":"pradeepa@rajalakshmiFoundation.in","role_name":"BATCH COORDINATOR","method":"GET","path":"/api/coordinator/batches","action":"GET /api/coordinator/batches","ip":"::1"}
{"timestamp":"2026-01-29T08:22:33.710Z","type":"ACTION","user_id":"2","user_name":"pradeepa@rajalakshmiFoundation.in","role_name":"BATCH COORDINATOR","method":"GET","path":"/api/coordinator/timetable","action":"GET /api/coordinator/timetable","ip":"::1","details":{"query":{"batchId":"15"}}}
{"timestamp":"2026-01-29T08:22:33.735Z","type":"ACTION","user_id":"2","user_name":"pradeepa@rajalakshmiFoundation.in","role_name":"BATCH COORDINATOR","method":"GET","path":"/api/system-config/active","action":"GET /api/system-config/active","ip":"::1"}
{"timestamp":"2026-01-29T08:22:33.741Z","type":"ACTION","user_id":"2","user_name":"pradeepa@rajalakshmiFoundation.in","role_name":"BATCH COORDINATOR","method":"GET","path":"/api/coordinator/attendance/batch-weekly-avg","action":"GET /api/coordinator/attendance/batch-weekly-avg","ip":"::1"}
{"timestamp":"2026-01-29T08:22:33.765Z","type":"ACTION","user_id":"2","user_name":"pradeepa@rajalakshmiFoundation.in","role_name":"BATCH COORDINATOR","method":"GET","path":"/api/coordinator/students","action":"GET /api/coordinator/students","ip":"::1"}
{"timestamp":"2026-01-29T08:22:33.781Z","type":"ACTION","user_id":"2","user_name":"pradeepa@rajalakshmiFoundation.in","role_name":"BATCH COORDINATOR","method":"GET","path":"/api/coordinator/reports/global-attendance","action":"GET /api/coordinator/reports/global-attendance","ip":"::1"}
{"timestamp":"2026-01-29T08:22:33.795Z","type":"ACTION","user_id":"2","user_name":"pradeepa@rajalakshmiFoundation.in","role_name":"BATCH COORDINATOR","method":"GET","path":"/api/coordinator/batches","action":"GET /api/coordinator/batches","ip":"::1"}
{"timestamp":"2026-01-29T08:22:33.933Z","type":"ACTION","user_id":"2","user_name":"pradeepa@rajalakshmiFoundation.in","role_name":"BATCH COORDINATOR","method":"GET","path":"/api/coordinator/timetable","action":"GET /api/coordinator/timetable","ip":"::1","details":{"query":{"batchId":"26"}}}
{"timestamp":"2026-01-29T08:22:33.954Z","type":"ACTION","user_id":"2","user_name":"pradeepa@rajalakshmiFoundation.in","role_name":"BATCH COORDINATOR","method":"GET","path":"/api/coordinator/timetable","action":"GET /api/coordinator/timetable","ip":"::1","details":{"query":{"batchId":"26"}}}
{"timestamp":"2026-01-29T08:22:33.963Z","type":"ACTION","user_id":"2","user_name":"pradeepa@rajalakshmiFoundation.in","role_name":"BATCH COORDINATOR","method":"GET","path":"/api/coordinator/timetable","action":"GET /api/coordinator/timetable","ip":"::1","details":{"query":{"batchId":"15"}}}
{"timestamp":"2026-01-29T08:22:35.964Z","type":"ACTION","user_id":"2","user_name":"pradeepa@rajalakshmiFoundation.in","role_name":"BATCH COORDINATOR","method":"GET","path":"/api/coordinator/cohorts","action":"GET /api/coordinator/cohorts","ip":"::1"}
{"timestamp":"2026-01-29T08:22:35.971Z","type":"ACTION","user_id":"2","user_name":"pradeepa@rajalakshmiFoundation.in","role_name":"BATCH COORDINATOR","method":"GET","path":"/api/coordinator/students","action":"GET /api/coordinator/students","ip":"::1","details":{"query":{"cohortNumber":"","batchId":""}}}
{"timestamp":"2026-01-29T08:22:35.978Z","type":"ACTION","user_id":"2","user_name":"pradeepa@rajalakshmiFoundation.in","role_name":"BATCH COORDINATOR","method":"GET","path":"/api/coordinator/cohorts","action":"GET /api/coordinator/cohorts","ip":"::1"}
{"timestamp":"2026-01-29T08:22:35.998Z","type":"ACTION","user_id":"2","user_name":"pradeepa@rajalakshmiFoundation.in","role_name":"BATCH COORDINATOR","method":"GET","path":"/api/coordinator/students","action":"GET /api/coordinator/students","ip":"::1","details":{"query":{"cohortNumber":"","batchId":""}}}
{"timestamp":"2026-01-29T08:23:41.018Z","type":"ACTION","user_id":"2","user_name":"pradeepa@rajalakshmiFoundation.in","role_name":"BATCH COORDINATOR","method":"GET","path":"/api/coordinator/students","action":"GET /api/coordinator/students","ip":"::1","details":{"query":{"cohortNumber":"","batchId":""}}}
{"timestamp":"2026-01-29T08:23:41.048Z","type":"ACTION","user_id":"2","user_name":"pradeepa@rajalakshmiFoundation.in","role_name":"BATCH COORDINATOR","method":"GET","path":"/api/coordinator/cohorts","action":"GET /api/coordinator/cohorts","ip":"::1"}
{"timestamp":"2026-01-29T08:23:41.062Z","type":"ACTION","user_id":"2","user_name":"pradeepa@rajalakshmiFoundation.in","role_name":"BATCH COORDINATOR","method":"GET","path":"/api/system-config/active","action":"GET /api/system-config/active","ip":"::1"}
{"timestamp":"2026-01-29T08:23:41.147Z","type":"ACTION","user_id":"2","user_name":"pradeepa@rajalakshmiFoundation.in","role_name":"BATCH COORDINATOR","method":"GET","path":"/api/coordinator/students","action":"GET /api/coordinator/students","ip":"::1","details":{"query":{"cohortNumber":"","batchId":""}}}
{"timestamp":"2026-01-29T08:23:41.153Z","type":"ACTION","user_id":"2","user_name":"pradeepa@rajalakshmiFoundation.in","role_name":"BATCH COORDINATOR","method":"GET","path":"/api/coordinator/cohorts","action":"GET /api/coordinator/cohorts","ip":"::1"}
{"timestamp":"2026-01-29T08:23:41.163Z","type":"ACTION","user_id":"2","user_name":"pradeepa@rajalakshmiFoundation.in","role_name":"BATCH COORDINATOR","method":"GET","path":"/api/system-config/active","action":"GET /api/system-config/active","ip":"::1"}
{"timestamp":"2026-01-29T08:24:02.522Z","type":"ACTION","user_id":"2","user_name":"pradeepa@rajalakshmiFoundation.in","role_name":"BATCH COORDINATOR","method":"GET","path":"/api/coordinator/students/1874/inactive-history","action":"GET /api/coordinator/students/1874/inactive-history","ip":"::1"}
{"timestamp":"2026-01-29T08:25:31.274Z","type":"ACTION","user_id":"2","user_name":"pradeepa@rajalakshmiFoundation.in","role_name":"BATCH COORDINATOR","method":"GET","path":"/api/coordinator/students","action":"GET /api/coordinator/students","ip":"::1","details":{"query":{"cohortNumber":"","batchId":""}}}
{"timestamp":"2026-01-29T08:25:31.283Z","type":"ACTION","user_id":"2","user_name":"pradeepa@rajalakshmiFoundation.in","role_name":"BATCH COORDINATOR","method":"GET","path":"/api/coordinator/cohorts","action":"GET /api/coordinator/cohorts","ip":"::1"}
{"timestamp":"2026-01-29T08:25:31.292Z","type":"ACTION","user_id":"2","user_name":"pradeepa@rajalakshmiFoundation.in","role_name":"BATCH COORDINATOR","method":"GET","path":"/api/system-config/active","action":"GET /api/system-config/active","ip":"::1"}
{"timestamp":"2026-01-29T08:25:31.401Z","type":"ACTION","user_id":"2","user_name":"pradeepa@rajalakshmiFoundation.in","role_name":"BATCH COORDINATOR","method":"GET","path":"/api/system-config/active","action":"GET /api/system-config/active","ip":"::1"}
{"timestamp":"2026-01-29T08:25:31.407Z","type":"ACTION","user_id":"2","user_name":"pradeepa@rajalakshmiFoundation.in","role_name":"BATCH COORDINATOR","method":"GET","path":"/api/coordinator/cohorts","action":"GET /api/coordinator/cohorts","ip":"::1"}
{"timestamp":"2026-01-29T08:25:31.413Z","type":"ACTION","user_id":"2","user_name":"pradeepa@rajalakshmiFoundation.in","role_name":"BATCH COORDINATOR","method":"GET","path":"/api/coordinator/students","action":"GET /api/coordinator/students","ip":"::1","details":{"query":{"cohortNumber":"","batchId":""}}}
{"timestamp":"2026-01-29T08:25:33.498Z","type":"ACTION","user_id":"2","user_name":"pradeepa@rajalakshmiFoundation.in","role_name":"BATCH COORDINATOR","method":"GET","path":"/api/coordinator/students/1877/inactive-history","action":"GET /api/coordinator/students/1877/inactive-history","ip":"::1"}
{"timestamp":"2026-01-29T08:32:53.969Z","type":"ACTION","user_id":"2","user_name":"pradeepa@rajalakshmiFoundation.in","role_name":"BATCH COORDINATOR","method":"GET","path":"/api/coordinator/students","action":"GET /api/coordinator/students","ip":"::1","details":{"query":{"cohortNumber":"","batchId":""}}}
{"timestamp":"2026-01-29T08:32:54.000Z","type":"ACTION","user_id":"2","user_name":"pradeepa@rajalakshmiFoundation.in","role_name":"BATCH COORDINATOR","method":"GET","path":"/api/coordinator/cohorts","action":"GET /api/coordinator/cohorts","ip":"::1"}
{"timestamp":"2026-01-29T08:32:54.013Z","type":"ACTION","user_id":"2","user_name":"pradeepa@rajalakshmiFoundation.in","role_name":"BATCH COORDINATOR","method":"GET","path":"/api/system-config/active","action":"GET /api/system-config/active","ip":"::1"}
{"timestamp":"2026-01-29T08:32:54.111Z","type":"ACTION","user_id":"2","user_name":"pradeepa@rajalakshmiFoundation.in","role_name":"BATCH COORDINATOR","method":"GET","path":"/api/coordinator/cohorts","action":"GET /api/coordinator/cohorts","ip":"::1"}
{"timestamp":"2026-01-29T08:32:54.119Z","type":"ACTION","user_id":"2","user_name":"pradeepa@rajalakshmiFoundation.in","role_name":"BATCH COORDINATOR","method":"GET","path":"/api/coordinator/students","action":"GET /api/coordinator/students","ip":"::1","details":{"query":{"cohortNumber":"","batchId":""}}}
{"timestamp":"2026-01-29T08:32:54.125Z","type":"ACTION","user_id":"2","user_name":"pradeepa@rajalakshmiFoundation.in","role_name":"BATCH COORDINATOR","method":"GET","path":"/api/system-config/active","action":"GET /api/system-config/active","ip":"::1"}
{"timestamp":"2026-01-29T08:33:55.163Z","type":"ACTION","user_id":"2","user_name":"pradeepa@rajalakshmiFoundation.in","role_name":"BATCH COORDINATOR","method":"GET","path":"/api/coordinator/cohorts","action":"GET /api/coordinator/cohorts","ip":"::1"}
{"timestamp":"2026-01-29T08:33:55.168Z","type":"ACTION","user_id":"2","user_name":"pradeepa@rajalakshmiFoundation.in","role_name":"BATCH COORDINATOR","method":"GET","path":"/api/system-config/active","action":"GET /api/system-config/active","ip":"::1"}
{"timestamp":"2026-01-29T08:33:55.244Z","type":"ACTION","user_id":"2","user_name":"pradeepa@rajalakshmiFoundation.in","role_name":"BATCH COORDINATOR","method":"GET","path":"/api/coordinator/cohorts","action":"GET /api/coordinator/cohorts","ip":"::1"}
{"timestamp":"2026-01-29T08:33:55.249Z","type":"ACTION","user_id":"2","user_name":"pradeepa@rajalakshmiFoundation.in","role_name":"BATCH COORDINATOR","method":"GET","path":"/api/system-config/active","action":"GET /api/system-config/active","ip":"::1"}
{"timestamp":"2026-01-29T08:34:00.856Z","type":"ACTION","user_id":"2","user_name":"pradeepa@rajalakshmiFoundation.in","role_name":"BATCH COORDINATOR","method":"GET","path":"/api/coordinator/cohorts","action":"GET /api/coordinator/cohorts","ip":"::1","details":{"query":{"userId":"2"}}}
{"timestamp":"2026-01-29T08:34:00.863Z","type":"ACTION","user_id":"2","user_name":"pradeepa@rajalakshmiFoundation.in","role_name":"BATCH COORDINATOR","method":"GET","path":"/api/coordinator/reports/coordinator-teachers","action":"GET /api/coordinator/reports/coordinator-teachers","ip":"::1","details":{"query":{"user_id":"2","fromDate":"1970-01-01","toDate":"2100-01-01"}}}
{"timestamp":"2026-01-29T08:34:00.875Z","type":"ACTION","user_id":"2","user_name":"pradeepa@rajalakshmiFoundation.in","role_name":"BATCH COORDINATOR","method":"GET","path":"/api/coordinator/cohorts","action":"GET /api/coordinator/cohorts","ip":"::1","details":{"query":{"userId":"2"}}}
{"timestamp":"2026-01-29T08:34:00.889Z","type":"ACTION","user_id":"2","user_name":"pradeepa@rajalakshmiFoundation.in","role_name":"BATCH COORDINATOR","method":"GET","path":"/api/coordinator/reports/coordinator-teachers","action":"GET /api/coordinator/reports/coordinator-teachers","ip":"::1","details":{"query":{"user_id":"2","fromDate":"1970-01-01","toDate":"2100-01-01"}}}
{"timestamp":"2026-01-29T08:34:01.784Z","type":"ACTION","user_id":"2","user_name":"pradeepa@rajalakshmiFoundation.in","role_name":"BATCH COORDINATOR","method":"GET","path":"/api/coordinator/cohorts","action":"GET /api/coordinator/cohorts","ip":"::1"}
{"timestamp":"2026-01-29T08:34:01.799Z","type":"ACTION","user_id":"2","user_name":"pradeepa@rajalakshmiFoundation.in","role_name":"BATCH COORDINATOR","method":"GET","path":"/api/coordinator/cohorts","action":"GET /api/coordinator/cohorts","ip":"::1"}
{"timestamp":"2026-01-29T08:34:04.147Z","type":"ACTION","user_id":"2","user_name":"pradeepa@rajalakshmiFoundation.in","role_name":"BATCH COORDINATOR","method":"GET","path":"/api/coordinator/batches","action":"GET /api/coordinator/batches","ip":"::1","details":{"query":{"cohort_number":"3"}}}
{"timestamp":"2026-01-29T08:34:05.957Z","type":"ACTION","user_id":"2","user_name":"pradeepa@rajalakshmiFoundation.in","role_name":"BATCH COORDINATOR","method":"GET","path":"/api/coordinator/classrooms/15","action":"GET /api/coordinator/classrooms/15","ip":"::1"}
{"timestamp":"2026-01-29T08:37:07.194Z","type":"LOGIN","user_name":"pradeepa@rajalakshmiFoundation.in","status":"success_pre_auth","ip":"::1"}
{"timestamp":"2026-01-29T08:37:10.030Z","type":"ACTION","user_name":"pradeepa@rajalakshmiFoundation.in","role":"BATCH COORDINATOR","action":"login_complete","status":"success","ip":"::1"}
{"timestamp":"2026-01-29T08:37:10.146Z","type":"ACTION","user_id":"2","user_name":"pradeepa@rajalakshmiFoundation.in","role_name":"BATCH COORDINATOR","method":"GET","path":"/api/coordinator/attendance/batch-weekly-avg","action":"GET /api/coordinator/attendance/batch-weekly-avg","ip":"::1"}
{"timestamp":"2026-01-29T08:37:10.155Z","type":"ACTION","user_id":"2","user_name":"pradeepa@rajalakshmiFoundation.in","role_name":"BATCH COORDINATOR","method":"GET","path":"/api/coordinator/batches","action":"GET /api/coordinator/batches","ip":"::1"}
{"timestamp":"2026-01-29T08:37:10.162Z","type":"ACTION","user_id":"2","user_name":"pradeepa@rajalakshmiFoundation.in","role_name":"BATCH COORDINATOR","method":"GET","path":"/api/coordinator/students","action":"GET /api/coordinator/students","ip":"::1"}
{"timestamp":"2026-01-29T08:37:10.170Z","type":"ACTION","user_id":"2","user_name":"pradeepa@rajalakshmiFoundation.in","role_name":"BATCH COORDINATOR","method":"GET","path":"/api/coordinator/reports/global-attendance","action":"GET /api/coordinator/reports/global-attendance","ip":"::1"}
{"timestamp":"2026-01-29T08:37:10.179Z","type":"ACTION","user_id":"2","user_name":"pradeepa@rajalakshmiFoundation.in","role_name":"BATCH COORDINATOR","method":"GET","path":"/api/system-config/active","action":"GET /api/system-config/active","ip":"::1"}
{"timestamp":"2026-01-29T08:37:10.200Z","type":"ACTION","user_id":"2","user_name":"pradeepa@rajalakshmiFoundation.in","role_name":"BATCH COORDINATOR","method":"GET","path":"/api/coordinator/attendance/batch-weekly-avg","action":"GET /api/coordinator/attendance/batch-weekly-avg","ip":"::1"}
{"timestamp":"2026-01-29T08:37:10.247Z","type":"ACTION","user_id":"2","user_name":"pradeepa@rajalakshmiFoundation.in","role_name":"BATCH COORDINATOR","method":"GET","path":"/api/coordinator/batches","action":"GET /api/coordinator/batches","ip":"::1"}
{"timestamp":"2026-01-29T08:37:10.255Z","type":"ACTION","user_id":"2","user_name":"pradeepa@rajalakshmiFoundation.in","role_name":"BATCH COORDINATOR","method":"GET","path":"/api/coordinator/batches","action":"GET /api/coordinator/batches","ip":"::1"}
{"timestamp":"2026-01-29T08:37:10.265Z","type":"ACTION","user_id":"2","user_name":"pradeepa@rajalakshmiFoundation.in","role_name":"BATCH COORDINATOR","method":"GET","path":"/api/coordinator/batches","action":"GET /api/coordinator/batches","ip":"::1"}
{"timestamp":"2026-01-29T08:37:10.300Z","type":"ACTION","user_id":"2","user_name":"pradeepa@rajalakshmiFoundation.in","role_name":"BATCH COORDINATOR","method":"GET","path":"/api/coordinator/students","action":"GET /api/coordinator/students","ip":"::1"}
{"timestamp":"2026-01-29T08:37:10.327Z","type":"ACTION","user_id":"2","user_name":"pradeepa@rajalakshmiFoundation.in","role_name":"BATCH COORDINATOR","method":"GET","path":"/api/coordinator/reports/global-attendance","action":"GET /api/coordinator/reports/global-attendance","ip":"::1"}
{"timestamp":"2026-01-29T08:37:10.376Z","type":"ACTION","user_id":"2","user_name":"pradeepa@rajalakshmiFoundation.in","role_name":"BATCH COORDINATOR","method":"GET","path":"/api/system-config/active","action":"GET /api/system-config/active","ip":"::1"}
{"timestamp":"2026-01-29T08:37:10.434Z","type":"ACTION","user_id":"2","user_name":"pradeepa@rajalakshmiFoundation.in","role_name":"BATCH COORDINATOR","method":"GET","path":"/api/coordinator/timetable","action":"GET /api/coordinator/timetable","ip":"::1","details":{"query":{"batchId":"26"}}}
{"timestamp":"2026-01-29T08:37:10.455Z","type":"ACTION","user_id":"2","user_name":"pradeepa@rajalakshmiFoundation.in","role_name":"BATCH COORDINATOR","method":"GET","path":"/api/coordinator/timetable","action":"GET /api/coordinator/timetable","ip":"::1","details":{"query":{"batchId":"26"}}}
{"timestamp":"2026-01-29T08:37:10.462Z","type":"ACTION","user_id":"2","user_name":"pradeepa@rajalakshmiFoundation.in","role_name":"BATCH COORDINATOR","method":"GET","path":"/api/coordinator/timetable","action":"GET /api/coordinator/timetable","ip":"::1","details":{"query":{"batchId":"15"}}}
{"timestamp":"2026-01-29T08:37:11.726Z","type":"ACTION","user_id":"2","user_name":"pradeepa@rajalakshmiFoundation.in","role_name":"BATCH COORDINATOR","method":"GET","path":"/api/coordinator/cohorts","action":"GET /api/coordinator/cohorts","ip":"::1","details":{"query":{"userId":"2"}}}
{"timestamp":"2026-01-29T08:37:11.732Z","type":"ACTION","user_id":"2","user_name":"pradeepa@rajalakshmiFoundation.in","role_name":"BATCH COORDINATOR","method":"GET","path":"/api/coordinator/reports/coordinator-teachers","action":"GET /api/coordinator/reports/coordinator-teachers","ip":"::1","details":{"query":{"user_id":"2","fromDate":"1970-01-01","toDate":"2100-01-01"}}}
{"timestamp":"2026-01-29T08:37:11.742Z","type":"ACTION","user_id":"2","user_name":"pradeepa@rajalakshmiFoundation.in","role_name":"BATCH COORDINATOR","method":"GET","path":"/api/coordinator/cohorts","action":"GET /api/coordinator/cohorts","ip":"::1","details":{"query":{"userId":"2"}}}
{"timestamp":"2026-01-29T08:37:11.753Z","type":"ACTION","user_id":"2","user_name":"pradeepa@rajalakshmiFoundation.in","role_name":"BATCH COORDINATOR","method":"GET","path":"/api/coordinator/reports/coordinator-teachers","action":"GET /api/coordinator/reports/coordinator-teachers","ip":"::1","details":{"query":{"user_id":"2","fromDate":"1970-01-01","toDate":"2100-01-01"}}}
{"timestamp":"2026-01-29T08:37:12.553Z","type":"ACTION","user_id":"2","user_name":"pradeepa@rajalakshmiFoundation.in","role_name":"BATCH COORDINATOR","method":"GET","path":"/api/coordinator/students","action":"GET /api/coordinator/students","ip":"::1","details":{"query":{"cohortNumber":"","batchId":""}}}
{"timestamp":"2026-01-29T08:37:12.558Z","type":"ACTION","user_id":"2","user_name":"pradeepa@rajalakshmiFoundation.in","role_name":"BATCH COORDINATOR","method":"GET","path":"/api/coordinator/cohorts","action":"GET /api/coordinator/cohorts","ip":"::1"}
{"timestamp":"2026-01-29T08:37:12.571Z","type":"ACTION","user_id":"2","user_name":"pradeepa@rajalakshmiFoundation.in","role_name":"BATCH COORDINATOR","method":"GET","path":"/api/coordinator/cohorts","action":"GET /api/coordinator/cohorts","ip":"::1"}
{"timestamp":"2026-01-29T08:37:12.583Z","type":"ACTION","user_id":"2","user_name":"pradeepa@rajalakshmiFoundation.in","role_name":"BATCH COORDINATOR","method":"GET","path":"/api/coordinator/students","action":"GET /api/coordinator/students","ip":"::1","details":{"query":{"cohortNumber":"","batchId":""}}}
{"timestamp":"2026-01-29T08:42:03.479Z","type":"ACTION","user_id":"2","user_name":"pradeepa@rajalakshmiFoundation.in","role_name":"BATCH COORDINATOR","method":"GET","path":"/api/coordinator/students","action":"GET /api/coordinator/students","ip":"::1","details":{"query":{"cohortNumber":"","batchId":""}}}
{"timestamp":"2026-01-29T08:42:03.484Z","type":"ACTION","user_id":"2","user_name":"pradeepa@rajalakshmiFoundation.in","role_name":"BATCH COORDINATOR","method":"GET","path":"/api/coordinator/cohorts","action":"GET /api/coordinator/cohorts","ip":"::1"}
{"timestamp":"2026-01-29T08:42:03.489Z","type":"ACTION","user_id":"2","user_name":"pradeepa@rajalakshmiFoundation.in","role_name":"BATCH COORDINATOR","method":"GET","path":"/api/system-config/active","action":"GET /api/system-config/active","ip":"::1"}
{"timestamp":"2026-01-29T08:42:03.564Z","type":"ACTION","user_id":"2","user_name":"pradeepa@rajalakshmiFoundation.in","role_name":"BATCH COORDINATOR","method":"GET","path":"/api/coordinator/cohorts","action":"GET /api/coordinator/cohorts","ip":"::1"}
{"timestamp":"2026-01-29T08:42:03.567Z","type":"ACTION","user_id":"2","user_name":"pradeepa@rajalakshmiFoundation.in","role_name":"BATCH COORDINATOR","method":"GET","path":"/api/system-config/active","action":"GET /api/system-config/active","ip":"::1"}
{"timestamp":"2026-01-29T08:42:03.576Z","type":"ACTION","user_id":"2","user_name":"pradeepa@rajalakshmiFoundation.in","role_name":"BATCH COORDINATOR","method":"GET","path":"/api/coordinator/students","action":"GET /api/coordinator/students","ip":"::1","details":{"query":{"cohortNumber":"","batchId":""}}}
{"timestamp":"2026-01-29T08:43:01.805Z","type":"ACTION","user_id":"2","user_name":"pradeepa@rajalakshmiFoundation.in","role_name":"BATCH COORDINATOR","method":"GET","path":"/api/coordinator/cohorts","action":"GET /api/coordinator/cohorts","ip":"::1","details":{"query":{"userId":"2"}}}
{"timestamp":"2026-01-29T08:43:01.811Z","type":"ACTION","user_id":"2","user_name":"pradeepa@rajalakshmiFoundation.in","role_name":"BATCH COORDINATOR","method":"GET","path":"/api/coordinator/reports/coordinator-teachers","action":"GET /api/coordinator/reports/coordinator-teachers","ip":"::1","details":{"query":{"user_id":"2","fromDate":"1970-01-01","toDate":"2100-01-01"}}}
{"timestamp":"2026-01-29T08:43:01.904Z","type":"ACTION","user_id":"2","user_name":"pradeepa@rajalakshmiFoundation.in","role_name":"BATCH COORDINATOR","method":"GET","path":"/api/coordinator/reports/coordinator-teachers","action":"GET /api/coordinator/reports/coordinator-teachers","ip":"::1","details":{"query":{"user_id":"2","fromDate":"1970-01-01","toDate":"2100-01-01"}}}
{"timestamp":"2026-01-29T08:43:01.985Z","type":"ACTION","user_id":"2","user_name":"pradeepa@rajalakshmiFoundation.in","role_name":"BATCH COORDINATOR","method":"GET","path":"/api/coordinator/cohorts","action":"GET /api/coordinator/cohorts","ip":"::1","details":{"query":{"userId":"2"}}}
{"timestamp":"2026-01-29T08:43:05.763Z","type":"ACTION","user_id":"2","user_name":"pradeepa@rajalakshmiFoundation.in","role_name":"BATCH COORDINATOR","method":"GET","path":"/api/coordinator/batches","action":"GET /api/coordinator/batches","ip":"::1","details":{"query":{"cohort_number":"4"}}}
{"timestamp":"2026-01-29T08:43:07.573Z","type":"ACTION","user_id":"2","user_name":"pradeepa@rajalakshmiFoundation.in","role_name":"BATCH COORDINATOR","method":"GET","path":"/api/coordinator/reports/batch-class-details","action":"GET /api/coordinator/reports/batch-class-details","ip":"::1","details":{"query":{"batchId":"26","teacherId":"","fromDate":"2026-01-23","toDate":"2026-01-29"}}}
{"timestamp":"2026-01-29T08:43:11.186Z","type":"ACTION","user_id":"2","user_name":"pradeepa@rajalakshmiFoundation.in","role_name":"BATCH COORDINATOR","method":"GET","path":"/api/coordinator/reports/batch-class-details","action":"GET /api/coordinator/reports/batch-class-details","ip":"::1","details":{"query":{"batchId":"26","teacherId":"","fromDate":"2026-01-01","toDate":"2026-01-29"}}}
{"timestamp":"2026-01-29T08:43:12.413Z","type":"ACTION","user_id":"2","user_name":"pradeepa@rajalakshmiFoundation.in","role_name":"BATCH COORDINATOR","method":"GET","path":"/api/coordinator/students","action":"GET /api/coordinator/students","ip":"::1","details":{"query":{"cohortNumber":"","batchId":""}}}
{"timestamp":"2026-01-29T08:43:12.420Z","type":"ACTION","user_id":"2","user_name":"pradeepa@rajalakshmiFoundation.in","role_name":"BATCH COORDINATOR","method":"GET","path":"/api/coordinator/cohorts","action":"GET /api/coordinator/cohorts","ip":"::1"}
{"timestamp":"2026-01-29T08:43:12.450Z","type":"ACTION","user_id":"2","user_name":"pradeepa@rajalakshmiFoundation.in","role_name":"BATCH COORDINATOR","method":"GET","path":"/api/coordinator/students","action":"GET /api/coordinator/students","ip":"::1","details":{"query":{"cohortNumber":"","batchId":""}}}
{"timestamp":"2026-01-29T08:43:12.521Z","type":"ACTION","user_id":"2","user_name":"pradeepa@rajalakshmiFoundation.in","role_name":"BATCH COORDINATOR","method":"GET","path":"/api/coordinator/cohorts","action":"GET /api/coordinator/cohorts","ip":"::1"}
{"timestamp":"2026-01-29T08:43:12.797Z","type":"ACTION","user_id":"2","user_name":"pradeepa@rajalakshmiFoundation.in","role_name":"BATCH COORDINATOR","method":"GET","path":"/api/coordinator/cohorts","action":"GET /api/coordinator/cohorts","ip":"::1"}
{"timestamp":"2026-01-29T08:43:12.807Z","type":"ACTION","user_id":"2","user_name":"pradeepa@rajalakshmiFoundation.in","role_name":"BATCH COORDINATOR","method":"GET","path":"/api/coordinator/cohorts","action":"GET /api/coordinator/cohorts","ip":"::1"}
{"timestamp":"2026-01-29T08:43:14.697Z","type":"ACTION","user_id":"2","user_name":"pradeepa@rajalakshmiFoundation.in","role_name":"BATCH COORDINATOR","method":"GET","path":"/api/coordinator/batches","action":"GET /api/coordinator/batches","ip":"::1","details":{"query":{"cohort_number":"4"}}}
{"timestamp":"2026-01-29T08:43:15.442Z","type":"ACTION","user_id":"2","user_name":"pradeepa@rajalakshmiFoundation.in","role_name":"BATCH COORDINATOR","method":"GET","path":"/api/coordinator/classrooms/26","action":"GET /api/coordinator/classrooms/26","ip":"::1"}
{"timestamp":"2026-01-29T08:43:16.518Z","type":"ACTION","user_id":"2","user_name":"pradeepa@rajalakshmiFoundation.in","role_name":"BATCH COORDINATOR","method":"GET","path":"/api/coordinator/timetable","action":"GET /api/coordinator/timetable","ip":"::1","details":{"query":{"batchId":"26"}}}
{"timestamp":"2026-01-29T08:43:16.547Z","type":"ACTION","user_id":"2","user_name":"pradeepa@rajalakshmiFoundation.in","role_name":"BATCH COORDINATOR","method":"GET","path":"/api/coordinator/attendance/session","action":"GET /api/coordinator/attendance/session","ip":"::1","details":{"query":{"classroom_id":"21","session_date":"2026-01-29","start_time":"06:15:00"}}}
{"timestamp":"2026-01-29T08:43:16.553Z","type":"ACTION","user_id":"2","user_name":"pradeepa@rajalakshmiFoundation.in","role_name":"BATCH COORDINATOR","method":"GET","path":"/api/coordinator/attendance","action":"GET /api/coordinator/attendance","ip":"::1","details":{"query":{"batchId":"26"}}}
{"timestamp":"2026-01-29T08:43:18.958Z","type":"ACTION","user_id":"2","user_name":"pradeepa@rajalakshmiFoundation.in","role_name":"BATCH COORDINATOR","method":"POST","path":"/api/coordinator/attendance/csv/commit","action":"POST /api/coordinator/attendance/csv/commit","ip":"::1","details":{"body":{"previewData":[{"student_id":"1874","status":"PRESENT"},{"student_id":"1875","status":"PRESENT"},{"student_id":"1876","status":"PRESENT"},{"student_id":"1877","status":"PRESENT"},{"student_id":"1878","status":"PRESENT"},{"student_id":"1879","status":"PRESENT"},{"student_id":"1880","status":"PRESENT"},{"student_id":"1881","status":"PRESENT"},{"student_id":"1882","status":"PRESENT"},{"student_id":"1883","status":"PRESENT"},{"student_id":"1884","status":"PRESENT"},{"student_id":"1885","status":"PRESENT"},{"student_id":"1886","status":"PRESENT"},{"student_id":"1887","status":"PRESENT"},{"student_id":"1888","status":"PRESENT"},{"student_id":"1889","status":"PRESENT"},{"student_id":"1890","status":"PRESENT"},{"student_id":"1891","status":"PRESENT"},{"student_id":"1892","status":"PRESENT"},{"student_id":"1893","status":"PRESENT"},{"student_id":"1894","status":"PRESENT"},{"student_id":"1895","status":"PRESENT"},{"student_id":"1896","status":"PRESENT"},{"student_id":"1897","status":"PRESENT"},{"student_id":"1898","status":"PRESENT"},{"student_id":"1899","status":"PRESENT"},{"student_id":"1900","status":"PRESENT"},{"student_id":"1901","status":"PRESENT"},{"student_id":"1902","status":"PRESENT"},{"student_id":"1903","status":"PRESENT"},{"student_id":"1904","status":"PRESENT"},{"student_id":"1905","status":"PRESENT"},{"student_id":"1906","status":"PRESENT"},{"student_id":"1907","status":"PRESENT"},{"student_id":"1908","status":"PRESENT"},{"student_id":"1909","status":"PRESENT"},{"student_id":"1910","status":"PRESENT"},{"student_id":"1911","status":"PRESENT"},{"student_id":"1912","status":"PRESENT"},{"student_id":"1913","status":"PRESENT"},{"student_id":"1914","status":"PRESENT"},{"student_id":"1915","status":"PRESENT"},{"student_id":"1916","status":"PRESENT"},{"student_id":"1917","status":"PRESENT"},{"student_id":"1918","status":"PRESENT"},{"student_id":"1919","status":"PRESENT"}],"session_date":"2026-01-29","classroom_id":"21","start_time":"06:15:00","end_time":"07:25:00"}}}
{"timestamp":"2026-01-29T08:43:20.546Z","type":"ACTION","user_id":"2","user_name":"pradeepa@rajalakshmiFoundation.in","role_name":"BATCH COORDINATOR","method":"GET","path":"/api/coordinator/attendance","action":"GET /api/coordinator/attendance","ip":"::1","details":{"query":{"batchId":"26"}}}
{"timestamp":"2026-01-29T08:43:22.716Z","type":"ACTION","user_id":"2","user_name":"pradeepa@rajalakshmiFoundation.in","role_name":"BATCH COORDINATOR","method":"GET","path":"/api/coordinator/cohorts","action":"GET /api/coordinator/cohorts","ip":"::1","details":{"query":{"userId":"2"}}}
{"timestamp":"2026-01-29T08:43:22.720Z","type":"ACTION","user_id":"2","user_name":"pradeepa@rajalakshmiFoundation.in","role_name":"BATCH COORDINATOR","method":"GET","path":"/api/coordinator/reports/coordinator-teachers","action":"GET /api/coordinator/reports/coordinator-teachers","ip":"::1","details":{"query":{"user_id":"2","fromDate":"1970-01-01","toDate":"2100-01-01"}}}
{"timestamp":"2026-01-29T08:43:22.728Z","type":"ACTION","user_id":"2","user_name":"pradeepa@rajalakshmiFoundation.in","role_name":"BATCH COORDINATOR","method":"GET","path":"/api/coordinator/cohorts","action":"GET /api/coordinator/cohorts","ip":"::1","details":{"query":{"userId":"2"}}}
{"timestamp":"2026-01-29T08:43:22.739Z","type":"ACTION","user_id":"2","user_name":"pradeepa@rajalakshmiFoundation.in","role_name":"BATCH COORDINATOR","method":"GET","path":"/api/coordinator/reports/coordinator-teachers","action":"GET /api/coordinator/reports/coordinator-teachers","ip":"::1","details":{"query":{"user_id":"2","fromDate":"1970-01-01","toDate":"2100-01-01"}}}
{"timestamp":"2026-01-29T08:43:25.420Z","type":"ACTION","user_id":"2","user_name":"pradeepa@rajalakshmiFoundation.in","role_name":"BATCH COORDINATOR","method":"GET","path":"/api/coordinator/batches","action":"GET /api/coordinator/batches","ip":"::1","details":{"query":{"cohort_number":"4"}}}
{"timestamp":"2026-01-29T08:43:30.395Z","type":"ACTION","user_id":"2","user_name":"pradeepa@rajalakshmiFoundation.in","role_name":"BATCH COORDINATOR","method":"GET","path":"/api/coordinator/students","action":"GET /api/coordinator/students","ip":"::1","details":{"query":{"cohortNumber":"","batchId":""}}}
{"timestamp":"2026-01-29T08:43:30.399Z","type":"ACTION","user_id":"2","user_name":"pradeepa@rajalakshmiFoundation.in","role_name":"BATCH COORDINATOR","method":"GET","path":"/api/coordinator/cohorts","action":"GET /api/coordinator/cohorts","ip":"::1"}
{"timestamp":"2026-01-29T08:43:30.418Z","type":"ACTION","user_id":"2","user_name":"pradeepa@rajalakshmiFoundation.in","role_name":"BATCH COORDINATOR","method":"GET","path":"/api/coordinator/cohorts","action":"GET /api/coordinator/cohorts","ip":"::1"}
{"timestamp":"2026-01-29T08:43:30.425Z","type":"ACTION","user_id":"2","user_name":"pradeepa@rajalakshmiFoundation.in","role_name":"BATCH COORDINATOR","method":"GET","path":"/api/coordinator/students","action":"GET /api/coordinator/students","ip":"::1","details":{"query":{"cohortNumber":"","batchId":""}}}
{"timestamp":"2026-01-29T08:43:51.457Z","type":"ACTION","user_id":"2","user_name":"pradeepa@rajalakshmiFoundation.in","role_name":"BATCH COORDINATOR","method":"GET","path":"/api/coordinator/students","action":"GET /api/coordinator/students","ip":"::1","details":{"query":{"cohortNumber":"","batchId":""}}}
{"timestamp":"2026-01-29T08:43:51.462Z","type":"ACTION","user_id":"2","user_name":"pradeepa@rajalakshmiFoundation.in","role_name":"BATCH COORDINATOR","method":"GET","path":"/api/coordinator/cohorts","action":"GET /api/coordinator/cohorts","ip":"::1"}
{"timestamp":"2026-01-29T08:43:51.466Z","type":"ACTION","user_id":"2","user_name":"pradeepa@rajalakshmiFoundation.in","role_name":"BATCH COORDINATOR","method":"GET","path":"/api/system-config/active","action":"GET /api/system-config/active","ip":"::1"}
{"timestamp":"2026-01-29T08:43:51.535Z","type":"ACTION","user_id":"2","user_name":"pradeepa@rajalakshmiFoundation.in","role_name":"BATCH COORDINATOR","method":"GET","path":"/api/coordinator/cohorts","action":"GET /api/coordinator/cohorts","ip":"::1"}
{"timestamp":"2026-01-29T08:43:51.543Z","type":"ACTION","user_id":"2","user_name":"pradeepa@rajalakshmiFoundation.in","role_name":"BATCH COORDINATOR","method":"GET","path":"/api/system-config/active","action":"GET /api/system-config/active","ip":"::1"}
{"timestamp":"2026-01-29T08:43:51.545Z","type":"ACTION","user_id":"2","user_name":"pradeepa@rajalakshmiFoundation.in","role_name":"BATCH COORDINATOR","method":"GET","path":"/api/coordinator/students","action":"GET /api/coordinator/students","ip":"::1","details":{"query":{"cohortNumber":"","batchId":""}}}
{"timestamp":"2026-01-29T08:44:47.927Z","type":"ACTION","user_id":"2","user_name":"pradeepa@rajalakshmiFoundation.in","role_name":"BATCH COORDINATOR","method":"GET","path":"/api/coordinator/cohorts","action":"GET /api/coordinator/cohorts","ip":"::1","details":{"query":{"userId":"2"}}}
{"timestamp":"2026-01-29T08:44:47.932Z","type":"ACTION","user_id":"2","user_name":"pradeepa@rajalakshmiFoundation.in","role_name":"BATCH COORDINATOR","method":"GET","path":"/api/coordinator/reports/coordinator-teachers","action":"GET /api/coordinator/reports/coordinator-teachers","ip":"::1","details":{"query":{"user_id":"2","fromDate":"1970-01-01","toDate":"2100-01-01"}}}
{"timestamp":"2026-01-29T08:44:48.008Z","type":"ACTION","user_id":"2","user_name":"pradeepa@rajalakshmiFoundation.in","role_name":"BATCH COORDINATOR","method":"GET","path":"/api/coordinator/cohorts","action":"GET /api/coordinator/cohorts","ip":"::1","details":{"query":{"userId":"2"}}}
{"timestamp":"2026-01-29T08:44:48.015Z","type":"ACTION","user_id":"2","user_name":"pradeepa@rajalakshmiFoundation.in","role_name":"BATCH COORDINATOR","method":"GET","path":"/api/coordinator/reports/coordinator-teachers","action":"GET /api/coordinator/reports/coordinator-teachers","ip":"::1","details":{"query":{"user_id":"2","fromDate":"1970-01-01","toDate":"2100-01-01"}}}
{"timestamp":"2026-01-29T08:44:50.318Z","type":"ACTION","user_id":"2","user_name":"pradeepa@rajalakshmiFoundation.in","role_name":"BATCH COORDINATOR","method":"GET","path":"/api/coordinator/batches","action":"GET /api/coordinator/batches","ip":"::1","details":{"query":{"cohort_number":"4"}}}
{"timestamp":"2026-01-29T08:44:59.148Z","type":"ACTION","user_id":"2","user_name":"pradeepa@rajalakshmiFoundation.in","role_name":"BATCH COORDINATOR","method":"GET","path":"/api/coordinator/reports/teacher-class-details","action":"GET /api/coordinator/reports/teacher-class-details","ip":"::1","details":{"query":{"batchId":"","teacherId":"14","fromDate":"2026-01-01","toDate":"2026-01-29"}}}
{"timestamp":"2026-01-29T09:03:01.350Z","type":"ACTION","user_id":"2","user_name":"pradeepa@rajalakshmiFoundation.in","role_name":"BATCH COORDINATOR","method":"GET","path":"/api/system-config/active","action":"GET /api/system-config/active","ip":"::1"}
{"timestamp":"2026-01-29T09:03:01.369Z","type":"ACTION","user_id":"2","user_name":"pradeepa@rajalakshmiFoundation.in","role_name":"BATCH COORDINATOR","method":"GET","path":"/api/batches/19","action":"GET /api/batches/19","ip":"::1"}
{"timestamp":"2026-01-29T09:03:01.379Z","type":"ACTION","user_id":"2","user_name":"pradeepa@rajalakshmiFoundation.in","role_name":"BATCH COORDINATOR","method":"GET","path":"/api/batches/19/students","action":"GET /api/batches/19/students","ip":"::1"}
{"timestamp":"2026-01-29T09:03:01.459Z","type":"ACTION","user_id":"2","user_name":"pradeepa@rajalakshmiFoundation.in","role_name":"BATCH COORDINATOR","method":"GET","path":"/api/batches/19","action":"GET /api/batches/19","ip":"::1"}
{"timestamp":"2026-01-29T09:03:01.466Z","type":"ACTION","user_id":"2","user_name":"pradeepa@rajalakshmiFoundation.in","role_name":"BATCH COORDINATOR","method":"GET","path":"/api/batches/19/students","action":"GET /api/batches/19/students","ip":"::1"}
{"timestamp":"2026-01-29T09:03:01.540Z","type":"ACTION","user_id":"2","user_name":"pradeepa@rajalakshmiFoundation.in","role_name":"BATCH COORDINATOR","method":"GET","path":"/api/system-config/active","action":"GET /api/system-config/active","ip":"::1"}
{"timestamp":"2026-01-29T09:03:02.412Z","type":"ACTION","user_id":"2","user_name":"pradeepa@rajalakshmiFoundation.in","role_name":"BATCH COORDINATOR","method":"GET","path":"/api/coordinator/students","action":"GET /api/coordinator/students","ip":"::1","details":{"query":{"cohortNumber":"","batchId":""}}}
{"timestamp":"2026-01-29T09:03:02.425Z","type":"ACTION","user_id":"2","user_name":"pradeepa@rajalakshmiFoundation.in","role_name":"BATCH COORDINATOR","method":"GET","path":"/api/coordinator/cohorts","action":"GET /api/coordinator/cohorts","ip":"::1"}
{"timestamp":"2026-01-29T09:03:02.440Z","type":"ACTION","user_id":"2","user_name":"pradeepa@rajalakshmiFoundation.in","role_name":"BATCH COORDINATOR","method":"GET","path":"/api/coordinator/cohorts","action":"GET /api/coordinator/cohorts","ip":"::1"}
{"timestamp":"2026-01-29T09:03:02.464Z","type":"ACTION","user_id":"2","user_name":"pradeepa@rajalakshmiFoundation.in","role_name":"BATCH COORDINATOR","method":"GET","path":"/api/coordinator/students","action":"GET /api/coordinator/students","ip":"::1","details":{"query":{"cohortNumber":"","batchId":""}}}
{"timestamp":"2026-01-29T09:03:04.090Z","type":"ACTION","user_id":"2","user_name":"pradeepa@rajalakshmiFoundation.in","role_name":"BATCH COORDINATOR","method":"GET","path":"/api/coordinator/attendance/batch-weekly-avg","action":"GET /api/coordinator/attendance/batch-weekly-avg","ip":"::1"}
{"timestamp":"2026-01-29T09:03:04.101Z","type":"ACTION","user_id":"2","user_name":"pradeepa@rajalakshmiFoundation.in","role_name":"BATCH COORDINATOR","method":"GET","path":"/api/coordinator/batches","action":"GET /api/coordinator/batches","ip":"::1"}
{"timestamp":"2026-01-29T09:03:04.107Z","type":"ACTION","user_id":"2","user_name":"pradeepa@rajalakshmiFoundation.in","role_name":"BATCH COORDINATOR","method":"GET","path":"/api/coordinator/students","action":"GET /api/coordinator/students","ip":"::1"}
{"timestamp":"2026-01-29T09:03:04.112Z","type":"ACTION","user_id":"2","user_name":"pradeepa@rajalakshmiFoundation.in","role_name":"BATCH COORDINATOR","method":"GET","path":"/api/coordinator/reports/global-attendance","action":"GET /api/coordinator/reports/global-attendance","ip":"::1"}
{"timestamp":"2026-01-29T09:03:04.158Z","type":"ACTION","user_id":"2","user_name":"pradeepa@rajalakshmiFoundation.in","role_name":"BATCH COORDINATOR","method":"GET","path":"/api/coordinator/batches","action":"GET /api/coordinator/batches","ip":"::1"}
{"timestamp":"2026-01-29T09:03:04.169Z","type":"ACTION","user_id":"2","user_name":"pradeepa@rajalakshmiFoundation.in","role_name":"BATCH COORDINATOR","method":"GET","path":"/api/coordinator/students","action":"GET /api/coordinator/students","ip":"::1"}
{"timestamp":"2026-01-29T09:03:04.178Z","type":"ACTION","user_id":"2","user_name":"pradeepa@rajalakshmiFoundation.in","role_name":"BATCH COORDINATOR","method":"GET","path":"/api/coordinator/timetable","action":"GET /api/coordinator/timetable","ip":"::1","details":{"query":{"batchId":"26"}}}
{"timestamp":"2026-01-29T09:03:04.185Z","type":"ACTION","user_id":"2","user_name":"pradeepa@rajalakshmiFoundation.in","role_name":"BATCH COORDINATOR","method":"GET","path":"/api/coordinator/attendance/batch-weekly-avg","action":"GET /api/coordinator/attendance/batch-weekly-avg","ip":"::1"}
{"timestamp":"2026-01-29T09:03:04.193Z","type":"ACTION","user_id":"2","user_name":"pradeepa@rajalakshmiFoundation.in","role_name":"BATCH COORDINATOR","method":"GET","path":"/api/coordinator/batches","action":"GET /api/coordinator/batches","ip":"::1"}
{"timestamp":"2026-01-29T09:03:04.281Z","type":"ACTION","user_id":"2","user_name":"pradeepa@rajalakshmiFoundation.in","role_name":"BATCH COORDINATOR","method":"GET","path":"/api/coordinator/reports/global-attendance","action":"GET /api/coordinator/reports/global-attendance","ip":"::1"}
{"timestamp":"2026-01-29T09:03:04.288Z","type":"ACTION","user_id":"2","user_name":"pradeepa@rajalakshmiFoundation.in","role_name":"BATCH COORDINATOR","method":"GET","path":"/api/coordinator/batches","action":"GET /api/coordinator/batches","ip":"::1"}
{"timestamp":"2026-01-29T09:03:04.351Z","type":"ACTION","user_id":"2","user_name":"pradeepa@rajalakshmiFoundation.in","role_name":"BATCH COORDINATOR","method":"GET","path":"/api/coordinator/timetable","action":"GET /api/coordinator/timetable","ip":"::1","details":{"query":{"batchId":"15"}}}
{"timestamp":"2026-01-29T09:03:04.399Z","type":"ACTION","user_id":"2","user_name":"pradeepa@rajalakshmiFoundation.in","role_name":"BATCH COORDINATOR","method":"GET","path":"/api/coordinator/timetable","action":"GET /api/coordinator/timetable","ip":"::1","details":{"query":{"batchId":"26"}}}
{"timestamp":"2026-01-29T09:03:04.408Z","type":"ACTION","user_id":"2","user_name":"pradeepa@rajalakshmiFoundation.in","role_name":"BATCH COORDINATOR","method":"GET","path":"/api/coordinator/timetable","action":"GET /api/coordinator/timetable","ip":"::1","details":{"query":{"batchId":"26"}}}
{"timestamp":"2026-01-29T09:03:04.413Z","type":"ACTION","user_id":"2","user_name":"pradeepa@rajalakshmiFoundation.in","role_name":"BATCH COORDINATOR","method":"GET","path":"/api/coordinator/timetable","action":"GET /api/coordinator/timetable","ip":"::1","details":{"query":{"batchId":"15"}}}
{"timestamp":"2026-01-29T09:03:04.502Z","type":"ACTION","user_id":"2","user_name":"pradeepa@rajalakshmiFoundation.in","role_name":"BATCH COORDINATOR","method":"GET","path":"/api/coordinator/students","action":"GET /api/coordinator/students","ip":"::1","details":{"query":{"cohortNumber":"","batchId":""}}}
{"timestamp":"2026-01-29T09:03:04.507Z","type":"ACTION","user_id":"2","user_name":"pradeepa@rajalakshmiFoundation.in","role_name":"BATCH COORDINATOR","method":"GET","path":"/api/coordinator/cohorts","action":"GET /api/coordinator/cohorts","ip":"::1"}
{"timestamp":"2026-01-29T09:03:04.520Z","type":"ACTION","user_id":"2","user_name":"pradeepa@rajalakshmiFoundation.in","role_name":"BATCH COORDINATOR","method":"GET","path":"/api/coordinator/cohorts","action":"GET /api/coordinator/cohorts","ip":"::1"}
{"timestamp":"2026-01-29T09:03:04.534Z","type":"ACTION","user_id":"2","user_name":"pradeepa@rajalakshmiFoundation.in","role_name":"BATCH COORDINATOR","method":"GET","path":"/api/coordinator/students","action":"GET /api/coordinator/students","ip":"::1","details":{"query":{"cohortNumber":"","batchId":""}}}
{"timestamp":"2026-01-29T09:03:09.254Z","type":"ACTION","user_id":"2","user_name":"pradeepa@rajalakshmiFoundation.in","role_name":"BATCH COORDINATOR","method":"GET","path":"/api/coordinator/students","action":"GET /api/coordinator/students","ip":"::1","details":{"query":{"cohortNumber":"","batchId":""}}}
{"timestamp":"2026-01-29T09:03:09.258Z","type":"ACTION","user_id":"2","user_name":"pradeepa@rajalakshmiFoundation.in","role_name":"BATCH COORDINATOR","method":"GET","path":"/api/coordinator/cohorts","action":"GET /api/coordinator/cohorts","ip":"::1"}
{"timestamp":"2026-01-29T09:03:09.264Z","type":"ACTION","user_id":"2","user_name":"pradeepa@rajalakshmiFoundation.in","role_name":"BATCH COORDINATOR","method":"GET","path":"/api/system-config/active","action":"GET /api/system-config/active","ip":"::1"}
{"timestamp":"2026-01-29T09:03:09.279Z","type":"ACTION","user_id":"2","user_name":"pradeepa@rajalakshmiFoundation.in","role_name":"BATCH COORDINATOR","method":"GET","path":"/api/coordinator/cohorts","action":"GET /api/coordinator/cohorts","ip":"::1"}
{"timestamp":"2026-01-29T09:03:09.285Z","type":"ACTION","user_id":"2","user_name":"pradeepa@rajalakshmiFoundation.in","role_name":"BATCH COORDINATOR","method":"GET","path":"/api/coordinator/students","action":"GET /api/coordinator/students","ip":"::1","details":{"query":{"cohortNumber":"","batchId":""}}}
{"timestamp":"2026-01-29T09:03:09.290Z","type":"ACTION","user_id":"2","user_name":"pradeepa@rajalakshmiFoundation.in","role_name":"BATCH COORDINATOR","method":"GET","path":"/api/system-config/active","action":"GET /api/system-config/active","ip":"::1"}
{"timestamp":"2026-01-29T09:03:41.174Z","type":"ACTION","user_id":"2","user_name":"pradeepa@rajalakshmiFoundation.in","role_name":"BATCH COORDINATOR","method":"GET","path":"/api/coordinator/students","action":"GET /api/coordinator/students","ip":"::1","details":{"query":{"cohortNumber":"","batchId":""}}}
{"timestamp":"2026-01-29T09:03:41.207Z","type":"ACTION","user_id":"2","user_name":"pradeepa@rajalakshmiFoundation.in","role_name":"BATCH COORDINATOR","method":"GET","path":"/api/coordinator/cohorts","action":"GET /api/coordinator/cohorts","ip":"::1"}
{"timestamp":"2026-01-29T09:03:41.219Z","type":"ACTION","user_id":"2","user_name":"pradeepa@rajalakshmiFoundation.in","role_name":"BATCH COORDINATOR","method":"GET","path":"/api/system-config/active","action":"GET /api/system-config/active","ip":"::1"}
{"timestamp":"2026-01-29T09:03:41.305Z","type":"ACTION","user_id":"2","user_name":"pradeepa@rajalakshmiFoundation.in","role_name":"BATCH COORDINATOR","method":"GET","path":"/api/coordinator/cohorts","action":"GET /api/coordinator/cohorts","ip":"::1"}
{"timestamp":"2026-01-29T09:03:41.313Z","type":"ACTION","user_id":"2","user_name":"pradeepa@rajalakshmiFoundation.in","role_name":"BATCH COORDINATOR","method":"GET","path":"/api/coordinator/students","action":"GET /api/coordinator/students","ip":"::1","details":{"query":{"cohortNumber":"","batchId":""}}}
{"timestamp":"2026-01-29T09:03:41.325Z","type":"ACTION","user_id":"2","user_name":"pradeepa@rajalakshmiFoundation.in","role_name":"BATCH COORDINATOR","method":"GET","path":"/api/system-config/active","action":"GET /api/system-config/active","ip":"::1"}
{"timestamp":"2026-01-29T09:03:59.348Z","type":"LOGIN","user_name":"pradeepa@rajalakshmiFoundation.in","status":"success_pre_auth","ip":"::1"}
{"timestamp":"2026-01-29T09:04:00.963Z","type":"ACTION","user_name":"pradeepa@rajalakshmiFoundation.in","role":"BATCH COORDINATOR","action":"login_complete","status":"success","ip":"::1"}
{"timestamp":"2026-01-29T09:04:01.035Z","type":"ACTION","user_id":"2","user_name":"pradeepa@rajalakshmiFoundation.in","role_name":"BATCH COORDINATOR","method":"GET","path":"/api/coordinator/attendance/batch-weekly-avg","action":"GET /api/coordinator/attendance/batch-weekly-avg","ip":"::1"}
{"timestamp":"2026-01-29T09:04:01.045Z","type":"ACTION","user_id":"2","user_name":"pradeepa@rajalakshmiFoundation.in","role_name":"BATCH COORDINATOR","method":"GET","path":"/api/system-config/active","action":"GET /api/system-config/active","ip":"::1"}
{"timestamp":"2026-01-29T09:04:01.050Z","type":"ACTION","user_id":"2","user_name":"pradeepa@rajalakshmiFoundation.in","role_name":"BATCH COORDINATOR","method":"GET","path":"/api/coordinator/batches","action":"GET /api/coordinator/batches","ip":"::1"}
{"timestamp":"2026-01-29T09:04:01.056Z","type":"ACTION","user_id":"2","user_name":"pradeepa@rajalakshmiFoundation.in","role_name":"BATCH COORDINATOR","method":"GET","path":"/api/coordinator/students","action":"GET /api/coordinator/students","ip":"::1"}
{"timestamp":"2026-01-29T09:04:01.062Z","type":"ACTION","user_id":"2","user_name":"pradeepa@rajalakshmiFoundation.in","role_name":"BATCH COORDINATOR","method":"GET","path":"/api/coordinator/reports/global-attendance","action":"GET /api/coordinator/reports/global-attendance","ip":"::1"}
{"timestamp":"2026-01-29T09:04:01.091Z","type":"ACTION","user_id":"2","user_name":"pradeepa@rajalakshmiFoundation.in","role_name":"BATCH COORDINATOR","method":"GET","path":"/api/coordinator/attendance/batch-weekly-avg","action":"GET /api/coordinator/attendance/batch-weekly-avg","ip":"::1"}
{"timestamp":"2026-01-29T09:04:01.142Z","type":"ACTION","user_id":"2","user_name":"pradeepa@rajalakshmiFoundation.in","role_name":"BATCH COORDINATOR","method":"GET","path":"/api/system-config/active","action":"GET /api/system-config/active","ip":"::1"}
{"timestamp":"2026-01-29T09:04:01.173Z","type":"ACTION","user_id":"2","user_name":"pradeepa@rajalakshmiFoundation.in","role_name":"BATCH COORDINATOR","method":"GET","path":"/api/coordinator/batches","action":"GET /api/coordinator/batches","ip":"::1"}
{"timestamp":"2026-01-29T09:04:01.190Z","type":"ACTION","user_id":"2","user_name":"pradeepa@rajalakshmiFoundation.in","role_name":"BATCH COORDINATOR","method":"GET","path":"/api/coordinator/batches","action":"GET /api/coordinator/batches","ip":"::1"}
{"timestamp":"2026-01-29T09:04:01.197Z","type":"ACTION","user_id":"2","user_name":"pradeepa@rajalakshmiFoundation.in","role_name":"BATCH COORDINATOR","method":"GET","path":"/api/coordinator/students","action":"GET /api/coordinator/students","ip":"::1"}
{"timestamp":"2026-01-29T09:04:01.209Z","type":"ACTION","user_id":"2","user_name":"pradeepa@rajalakshmiFoundation.in","role_name":"BATCH COORDINATOR","method":"GET","path":"/api/coordinator/batches","action":"GET /api/coordinator/batches","ip":"::1"}
{"timestamp":"2026-01-29T09:04:01.218Z","type":"ACTION","user_id":"2","user_name":"pradeepa@rajalakshmiFoundation.in","role_name":"BATCH COORDINATOR","method":"GET","path":"/api/coordinator/reports/global-attendance","action":"GET /api/coordinator/reports/global-attendance","ip":"::1"}
{"timestamp":"2026-01-29T09:04:01.254Z","type":"ACTION","user_id":"2","user_name":"pradeepa@rajalakshmiFoundation.in","role_name":"BATCH COORDINATOR","method":"GET","path":"/api/coordinator/timetable","action":"GET /api/coordinator/timetable","ip":"::1","details":{"query":{"batchId":"26"}}}
{"timestamp":"2026-01-29T09:04:01.284Z","type":"ACTION","user_id":"2","user_name":"pradeepa@rajalakshmiFoundation.in","role_name":"BATCH COORDINATOR","method":"GET","path":"/api/coordinator/timetable","action":"GET /api/coordinator/timetable","ip":"::1","details":{"query":{"batchId":"26"}}}
{"timestamp":"2026-01-29T09:04:01.295Z","type":"ACTION","user_id":"2","user_name":"pradeepa@rajalakshmiFoundation.in","role_name":"BATCH COORDINATOR","method":"GET","path":"/api/coordinator/timetable","action":"GET /api/coordinator/timetable","ip":"::1","details":{"query":{"batchId":"26"}}}
{"timestamp":"2026-01-29T09:04:01.303Z","type":"ACTION","user_id":"2","user_name":"pradeepa@rajalakshmiFoundation.in","role_name":"BATCH COORDINATOR","method":"GET","path":"/api/coordinator/timetable","action":"GET /api/coordinator/timetable","ip":"::1","details":{"query":{"batchId":"15"}}}
{"timestamp":"2026-01-29T09:04:01.321Z","type":"ACTION","user_id":"2","user_name":"pradeepa@rajalakshmiFoundation.in","role_name":"BATCH COORDINATOR","method":"GET","path":"/api/coordinator/timetable","action":"GET /api/coordinator/timetable","ip":"::1","details":{"query":{"batchId":"26"}}}
{"timestamp":"2026-01-29T09:04:01.325Z","type":"ACTION","user_id":"2","user_name":"pradeepa@rajalakshmiFoundation.in","role_name":"BATCH COORDINATOR","method":"GET","path":"/api/coordinator/timetable","action":"GET /api/coordinator/timetable","ip":"::1","details":{"query":{"batchId":"15"}}}
{"timestamp":"2026-01-29T09:04:01.828Z","type":"ACTION","user_id":"2","user_name":"pradeepa@rajalakshmiFoundation.in","role_name":"BATCH COORDINATOR","method":"GET","path":"/api/coordinator/students","action":"GET /api/coordinator/students","ip":"::1","details":{"query":{"cohortNumber":"","batchId":""}}}
{"timestamp":"2026-01-29T09:04:01.833Z","type":"ACTION","user_id":"2","user_name":"pradeepa@rajalakshmiFoundation.in","role_name":"BATCH COORDINATOR","method":"GET","path":"/api/coordinator/cohorts","action":"GET /api/coordinator/cohorts","ip":"::1"}
{"timestamp":"2026-01-29T09:04:01.842Z","type":"ACTION","user_id":"2","user_name":"pradeepa@rajalakshmiFoundation.in","role_name":"BATCH COORDINATOR","method":"GET","path":"/api/coordinator/cohorts","action":"GET /api/coordinator/cohorts","ip":"::1"}
{"timestamp":"2026-01-29T09:04:01.847Z","type":"ACTION","user_id":"2","user_name":"pradeepa@rajalakshmiFoundation.in","role_name":"BATCH COORDINATOR","method":"GET","path":"/api/coordinator/students","action":"GET /api/coordinator/students","ip":"::1","details":{"query":{"cohortNumber":"","batchId":""}}}
{"timestamp":"2026-01-29T09:04:12.047Z","type":"ACTION","user_id":"2","user_name":"pradeepa@rajalakshmiFoundation.in","role_name":"BATCH COORDINATOR","method":"GET","path":"/api/coordinator/students/2546/inactive-history","action":"GET /api/coordinator/students/2546/inactive-history","ip":"::1"}
{"timestamp":"2026-01-29T09:04:41.728Z","type":"ACTION","user_id":"2","user_name":"pradeepa@rajalakshmiFoundation.in","role_name":"BATCH COORDINATOR","method":"GET","path":"/api/coordinator/students","action":"GET /api/coordinator/students","ip":"::1","details":{"query":{"cohortNumber":"","batchId":""}}}
{"timestamp":"2026-01-29T09:04:41.741Z","type":"ACTION","user_id":"2","user_name":"pradeepa@rajalakshmiFoundation.in","role_name":"BATCH COORDINATOR","method":"GET","path":"/api/coordinator/cohorts","action":"GET /api/coordinator/cohorts","ip":"::1"}
{"timestamp":"2026-01-29T09:04:41.750Z","type":"ACTION","user_id":"2","user_name":"pradeepa@rajalakshmiFoundation.in","role_name":"BATCH COORDINATOR","method":"GET","path":"/api/system-config/active","action":"GET /api/system-config/active","ip":"::1"}
{"timestamp":"2026-01-29T09:04:41.843Z","type":"ACTION","user_id":"2","user_name":"pradeepa@rajalakshmiFoundation.in","role_name":"BATCH COORDINATOR","method":"GET","path":"/api/coordinator/cohorts","action":"GET /api/coordinator/cohorts","ip":"::1"}
{"timestamp":"2026-01-29T09:04:41.849Z","type":"ACTION","user_id":"2","user_name":"pradeepa@rajalakshmiFoundation.in","role_name":"BATCH COORDINATOR","method":"GET","path":"/api/coordinator/students","action":"GET /api/coordinator/students","ip":"::1","details":{"query":{"cohortNumber":"","batchId":""}}}
{"timestamp":"2026-01-29T09:04:41.999Z","type":"ACTION","user_id":"2","user_name":"pradeepa@rajalakshmiFoundation.in","role_name":"BATCH COORDINATOR","method":"GET","path":"/api/system-config/active","action":"GET /api/system-config/active","ip":"::1"}
{"timestamp":"2026-01-29T09:04:46.802Z","type":"ACTION","user_id":"2","user_name":"pradeepa@rajalakshmiFoundation.in","role_name":"BATCH COORDINATOR","method":"GET","path":"/api/coordinator/cohorts","action":"GET /api/coordinator/cohorts","ip":"::1","details":{"query":{"userId":"2"}}}
{"timestamp":"2026-01-29T09:04:46.809Z","type":"ACTION","user_id":"2","user_name":"pradeepa@rajalakshmiFoundation.in","role_name":"BATCH COORDINATOR","method":"GET","path":"/api/coordinator/reports/coordinator-teachers","action":"GET /api/coordinator/reports/coordinator-teachers","ip":"::1","details":{"query":{"user_id":"2","fromDate":"1970-01-01","toDate":"2100-01-01"}}}
{"timestamp":"2026-01-29T09:04:46.822Z","type":"ACTION","user_id":"2","user_name":"pradeepa@rajalakshmiFoundation.in","role_name":"BATCH COORDINATOR","method":"GET","path":"/api/coordinator/cohorts","action":"GET /api/coordinator/cohorts","ip":"::1","details":{"query":{"userId":"2"}}}
{"timestamp":"2026-01-29T09:04:46.833Z","type":"ACTION","user_id":"2","user_name":"pradeepa@rajalakshmiFoundation.in","role_name":"BATCH COORDINATOR","method":"GET","path":"/api/coordinator/reports/coordinator-teachers","action":"GET /api/coordinator/reports/coordinator-teachers","ip":"::1","details":{"query":{"user_id":"2","fromDate":"1970-01-01","toDate":"2100-01-01"}}}
{"timestamp":"2026-01-29T09:04:47.249Z","type":"ACTION","user_id":"2","user_name":"pradeepa@rajalakshmiFoundation.in","role_name":"BATCH COORDINATOR","method":"GET","path":"/api/coordinator/students","action":"GET /api/coordinator/students","ip":"::1","details":{"query":{"cohortNumber":"","batchId":""}}}
{"timestamp":"2026-01-29T09:04:47.254Z","type":"ACTION","user_id":"2","user_name":"pradeepa@rajalakshmiFoundation.in","role_name":"BATCH COORDINATOR","method":"GET","path":"/api/coordinator/cohorts","action":"GET /api/coordinator/cohorts","ip":"::1"}
{"timestamp":"2026-01-29T09:04:47.261Z","type":"ACTION","user_id":"2","user_name":"pradeepa@rajalakshmiFoundation.in","role_name":"BATCH COORDINATOR","method":"GET","path":"/api/coordinator/cohorts","action":"GET /api/coordinator/cohorts","ip":"::1"}
{"timestamp":"2026-01-29T09:04:47.274Z","type":"ACTION","user_id":"2","user_name":"pradeepa@rajalakshmiFoundation.in","role_name":"BATCH COORDINATOR","method":"GET","path":"/api/coordinator/students","action":"GET /api/coordinator/students","ip":"::1","details":{"query":{"cohortNumber":"","batchId":""}}}
{"timestamp":"2026-01-29T09:05:04.296Z","type":"ACTION","user_id":"2","user_name":"pradeepa@rajalakshmiFoundation.in","role_name":"BATCH COORDINATOR","method":"GET","path":"/api/coordinator/cohorts","action":"GET /api/coordinator/cohorts","ip":"::1","details":{"query":{"userId":"2"}}}
{"timestamp":"2026-01-29T09:05:04.301Z","type":"ACTION","user_id":"2","user_name":"pradeepa@rajalakshmiFoundation.in","role_name":"BATCH COORDINATOR","method":"GET","path":"/api/coordinator/reports/coordinator-teachers","action":"GET /api/coordinator/reports/coordinator-teachers","ip":"::1","details":{"query":{"user_id":"2","fromDate":"1970-01-01","toDate":"2100-01-01"}}}
{"timestamp":"2026-01-29T09:05:04.372Z","type":"ACTION","user_id":"2","user_name":"pradeepa@rajalakshmiFoundation.in","role_name":"BATCH COORDINATOR","method":"GET","path":"/api/coordinator/cohorts","action":"GET /api/coordinator/cohorts","ip":"::1","details":{"query":{"userId":"2"}}}
{"timestamp":"2026-01-29T09:05:04.380Z","type":"ACTION","user_id":"2","user_name":"pradeepa@rajalakshmiFoundation.in","role_name":"BATCH COORDINATOR","method":"GET","path":"/api/coordinator/reports/coordinator-teachers","action":"GET /api/coordinator/reports/coordinator-teachers","ip":"::1","details":{"query":{"user_id":"2","fromDate":"1970-01-01","toDate":"2100-01-01"}}}
