{"timestamp":"2025-11-01T07:57:48.138Z","type":"ACTION","user_id":"7","user_name":"admin1","role_name":"ADMIN","method":"GET","path":"/api/system-config/active","action":"GET /api/system-config/active","ip":"::1"}
{"timestamp":"2025-11-01T07:57:48.314Z","type":"ACTION","user_id":"7","user_name":"admin1","role_name":"ADMIN","method":"GET","path":"/api/system-config/active","action":"GET /api/system-config/active","ip":"::1"}
{"timestamp":"2025-11-01T07:57:52.226Z","type":"ACTION","user_id":"anonymous","user_name":"anonymous","role_name":"anonymous","method":"GET","path":"/api/evaluation-dashboard/overall","action":"GET /api/evaluation-dashboard/overall","ip":"::1"}
{"timestamp":"2025-11-01T07:57:52.260Z","type":"ACTION","user_id":"anonymous","user_name":"anonymous","role_name":"anonymous","method":"GET","path":"/api/evaluation-dashboard/jurisdictions","action":"GET /api/evaluation-dashboard/jurisdictions","ip":"::1"}
{"timestamp":"2025-11-01T07:57:52.271Z","type":"ACTION","user_id":"anonymous","user_name":"anonymous","role_name":"anonymous","method":"GET","path":"/api/evaluation-dashboard/overall-progress","action":"GET /api/evaluation-dashboard/overall-progress","ip":"::1"}
{"timestamp":"2025-11-01T07:57:52.365Z","type":"ACTION","user_id":"anonymous","user_name":"anonymous","role_name":"anonymous","method":"GET","path":"/api/evaluation-dashboard/overall","action":"GET /api/evaluation-dashboard/overall","ip":"::1"}
{"timestamp":"2025-11-01T07:57:52.597Z","type":"ACTION","user_id":"anonymous","user_name":"anonymous","role_name":"anonymous","method":"GET","path":"/api/evaluation-dashboard/overall-progress","action":"GET /api/evaluation-dashboard/overall-progress","ip":"::1"}
{"timestamp":"2025-11-01T07:57:52.620Z","type":"ACTION","user_id":"anonymous","user_name":"anonymous","role_name":"anonymous","method":"GET","path":"/api/evaluation-dashboard/jurisdictions","action":"GET /api/evaluation-dashboard/jurisdictions","ip":"::1"}
{"timestamp":"2025-11-01T07:57:57.012Z","type":"ACTION","user_id":"7","user_name":"admin1","role_name":"ADMIN","method":"GET","path":"/api/interview/exam-centers","action":"GET /api/interview/exam-centers","ip":"::1"}
{"timestamp":"2025-11-01T07:57:57.035Z","type":"ACTION","user_id":"7","user_name":"admin1","role_name":"ADMIN","method":"GET","path":"/api/interview/exam-centers","action":"GET /api/interview/exam-centers","ip":"::1"}
{"timestamp":"2025-11-01T07:58:01.283Z","type":"ACTION","user_id":"7","user_name":"admin1","role_name":"ADMIN","method":"GET","path":"/api/interview/unassigned-students","action":"GET /api/interview/unassigned-students","ip":"::1","details":{"query":{"centerName":"center1","nmmsYear":"2025"}}}
{"timestamp":"2025-11-01T07:58:01.326Z","type":"ACTION","user_id":"7","user_name":"admin1","role_name":"ADMIN","method":"GET","path":"/api/interview/unassigned-students","action":"GET /api/interview/unassigned-students","ip":"::1","details":{"query":{"centerName":"center1","nmmsYear":"2025"}}}
{"timestamp":"2025-11-01T07:58:01.348Z","type":"ACTION","user_id":"7","user_name":"admin1","role_name":"ADMIN","method":"GET","path":"/api/interview/interviewers","action":"GET /api/interview/interviewers","ip":"::1"}
{"timestamp":"2025-11-01T07:58:01.373Z","type":"ACTION","user_id":"7","user_name":"admin1","role_name":"ADMIN","method":"GET","path":"/api/interview/interviewers","action":"GET /api/interview/interviewers","ip":"::1"}
{"timestamp":"2025-11-01T07:58:27.592Z","type":"ACTION","user_id":"7","user_name":"admin1","role_name":"ADMIN","method":"POST","path":"/api/interview/assign-students","action":"POST /api/interview/assign-students","ip":"::1","details":{"body":{"applicantIds":["303"],"interviewerId":6,"nmmsYear":2025}}}
{"timestamp":"2025-11-01T07:58:27.809Z","type":"ACTION","user_id":"7","user_name":"admin1","role_name":"ADMIN","method":"GET","path":"/api/interview/unassigned-students","action":"GET /api/interview/unassigned-students","ip":"::1","details":{"query":{"centerName":"center1","nmmsYear":"2025"}}}
{"timestamp":"2025-11-01T08:18:52.415Z","type":"ACTION","user_id":"7","user_name":"admin1","role_name":"ADMIN","method":"GET","path":"/api/system-config/active","action":"GET /api/system-config/active","ip":"::1"}
{"timestamp":"2025-11-01T08:18:52.580Z","type":"ACTION","user_id":"7","user_name":"admin1","role_name":"ADMIN","method":"GET","path":"/api/system-config/active","action":"GET /api/system-config/active","ip":"::1"}
{"timestamp":"2025-11-01T08:19:48.145Z","type":"ACTION","user_id":"7","user_name":"admin1","role_name":"ADMIN","method":"GET","path":"/api/system-config/active","action":"GET /api/system-config/active","ip":"::1"}
{"timestamp":"2025-11-01T08:19:48.372Z","type":"ACTION","user_id":"7","user_name":"admin1","role_name":"ADMIN","method":"GET","path":"/api/system-config/active","action":"GET /api/system-config/active","ip":"::1"}
{"timestamp":"2025-11-01T08:20:50.270Z","type":"ACTION","user_id":"anonymous","user_name":"anonymous","role_name":"anonymous","method":"GET","path":"/api/evaluation-dashboard/overall","action":"GET /api/evaluation-dashboard/overall","ip":"::1"}
{"timestamp":"2025-11-01T08:20:50.303Z","type":"ACTION","user_id":"anonymous","user_name":"anonymous","role_name":"anonymous","method":"GET","path":"/api/evaluation-dashboard/jurisdictions","action":"GET /api/evaluation-dashboard/jurisdictions","ip":"::1"}
{"timestamp":"2025-11-01T08:20:50.314Z","type":"ACTION","user_id":"anonymous","user_name":"anonymous","role_name":"anonymous","method":"GET","path":"/api/evaluation-dashboard/overall-progress","action":"GET /api/evaluation-dashboard/overall-progress","ip":"::1"}
{"timestamp":"2025-11-01T08:20:50.544Z","type":"ACTION","user_id":"anonymous","user_name":"anonymous","role_name":"anonymous","method":"GET","path":"/api/evaluation-dashboard/overall-progress","action":"GET /api/evaluation-dashboard/overall-progress","ip":"::1"}
{"timestamp":"2025-11-01T08:20:50.555Z","type":"ACTION","user_id":"anonymous","user_name":"anonymous","role_name":"anonymous","method":"GET","path":"/api/evaluation-dashboard/overall","action":"GET /api/evaluation-dashboard/overall","ip":"::1"}
{"timestamp":"2025-11-01T08:20:50.568Z","type":"ACTION","user_id":"anonymous","user_name":"anonymous","role_name":"anonymous","method":"GET","path":"/api/evaluation-dashboard/jurisdictions","action":"GET /api/evaluation-dashboard/jurisdictions","ip":"::1"}
{"timestamp":"2025-11-01T08:20:58.612Z","type":"ACTION","user_id":"anonymous","user_name":"anonymous","role_name":"anonymous","method":"GET","path":"/api/interview/interviewers","action":"GET /api/interview/interviewers","ip":"::1"}
{"timestamp":"2025-11-01T08:20:58.657Z","type":"ACTION","user_id":"anonymous","user_name":"anonymous","role_name":"anonymous","method":"GET","path":"/api/interview/interviewers","action":"GET /api/interview/interviewers","ip":"::1"}
{"timestamp":"2025-11-01T08:26:02.724Z","type":"ACTION","user_id":"7","user_name":"admin1","role_name":"ADMIN","method":"GET","path":"/api/system-config/active","action":"GET /api/system-config/active","ip":"::1"}
{"timestamp":"2025-11-01T08:26:02.958Z","type":"ACTION","user_id":"7","user_name":"admin1","role_name":"ADMIN","method":"GET","path":"/api/system-config/active","action":"GET /api/system-config/active","ip":"::1"}
{"timestamp":"2025-11-01T08:26:07.521Z","type":"ACTION","user_id":"anonymous","user_name":"anonymous","role_name":"anonymous","method":"GET","path":"/api/evaluation-dashboard/overall","action":"GET /api/evaluation-dashboard/overall","ip":"::1"}
{"timestamp":"2025-11-01T08:26:07.536Z","type":"ACTION","user_id":"anonymous","user_name":"anonymous","role_name":"anonymous","method":"GET","path":"/api/evaluation-dashboard/jurisdictions","action":"GET /api/evaluation-dashboard/jurisdictions","ip":"::1"}
{"timestamp":"2025-11-01T08:26:07.561Z","type":"ACTION","user_id":"anonymous","user_name":"anonymous","role_name":"anonymous","method":"GET","path":"/api/evaluation-dashboard/overall-progress","action":"GET /api/evaluation-dashboard/overall-progress","ip":"::1"}
{"timestamp":"2025-11-01T08:26:07.642Z","type":"ACTION","user_id":"anonymous","user_name":"anonymous","role_name":"anonymous","method":"GET","path":"/api/evaluation-dashboard/overall","action":"GET /api/evaluation-dashboard/overall","ip":"::1"}
{"timestamp":"2025-11-01T08:26:07.816Z","type":"ACTION","user_id":"anonymous","user_name":"anonymous","role_name":"anonymous","method":"GET","path":"/api/evaluation-dashboard/overall-progress","action":"GET /api/evaluation-dashboard/overall-progress","ip":"::1"}
{"timestamp":"2025-11-01T08:26:07.832Z","type":"ACTION","user_id":"anonymous","user_name":"anonymous","role_name":"anonymous","method":"GET","path":"/api/evaluation-dashboard/jurisdictions","action":"GET /api/evaluation-dashboard/jurisdictions","ip":"::1"}
{"timestamp":"2025-11-01T08:27:13.133Z","type":"ACTION","user_id":"anonymous","user_name":"anonymous","role_name":"anonymous","method":"GET","path":"/api/evaluation-dashboard/overall","action":"GET /api/evaluation-dashboard/overall","ip":"::1"}
{"timestamp":"2025-11-01T08:27:13.146Z","type":"ACTION","user_id":"anonymous","user_name":"anonymous","role_name":"anonymous","method":"GET","path":"/api/evaluation-dashboard/jurisdictions","action":"GET /api/evaluation-dashboard/jurisdictions","ip":"::1"}
{"timestamp":"2025-11-01T08:27:13.151Z","type":"ACTION","user_id":"anonymous","user_name":"anonymous","role_name":"anonymous","method":"GET","path":"/api/evaluation-dashboard/overall-progress","action":"GET /api/evaluation-dashboard/overall-progress","ip":"::1"}
{"timestamp":"2025-11-01T08:27:13.465Z","type":"ACTION","user_id":"anonymous","user_name":"anonymous","role_name":"anonymous","method":"GET","path":"/api/evaluation-dashboard/overall-progress","action":"GET /api/evaluation-dashboard/overall-progress","ip":"::1"}
{"timestamp":"2025-11-01T08:27:13.482Z","type":"ACTION","user_id":"anonymous","user_name":"anonymous","role_name":"anonymous","method":"GET","path":"/api/evaluation-dashboard/overall","action":"GET /api/evaluation-dashboard/overall","ip":"::1"}
{"timestamp":"2025-11-01T08:27:13.501Z","type":"ACTION","user_id":"anonymous","user_name":"anonymous","role_name":"anonymous","method":"GET","path":"/api/evaluation-dashboard/jurisdictions","action":"GET /api/evaluation-dashboard/jurisdictions","ip":"::1"}
{"timestamp":"2025-11-01T08:27:14.960Z","type":"ACTION","user_id":"7","user_name":"admin1","role_name":"ADMIN","method":"GET","path":"/api/tracking/interviewers","action":"GET /api/tracking/interviewers","ip":"::1"}
{"timestamp":"2025-11-01T08:27:14.988Z","type":"ACTION","user_id":"7","user_name":"admin1","role_name":"ADMIN","method":"GET","path":"/api/tracking/students","action":"GET /api/tracking/students","ip":"::1","details":{"query":{"page":"1"}}}
{"timestamp":"2025-11-01T08:27:14.999Z","type":"ACTION","user_id":"7","user_name":"admin1","role_name":"ADMIN","method":"GET","path":"/api/tracking/interviewers","action":"GET /api/tracking/interviewers","ip":"::1"}
{"timestamp":"2025-11-01T08:27:15.018Z","type":"ACTION","user_id":"7","user_name":"admin1","role_name":"ADMIN","method":"GET","path":"/api/tracking/students","action":"GET /api/tracking/students","ip":"::1","details":{"query":{"page":"1"}}}
{"timestamp":"2025-11-01T08:27:17.540Z","type":"ACTION","user_id":"7","user_name":"admin1","role_name":"ADMIN","method":"GET","path":"/api/tracking/students","action":"GET /api/tracking/students","ip":"::1","details":{"query":{"page":"1","statuses":"Scheduled"}}}
{"timestamp":"2025-11-01T08:27:19.041Z","type":"ACTION","user_id":"7","user_name":"admin1","role_name":"ADMIN","method":"GET","path":"/api/tracking/students","action":"GET /api/tracking/students","ip":"::1","details":{"query":{"page":"1","statuses":"Scheduled","results":"Accepted"}}}
{"timestamp":"2025-11-01T08:27:19.928Z","type":"ACTION","user_id":"7","user_name":"admin1","role_name":"ADMIN","method":"GET","path":"/api/tracking/students","action":"GET /api/tracking/students","ip":"::1","details":{"query":{"page":"1","statuses":"Scheduled"}}}
{"timestamp":"2025-11-01T08:27:20.826Z","type":"ACTION","user_id":"7","user_name":"admin1","role_name":"ADMIN","method":"GET","path":"/api/tracking/students","action":"GET /api/tracking/students","ip":"::1","details":{"query":{"page":"1","statuses":"Scheduled","results":"Rejected"}}}
{"timestamp":"2025-11-01T08:27:22.571Z","type":"ACTION","user_id":"7","user_name":"admin1","role_name":"ADMIN","method":"GET","path":"/api/tracking/students","action":"GET /api/tracking/students","ip":"::1","details":{"query":{"page":"1","results":"Rejected"}}}
{"timestamp":"2025-11-01T08:27:29.836Z","type":"ACTION","user_id":"7","user_name":"admin1","role_name":"ADMIN","method":"GET","path":"/api/tracking/students","action":"GET /api/tracking/students","ip":"::1","details":{"query":{"page":"1"}}}
{"timestamp":"2025-11-01T08:27:33.349Z","type":"ACTION","user_id":"anonymous","user_name":"anonymous","role_name":"anonymous","method":"GET","path":"/api/evaluation-dashboard/overall","action":"GET /api/evaluation-dashboard/overall","ip":"::1"}
{"timestamp":"2025-11-01T08:27:33.357Z","type":"ACTION","user_id":"anonymous","user_name":"anonymous","role_name":"anonymous","method":"GET","path":"/api/evaluation-dashboard/jurisdictions","action":"GET /api/evaluation-dashboard/jurisdictions","ip":"::1"}
{"timestamp":"2025-11-01T08:27:33.368Z","type":"ACTION","user_id":"anonymous","user_name":"anonymous","role_name":"anonymous","method":"GET","path":"/api/evaluation-dashboard/overall-progress","action":"GET /api/evaluation-dashboard/overall-progress","ip":"::1"}
{"timestamp":"2025-11-01T08:27:33.399Z","type":"ACTION","user_id":"anonymous","user_name":"anonymous","role_name":"anonymous","method":"GET","path":"/api/evaluation-dashboard/overall","action":"GET /api/evaluation-dashboard/overall","ip":"::1"}
{"timestamp":"2025-11-01T08:27:33.571Z","type":"ACTION","user_id":"anonymous","user_name":"anonymous","role_name":"anonymous","method":"GET","path":"/api/evaluation-dashboard/overall-progress","action":"GET /api/evaluation-dashboard/overall-progress","ip":"::1"}
{"timestamp":"2025-11-01T08:27:33.583Z","type":"ACTION","user_id":"anonymous","user_name":"anonymous","role_name":"anonymous","method":"GET","path":"/api/evaluation-dashboard/jurisdictions","action":"GET /api/evaluation-dashboard/jurisdictions","ip":"::1"}
{"timestamp":"2025-11-01T08:27:45.173Z","type":"ACTION","user_id":"7","user_name":"admin1","role_name":"ADMIN","method":"GET","path":"/api/system-config/active","action":"GET /api/system-config/active","ip":"::1"}
{"timestamp":"2025-11-01T08:27:45.375Z","type":"ACTION","user_id":"7","user_name":"admin1","role_name":"ADMIN","method":"GET","path":"/api/system-config/active","action":"GET /api/system-config/active","ip":"::1"}
{"timestamp":"2025-11-01T08:27:49.278Z","type":"ACTION","user_id":"7","user_name":"admin1","role_name":"ADMIN","method":"GET","path":"/api/interview/exam-centers","action":"GET /api/interview/exam-centers","ip":"::1"}
{"timestamp":"2025-11-01T08:27:49.299Z","type":"ACTION","user_id":"7","user_name":"admin1","role_name":"ADMIN","method":"GET","path":"/api/interview/exam-centers","action":"GET /api/interview/exam-centers","ip":"::1"}
{"timestamp":"2025-11-01T08:27:53.375Z","type":"ACTION","user_id":"7","user_name":"admin1","role_name":"ADMIN","method":"GET","path":"/api/interview/unassigned-students","action":"GET /api/interview/unassigned-students","ip":"::1","details":{"query":{"centerName":"center1","nmmsYear":"2025"}}}
{"timestamp":"2025-11-01T08:27:53.418Z","type":"ACTION","user_id":"7","user_name":"admin1","role_name":"ADMIN","method":"GET","path":"/api/interview/unassigned-students","action":"GET /api/interview/unassigned-students","ip":"::1","details":{"query":{"centerName":"center1","nmmsYear":"2025"}}}
{"timestamp":"2025-11-01T08:27:53.445Z","type":"ACTION","user_id":"7","user_name":"admin1","role_name":"ADMIN","method":"GET","path":"/api/interview/interviewers","action":"GET /api/interview/interviewers","ip":"::1"}
{"timestamp":"2025-11-01T08:27:53.606Z","type":"ACTION","user_id":"7","user_name":"admin1","role_name":"ADMIN","method":"GET","path":"/api/interview/interviewers","action":"GET /api/interview/interviewers","ip":"::1"}
{"timestamp":"2025-11-01T08:28:02.798Z","type":"ACTION","user_id":"7","user_name":"admin1","role_name":"ADMIN","method":"POST","path":"/api/interview/assign-students","action":"POST /api/interview/assign-students","ip":"::1","details":{"body":{"applicantIds":["323","208"],"interviewerId":6,"nmmsYear":2025}}}
{"timestamp":"2025-11-01T08:28:02.862Z","type":"ACTION","user_id":"7","user_name":"admin1","role_name":"ADMIN","method":"POST","path":"/api/interview/download-assignment-report","action":"POST /api/interview/download-assignment-report","ip":"::1","details":{"body":{"applicantIds":["323","208"],"nmmsYear":2025,"interviewerId":6}}}
{"timestamp":"2025-11-01T08:28:02.898Z","type":"ACTION","user_id":"7","user_name":"admin1","role_name":"ADMIN","method":"GET","path":"/api/interview/unassigned-students","action":"GET /api/interview/unassigned-students","ip":"::1","details":{"query":{"centerName":"center1","nmmsYear":"2025"}}}
{"timestamp":"2025-11-01T08:28:17.986Z","type":"ACTION","user_id":"7","user_name":"admin1","role_name":"ADMIN","method":"GET","path":"/api/interview/reassignable-students","action":"GET /api/interview/reassignable-students","ip":"::1","details":{"query":{"centerName":"center1","nmmsYear":"2025"}}}
{"timestamp":"2025-11-01T08:28:18.187Z","type":"ACTION","user_id":"7","user_name":"admin1","role_name":"ADMIN","method":"GET","path":"/api/interview/reassignable-students","action":"GET /api/interview/reassignable-students","ip":"::1","details":{"query":{"centerName":"center1","nmmsYear":"2025"}}}
{"timestamp":"2025-11-01T08:28:18.216Z","type":"ACTION","user_id":"7","user_name":"admin1","role_name":"ADMIN","method":"GET","path":"/api/interview/interviewers","action":"GET /api/interview/interviewers","ip":"::1"}
{"timestamp":"2025-11-01T08:28:18.370Z","type":"ACTION","user_id":"7","user_name":"admin1","role_name":"ADMIN","method":"GET","path":"/api/interview/interviewers","action":"GET /api/interview/interviewers","ip":"::1"}
{"timestamp":"2025-11-01T08:28:28.592Z","type":"ACTION","user_id":"7","user_name":"admin1","role_name":"ADMIN","method":"POST","path":"/api/interview/reassign-students","action":"POST /api/interview/reassign-students","ip":"::1","details":{"body":{"applicantIds":["303","323"],"newInterviewerId":"NO_ONE","nmmsYear":2025}}}
{"timestamp":"2025-11-01T08:28:28.780Z","type":"ACTION","user_id":"7","user_name":"admin1","role_name":"ADMIN","method":"GET","path":"/api/interview/reassignable-students","action":"GET /api/interview/reassignable-students","ip":"::1","details":{"query":{"centerName":"center1","nmmsYear":"2025"}}}
{"timestamp":"2025-11-01T08:28:28.830Z","type":"ACTION","user_id":"7","user_name":"admin1","role_name":"ADMIN","method":"GET","path":"/api/interview/interviewers","action":"GET /api/interview/interviewers","ip":"::1"}
{"timestamp":"2025-11-01T08:28:28.839Z","type":"ACTION","user_id":"7","user_name":"admin1","role_name":"ADMIN","method":"GET","path":"/api/interview/interviewers","action":"GET /api/interview/interviewers","ip":"::1"}
{"timestamp":"2025-11-01T08:28:32.502Z","type":"ACTION","user_id":"7","user_name":"admin1","role_name":"ADMIN","method":"GET","path":"/api/interview/exam-centers","action":"GET /api/interview/exam-centers","ip":"::1"}
{"timestamp":"2025-11-01T08:28:32.514Z","type":"ACTION","user_id":"7","user_name":"admin1","role_name":"ADMIN","method":"GET","path":"/api/interview/exam-centers","action":"GET /api/interview/exam-centers","ip":"::1"}
{"timestamp":"2025-11-01T08:28:38.828Z","type":"ACTION","user_id":"7","user_name":"admin1","role_name":"ADMIN","method":"GET","path":"/api/interview/students-for-verification","action":"GET /api/interview/students-for-verification","ip":"::1"}
{"timestamp":"2025-11-01T08:28:38.849Z","type":"ACTION","user_id":"7","user_name":"admin1","role_name":"ADMIN","method":"GET","path":"/api/interview/students-for-verification","action":"GET /api/interview/students-for-verification","ip":"::1"}
{"timestamp":"2025-11-01T08:28:40.694Z","type":"ACTION","user_id":"anonymous","user_name":"anonymous","role_name":"anonymous","method":"GET","path":"/api/interview/interviewers","action":"GET /api/interview/interviewers","ip":"::1"}
{"timestamp":"2025-11-01T08:28:40.704Z","type":"ACTION","user_id":"anonymous","user_name":"anonymous","role_name":"anonymous","method":"GET","path":"/api/interview/interviewers","action":"GET /api/interview/interviewers","ip":"::1"}
{"timestamp":"2025-11-01T08:28:42.615Z","type":"ACTION","user_id":"anonymous","user_name":"anonymous","role_name":"anonymous","method":"GET","path":"/api/interview/students/Anish","action":"GET /api/interview/students/Anish","ip":"::1","details":{"query":{"nmmsYear":"2025"}}}
{"timestamp":"2025-11-01T08:29:15.409Z","type":"ACTION","user_id":"anonymous","user_name":"anonymous","role_name":"anonymous","method":"POST","path":"/api/interview/submit-interview","action":"POST /api/interview/submit-interview","ip":"::1","details":{"body":{"applicantId":"208","remarks":"yyyy","nmmsYear":"2025","interviewDate":"2025-10-29","interviewTime":"11:17 AM","interviewMode":"Online","interviewStatus":"Rescheduled","lifeGoalsAndZeal":"4.8","commitmentToLearning":"4.8","integrity":"4.9","communicationSkills":"6.9","homeVerificationRequired":"","interviewResult":"Home Verification Required"}}}
{"timestamp":"2025-11-01T08:29:18.199Z","type":"ACTION","user_id":"7","user_name":"admin1","role_name":"ADMIN","method":"GET","path":"/api/interview/students-for-verification","action":"GET /api/interview/students-for-verification","ip":"::1"}
{"timestamp":"2025-11-01T08:29:18.216Z","type":"ACTION","user_id":"7","user_name":"admin1","role_name":"ADMIN","method":"GET","path":"/api/interview/students-for-verification","action":"GET /api/interview/students-for-verification","ip":"::1"}
{"timestamp":"2025-11-01T08:29:39.328Z","type":"ACTION","user_id":"7","user_name":"admin1","role_name":"ADMIN","method":"POST","path":"/api/interview/submit-home-verification","action":"POST /api/interview/submit-home-verification","ip":"::1","details":{"body":{"applicantId":"208","dateOfVerification":"2025-10-28","status":"Accepted","verifiedBy":"bbb","verificationType":"Physical","remarks":"oooo"}}}
{"timestamp":"2025-11-01T08:29:42.291Z","type":"ACTION","user_id":"anonymous","user_name":"anonymous","role_name":"anonymous","method":"GET","path":"/api/evaluation-dashboard/overall","action":"GET /api/evaluation-dashboard/overall","ip":"::1"}
{"timestamp":"2025-11-01T08:29:42.308Z","type":"ACTION","user_id":"anonymous","user_name":"anonymous","role_name":"anonymous","method":"GET","path":"/api/evaluation-dashboard/jurisdictions","action":"GET /api/evaluation-dashboard/jurisdictions","ip":"::1"}
{"timestamp":"2025-11-01T08:29:42.313Z","type":"ACTION","user_id":"anonymous","user_name":"anonymous","role_name":"anonymous","method":"GET","path":"/api/evaluation-dashboard/overall-progress","action":"GET /api/evaluation-dashboard/overall-progress","ip":"::1"}
{"timestamp":"2025-11-01T08:29:42.368Z","type":"ACTION","user_id":"anonymous","user_name":"anonymous","role_name":"anonymous","method":"GET","path":"/api/evaluation-dashboard/overall","action":"GET /api/evaluation-dashboard/overall","ip":"::1"}
{"timestamp":"2025-11-01T08:29:42.550Z","type":"ACTION","user_id":"anonymous","user_name":"anonymous","role_name":"anonymous","method":"GET","path":"/api/evaluation-dashboard/overall-progress","action":"GET /api/evaluation-dashboard/overall-progress","ip":"::1"}
{"timestamp":"2025-11-01T08:29:42.566Z","type":"ACTION","user_id":"anonymous","user_name":"anonymous","role_name":"anonymous","method":"GET","path":"/api/evaluation-dashboard/jurisdictions","action":"GET /api/evaluation-dashboard/jurisdictions","ip":"::1"}
{"timestamp":"2025-11-01T08:29:44.103Z","type":"ACTION","user_id":"7","user_name":"admin1","role_name":"ADMIN","method":"GET","path":"/api/tracking/interviewers","action":"GET /api/tracking/interviewers","ip":"::1"}
{"timestamp":"2025-11-01T08:29:44.113Z","type":"ACTION","user_id":"7","user_name":"admin1","role_name":"ADMIN","method":"GET","path":"/api/tracking/students","action":"GET /api/tracking/students","ip":"::1","details":{"query":{"page":"1"}}}
{"timestamp":"2025-11-01T08:29:44.121Z","type":"ACTION","user_id":"7","user_name":"admin1","role_name":"ADMIN","method":"GET","path":"/api/tracking/interviewers","action":"GET /api/tracking/interviewers","ip":"::1"}
{"timestamp":"2025-11-01T08:29:44.132Z","type":"ACTION","user_id":"7","user_name":"admin1","role_name":"ADMIN","method":"GET","path":"/api/tracking/students","action":"GET /api/tracking/students","ip":"::1","details":{"query":{"page":"1"}}}
{"timestamp":"2025-11-01T08:29:45.699Z","type":"ACTION","user_id":"7","user_name":"admin1","role_name":"ADMIN","method":"GET","path":"/api/tracking/students","action":"GET /api/tracking/students","ip":"::1","details":{"query":{"page":"1","statuses":"Scheduled"}}}
{"timestamp":"2025-11-01T08:29:47.079Z","type":"ACTION","user_id":"7","user_name":"admin1","role_name":"ADMIN","method":"GET","path":"/api/tracking/students","action":"GET /api/tracking/students","ip":"::1","details":{"query":{"page":"1","statuses":"Scheduled,Rescheduled"}}}
{"timestamp":"2025-11-01T08:29:47.821Z","type":"ACTION","user_id":"7","user_name":"admin1","role_name":"ADMIN","method":"GET","path":"/api/tracking/students","action":"GET /api/tracking/students","ip":"::1","details":{"query":{"page":"1","statuses":"Rescheduled"}}}
{"timestamp":"2025-11-01T08:29:48.876Z","type":"ACTION","user_id":"7","user_name":"admin1","role_name":"ADMIN","method":"GET","path":"/api/tracking/students/208/home/all","action":"GET /api/tracking/students/208/home/all","ip":"::1"}
{"timestamp":"2025-11-01T08:29:48.886Z","type":"ACTION","user_id":"7","user_name":"admin1","role_name":"ADMIN","method":"GET","path":"/api/tracking/students/208/interviews/all","action":"GET /api/tracking/students/208/interviews/all","ip":"::1"}
{"timestamp":"2025-11-01T08:29:52.046Z","type":"ACTION","user_id":"anonymous","user_name":"anonymous","role_name":"anonymous","method":"GET","path":"/api/tracking/document/208/cohort-2025","action":"GET /api/tracking/document/208/cohort-2025","ip":"::1","details":{"query":{"type":"interview"}}}
{"timestamp":"2025-11-01T08:29:52.676Z","type":"ACTION","user_id":"anonymous","user_name":"anonymous","role_name":"anonymous","method":"GET","path":"/favicon.ico","action":"GET /favicon.ico","ip":"::1"}
{"timestamp":"2025-11-01T08:29:52.677Z","type":"ACTION","user_id":"anonymous","user_name":"anonymous","role_name":"anonymous","method":"GET","path":"/favicon.ico","action":"GET /favicon.ico","ip":"::1","status":"error","error":"Route not found","details":{"statusCode":404}}
{"timestamp":"2025-11-01T08:30:03.363Z","type":"ACTION","user_id":"anonymous","user_name":"anonymous","role_name":"anonymous","method":"GET","path":"/api/tracking/document/208/cohort-2025","action":"GET /api/tracking/document/208/cohort-2025","ip":"::1","details":{"query":{"type":"home"}}}
{"timestamp":"2025-11-01T08:30:47.511Z","type":"ACTION","user_id":"anonymous","user_name":"anonymous","role_name":"anonymous","method":"GET","path":"/api/tracking/document/208/cohort-2025","action":"GET /api/tracking/document/208/cohort-2025","ip":"::1","details":{"query":{"type":"interview"}}}
{"timestamp":"2025-11-01T08:30:55.482Z","type":"ACTION","user_id":"anonymous","user_name":"anonymous","role_name":"anonymous","method":"GET","path":"/api/tracking/document/208/cohort-2025","action":"GET /api/tracking/document/208/cohort-2025","ip":"::1","details":{"query":{"type":"home"}}}
{"timestamp":"2025-11-01T08:32:21.238Z","type":"ACTION","user_id":"anonymous","user_name":"anonymous","role_name":"anonymous","method":"GET","path":"/api/tracking/document/208/cohort-2025","action":"GET /api/tracking/document/208/cohort-2025","ip":"::1","details":{"query":{"type":"interview"}}}
{"timestamp":"2025-11-01T08:32:28.069Z","type":"ACTION","user_id":"anonymous","user_name":"anonymous","role_name":"anonymous","method":"GET","path":"/api/tracking/document/208/cohort-2025","action":"GET /api/tracking/document/208/cohort-2025","ip":"::1","details":{"query":{"type":"home"}}}
{"timestamp":"2025-11-01T08:37:27.127Z","type":"ACTION","user_id":"7","user_name":"admin1","role_name":"ADMIN","method":"GET","path":"/api/tracking/interviewers","action":"GET /api/tracking/interviewers","ip":"::1"}
{"timestamp":"2025-11-01T08:37:27.148Z","type":"ACTION","user_id":"7","user_name":"admin1","role_name":"ADMIN","method":"GET","path":"/api/tracking/students","action":"GET /api/tracking/students","ip":"::1","details":{"query":{"page":"1"}}}
{"timestamp":"2025-11-01T08:37:27.165Z","type":"ACTION","user_id":"7","user_name":"admin1","role_name":"ADMIN","method":"GET","path":"/api/system-config/active","action":"GET /api/system-config/active","ip":"::1"}
{"timestamp":"2025-11-01T08:37:27.480Z","type":"ACTION","user_id":"7","user_name":"admin1","role_name":"ADMIN","method":"GET","path":"/api/tracking/interviewers","action":"GET /api/tracking/interviewers","ip":"::1"}
{"timestamp":"2025-11-01T08:37:27.541Z","type":"ACTION","user_id":"7","user_name":"admin1","role_name":"ADMIN","method":"GET","path":"/api/tracking/students","action":"GET /api/tracking/students","ip":"::1","details":{"query":{"page":"1"}}}
{"timestamp":"2025-11-01T08:37:27.550Z","type":"ACTION","user_id":"7","user_name":"admin1","role_name":"ADMIN","method":"GET","path":"/api/system-config/active","action":"GET /api/system-config/active","ip":"::1"}
{"timestamp":"2025-11-01T08:37:29.555Z","type":"ACTION","user_id":"7","user_name":"admin1","role_name":"ADMIN","method":"GET","path":"/api/tracking/students/303/interviews/all","action":"GET /api/tracking/students/303/interviews/all","ip":"::1"}
{"timestamp":"2025-11-01T08:37:29.563Z","type":"ACTION","user_id":"7","user_name":"admin1","role_name":"ADMIN","method":"GET","path":"/api/tracking/students/303/home/all","action":"GET /api/tracking/students/303/home/all","ip":"::1"}
{"timestamp":"2025-11-01T08:37:44.069Z","type":"ACTION","user_id":"7","user_name":"admin1","role_name":"ADMIN","method":"GET","path":"/api/tracking/students/208/interviews/all","action":"GET /api/tracking/students/208/interviews/all","ip":"::1"}
{"timestamp":"2025-11-01T08:37:44.090Z","type":"ACTION","user_id":"7","user_name":"admin1","role_name":"ADMIN","method":"GET","path":"/api/tracking/students/208/home/all","action":"GET /api/tracking/students/208/home/all","ip":"::1"}
{"timestamp":"2025-11-01T08:37:48.397Z","type":"ACTION","user_id":"anonymous","user_name":"anonymous","role_name":"anonymous","method":"GET","path":"/api/tracking/document/208/cohort-2025","action":"GET /api/tracking/document/208/cohort-2025","ip":"::1","details":{"query":{"type":"home"}}}
{"timestamp":"2025-11-01T08:45:00.738Z","type":"ACTION","user_id":"7","user_name":"admin1","role_name":"ADMIN","method":"GET","path":"/api/tracking/interviewers","action":"GET /api/tracking/interviewers","ip":"::1"}
{"timestamp":"2025-11-01T08:45:00.849Z","type":"ACTION","user_id":"7","user_name":"admin1","role_name":"ADMIN","method":"GET","path":"/api/system-config/active","action":"GET /api/system-config/active","ip":"::1"}
{"timestamp":"2025-11-01T08:45:00.873Z","type":"ACTION","user_id":"7","user_name":"admin1","role_name":"ADMIN","method":"GET","path":"/api/tracking/students","action":"GET /api/tracking/students","ip":"::1","details":{"query":{"page":"1"}}}
{"timestamp":"2025-11-01T08:45:01.186Z","type":"ACTION","user_id":"7","user_name":"admin1","role_name":"ADMIN","method":"GET","path":"/api/tracking/interviewers","action":"GET /api/tracking/interviewers","ip":"::1"}
{"timestamp":"2025-11-01T08:45:01.202Z","type":"ACTION","user_id":"7","user_name":"admin1","role_name":"ADMIN","method":"GET","path":"/api/system-config/active","action":"GET /api/system-config/active","ip":"::1"}
{"timestamp":"2025-11-01T08:45:01.315Z","type":"ACTION","user_id":"7","user_name":"admin1","role_name":"ADMIN","method":"GET","path":"/api/tracking/students","action":"GET /api/tracking/students","ip":"::1","details":{"query":{"page":"1"}}}
{"timestamp":"2025-11-01T08:45:03.340Z","type":"ACTION","user_id":"7","user_name":"admin1","role_name":"ADMIN","method":"GET","path":"/api/tracking/students/208/interviews/all","action":"GET /api/tracking/students/208/interviews/all","ip":"::1"}
{"timestamp":"2025-11-01T08:45:03.355Z","type":"ACTION","user_id":"7","user_name":"admin1","role_name":"ADMIN","method":"GET","path":"/api/tracking/students/208/home/all","action":"GET /api/tracking/students/208/home/all","ip":"::1"}
{"timestamp":"2025-11-01T08:45:06.953Z","type":"ACTION","user_id":"anonymous","user_name":"anonymous","role_name":"anonymous","method":"GET","path":"/api/tracking/document/208/cohort-2025","action":"GET /api/tracking/document/208/cohort-2025","ip":"::1","details":{"query":{"type":"home"}}}
{"timestamp":"2025-11-01T08:45:34.013Z","type":"ACTION","user_id":"anonymous","user_name":"anonymous","role_name":"anonymous","method":"GET","path":"/api/tracking/document/208/cohort-2025","action":"GET /api/tracking/document/208/cohort-2025","ip":"::1","details":{"query":{"type":"interview"}}}
{"timestamp":"2025-11-01T08:47:56.897Z","type":"ACTION","user_id":"7","user_name":"admin1","role_name":"ADMIN","method":"GET","path":"/api/tracking/interviewers","action":"GET /api/tracking/interviewers","ip":"::1"}
{"timestamp":"2025-11-01T08:47:56.939Z","type":"ACTION","user_id":"7","user_name":"admin1","role_name":"ADMIN","method":"GET","path":"/api/system-config/active","action":"GET /api/system-config/active","ip":"::1"}
{"timestamp":"2025-11-01T08:47:56.958Z","type":"ACTION","user_id":"7","user_name":"admin1","role_name":"ADMIN","method":"GET","path":"/api/tracking/students","action":"GET /api/tracking/students","ip":"::1","details":{"query":{"page":"1"}}}
{"timestamp":"2025-11-01T08:47:57.202Z","type":"ACTION","user_id":"7","user_name":"admin1","role_name":"ADMIN","method":"GET","path":"/api/tracking/interviewers","action":"GET /api/tracking/interviewers","ip":"::1"}
{"timestamp":"2025-11-01T08:47:57.216Z","type":"ACTION","user_id":"7","user_name":"admin1","role_name":"ADMIN","method":"GET","path":"/api/system-config/active","action":"GET /api/system-config/active","ip":"::1"}
{"timestamp":"2025-11-01T08:47:57.252Z","type":"ACTION","user_id":"7","user_name":"admin1","role_name":"ADMIN","method":"GET","path":"/api/tracking/students","action":"GET /api/tracking/students","ip":"::1","details":{"query":{"page":"1"}}}
{"timestamp":"2025-11-01T08:47:58.805Z","type":"ACTION","user_id":"7","user_name":"admin1","role_name":"ADMIN","method":"GET","path":"/api/tracking/students/208/interviews/all","action":"GET /api/tracking/students/208/interviews/all","ip":"::1"}
{"timestamp":"2025-11-01T08:47:58.812Z","type":"ACTION","user_id":"7","user_name":"admin1","role_name":"ADMIN","method":"GET","path":"/api/tracking/students/208/home/all","action":"GET /api/tracking/students/208/home/all","ip":"::1"}
{"timestamp":"2025-11-01T08:48:02.176Z","type":"ACTION","user_id":"anonymous","user_name":"anonymous","role_name":"anonymous","method":"GET","path":"/api/tracking/document/208/cohort-2025","action":"GET /api/tracking/document/208/cohort-2025","ip":"::1","details":{"query":{"type":"home"}}}
{"timestamp":"2025-11-01T08:52:30.655Z","type":"ACTION","user_id":"7","user_name":"admin1","role_name":"ADMIN","method":"GET","path":"/api/tracking/interviewers","action":"GET /api/tracking/interviewers","ip":"::1"}
{"timestamp":"2025-11-01T08:52:30.672Z","type":"ACTION","user_id":"7","user_name":"admin1","role_name":"ADMIN","method":"GET","path":"/api/tracking/students","action":"GET /api/tracking/students","ip":"::1","details":{"query":{"page":"1"}}}
{"timestamp":"2025-11-01T08:52:30.687Z","type":"ACTION","user_id":"7","user_name":"admin1","role_name":"ADMIN","method":"GET","path":"/api/system-config/active","action":"GET /api/system-config/active","ip":"::1"}
{"timestamp":"2025-11-01T08:52:30.887Z","type":"ACTION","user_id":"7","user_name":"admin1","role_name":"ADMIN","method":"GET","path":"/api/tracking/interviewers","action":"GET /api/tracking/interviewers","ip":"::1"}
{"timestamp":"2025-11-01T08:52:30.908Z","type":"ACTION","user_id":"7","user_name":"admin1","role_name":"ADMIN","method":"GET","path":"/api/system-config/active","action":"GET /api/system-config/active","ip":"::1"}
{"timestamp":"2025-11-01T08:52:30.920Z","type":"ACTION","user_id":"7","user_name":"admin1","role_name":"ADMIN","method":"GET","path":"/api/tracking/students","action":"GET /api/tracking/students","ip":"::1","details":{"query":{"page":"1"}}}
{"timestamp":"2025-11-01T08:52:32.963Z","type":"ACTION","user_id":"7","user_name":"admin1","role_name":"ADMIN","method":"GET","path":"/api/tracking/students/208/interviews/all","action":"GET /api/tracking/students/208/interviews/all","ip":"::1"}
{"timestamp":"2025-11-01T08:52:32.970Z","type":"ACTION","user_id":"7","user_name":"admin1","role_name":"ADMIN","method":"GET","path":"/api/tracking/students/208/home/all","action":"GET /api/tracking/students/208/home/all","ip":"::1"}
{"timestamp":"2025-11-01T08:52:36.338Z","type":"ACTION","user_id":"anonymous","user_name":"anonymous","role_name":"anonymous","method":"GET","path":"/api/tracking/document/208/cohort-2025","action":"GET /api/tracking/document/208/cohort-2025","ip":"::1","details":{"query":{"type":"home"}}}
{"timestamp":"2025-11-01T08:52:56.045Z","type":"ACTION","user_id":"anonymous","user_name":"anonymous","role_name":"anonymous","method":"GET","path":"/api/tracking/document/208/cohort-2025","action":"GET /api/tracking/document/208/cohort-2025","ip":"::1","details":{"query":{"type":"interview"}}}
{"timestamp":"2025-11-01T08:53:09.247Z","type":"ACTION","user_id":"anonymous","user_name":"anonymous","role_name":"anonymous","method":"GET","path":"/api/tracking/document/208/cohort-2025","action":"GET /api/tracking/document/208/cohort-2025","ip":"::1","details":{"query":{"type":"home"}}}
{"timestamp":"2025-11-01T08:53:13.235Z","type":"ACTION","user_id":"anonymous","user_name":"anonymous","role_name":"anonymous","method":"GET","path":"/api/tracking/document/208/cohort-2025","action":"GET /api/tracking/document/208/cohort-2025","ip":"::1","details":{"query":{"type":"home"}}}
{"timestamp":"2025-11-01T09:01:26.741Z","type":"ACTION","user_id":"7","user_name":"admin1","role_name":"ADMIN","method":"GET","path":"/api/tracking/interviewers","action":"GET /api/tracking/interviewers","ip":"::1"}
{"timestamp":"2025-11-01T09:01:26.829Z","type":"ACTION","user_id":"7","user_name":"admin1","role_name":"ADMIN","method":"GET","path":"/api/tracking/students","action":"GET /api/tracking/students","ip":"::1","details":{"query":{"page":"1"}}}
{"timestamp":"2025-11-01T09:01:26.898Z","type":"ACTION","user_id":"7","user_name":"admin1","role_name":"ADMIN","method":"GET","path":"/api/system-config/active","action":"GET /api/system-config/active","ip":"::1"}
{"timestamp":"2025-11-01T09:01:27.168Z","type":"ACTION","user_id":"7","user_name":"admin1","role_name":"ADMIN","method":"GET","path":"/api/tracking/interviewers","action":"GET /api/tracking/interviewers","ip":"::1"}
{"timestamp":"2025-11-01T09:01:27.400Z","type":"ACTION","user_id":"7","user_name":"admin1","role_name":"ADMIN","method":"GET","path":"/api/system-config/active","action":"GET /api/system-config/active","ip":"::1"}
{"timestamp":"2025-11-01T09:01:27.417Z","type":"ACTION","user_id":"7","user_name":"admin1","role_name":"ADMIN","method":"GET","path":"/api/tracking/students","action":"GET /api/tracking/students","ip":"::1","details":{"query":{"page":"1"}}}
{"timestamp":"2025-11-01T09:01:30.447Z","type":"ACTION","user_id":"7","user_name":"admin1","role_name":"ADMIN","method":"GET","path":"/api/tracking/students/208/home/all","action":"GET /api/tracking/students/208/home/all","ip":"::1"}
{"timestamp":"2025-11-01T09:01:30.456Z","type":"ACTION","user_id":"7","user_name":"admin1","role_name":"ADMIN","method":"GET","path":"/api/tracking/students/208/interviews/all","action":"GET /api/tracking/students/208/interviews/all","ip":"::1"}
{"timestamp":"2025-11-01T09:01:34.639Z","type":"ACTION","user_id":"anonymous","user_name":"anonymous","role_name":"anonymous","method":"GET","path":"/api/tracking/document/208/cohort-2025","action":"GET /api/tracking/document/208/cohort-2025","ip":"::1","details":{"query":{"type":"home"}}}
{"timestamp":"2025-11-01T09:01:39.472Z","type":"ACTION","user_id":"anonymous","user_name":"anonymous","role_name":"anonymous","method":"GET","path":"/api/tracking/document/208/cohort-2025","action":"GET /api/tracking/document/208/cohort-2025","ip":"::1","details":{"query":{"type":"home"}}}
{"timestamp":"2025-11-01T09:01:41.720Z","type":"ACTION","user_id":"anonymous","user_name":"anonymous","role_name":"anonymous","method":"GET","path":"/api/tracking/document/208/cohort-2025","action":"GET /api/tracking/document/208/cohort-2025","ip":"::1","details":{"query":{"type":"home"}}}
{"timestamp":"2025-11-01T09:03:52.088Z","type":"ACTION","user_id":"7","user_name":"admin1","role_name":"ADMIN","method":"GET","path":"/api/tracking/interviewers","action":"GET /api/tracking/interviewers","ip":"::1"}
{"timestamp":"2025-11-01T09:03:52.118Z","type":"ACTION","user_id":"7","user_name":"admin1","role_name":"ADMIN","method":"GET","path":"/api/tracking/students","action":"GET /api/tracking/students","ip":"::1","details":{"query":{"page":"1"}}}
{"timestamp":"2025-11-01T09:03:52.144Z","type":"ACTION","user_id":"7","user_name":"admin1","role_name":"ADMIN","method":"GET","path":"/api/system-config/active","action":"GET /api/system-config/active","ip":"::1"}
{"timestamp":"2025-11-01T09:03:52.417Z","type":"ACTION","user_id":"7","user_name":"admin1","role_name":"ADMIN","method":"GET","path":"/api/tracking/interviewers","action":"GET /api/tracking/interviewers","ip":"::1"}
{"timestamp":"2025-11-01T09:03:52.451Z","type":"ACTION","user_id":"7","user_name":"admin1","role_name":"ADMIN","method":"GET","path":"/api/system-config/active","action":"GET /api/system-config/active","ip":"::1"}
{"timestamp":"2025-11-01T09:03:52.467Z","type":"ACTION","user_id":"7","user_name":"admin1","role_name":"ADMIN","method":"GET","path":"/api/tracking/students","action":"GET /api/tracking/students","ip":"::1","details":{"query":{"page":"1"}}}
{"timestamp":"2025-11-01T09:03:54.123Z","type":"ACTION","user_id":"7","user_name":"admin1","role_name":"ADMIN","method":"GET","path":"/api/tracking/students/208/interviews/all","action":"GET /api/tracking/students/208/interviews/all","ip":"::1"}
{"timestamp":"2025-11-01T09:03:54.134Z","type":"ACTION","user_id":"7","user_name":"admin1","role_name":"ADMIN","method":"GET","path":"/api/tracking/students/208/home/all","action":"GET /api/tracking/students/208/home/all","ip":"::1"}
{"timestamp":"2025-11-01T09:03:59.449Z","type":"ACTION","user_id":"anonymous","user_name":"anonymous","role_name":"anonymous","method":"GET","path":"/api/tracking/document/208/cohort-2025","action":"GET /api/tracking/document/208/cohort-2025","ip":"::1","details":{"query":{"type":"home"}}}
{"timestamp":"2025-11-01T09:05:28.446Z","type":"ACTION","user_id":"7","user_name":"admin1","role_name":"ADMIN","method":"GET","path":"/api/system-config/active","action":"GET /api/system-config/active","ip":"::1"}
{"timestamp":"2025-11-01T09:05:28.480Z","type":"ACTION","user_id":"7","user_name":"admin1","role_name":"ADMIN","method":"GET","path":"/api/tracking/interviewers","action":"GET /api/tracking/interviewers","ip":"::1"}
{"timestamp":"2025-11-01T09:05:28.500Z","type":"ACTION","user_id":"7","user_name":"admin1","role_name":"ADMIN","method":"GET","path":"/api/tracking/students","action":"GET /api/tracking/students","ip":"::1","details":{"query":{"page":"1"}}}
{"timestamp":"2025-11-01T09:05:28.630Z","type":"ACTION","user_id":"7","user_name":"admin1","role_name":"ADMIN","method":"GET","path":"/api/system-config/active","action":"GET /api/system-config/active","ip":"::1"}
{"timestamp":"2025-11-01T09:05:28.686Z","type":"ACTION","user_id":"7","user_name":"admin1","role_name":"ADMIN","method":"GET","path":"/api/tracking/interviewers","action":"GET /api/tracking/interviewers","ip":"::1"}
{"timestamp":"2025-11-01T09:05:28.701Z","type":"ACTION","user_id":"7","user_name":"admin1","role_name":"ADMIN","method":"GET","path":"/api/tracking/students","action":"GET /api/tracking/students","ip":"::1","details":{"query":{"page":"1"}}}
{"timestamp":"2025-11-01T09:05:30.794Z","type":"ACTION","user_id":"7","user_name":"admin1","role_name":"ADMIN","method":"GET","path":"/api/tracking/students/208/home/all","action":"GET /api/tracking/students/208/home/all","ip":"::1"}
{"timestamp":"2025-11-01T09:05:30.808Z","type":"ACTION","user_id":"7","user_name":"admin1","role_name":"ADMIN","method":"GET","path":"/api/tracking/students/208/interviews/all","action":"GET /api/tracking/students/208/interviews/all","ip":"::1"}
{"timestamp":"2025-11-01T09:05:34.217Z","type":"ACTION","user_id":"anonymous","user_name":"anonymous","role_name":"anonymous","method":"GET","path":"/api/tracking/document/208/cohort-2025","action":"GET /api/tracking/document/208/cohort-2025","ip":"::1","details":{"query":{"type":"home"}}}
{"timestamp":"2025-11-01T09:05:43.415Z","type":"ACTION","user_id":"anonymous","user_name":"anonymous","role_name":"anonymous","method":"GET","path":"/api/tracking/document/208/cohort-2025","action":"GET /api/tracking/document/208/cohort-2025","ip":"::1","details":{"query":{"type":"home"}}}
{"timestamp":"2025-11-01T09:06:39.832Z","type":"ACTION","user_id":"7","user_name":"admin1","role_name":"ADMIN","method":"GET","path":"/api/tracking/interviewers","action":"GET /api/tracking/interviewers","ip":"::1"}
{"timestamp":"2025-11-01T09:06:39.851Z","type":"ACTION","user_id":"7","user_name":"admin1","role_name":"ADMIN","method":"GET","path":"/api/tracking/students","action":"GET /api/tracking/students","ip":"::1","details":{"query":{"page":"1"}}}
{"timestamp":"2025-11-01T09:06:39.871Z","type":"ACTION","user_id":"7","user_name":"admin1","role_name":"ADMIN","method":"GET","path":"/api/system-config/active","action":"GET /api/system-config/active","ip":"::1"}
{"timestamp":"2025-11-01T09:06:40.106Z","type":"ACTION","user_id":"7","user_name":"admin1","role_name":"ADMIN","method":"GET","path":"/api/tracking/interviewers","action":"GET /api/tracking/interviewers","ip":"::1"}
{"timestamp":"2025-11-01T09:06:40.137Z","type":"ACTION","user_id":"7","user_name":"admin1","role_name":"ADMIN","method":"GET","path":"/api/system-config/active","action":"GET /api/system-config/active","ip":"::1"}
{"timestamp":"2025-11-01T09:06:40.149Z","type":"ACTION","user_id":"7","user_name":"admin1","role_name":"ADMIN","method":"GET","path":"/api/tracking/students","action":"GET /api/tracking/students","ip":"::1","details":{"query":{"page":"1"}}}
{"timestamp":"2025-11-01T09:06:42.208Z","type":"ACTION","user_id":"7","user_name":"admin1","role_name":"ADMIN","method":"GET","path":"/api/tracking/students/208/interviews/all","action":"GET /api/tracking/students/208/interviews/all","ip":"::1"}
{"timestamp":"2025-11-01T09:06:42.222Z","type":"ACTION","user_id":"7","user_name":"admin1","role_name":"ADMIN","method":"GET","path":"/api/tracking/students/208/home/all","action":"GET /api/tracking/students/208/home/all","ip":"::1"}
{"timestamp":"2025-11-01T09:06:46.241Z","type":"ACTION","user_id":"anonymous","user_name":"anonymous","role_name":"anonymous","method":"GET","path":"/api/tracking/document/208/cohort-2025","action":"GET /api/tracking/document/208/cohort-2025","ip":"::1","details":{"query":{"type":"home"}}}
{"timestamp":"2025-11-01T09:13:49.435Z","type":"ACTION","user_id":"7","user_name":"admin1","role_name":"ADMIN","method":"GET","path":"/api/tracking/interviewers","action":"GET /api/tracking/interviewers","ip":"::ffff:127.0.0.1"}
{"timestamp":"2025-11-01T09:13:49.458Z","type":"ACTION","user_id":"7","user_name":"admin1","role_name":"ADMIN","method":"GET","path":"/api/tracking/students","action":"GET /api/tracking/students","ip":"::ffff:127.0.0.1","details":{"query":{"page":"1"}}}
{"timestamp":"2025-11-01T09:13:49.508Z","type":"ACTION","user_id":"7","user_name":"admin1","role_name":"ADMIN","method":"GET","path":"/api/system-config/active","action":"GET /api/system-config/active","ip":"::ffff:127.0.0.1"}
{"timestamp":"2025-11-01T09:13:49.631Z","type":"ACTION","user_id":"7","user_name":"admin1","role_name":"ADMIN","method":"GET","path":"/api/tracking/interviewers","action":"GET /api/tracking/interviewers","ip":"::ffff:127.0.0.1"}
{"timestamp":"2025-11-01T09:13:49.674Z","type":"ACTION","user_id":"7","user_name":"admin1","role_name":"ADMIN","method":"GET","path":"/api/tracking/students","action":"GET /api/tracking/students","ip":"::ffff:127.0.0.1","details":{"query":{"page":"1"}}}
{"timestamp":"2025-11-01T09:13:49.680Z","type":"ACTION","user_id":"7","user_name":"admin1","role_name":"ADMIN","method":"GET","path":"/api/system-config/active","action":"GET /api/system-config/active","ip":"::ffff:127.0.0.1"}
{"timestamp":"2025-11-01T09:14:10.397Z","type":"ACTION","user_id":"7","user_name":"admin1","role_name":"ADMIN","method":"GET","path":"/api/tracking/students/208/interviews/all","action":"GET /api/tracking/students/208/interviews/all","ip":"::1"}
{"timestamp":"2025-11-01T09:14:10.407Z","type":"ACTION","user_id":"7","user_name":"admin1","role_name":"ADMIN","method":"GET","path":"/api/tracking/students/208/home/all","action":"GET /api/tracking/students/208/home/all","ip":"::1"}
{"timestamp":"2025-11-01T09:14:12.537Z","type":"ACTION","user_id":"anonymous","user_name":"anonymous","role_name":"anonymous","method":"GET","path":"/api/tracking/document/208/cohort-2025","action":"GET /api/tracking/document/208/cohort-2025","ip":"::1","details":{"query":{"type":"interview"}}}
{"timestamp":"2025-11-01T09:14:18.971Z","type":"ACTION","user_id":"anonymous","user_name":"anonymous","role_name":"anonymous","method":"GET","path":"/api/tracking/document/208/cohort-2025","action":"GET /api/tracking/document/208/cohort-2025","ip":"::1","details":{"query":{"type":"home"}}}
{"timestamp":"2025-11-01T09:18:12.786Z","type":"ACTION","user_id":"anonymous","user_name":"anonymous","role_name":"anonymous","method":"GET","path":"/api/tracking/document/208/cohort-2025","action":"GET /api/tracking/document/208/cohort-2025","ip":"::1","details":{"query":{"type":"home"}}}
{"timestamp":"2025-11-01T09:18:13.032Z","type":"ACTION","user_id":"anonymous","user_name":"anonymous","role_name":"anonymous","method":"GET","path":"/api/tracking/document/208/Data/Home-verification-data/cohort-2025/home-veri-208-2025.pdf","action":"GET /api/tracking/document/208/Data/Home-verification-data/cohort-2025/home-veri-208-2025.pdf","ip":"::1"}
{"timestamp":"2025-11-01T09:18:13.044Z","type":"ACTION","user_id":"anonymous","user_name":"anonymous","role_name":"anonymous","method":"GET","path":"/api/tracking/document/208/Data/Home-verification-data/cohort-2025/home-veri-208-2025.pdf","action":"GET /api/tracking/document/208/Data/Home-verification-data/cohort-2025/home-veri-208-2025.pdf","ip":"::1","status":"error","error":"Route not found","details":{"statusCode":404}}
