{"timestamp":"2025-12-08T04:38:49.362Z","type":"ACTION","user_id":"2","user_name":"pradeepa@rajalakshmiFoundation.in","role_name":"BATCH COORDINATOR","action":"role_authorization","status":"success","ip":"::1"}
{"timestamp":"2025-12-08T04:38:49.529Z","type":"ACTION","user_id":"2","user_name":"pradeepa@rajalakshmiFoundation.in","role_name":"BATCH COORDINATOR","method":"GET","path":"/api/coordinator/attendance/batch-weekly-avg","action":"GET /api/coordinator/attendance/batch-weekly-avg","ip":"::1"}
{"timestamp":"2025-12-08T04:38:49.547Z","type":"ACTION","user_id":"2","user_name":"pradeepa@rajalakshmiFoundation.in","role_name":"BATCH COORDINATOR","method":"GET","path":"/api/coordinator/batches","action":"GET /api/coordinator/batches","ip":"::1"}
{"timestamp":"2025-12-08T04:38:49.557Z","type":"ACTION","user_id":"2","user_name":"pradeepa@rajalakshmiFoundation.in","role_name":"BATCH COORDINATOR","method":"GET","path":"/api/coordinator/students","action":"GET /api/coordinator/students","ip":"::1"}
{"timestamp":"2025-12-08T04:38:49.564Z","type":"ACTION","user_id":"2","user_name":"pradeepa@rajalakshmiFoundation.in","role_name":"BATCH COORDINATOR","method":"GET","path":"/api/system-config/active","action":"GET /api/system-config/active","ip":"::1"}
{"timestamp":"2025-12-08T04:38:49.622Z","type":"ACTION","user_id":"2","user_name":"pradeepa@rajalakshmiFoundation.in","role_name":"BATCH COORDINATOR","method":"GET","path":"/api/coordinator/attendance/batch-weekly-avg","action":"GET /api/coordinator/attendance/batch-weekly-avg","ip":"::1"}
{"timestamp":"2025-12-08T04:38:49.678Z","type":"ACTION","user_id":"2","user_name":"pradeepa@rajalakshmiFoundation.in","role_name":"BATCH COORDINATOR","method":"GET","path":"/api/coordinator/batches","action":"GET /api/coordinator/batches","ip":"::1"}
{"timestamp":"2025-12-08T04:38:49.690Z","type":"ACTION","user_id":"2","user_name":"pradeepa@rajalakshmiFoundation.in","role_name":"BATCH COORDINATOR","method":"GET","path":"/api/coordinator/timetable","action":"GET /api/coordinator/timetable","ip":"::1","details":{"query":{"batchId":"26"}}}
{"timestamp":"2025-12-08T04:38:49.697Z","type":"ACTION","user_id":"2","user_name":"pradeepa@rajalakshmiFoundation.in","role_name":"BATCH COORDINATOR","method":"GET","path":"/api/coordinator/batches","action":"GET /api/coordinator/batches","ip":"::1"}
{"timestamp":"2025-12-08T04:38:49.714Z","type":"ACTION","user_id":"2","user_name":"pradeepa@rajalakshmiFoundation.in","role_name":"BATCH COORDINATOR","method":"GET","path":"/api/coordinator/students","action":"GET /api/coordinator/students","ip":"::1"}
{"timestamp":"2025-12-08T04:38:49.721Z","type":"ACTION","user_id":"2","user_name":"pradeepa@rajalakshmiFoundation.in","role_name":"BATCH COORDINATOR","method":"GET","path":"/api/coordinator/batches","action":"GET /api/coordinator/batches","ip":"::1"}
{"timestamp":"2025-12-08T04:38:49.750Z","type":"ACTION","user_id":"2","user_name":"pradeepa@rajalakshmiFoundation.in","role_name":"BATCH COORDINATOR","method":"GET","path":"/api/coordinator/timetable","action":"GET /api/coordinator/timetable","ip":"::1","details":{"query":{"batchId":"26"}}}
{"timestamp":"2025-12-08T04:38:49.769Z","type":"ACTION","user_id":"2","user_name":"pradeepa@rajalakshmiFoundation.in","role_name":"BATCH COORDINATOR","method":"GET","path":"/api/system-config/active","action":"GET /api/system-config/active","ip":"::1"}
{"timestamp":"2025-12-08T04:38:49.778Z","type":"ACTION","user_id":"2","user_name":"pradeepa@rajalakshmiFoundation.in","role_name":"BATCH COORDINATOR","method":"GET","path":"/api/coordinator/timetable","action":"GET /api/coordinator/timetable","ip":"::1","details":{"query":{"batchId":"15"}}}
{"timestamp":"2025-12-08T04:38:49.797Z","type":"ACTION","user_id":"2","user_name":"pradeepa@rajalakshmiFoundation.in","role_name":"BATCH COORDINATOR","method":"GET","path":"/api/coordinator/timetable","action":"GET /api/coordinator/timetable","ip":"::1","details":{"query":{"batchId":"26"}}}
{"timestamp":"2025-12-08T04:38:49.804Z","type":"ACTION","user_id":"2","user_name":"pradeepa@rajalakshmiFoundation.in","role_name":"BATCH COORDINATOR","method":"GET","path":"/api/coordinator/timetable","action":"GET /api/coordinator/timetable","ip":"::1","details":{"query":{"batchId":"15"}}}
{"timestamp":"2025-12-08T04:38:49.819Z","type":"ACTION","user_id":"2","user_name":"pradeepa@rajalakshmiFoundation.in","role_name":"BATCH COORDINATOR","method":"GET","path":"/api/coordinator/timetable","action":"GET /api/coordinator/timetable","ip":"::1","details":{"query":{"batchId":"26"}}}
{"timestamp":"2025-12-08T04:39:40.514Z","type":"ACTION","user_id":"2","user_name":"pradeepa@rajalakshmiFoundation.in","role_name":"BATCH COORDINATOR","method":"GET","path":"/api/coordinator/cohorts","action":"GET /api/coordinator/cohorts","ip":"::1"}
{"timestamp":"2025-12-08T04:39:40.628Z","type":"ACTION","user_id":"2","user_name":"pradeepa@rajalakshmiFoundation.in","role_name":"BATCH COORDINATOR","method":"GET","path":"/api/coordinator/cohorts","action":"GET /api/coordinator/cohorts","ip":"::1"}
{"timestamp":"2025-12-08T04:39:42.717Z","type":"ACTION","user_id":"2","user_name":"pradeepa@rajalakshmiFoundation.in","role_name":"BATCH COORDINATOR","method":"GET","path":"/api/coordinator/cohorts","action":"GET /api/coordinator/cohorts","ip":"::1"}
{"timestamp":"2025-12-08T04:39:42.733Z","type":"ACTION","user_id":"2","user_name":"pradeepa@rajalakshmiFoundation.in","role_name":"BATCH COORDINATOR","method":"GET","path":"/api/coordinator/cohorts","action":"GET /api/coordinator/cohorts","ip":"::1"}
{"timestamp":"2025-12-08T04:39:45.434Z","type":"ACTION","user_id":"2","user_name":"pradeepa@rajalakshmiFoundation.in","role_name":"BATCH COORDINATOR","method":"GET","path":"/api/coordinator/batches","action":"GET /api/coordinator/batches","ip":"::1","details":{"query":{"cohort_number":"4"}}}
{"timestamp":"2025-12-08T04:39:47.900Z","type":"ACTION","user_id":"2","user_name":"pradeepa@rajalakshmiFoundation.in","role_name":"BATCH COORDINATOR","method":"GET","path":"/api/coordinator/timetable","action":"GET /api/coordinator/timetable","ip":"::1","details":{"query":{"batchId":"26"}}}
{"timestamp":"2025-12-08T04:39:47.905Z","type":"ACTION","user_id":"2","user_name":"pradeepa@rajalakshmiFoundation.in","role_name":"BATCH COORDINATOR","method":"GET","path":"/api/coordinator/classrooms/26","action":"GET /api/coordinator/classrooms/26","ip":"::1"}
{"timestamp":"2025-12-08T04:39:53.793Z","type":"ACTION","user_id":"2","user_name":"pradeepa@rajalakshmiFoundation.in","role_name":"BATCH COORDINATOR","method":"GET","path":"/api/coordinator/students","action":"GET /api/coordinator/students","ip":"::1"}
{"timestamp":"2025-12-08T04:39:53.805Z","type":"ACTION","user_id":"2","user_name":"pradeepa@rajalakshmiFoundation.in","role_name":"BATCH COORDINATOR","method":"GET","path":"/api/coordinator/cohorts","action":"GET /api/coordinator/cohorts","ip":"::1"}
{"timestamp":"2025-12-08T04:39:53.814Z","type":"ACTION","user_id":"2","user_name":"pradeepa@rajalakshmiFoundation.in","role_name":"BATCH COORDINATOR","method":"GET","path":"/api/coordinator/cohorts","action":"GET /api/coordinator/cohorts","ip":"::1"}
{"timestamp":"2025-12-08T04:39:53.824Z","type":"ACTION","user_id":"2","user_name":"pradeepa@rajalakshmiFoundation.in","role_name":"BATCH COORDINATOR","method":"GET","path":"/api/coordinator/students","action":"GET /api/coordinator/students","ip":"::1"}
{"timestamp":"2025-12-08T04:40:24.528Z","type":"ACTION","user_id":"2","user_name":"pradeepa@rajalakshmiFoundation.in","role_name":"BATCH COORDINATOR","method":"GET","path":"/api/coordinator/cohorts","action":"GET /api/coordinator/cohorts","ip":"::1"}
{"timestamp":"2025-12-08T04:40:24.635Z","type":"ACTION","user_id":"2","user_name":"pradeepa@rajalakshmiFoundation.in","role_name":"BATCH COORDINATOR","method":"GET","path":"/api/coordinator/cohorts","action":"GET /api/coordinator/cohorts","ip":"::1"}
{"timestamp":"2025-12-08T04:40:27.036Z","type":"ACTION","user_id":"2","user_name":"pradeepa@rajalakshmiFoundation.in","role_name":"BATCH COORDINATOR","method":"GET","path":"/api/coordinator/batches","action":"GET /api/coordinator/batches","ip":"::1","details":{"query":{"cohort_number":"4"}}}
{"timestamp":"2025-12-08T04:40:29.361Z","type":"ACTION","user_id":"2","user_name":"pradeepa@rajalakshmiFoundation.in","role_name":"BATCH COORDINATOR","method":"GET","path":"/api/coordinator/classrooms/26","action":"GET /api/coordinator/classrooms/26","ip":"::1"}
{"timestamp":"2025-12-08T04:40:33.170Z","type":"ACTION","user_id":"2","user_name":"pradeepa@rajalakshmiFoundation.in","role_name":"BATCH COORDINATOR","method":"GET","path":"/api/coordinator/timetable","action":"GET /api/coordinator/timetable","ip":"::1","details":{"query":{"batchId":"26"}}}
{"timestamp":"2025-12-08T04:40:39.185Z","type":"ACTION","user_id":"2","user_name":"pradeepa@rajalakshmiFoundation.in","role_name":"BATCH COORDINATOR","method":"GET","path":"/api/coordinator/timetable","action":"GET /api/coordinator/timetable","ip":"::1","details":{"query":{"batchId":"26"}}}
{"timestamp":"2025-12-08T04:40:43.836Z","type":"ACTION","user_id":"2","user_name":"pradeepa@rajalakshmiFoundation.in","role_name":"BATCH COORDINATOR","method":"GET","path":"/api/coordinator/timetable","action":"GET /api/coordinator/timetable","ip":"::1","details":{"query":{"batchId":"26"}}}
{"timestamp":"2025-12-08T04:40:43.885Z","type":"ACTION","user_id":"2","user_name":"pradeepa@rajalakshmiFoundation.in","role_name":"BATCH COORDINATOR","method":"GET","path":"/api/coordinator/attendance/session","action":"GET /api/coordinator/attendance/session","ip":"::1","details":{"query":{"classroom_id":"7","session_date":"2025-12-08","start_time":"18:40:00","end_time":"19:50:00"}}}
{"timestamp":"2025-12-08T04:40:43.896Z","type":"ACTION","user_id":"2","user_name":"pradeepa@rajalakshmiFoundation.in","role_name":"BATCH COORDINATOR","method":"GET","path":"/api/coordinator/students","action":"GET /api/coordinator/students","ip":"::1","details":{"query":{"cohortNumber":"4","batchId":"26","classroomId":"7"}}}
{"timestamp":"2025-12-08T04:42:11.475Z","type":"ACTION","user_id":"2","user_name":"pradeepa@rajalakshmiFoundation.in","role_name":"BATCH COORDINATOR","method":"GET","path":"/api/coordinator/cohorts","action":"GET /api/coordinator/cohorts","ip":"::1"}
{"timestamp":"2025-12-08T04:42:11.485Z","type":"ACTION","user_id":"2","user_name":"pradeepa@rajalakshmiFoundation.in","role_name":"BATCH COORDINATOR","method":"GET","path":"/api/coordinator/students","action":"GET /api/coordinator/students","ip":"::1"}
{"timestamp":"2025-12-08T04:42:11.588Z","type":"ACTION","user_id":"2","user_name":"pradeepa@rajalakshmiFoundation.in","role_name":"BATCH COORDINATOR","method":"GET","path":"/api/coordinator/cohorts","action":"GET /api/coordinator/cohorts","ip":"::1"}
{"timestamp":"2025-12-08T04:42:11.598Z","type":"ACTION","user_id":"2","user_name":"pradeepa@rajalakshmiFoundation.in","role_name":"BATCH COORDINATOR","method":"GET","path":"/api/coordinator/students","action":"GET /api/coordinator/students","ip":"::1"}
{"timestamp":"2025-12-08T04:42:17.423Z","type":"ACTION","user_id":"2","user_name":"pradeepa@rajalakshmiFoundation.in","role_name":"BATCH COORDINATOR","method":"GET","path":"/api/coordinator/cohorts","action":"GET /api/coordinator/cohorts","ip":"::1"}
{"timestamp":"2025-12-08T04:42:17.434Z","type":"ACTION","user_id":"2","user_name":"pradeepa@rajalakshmiFoundation.in","role_name":"BATCH COORDINATOR","method":"GET","path":"/api/coordinator/cohorts","action":"GET /api/coordinator/cohorts","ip":"::1"}
{"timestamp":"2025-12-08T04:42:20.249Z","type":"ACTION","user_id":"2","user_name":"pradeepa@rajalakshmiFoundation.in","role_name":"BATCH COORDINATOR","method":"GET","path":"/api/coordinator/batches","action":"GET /api/coordinator/batches","ip":"::1","details":{"query":{"cohort_number":"4"}}}
{"timestamp":"2025-12-08T04:42:22.095Z","type":"ACTION","user_id":"2","user_name":"pradeepa@rajalakshmiFoundation.in","role_name":"BATCH COORDINATOR","method":"GET","path":"/api/coordinator/classrooms/26","action":"GET /api/coordinator/classrooms/26","ip":"::1"}
{"timestamp":"2025-12-08T04:42:25.015Z","type":"ACTION","user_id":"2","user_name":"pradeepa@rajalakshmiFoundation.in","role_name":"BATCH COORDINATOR","method":"GET","path":"/api/coordinator/timetable","action":"GET /api/coordinator/timetable","ip":"::1","details":{"query":{"batchId":"26"}}}
{"timestamp":"2025-12-08T04:42:25.058Z","type":"ACTION","user_id":"2","user_name":"pradeepa@rajalakshmiFoundation.in","role_name":"BATCH COORDINATOR","method":"GET","path":"/api/coordinator/attendance/session","action":"GET /api/coordinator/attendance/session","ip":"::1","details":{"query":{"classroom_id":"7","session_date":"2025-12-08","start_time":"18:40:00","end_time":"19:50:00"}}}
{"timestamp":"2025-12-08T04:42:25.066Z","type":"ACTION","user_id":"2","user_name":"pradeepa@rajalakshmiFoundation.in","role_name":"BATCH COORDINATOR","method":"GET","path":"/api/coordinator/students","action":"GET /api/coordinator/students","ip":"::1","details":{"query":{"cohortNumber":"4","batchId":"26","classroomId":"7"}}}
{"timestamp":"2025-12-08T04:42:59.995Z","type":"ACTION","user_id":"2","user_name":"pradeepa@rajalakshmiFoundation.in","role_name":"BATCH COORDINATOR","method":"GET","path":"/api/coordinator/cohorts","action":"GET /api/coordinator/cohorts","ip":"::1"}
{"timestamp":"2025-12-08T04:43:00.106Z","type":"ACTION","user_id":"2","user_name":"pradeepa@rajalakshmiFoundation.in","role_name":"BATCH COORDINATOR","method":"GET","path":"/api/coordinator/cohorts","action":"GET /api/coordinator/cohorts","ip":"::1"}
{"timestamp":"2025-12-08T04:43:02.732Z","type":"ACTION","user_id":"2","user_name":"pradeepa@rajalakshmiFoundation.in","role_name":"BATCH COORDINATOR","method":"GET","path":"/api/coordinator/cohorts","action":"GET /api/coordinator/cohorts","ip":"::1"}
{"timestamp":"2025-12-08T04:43:02.754Z","type":"ACTION","user_id":"2","user_name":"pradeepa@rajalakshmiFoundation.in","role_name":"BATCH COORDINATOR","method":"GET","path":"/api/coordinator/cohorts","action":"GET /api/coordinator/cohorts","ip":"::1"}
{"timestamp":"2025-12-08T04:43:05.468Z","type":"ACTION","user_id":"2","user_name":"pradeepa@rajalakshmiFoundation.in","role_name":"BATCH COORDINATOR","method":"GET","path":"/api/coordinator/reports/coordinator-teachers","action":"GET /api/coordinator/reports/coordinator-teachers","ip":"::1","details":{"query":{"user_id":"2","fromDate":"1970-01-01","toDate":"2100-01-01"}}}
{"timestamp":"2025-12-08T04:43:05.473Z","type":"ACTION","user_id":"2","user_name":"pradeepa@rajalakshmiFoundation.in","role_name":"BATCH COORDINATOR","method":"GET","path":"/api/coordinator/cohorts","action":"GET /api/coordinator/cohorts","ip":"::1","details":{"query":{"userId":"2"}}}
{"timestamp":"2025-12-08T04:43:05.489Z","type":"ACTION","user_id":"2","user_name":"pradeepa@rajalakshmiFoundation.in","role_name":"BATCH COORDINATOR","method":"GET","path":"/api/coordinator/reports/coordinator-teachers","action":"GET /api/coordinator/reports/coordinator-teachers","ip":"::1","details":{"query":{"user_id":"2","fromDate":"1970-01-01","toDate":"2100-01-01"}}}
{"timestamp":"2025-12-08T04:43:05.570Z","type":"ACTION","user_id":"2","user_name":"pradeepa@rajalakshmiFoundation.in","role_name":"BATCH COORDINATOR","method":"GET","path":"/api/coordinator/cohorts","action":"GET /api/coordinator/cohorts","ip":"::1","details":{"query":{"userId":"2"}}}
{"timestamp":"2025-12-08T04:43:05.590Z","type":"ACTION","user_id":"2","user_name":"pradeepa@rajalakshmiFoundation.in","role_name":"BATCH COORDINATOR","method":"GET","path":"/api/coordinator/batches","action":"GET /api/coordinator/batches","ip":"::1","details":{"query":{"cohort_number":"3"}}}
{"timestamp":"2025-12-08T04:43:06.506Z","type":"ACTION","user_id":"2","user_name":"pradeepa@rajalakshmiFoundation.in","role_name":"BATCH COORDINATOR","method":"GET","path":"/api/coordinator/attendance/batch-weekly-avg","action":"GET /api/coordinator/attendance/batch-weekly-avg","ip":"::1"}
{"timestamp":"2025-12-08T04:43:06.511Z","type":"ACTION","user_id":"2","user_name":"pradeepa@rajalakshmiFoundation.in","role_name":"BATCH COORDINATOR","method":"GET","path":"/api/coordinator/batches","action":"GET /api/coordinator/batches","ip":"::1"}
{"timestamp":"2025-12-08T04:43:06.516Z","type":"ACTION","user_id":"2","user_name":"pradeepa@rajalakshmiFoundation.in","role_name":"BATCH COORDINATOR","method":"GET","path":"/api/coordinator/students","action":"GET /api/coordinator/students","ip":"::1"}
{"timestamp":"2025-12-08T04:43:06.526Z","type":"ACTION","user_id":"2","user_name":"pradeepa@rajalakshmiFoundation.in","role_name":"BATCH COORDINATOR","method":"GET","path":"/api/coordinator/batches","action":"GET /api/coordinator/batches","ip":"::1"}
{"timestamp":"2025-12-08T04:43:06.538Z","type":"ACTION","user_id":"2","user_name":"pradeepa@rajalakshmiFoundation.in","role_name":"BATCH COORDINATOR","method":"GET","path":"/api/coordinator/timetable","action":"GET /api/coordinator/timetable","ip":"::1","details":{"query":{"batchId":"26"}}}
{"timestamp":"2025-12-08T04:43:06.552Z","type":"ACTION","user_id":"2","user_name":"pradeepa@rajalakshmiFoundation.in","role_name":"BATCH COORDINATOR","method":"GET","path":"/api/coordinator/batches","action":"GET /api/coordinator/batches","ip":"::1"}
{"timestamp":"2025-12-08T04:43:06.574Z","type":"ACTION","user_id":"2","user_name":"pradeepa@rajalakshmiFoundation.in","role_name":"BATCH COORDINATOR","method":"GET","path":"/api/coordinator/attendance/batch-weekly-avg","action":"GET /api/coordinator/attendance/batch-weekly-avg","ip":"::1"}
{"timestamp":"2025-12-08T04:43:06.589Z","type":"ACTION","user_id":"2","user_name":"pradeepa@rajalakshmiFoundation.in","role_name":"BATCH COORDINATOR","method":"GET","path":"/api/coordinator/timetable","action":"GET /api/coordinator/timetable","ip":"::1","details":{"query":{"batchId":"15"}}}
{"timestamp":"2025-12-08T04:43:06.659Z","type":"ACTION","user_id":"2","user_name":"pradeepa@rajalakshmiFoundation.in","role_name":"BATCH COORDINATOR","method":"GET","path":"/api/coordinator/students","action":"GET /api/coordinator/students","ip":"::1"}
{"timestamp":"2025-12-08T04:43:06.674Z","type":"ACTION","user_id":"2","user_name":"pradeepa@rajalakshmiFoundation.in","role_name":"BATCH COORDINATOR","method":"GET","path":"/api/coordinator/timetable","action":"GET /api/coordinator/timetable","ip":"::1","details":{"query":{"batchId":"26"}}}
{"timestamp":"2025-12-08T04:43:06.698Z","type":"ACTION","user_id":"2","user_name":"pradeepa@rajalakshmiFoundation.in","role_name":"BATCH COORDINATOR","method":"GET","path":"/api/coordinator/batches","action":"GET /api/coordinator/batches","ip":"::1"}
{"timestamp":"2025-12-08T04:43:06.719Z","type":"ACTION","user_id":"2","user_name":"pradeepa@rajalakshmiFoundation.in","role_name":"BATCH COORDINATOR","method":"GET","path":"/api/coordinator/timetable","action":"GET /api/coordinator/timetable","ip":"::1","details":{"query":{"batchId":"26"}}}
{"timestamp":"2025-12-08T04:43:06.766Z","type":"ACTION","user_id":"2","user_name":"pradeepa@rajalakshmiFoundation.in","role_name":"BATCH COORDINATOR","method":"GET","path":"/api/coordinator/timetable","action":"GET /api/coordinator/timetable","ip":"::1","details":{"query":{"batchId":"26"}}}
{"timestamp":"2025-12-08T04:43:06.775Z","type":"ACTION","user_id":"2","user_name":"pradeepa@rajalakshmiFoundation.in","role_name":"BATCH COORDINATOR","method":"GET","path":"/api/coordinator/timetable","action":"GET /api/coordinator/timetable","ip":"::1","details":{"query":{"batchId":"15"}}}
{"timestamp":"2025-12-08T04:43:42.406Z","type":"LOGIN","user_id":"5","user_name":"swathib@rajalakshmiFoundation.in","role_name":"BATCH COORDINATOR","status":"success","ip":"::1"}
{"timestamp":"2025-12-08T04:43:42.419Z","type":"ACTION","user_id":"5","user_name":"swathib@rajalakshmiFoundation.in","role_name":"BATCH COORDINATOR","action":"role_authorization","status":"success","ip":"::1"}
{"timestamp":"2025-12-08T04:43:42.479Z","type":"ACTION","user_id":"5","user_name":"swathib@rajalakshmiFoundation.in","role_name":"BATCH COORDINATOR","method":"GET","path":"/api/coordinator/attendance/batch-weekly-avg","action":"GET /api/coordinator/attendance/batch-weekly-avg","ip":"::1"}
{"timestamp":"2025-12-08T04:43:42.491Z","type":"ACTION","user_id":"5","user_name":"swathib@rajalakshmiFoundation.in","role_name":"BATCH COORDINATOR","method":"GET","path":"/api/coordinator/students","action":"GET /api/coordinator/students","ip":"::1"}
{"timestamp":"2025-12-08T04:43:42.500Z","type":"ACTION","user_id":"5","user_name":"swathib@rajalakshmiFoundation.in","role_name":"BATCH COORDINATOR","method":"GET","path":"/api/coordinator/batches","action":"GET /api/coordinator/batches","ip":"::1"}
{"timestamp":"2025-12-08T04:43:42.507Z","type":"ACTION","user_id":"5","user_name":"swathib@rajalakshmiFoundation.in","role_name":"BATCH COORDINATOR","method":"GET","path":"/api/system-config/active","action":"GET /api/system-config/active","ip":"::1"}
{"timestamp":"2025-12-08T04:43:42.536Z","type":"ACTION","user_id":"5","user_name":"swathib@rajalakshmiFoundation.in","role_name":"BATCH COORDINATOR","method":"GET","path":"/api/coordinator/attendance/batch-weekly-avg","action":"GET /api/coordinator/attendance/batch-weekly-avg","ip":"::1"}
{"timestamp":"2025-12-08T04:43:42.608Z","type":"ACTION","user_id":"5","user_name":"swathib@rajalakshmiFoundation.in","role_name":"BATCH COORDINATOR","method":"GET","path":"/api/coordinator/students","action":"GET /api/coordinator/students","ip":"::1"}
{"timestamp":"2025-12-08T04:43:42.620Z","type":"ACTION","user_id":"5","user_name":"swathib@rajalakshmiFoundation.in","role_name":"BATCH COORDINATOR","method":"GET","path":"/api/coordinator/batches","action":"GET /api/coordinator/batches","ip":"::1"}
{"timestamp":"2025-12-08T04:43:42.626Z","type":"ACTION","user_id":"5","user_name":"swathib@rajalakshmiFoundation.in","role_name":"BATCH COORDINATOR","method":"GET","path":"/api/system-config/active","action":"GET /api/system-config/active","ip":"::1"}
{"timestamp":"2025-12-08T04:43:42.634Z","type":"ACTION","user_id":"5","user_name":"swathib@rajalakshmiFoundation.in","role_name":"BATCH COORDINATOR","method":"GET","path":"/api/coordinator/timetable","action":"GET /api/coordinator/timetable","ip":"::1","details":{"query":{"batchId":"23"}}}
{"timestamp":"2025-12-08T04:43:42.645Z","type":"ACTION","user_id":"5","user_name":"swathib@rajalakshmiFoundation.in","role_name":"BATCH COORDINATOR","method":"GET","path":"/api/coordinator/batches","action":"GET /api/coordinator/batches","ip":"::1"}
{"timestamp":"2025-12-08T04:43:42.663Z","type":"ACTION","user_id":"5","user_name":"swathib@rajalakshmiFoundation.in","role_name":"BATCH COORDINATOR","method":"GET","path":"/api/coordinator/batches","action":"GET /api/coordinator/batches","ip":"::1"}
{"timestamp":"2025-12-08T04:43:42.670Z","type":"ACTION","user_id":"5","user_name":"swathib@rajalakshmiFoundation.in","role_name":"BATCH COORDINATOR","method":"GET","path":"/api/coordinator/timetable","action":"GET /api/coordinator/timetable","ip":"::1","details":{"query":{"batchId":"23"}}}
{"timestamp":"2025-12-08T04:43:42.701Z","type":"ACTION","user_id":"5","user_name":"swathib@rajalakshmiFoundation.in","role_name":"BATCH COORDINATOR","method":"GET","path":"/api/coordinator/timetable","action":"GET /api/coordinator/timetable","ip":"::1","details":{"query":{"batchId":"23"}}}
{"timestamp":"2025-12-08T04:43:42.709Z","type":"ACTION","user_id":"5","user_name":"swathib@rajalakshmiFoundation.in","role_name":"BATCH COORDINATOR","method":"GET","path":"/api/coordinator/timetable","action":"GET /api/coordinator/timetable","ip":"::1","details":{"query":{"batchId":"16"}}}
{"timestamp":"2025-12-08T04:43:42.725Z","type":"ACTION","user_id":"5","user_name":"swathib@rajalakshmiFoundation.in","role_name":"BATCH COORDINATOR","method":"GET","path":"/api/coordinator/timetable","action":"GET /api/coordinator/timetable","ip":"::1","details":{"query":{"batchId":"23"}}}
{"timestamp":"2025-12-08T04:43:42.733Z","type":"ACTION","user_id":"5","user_name":"swathib@rajalakshmiFoundation.in","role_name":"BATCH COORDINATOR","method":"GET","path":"/api/coordinator/timetable","action":"GET /api/coordinator/timetable","ip":"::1","details":{"query":{"batchId":"16"}}}
{"timestamp":"2025-12-08T04:43:42.748Z","type":"ACTION","user_id":"5","user_name":"swathib@rajalakshmiFoundation.in","role_name":"BATCH COORDINATOR","method":"GET","path":"/api/coordinator/timetable","action":"GET /api/coordinator/timetable","ip":"::1","details":{"query":{"batchId":"14"}}}
{"timestamp":"2025-12-08T04:43:42.761Z","type":"ACTION","user_id":"5","user_name":"swathib@rajalakshmiFoundation.in","role_name":"BATCH COORDINATOR","method":"GET","path":"/api/coordinator/timetable","action":"GET /api/coordinator/timetable","ip":"::1","details":{"query":{"batchId":"14"}}}
{"timestamp":"2025-12-08T04:46:19.117Z","type":"ACTION","user_id":"5","user_name":"swathib@rajalakshmiFoundation.in","role_name":"BATCH COORDINATOR","method":"GET","path":"/api/coordinator/cohorts","action":"GET /api/coordinator/cohorts","ip":"::1"}
{"timestamp":"2025-12-08T04:46:19.226Z","type":"ACTION","user_id":"5","user_name":"swathib@rajalakshmiFoundation.in","role_name":"BATCH COORDINATOR","method":"GET","path":"/api/coordinator/cohorts","action":"GET /api/coordinator/cohorts","ip":"::1"}
{"timestamp":"2025-12-08T04:46:20.179Z","type":"ACTION","user_id":"5","user_name":"swathib@rajalakshmiFoundation.in","role_name":"BATCH COORDINATOR","method":"GET","path":"/api/coordinator/cohorts","action":"GET /api/coordinator/cohorts","ip":"::1"}
{"timestamp":"2025-12-08T04:46:20.191Z","type":"ACTION","user_id":"5","user_name":"swathib@rajalakshmiFoundation.in","role_name":"BATCH COORDINATOR","method":"GET","path":"/api/coordinator/students","action":"GET /api/coordinator/students","ip":"::1"}
{"timestamp":"2025-12-08T04:46:20.202Z","type":"ACTION","user_id":"5","user_name":"swathib@rajalakshmiFoundation.in","role_name":"BATCH COORDINATOR","method":"GET","path":"/api/coordinator/cohorts","action":"GET /api/coordinator/cohorts","ip":"::1"}
{"timestamp":"2025-12-08T04:46:20.290Z","type":"ACTION","user_id":"5","user_name":"swathib@rajalakshmiFoundation.in","role_name":"BATCH COORDINATOR","method":"GET","path":"/api/coordinator/students","action":"GET /api/coordinator/students","ip":"::1"}
{"timestamp":"2025-12-08T04:46:21.233Z","type":"ACTION","user_id":"5","user_name":"swathib@rajalakshmiFoundation.in","role_name":"BATCH COORDINATOR","method":"GET","path":"/api/coordinator/cohorts","action":"GET /api/coordinator/cohorts","ip":"::1","details":{"query":{"userId":"5"}}}
{"timestamp":"2025-12-08T04:46:21.243Z","type":"ACTION","user_id":"5","user_name":"swathib@rajalakshmiFoundation.in","role_name":"BATCH COORDINATOR","method":"GET","path":"/api/coordinator/reports/coordinator-teachers","action":"GET /api/coordinator/reports/coordinator-teachers","ip":"::1","details":{"query":{"user_id":"5","fromDate":"1970-01-01","toDate":"2100-01-01"}}}
{"timestamp":"2025-12-08T04:46:21.252Z","type":"ACTION","user_id":"5","user_name":"swathib@rajalakshmiFoundation.in","role_name":"BATCH COORDINATOR","method":"GET","path":"/api/coordinator/cohorts","action":"GET /api/coordinator/cohorts","ip":"::1","details":{"query":{"userId":"5"}}}
{"timestamp":"2025-12-08T04:46:21.267Z","type":"ACTION","user_id":"5","user_name":"swathib@rajalakshmiFoundation.in","role_name":"BATCH COORDINATOR","method":"GET","path":"/api/coordinator/reports/coordinator-teachers","action":"GET /api/coordinator/reports/coordinator-teachers","ip":"::1","details":{"query":{"user_id":"5","fromDate":"1970-01-01","toDate":"2100-01-01"}}}
{"timestamp":"2025-12-08T04:46:21.279Z","type":"ACTION","user_id":"5","user_name":"swathib@rajalakshmiFoundation.in","role_name":"BATCH COORDINATOR","method":"GET","path":"/api/coordinator/batches","action":"GET /api/coordinator/batches","ip":"::1","details":{"query":{"cohort_number":"3"}}}
{"timestamp":"2025-12-08T04:48:16.869Z","type":"ACTION","user_id":"5","user_name":"swathib@rajalakshmiFoundation.in","role_name":"BATCH COORDINATOR","method":"GET","path":"/api/coordinator/cohorts","action":"GET /api/coordinator/cohorts","ip":"::1"}
{"timestamp":"2025-12-08T04:48:16.969Z","type":"ACTION","user_id":"5","user_name":"swathib@rajalakshmiFoundation.in","role_name":"BATCH COORDINATOR","method":"GET","path":"/api/coordinator/cohorts","action":"GET /api/coordinator/cohorts","ip":"::1"}
{"timestamp":"2025-12-08T04:48:17.757Z","type":"ACTION","user_id":"5","user_name":"swathib@rajalakshmiFoundation.in","role_name":"BATCH COORDINATOR","method":"GET","path":"/api/coordinator/cohorts","action":"GET /api/coordinator/cohorts","ip":"::1","details":{"query":{"userId":"5"}}}
{"timestamp":"2025-12-08T04:48:17.765Z","type":"ACTION","user_id":"5","user_name":"swathib@rajalakshmiFoundation.in","role_name":"BATCH COORDINATOR","method":"GET","path":"/api/coordinator/reports/coordinator-teachers","action":"GET /api/coordinator/reports/coordinator-teachers","ip":"::1","details":{"query":{"user_id":"5","fromDate":"1970-01-01","toDate":"2100-01-01"}}}
{"timestamp":"2025-12-08T04:48:17.777Z","type":"ACTION","user_id":"5","user_name":"swathib@rajalakshmiFoundation.in","role_name":"BATCH COORDINATOR","method":"GET","path":"/api/coordinator/cohorts","action":"GET /api/coordinator/cohorts","ip":"::1","details":{"query":{"userId":"5"}}}
{"timestamp":"2025-12-08T04:48:17.799Z","type":"ACTION","user_id":"5","user_name":"swathib@rajalakshmiFoundation.in","role_name":"BATCH COORDINATOR","method":"GET","path":"/api/coordinator/batches","action":"GET /api/coordinator/batches","ip":"::1","details":{"query":{"cohort_number":"3"}}}
{"timestamp":"2025-12-08T04:48:17.879Z","type":"ACTION","user_id":"5","user_name":"swathib@rajalakshmiFoundation.in","role_name":"BATCH COORDINATOR","method":"GET","path":"/api/coordinator/reports/coordinator-teachers","action":"GET /api/coordinator/reports/coordinator-teachers","ip":"::1","details":{"query":{"user_id":"5","fromDate":"1970-01-01","toDate":"2100-01-01"}}}
{"timestamp":"2025-12-08T04:48:36.746Z","type":"ACTION","user_id":"5","user_name":"swathib@rajalakshmiFoundation.in","role_name":"BATCH COORDINATOR","method":"GET","path":"/api/coordinator/batches","action":"GET /api/coordinator/batches","ip":"::1","details":{"query":{"cohort_number":"4"}}}
{"timestamp":"2025-12-08T04:48:39.444Z","type":"ACTION","user_id":"5","user_name":"swathib@rajalakshmiFoundation.in","role_name":"BATCH COORDINATOR","method":"GET","path":"/api/coordinator/students","action":"GET /api/coordinator/students","ip":"::1","details":{"query":{"cohortNumber":"4","batchId":"23"}}}
{"timestamp":"2025-12-08T04:48:42.956Z","type":"ACTION","user_id":"5","user_name":"swathib@rajalakshmiFoundation.in","role_name":"BATCH COORDINATOR","method":"GET","path":"/api/coordinator/reports/attendance","action":"GET /api/coordinator/reports/attendance","ip":"::1","details":{"query":{"batchId":"23","fromDate":"2025-12-02","toDate":"2025-12-08"}}}
{"timestamp":"2025-12-08T04:48:57.955Z","type":"ACTION","user_id":"5","user_name":"swathib@rajalakshmiFoundation.in","role_name":"BATCH COORDINATOR","method":"GET","path":"/api/coordinator/cohorts","action":"GET /api/coordinator/cohorts","ip":"::1"}
{"timestamp":"2025-12-08T04:48:58.058Z","type":"ACTION","user_id":"5","user_name":"swathib@rajalakshmiFoundation.in","role_name":"BATCH COORDINATOR","method":"GET","path":"/api/coordinator/cohorts","action":"GET /api/coordinator/cohorts","ip":"::1"}
{"timestamp":"2025-12-08T04:49:02.342Z","type":"ACTION","user_id":"5","user_name":"swathib@rajalakshmiFoundation.in","role_name":"BATCH COORDINATOR","method":"GET","path":"/api/coordinator/cohorts","action":"GET /api/coordinator/cohorts","ip":"::1"}
{"timestamp":"2025-12-08T04:49:02.349Z","type":"ACTION","user_id":"5","user_name":"swathib@rajalakshmiFoundation.in","role_name":"BATCH COORDINATOR","method":"GET","path":"/api/coordinator/students","action":"GET /api/coordinator/students","ip":"::1"}
{"timestamp":"2025-12-08T04:49:02.360Z","type":"ACTION","user_id":"5","user_name":"swathib@rajalakshmiFoundation.in","role_name":"BATCH COORDINATOR","method":"GET","path":"/api/coordinator/cohorts","action":"GET /api/coordinator/cohorts","ip":"::1"}
{"timestamp":"2025-12-08T04:49:02.455Z","type":"ACTION","user_id":"5","user_name":"swathib@rajalakshmiFoundation.in","role_name":"BATCH COORDINATOR","method":"GET","path":"/api/coordinator/students","action":"GET /api/coordinator/students","ip":"::1"}
{"timestamp":"2025-12-08T04:49:03.531Z","type":"ACTION","user_id":"5","user_name":"swathib@rajalakshmiFoundation.in","role_name":"BATCH COORDINATOR","method":"GET","path":"/api/coordinator/cohorts","action":"GET /api/coordinator/cohorts","ip":"::1","details":{"query":{"userId":"5"}}}
{"timestamp":"2025-12-08T04:49:03.536Z","type":"ACTION","user_id":"5","user_name":"swathib@rajalakshmiFoundation.in","role_name":"BATCH COORDINATOR","method":"GET","path":"/api/coordinator/reports/coordinator-teachers","action":"GET /api/coordinator/reports/coordinator-teachers","ip":"::1","details":{"query":{"user_id":"5","fromDate":"1970-01-01","toDate":"2100-01-01"}}}
{"timestamp":"2025-12-08T04:49:03.545Z","type":"ACTION","user_id":"5","user_name":"swathib@rajalakshmiFoundation.in","role_name":"BATCH COORDINATOR","method":"GET","path":"/api/coordinator/cohorts","action":"GET /api/coordinator/cohorts","ip":"::1","details":{"query":{"userId":"5"}}}
{"timestamp":"2025-12-08T04:49:03.559Z","type":"ACTION","user_id":"5","user_name":"swathib@rajalakshmiFoundation.in","role_name":"BATCH COORDINATOR","method":"GET","path":"/api/coordinator/reports/coordinator-teachers","action":"GET /api/coordinator/reports/coordinator-teachers","ip":"::1","details":{"query":{"user_id":"5","fromDate":"1970-01-01","toDate":"2100-01-01"}}}
{"timestamp":"2025-12-08T04:49:03.566Z","type":"ACTION","user_id":"5","user_name":"swathib@rajalakshmiFoundation.in","role_name":"BATCH COORDINATOR","method":"GET","path":"/api/coordinator/batches","action":"GET /api/coordinator/batches","ip":"::1","details":{"query":{"cohort_number":"3"}}}
{"timestamp":"2025-12-08T04:49:05.038Z","type":"ACTION","user_id":"5","user_name":"swathib@rajalakshmiFoundation.in","role_name":"BATCH COORDINATOR","method":"GET","path":"/api/coordinator/cohorts","action":"GET /api/coordinator/cohorts","ip":"::1"}
{"timestamp":"2025-12-08T04:49:05.049Z","type":"ACTION","user_id":"5","user_name":"swathib@rajalakshmiFoundation.in","role_name":"BATCH COORDINATOR","method":"GET","path":"/api/coordinator/cohorts","action":"GET /api/coordinator/cohorts","ip":"::1"}
{"timestamp":"2025-12-08T04:49:06.130Z","type":"ACTION","user_id":"5","user_name":"swathib@rajalakshmiFoundation.in","role_name":"BATCH COORDINATOR","method":"GET","path":"/api/coordinator/cohorts","action":"GET /api/coordinator/cohorts","ip":"::1"}
{"timestamp":"2025-12-08T04:49:06.149Z","type":"ACTION","user_id":"5","user_name":"swathib@rajalakshmiFoundation.in","role_name":"BATCH COORDINATOR","method":"GET","path":"/api/coordinator/cohorts","action":"GET /api/coordinator/cohorts","ip":"::1"}
{"timestamp":"2025-12-08T04:49:07.234Z","type":"ACTION","user_id":"5","user_name":"swathib@rajalakshmiFoundation.in","role_name":"BATCH COORDINATOR","method":"GET","path":"/api/coordinator/cohorts","action":"GET /api/coordinator/cohorts","ip":"::1"}
{"timestamp":"2025-12-08T04:49:07.250Z","type":"ACTION","user_id":"5","user_name":"swathib@rajalakshmiFoundation.in","role_name":"BATCH COORDINATOR","method":"GET","path":"/api/coordinator/students","action":"GET /api/coordinator/students","ip":"::1"}
{"timestamp":"2025-12-08T04:49:07.261Z","type":"ACTION","user_id":"5","user_name":"swathib@rajalakshmiFoundation.in","role_name":"BATCH COORDINATOR","method":"GET","path":"/api/coordinator/cohorts","action":"GET /api/coordinator/cohorts","ip":"::1"}
{"timestamp":"2025-12-08T04:49:07.273Z","type":"ACTION","user_id":"5","user_name":"swathib@rajalakshmiFoundation.in","role_name":"BATCH COORDINATOR","method":"GET","path":"/api/coordinator/students","action":"GET /api/coordinator/students","ip":"::1"}
{"timestamp":"2025-12-08T04:49:08.423Z","type":"ACTION","user_id":"5","user_name":"swathib@rajalakshmiFoundation.in","role_name":"BATCH COORDINATOR","method":"GET","path":"/api/coordinator/cohorts","action":"GET /api/coordinator/cohorts","ip":"::1","details":{"query":{"userId":"5"}}}
{"timestamp":"2025-12-08T04:49:08.432Z","type":"ACTION","user_id":"5","user_name":"swathib@rajalakshmiFoundation.in","role_name":"BATCH COORDINATOR","method":"GET","path":"/api/coordinator/reports/coordinator-teachers","action":"GET /api/coordinator/reports/coordinator-teachers","ip":"::1","details":{"query":{"user_id":"5","fromDate":"1970-01-01","toDate":"2100-01-01"}}}
{"timestamp":"2025-12-08T04:49:08.444Z","type":"ACTION","user_id":"5","user_name":"swathib@rajalakshmiFoundation.in","role_name":"BATCH COORDINATOR","method":"GET","path":"/api/coordinator/cohorts","action":"GET /api/coordinator/cohorts","ip":"::1","details":{"query":{"userId":"5"}}}
{"timestamp":"2025-12-08T04:49:08.451Z","type":"ACTION","user_id":"5","user_name":"swathib@rajalakshmiFoundation.in","role_name":"BATCH COORDINATOR","method":"GET","path":"/api/coordinator/reports/coordinator-teachers","action":"GET /api/coordinator/reports/coordinator-teachers","ip":"::1","details":{"query":{"user_id":"5","fromDate":"1970-01-01","toDate":"2100-01-01"}}}
{"timestamp":"2025-12-08T04:49:08.469Z","type":"ACTION","user_id":"5","user_name":"swathib@rajalakshmiFoundation.in","role_name":"BATCH COORDINATOR","method":"GET","path":"/api/coordinator/batches","action":"GET /api/coordinator/batches","ip":"::1","details":{"query":{"cohort_number":"3"}}}
{"timestamp":"2025-12-08T04:49:09.756Z","type":"ACTION","user_id":"5","user_name":"swathib@rajalakshmiFoundation.in","role_name":"BATCH COORDINATOR","method":"GET","path":"/api/coordinator/attendance/batch-weekly-avg","action":"GET /api/coordinator/attendance/batch-weekly-avg","ip":"::1"}
{"timestamp":"2025-12-08T04:49:09.761Z","type":"ACTION","user_id":"5","user_name":"swathib@rajalakshmiFoundation.in","role_name":"BATCH COORDINATOR","method":"GET","path":"/api/coordinator/batches","action":"GET /api/coordinator/batches","ip":"::1"}
{"timestamp":"2025-12-08T04:49:09.769Z","type":"ACTION","user_id":"5","user_name":"swathib@rajalakshmiFoundation.in","role_name":"BATCH COORDINATOR","method":"GET","path":"/api/coordinator/students","action":"GET /api/coordinator/students","ip":"::1"}
{"timestamp":"2025-12-08T04:49:09.780Z","type":"ACTION","user_id":"5","user_name":"swathib@rajalakshmiFoundation.in","role_name":"BATCH COORDINATOR","method":"GET","path":"/api/coordinator/batches","action":"GET /api/coordinator/batches","ip":"::1"}
{"timestamp":"2025-12-08T04:49:09.790Z","type":"ACTION","user_id":"5","user_name":"swathib@rajalakshmiFoundation.in","role_name":"BATCH COORDINATOR","method":"GET","path":"/api/coordinator/timetable","action":"GET /api/coordinator/timetable","ip":"::1","details":{"query":{"batchId":"23"}}}
{"timestamp":"2025-12-08T04:49:09.804Z","type":"ACTION","user_id":"5","user_name":"swathib@rajalakshmiFoundation.in","role_name":"BATCH COORDINATOR","method":"GET","path":"/api/coordinator/batches","action":"GET /api/coordinator/batches","ip":"::1"}
{"timestamp":"2025-12-08T04:49:09.813Z","type":"ACTION","user_id":"5","user_name":"swathib@rajalakshmiFoundation.in","role_name":"BATCH COORDINATOR","method":"GET","path":"/api/coordinator/attendance/batch-weekly-avg","action":"GET /api/coordinator/attendance/batch-weekly-avg","ip":"::1"}
{"timestamp":"2025-12-08T04:49:09.831Z","type":"ACTION","user_id":"5","user_name":"swathib@rajalakshmiFoundation.in","role_name":"BATCH COORDINATOR","method":"GET","path":"/api/coordinator/batches","action":"GET /api/coordinator/batches","ip":"::1"}
{"timestamp":"2025-12-08T04:49:09.890Z","type":"ACTION","user_id":"5","user_name":"swathib@rajalakshmiFoundation.in","role_name":"BATCH COORDINATOR","method":"GET","path":"/api/coordinator/students","action":"GET /api/coordinator/students","ip":"::1"}
{"timestamp":"2025-12-08T04:49:09.919Z","type":"ACTION","user_id":"5","user_name":"swathib@rajalakshmiFoundation.in","role_name":"BATCH COORDINATOR","method":"GET","path":"/api/coordinator/timetable","action":"GET /api/coordinator/timetable","ip":"::1","details":{"query":{"batchId":"23"}}}
{"timestamp":"2025-12-08T04:49:09.927Z","type":"ACTION","user_id":"5","user_name":"swathib@rajalakshmiFoundation.in","role_name":"BATCH COORDINATOR","method":"GET","path":"/api/coordinator/timetable","action":"GET /api/coordinator/timetable","ip":"::1","details":{"query":{"batchId":"16"}}}
{"timestamp":"2025-12-08T04:49:09.940Z","type":"ACTION","user_id":"5","user_name":"swathib@rajalakshmiFoundation.in","role_name":"BATCH COORDINATOR","method":"GET","path":"/api/coordinator/timetable","action":"GET /api/coordinator/timetable","ip":"::1","details":{"query":{"batchId":"23"}}}
{"timestamp":"2025-12-08T04:49:09.954Z","type":"ACTION","user_id":"5","user_name":"swathib@rajalakshmiFoundation.in","role_name":"BATCH COORDINATOR","method":"GET","path":"/api/coordinator/timetable","action":"GET /api/coordinator/timetable","ip":"::1","details":{"query":{"batchId":"16"}}}
{"timestamp":"2025-12-08T04:49:09.961Z","type":"ACTION","user_id":"5","user_name":"swathib@rajalakshmiFoundation.in","role_name":"BATCH COORDINATOR","method":"GET","path":"/api/coordinator/timetable","action":"GET /api/coordinator/timetable","ip":"::1","details":{"query":{"batchId":"23"}}}
{"timestamp":"2025-12-08T04:49:09.969Z","type":"ACTION","user_id":"5","user_name":"swathib@rajalakshmiFoundation.in","role_name":"BATCH COORDINATOR","method":"GET","path":"/api/coordinator/timetable","action":"GET /api/coordinator/timetable","ip":"::1","details":{"query":{"batchId":"14"}}}
{"timestamp":"2025-12-08T04:49:09.984Z","type":"ACTION","user_id":"5","user_name":"swathib@rajalakshmiFoundation.in","role_name":"BATCH COORDINATOR","method":"GET","path":"/api/coordinator/timetable","action":"GET /api/coordinator/timetable","ip":"::1","details":{"query":{"batchId":"14"}}}
{"timestamp":"2025-12-08T04:49:14.406Z","type":"ACTION","user_id":"5","user_name":"swathib@rajalakshmiFoundation.in","role_name":"BATCH COORDINATOR","method":"GET","path":"/api/coordinator/students","action":"GET /api/coordinator/students","ip":"::1"}
{"timestamp":"2025-12-08T04:49:14.414Z","type":"ACTION","user_id":"5","user_name":"swathib@rajalakshmiFoundation.in","role_name":"BATCH COORDINATOR","method":"GET","path":"/api/coordinator/cohorts","action":"GET /api/coordinator/cohorts","ip":"::1"}
{"timestamp":"2025-12-08T04:49:14.425Z","type":"ACTION","user_id":"5","user_name":"swathib@rajalakshmiFoundation.in","role_name":"BATCH COORDINATOR","method":"GET","path":"/api/coordinator/cohorts","action":"GET /api/coordinator/cohorts","ip":"::1"}
{"timestamp":"2025-12-08T04:49:14.434Z","type":"ACTION","user_id":"5","user_name":"swathib@rajalakshmiFoundation.in","role_name":"BATCH COORDINATOR","method":"GET","path":"/api/coordinator/students","action":"GET /api/coordinator/students","ip":"::1"}
{"timestamp":"2025-12-08T04:49:39.816Z","type":"ACTION","user_id":"5","user_name":"swathib@rajalakshmiFoundation.in","role_name":"BATCH COORDINATOR","method":"PUT","path":"/api/coordinator/students/559","action":"PUT /api/coordinator/students/559","ip":"::1"}
{"timestamp":"2025-12-08T04:49:39.945Z","type":"ACTION","user_id":"5","user_name":"swathib@rajalakshmiFoundation.in","role_name":"BATCH COORDINATOR","method":"PUT","path":"/api/coordinator/students/559","action":"PUT /api/coordinator/students/559","ip":"::1","status":"error","error":"Failed to update student","details":{"statusCode":500}}
{"timestamp":"2025-12-08T04:50:01.825Z","type":"ACTION","user_id":"5","user_name":"swathib@rajalakshmiFoundation.in","role_name":"BATCH COORDINATOR","method":"GET","path":"/api/coordinator/batches","action":"GET /api/coordinator/batches","ip":"::1","details":{"query":{"cohort_number":"4"}}}
{"timestamp":"2025-12-08T04:50:01.832Z","type":"ACTION","user_id":"5","user_name":"swathib@rajalakshmiFoundation.in","role_name":"BATCH COORDINATOR","method":"GET","path":"/api/coordinator/students","action":"GET /api/coordinator/students","ip":"::1","details":{"query":{"cohortNumber":"4"}}}
{"timestamp":"2025-12-08T04:50:04.685Z","type":"ACTION","user_id":"5","user_name":"swathib@rajalakshmiFoundation.in","role_name":"BATCH COORDINATOR","method":"GET","path":"/api/coordinator/batches","action":"GET /api/coordinator/batches","ip":"::1","details":{"query":{"cohort_number":"3"}}}
{"timestamp":"2025-12-08T04:50:04.692Z","type":"ACTION","user_id":"5","user_name":"swathib@rajalakshmiFoundation.in","role_name":"BATCH COORDINATOR","method":"GET","path":"/api/coordinator/students","action":"GET /api/coordinator/students","ip":"::1","details":{"query":{"cohortNumber":"3"}}}
{"timestamp":"2025-12-08T04:50:07.267Z","type":"ACTION","user_id":"5","user_name":"swathib@rajalakshmiFoundation.in","role_name":"BATCH COORDINATOR","method":"GET","path":"/api/coordinator/students","action":"GET /api/coordinator/students","ip":"::1","details":{"query":{"cohortNumber":"3","batchId":"14"}}}
{"timestamp":"2025-12-08T04:50:10.882Z","type":"ACTION","user_id":"5","user_name":"swathib@rajalakshmiFoundation.in","role_name":"BATCH COORDINATOR","method":"GET","path":"/api/coordinator/batches","action":"GET /api/coordinator/batches","ip":"::1","details":{"query":{"cohort_number":"4"}}}
{"timestamp":"2025-12-08T04:50:10.890Z","type":"ACTION","user_id":"5","user_name":"swathib@rajalakshmiFoundation.in","role_name":"BATCH COORDINATOR","method":"GET","path":"/api/coordinator/students","action":"GET /api/coordinator/students","ip":"::1","details":{"query":{"cohortNumber":"4"}}}
{"timestamp":"2025-12-08T04:51:52.719Z","type":"ACTION","user_id":"5","user_name":"swathib@rajalakshmiFoundation.in","role_name":"BATCH COORDINATOR","method":"GET","path":"/api/coordinator/cohorts","action":"GET /api/coordinator/cohorts","ip":"::1","details":{"query":{"userId":"5"}}}
{"timestamp":"2025-12-08T04:51:52.727Z","type":"ACTION","user_id":"5","user_name":"swathib@rajalakshmiFoundation.in","role_name":"BATCH COORDINATOR","method":"GET","path":"/api/coordinator/reports/coordinator-teachers","action":"GET /api/coordinator/reports/coordinator-teachers","ip":"::1","details":{"query":{"user_id":"5","fromDate":"1970-01-01","toDate":"2100-01-01"}}}
{"timestamp":"2025-12-08T04:51:52.830Z","type":"ACTION","user_id":"5","user_name":"swathib@rajalakshmiFoundation.in","role_name":"BATCH COORDINATOR","method":"GET","path":"/api/coordinator/cohorts","action":"GET /api/coordinator/cohorts","ip":"::1","details":{"query":{"userId":"5"}}}
{"timestamp":"2025-12-08T04:51:52.840Z","type":"ACTION","user_id":"5","user_name":"swathib@rajalakshmiFoundation.in","role_name":"BATCH COORDINATOR","method":"GET","path":"/api/coordinator/reports/coordinator-teachers","action":"GET /api/coordinator/reports/coordinator-teachers","ip":"::1","details":{"query":{"user_id":"5","fromDate":"1970-01-01","toDate":"2100-01-01"}}}
{"timestamp":"2025-12-08T04:51:52.850Z","type":"ACTION","user_id":"5","user_name":"swathib@rajalakshmiFoundation.in","role_name":"BATCH COORDINATOR","method":"GET","path":"/api/coordinator/batches","action":"GET /api/coordinator/batches","ip":"::1","details":{"query":{"cohort_number":"3"}}}
{"timestamp":"2025-12-08T04:51:53.597Z","type":"ACTION","user_id":"5","user_name":"swathib@rajalakshmiFoundation.in","role_name":"BATCH COORDINATOR","method":"GET","path":"/api/coordinator/cohorts","action":"GET /api/coordinator/cohorts","ip":"::1"}
{"timestamp":"2025-12-08T04:51:53.603Z","type":"ACTION","user_id":"5","user_name":"swathib@rajalakshmiFoundation.in","role_name":"BATCH COORDINATOR","method":"GET","path":"/api/coordinator/students","action":"GET /api/coordinator/students","ip":"::1"}
{"timestamp":"2025-12-08T04:51:53.611Z","type":"ACTION","user_id":"5","user_name":"swathib@rajalakshmiFoundation.in","role_name":"BATCH COORDINATOR","method":"GET","path":"/api/coordinator/cohorts","action":"GET /api/coordinator/cohorts","ip":"::1"}
{"timestamp":"2025-12-08T04:51:53.621Z","type":"ACTION","user_id":"5","user_name":"swathib@rajalakshmiFoundation.in","role_name":"BATCH COORDINATOR","method":"GET","path":"/api/coordinator/students","action":"GET /api/coordinator/students","ip":"::1"}
{"timestamp":"2025-12-08T04:51:55.250Z","type":"ACTION","user_id":"5","user_name":"swathib@rajalakshmiFoundation.in","role_name":"BATCH COORDINATOR","method":"GET","path":"/api/coordinator/students","action":"GET /api/coordinator/students","ip":"::1"}
{"timestamp":"2025-12-08T04:51:55.257Z","type":"ACTION","user_id":"5","user_name":"swathib@rajalakshmiFoundation.in","role_name":"BATCH COORDINATOR","method":"GET","path":"/api/coordinator/batches","action":"GET /api/coordinator/batches","ip":"::1"}
{"timestamp":"2025-12-08T04:51:55.263Z","type":"ACTION","user_id":"5","user_name":"swathib@rajalakshmiFoundation.in","role_name":"BATCH COORDINATOR","method":"GET","path":"/api/coordinator/attendance/batch-weekly-avg","action":"GET /api/coordinator/attendance/batch-weekly-avg","ip":"::1"}
{"timestamp":"2025-12-08T04:51:55.273Z","type":"ACTION","user_id":"5","user_name":"swathib@rajalakshmiFoundation.in","role_name":"BATCH COORDINATOR","method":"GET","path":"/api/coordinator/students","action":"GET /api/coordinator/students","ip":"::1"}
{"timestamp":"2025-12-08T04:51:55.280Z","type":"ACTION","user_id":"5","user_name":"swathib@rajalakshmiFoundation.in","role_name":"BATCH COORDINATOR","method":"GET","path":"/api/coordinator/batches","action":"GET /api/coordinator/batches","ip":"::1"}
{"timestamp":"2025-12-08T04:51:55.298Z","type":"ACTION","user_id":"5","user_name":"swathib@rajalakshmiFoundation.in","role_name":"BATCH COORDINATOR","method":"GET","path":"/api/coordinator/timetable","action":"GET /api/coordinator/timetable","ip":"::1","details":{"query":{"batchId":"23"}}}
{"timestamp":"2025-12-08T04:51:55.305Z","type":"ACTION","user_id":"5","user_name":"swathib@rajalakshmiFoundation.in","role_name":"BATCH COORDINATOR","method":"GET","path":"/api/coordinator/batches","action":"GET /api/coordinator/batches","ip":"::1"}
{"timestamp":"2025-12-08T04:51:55.321Z","type":"ACTION","user_id":"5","user_name":"swathib@rajalakshmiFoundation.in","role_name":"BATCH COORDINATOR","method":"GET","path":"/api/coordinator/timetable","action":"GET /api/coordinator/timetable","ip":"::1","details":{"query":{"batchId":"23"}}}
{"timestamp":"2025-12-08T04:51:55.328Z","type":"ACTION","user_id":"5","user_name":"swathib@rajalakshmiFoundation.in","role_name":"BATCH COORDINATOR","method":"GET","path":"/api/coordinator/batches","action":"GET /api/coordinator/batches","ip":"::1"}
{"timestamp":"2025-12-08T04:51:55.352Z","type":"ACTION","user_id":"5","user_name":"swathib@rajalakshmiFoundation.in","role_name":"BATCH COORDINATOR","method":"GET","path":"/api/coordinator/timetable","action":"GET /api/coordinator/timetable","ip":"::1","details":{"query":{"batchId":"23"}}}
{"timestamp":"2025-12-08T04:51:55.361Z","type":"ACTION","user_id":"5","user_name":"swathib@rajalakshmiFoundation.in","role_name":"BATCH COORDINATOR","method":"GET","path":"/api/coordinator/timetable","action":"GET /api/coordinator/timetable","ip":"::1","details":{"query":{"batchId":"16"}}}
{"timestamp":"2025-12-08T04:51:55.375Z","type":"ACTION","user_id":"5","user_name":"swathib@rajalakshmiFoundation.in","role_name":"BATCH COORDINATOR","method":"GET","path":"/api/coordinator/timetable","action":"GET /api/coordinator/timetable","ip":"::1","details":{"query":{"batchId":"23"}}}
{"timestamp":"2025-12-08T04:51:55.390Z","type":"ACTION","user_id":"5","user_name":"swathib@rajalakshmiFoundation.in","role_name":"BATCH COORDINATOR","method":"GET","path":"/api/coordinator/timetable","action":"GET /api/coordinator/timetable","ip":"::1","details":{"query":{"batchId":"14"}}}
{"timestamp":"2025-12-08T04:51:55.396Z","type":"ACTION","user_id":"5","user_name":"swathib@rajalakshmiFoundation.in","role_name":"BATCH COORDINATOR","method":"GET","path":"/api/coordinator/timetable","action":"GET /api/coordinator/timetable","ip":"::1","details":{"query":{"batchId":"16"}}}
{"timestamp":"2025-12-08T04:51:55.413Z","type":"ACTION","user_id":"5","user_name":"swathib@rajalakshmiFoundation.in","role_name":"BATCH COORDINATOR","method":"GET","path":"/api/coordinator/timetable","action":"GET /api/coordinator/timetable","ip":"::1","details":{"query":{"batchId":"14"}}}
{"timestamp":"2025-12-08T04:51:55.428Z","type":"ACTION","user_id":"5","user_name":"swathib@rajalakshmiFoundation.in","role_name":"BATCH COORDINATOR","method":"GET","path":"/api/coordinator/attendance/batch-weekly-avg","action":"GET /api/coordinator/attendance/batch-weekly-avg","ip":"::1"}
{"timestamp":"2025-12-08T04:53:13.697Z","type":"ACTION","user_id":"5","user_name":"swathib@rajalakshmiFoundation.in","role_name":"BATCH COORDINATOR","method":"GET","path":"/api/coordinator/cohorts","action":"GET /api/coordinator/cohorts","ip":"::1"}
{"timestamp":"2025-12-08T04:53:13.705Z","type":"ACTION","user_id":"5","user_name":"swathib@rajalakshmiFoundation.in","role_name":"BATCH COORDINATOR","method":"GET","path":"/api/coordinator/students","action":"GET /api/coordinator/students","ip":"::1"}
{"timestamp":"2025-12-08T04:53:13.807Z","type":"ACTION","user_id":"5","user_name":"swathib@rajalakshmiFoundation.in","role_name":"BATCH COORDINATOR","method":"GET","path":"/api/coordinator/cohorts","action":"GET /api/coordinator/cohorts","ip":"::1"}
{"timestamp":"2025-12-08T04:53:13.817Z","type":"ACTION","user_id":"5","user_name":"swathib@rajalakshmiFoundation.in","role_name":"BATCH COORDINATOR","method":"GET","path":"/api/coordinator/students","action":"GET /api/coordinator/students","ip":"::1"}
{"timestamp":"2025-12-08T04:58:31.698Z","type":"ACTION","user_id":"5","user_name":"swathib@rajalakshmiFoundation.in","role_name":"BATCH COORDINATOR","method":"GET","path":"/api/coordinator/attendance/batch-weekly-avg","action":"GET /api/coordinator/attendance/batch-weekly-avg","ip":"::1"}
{"timestamp":"2025-12-08T04:58:31.704Z","type":"ACTION","user_id":"5","user_name":"swathib@rajalakshmiFoundation.in","role_name":"BATCH COORDINATOR","method":"GET","path":"/api/coordinator/batches","action":"GET /api/coordinator/batches","ip":"::1"}
{"timestamp":"2025-12-08T04:58:31.712Z","type":"ACTION","user_id":"5","user_name":"swathib@rajalakshmiFoundation.in","role_name":"BATCH COORDINATOR","method":"GET","path":"/api/coordinator/students","action":"GET /api/coordinator/students","ip":"::1"}
{"timestamp":"2025-12-08T04:58:31.821Z","type":"ACTION","user_id":"5","user_name":"swathib@rajalakshmiFoundation.in","role_name":"BATCH COORDINATOR","method":"GET","path":"/api/coordinator/batches","action":"GET /api/coordinator/batches","ip":"::1"}
{"timestamp":"2025-12-08T04:58:31.830Z","type":"ACTION","user_id":"5","user_name":"swathib@rajalakshmiFoundation.in","role_name":"BATCH COORDINATOR","method":"GET","path":"/api/coordinator/students","action":"GET /api/coordinator/students","ip":"::1"}
{"timestamp":"2025-12-08T04:58:31.835Z","type":"ACTION","user_id":"5","user_name":"swathib@rajalakshmiFoundation.in","role_name":"BATCH COORDINATOR","method":"GET","path":"/api/coordinator/timetable","action":"GET /api/coordinator/timetable","ip":"::1","details":{"query":{"batchId":"23"}}}
{"timestamp":"2025-12-08T04:58:31.841Z","type":"ACTION","user_id":"5","user_name":"swathib@rajalakshmiFoundation.in","role_name":"BATCH COORDINATOR","method":"GET","path":"/api/coordinator/batches","action":"GET /api/coordinator/batches","ip":"::1"}
{"timestamp":"2025-12-08T04:58:31.851Z","type":"ACTION","user_id":"5","user_name":"swathib@rajalakshmiFoundation.in","role_name":"BATCH COORDINATOR","method":"GET","path":"/api/coordinator/attendance/batch-weekly-avg","action":"GET /api/coordinator/attendance/batch-weekly-avg","ip":"::1"}
{"timestamp":"2025-12-08T04:58:31.868Z","type":"ACTION","user_id":"5","user_name":"swathib@rajalakshmiFoundation.in","role_name":"BATCH COORDINATOR","method":"GET","path":"/api/coordinator/timetable","action":"GET /api/coordinator/timetable","ip":"::1","details":{"query":{"batchId":"23"}}}
{"timestamp":"2025-12-08T04:58:31.885Z","type":"ACTION","user_id":"5","user_name":"swathib@rajalakshmiFoundation.in","role_name":"BATCH COORDINATOR","method":"GET","path":"/api/coordinator/timetable","action":"GET /api/coordinator/timetable","ip":"::1","details":{"query":{"batchId":"16"}}}
{"timestamp":"2025-12-08T04:58:31.896Z","type":"ACTION","user_id":"5","user_name":"swathib@rajalakshmiFoundation.in","role_name":"BATCH COORDINATOR","method":"GET","path":"/api/coordinator/timetable","action":"GET /api/coordinator/timetable","ip":"::1","details":{"query":{"batchId":"16"}}}
{"timestamp":"2025-12-08T04:58:31.906Z","type":"ACTION","user_id":"5","user_name":"swathib@rajalakshmiFoundation.in","role_name":"BATCH COORDINATOR","method":"GET","path":"/api/coordinator/timetable","action":"GET /api/coordinator/timetable","ip":"::1","details":{"query":{"batchId":"14"}}}
{"timestamp":"2025-12-08T04:58:31.917Z","type":"ACTION","user_id":"5","user_name":"swathib@rajalakshmiFoundation.in","role_name":"BATCH COORDINATOR","method":"GET","path":"/api/coordinator/timetable","action":"GET /api/coordinator/timetable","ip":"::1","details":{"query":{"batchId":"14"}}}
{"timestamp":"2025-12-08T04:58:31.954Z","type":"ACTION","user_id":"5","user_name":"swathib@rajalakshmiFoundation.in","role_name":"BATCH COORDINATOR","method":"GET","path":"/api/coordinator/batches","action":"GET /api/coordinator/batches","ip":"::1"}
{"timestamp":"2025-12-08T04:58:31.966Z","type":"ACTION","user_id":"5","user_name":"swathib@rajalakshmiFoundation.in","role_name":"BATCH COORDINATOR","method":"GET","path":"/api/coordinator/timetable","action":"GET /api/coordinator/timetable","ip":"::1","details":{"query":{"batchId":"23"}}}
{"timestamp":"2025-12-08T04:58:31.994Z","type":"ACTION","user_id":"5","user_name":"swathib@rajalakshmiFoundation.in","role_name":"BATCH COORDINATOR","method":"GET","path":"/api/coordinator/timetable","action":"GET /api/coordinator/timetable","ip":"::1","details":{"query":{"batchId":"23"}}}
