{"timestamp":"2026-03-26T09:57:02.509Z","type":"LOGIN","user_name":"admin@rajalakshmifoundation.in","status":"success_pre_auth","ip":"::1"}
{"timestamp":"2026-03-26T09:57:02.590Z","type":"ACTION","user_name":"admin@rajalakshmiFoundation.in","role":"ADMIN","action":"login_complete","status":"success","ip":"::1"}
{"timestamp":"2026-03-26T09:57:02.772Z","type":"ACTION","user_id":"1","user_name":"admin@rajalakshmiFoundation.in","role_name":"ADMIN","method":"GET","path":"/api/applicants/count","action":"GET /api/applicants/count","ip":"::1","details":{"query":{"year":"2025"}}}
{"timestamp":"2026-03-26T09:57:02.794Z","type":"ACTION","user_id":"1","user_name":"admin@rajalakshmiFoundation.in","role_name":"ADMIN","method":"GET","path":"/api/applicants/shortlisted/count","action":"GET /api/applicants/shortlisted/count","ip":"::1","details":{"query":{"year":"2025"}}}
{"timestamp":"2026-03-26T09:57:02.826Z","type":"ACTION","user_id":"1","user_name":"admin@rajalakshmiFoundation.in","role_name":"ADMIN","method":"GET","path":"/api/applicants/selected/count","action":"GET /api/applicants/selected/count","ip":"::1","details":{"query":{"year":"2025"}}}
{"timestamp":"2026-03-26T09:57:02.861Z","type":"ACTION","user_id":"1","user_name":"admin@rajalakshmiFoundation.in","role_name":"ADMIN","method":"GET","path":"/api/system-config/active","action":"GET /api/system-config/active","ip":"::1"}
{"timestamp":"2026-03-26T09:57:03.020Z","type":"ACTION","user_id":"1","user_name":"admin@rajalakshmiFoundation.in","role_name":"ADMIN","method":"GET","path":"/api/applicants/count","action":"GET /api/applicants/count","ip":"::1","details":{"query":{"year":"2025"}}}
{"timestamp":"2026-03-26T09:57:03.057Z","type":"ACTION","user_id":"1","user_name":"admin@rajalakshmiFoundation.in","role_name":"ADMIN","method":"GET","path":"/api/system-config/active","action":"GET /api/system-config/active","ip":"::1"}
{"timestamp":"2026-03-26T09:57:03.094Z","type":"ACTION","user_id":"1","user_name":"admin@rajalakshmiFoundation.in","role_name":"ADMIN","method":"GET","path":"/api/applicants/selected/count","action":"GET /api/applicants/selected/count","ip":"::1","details":{"query":{"year":"2025"}}}
{"timestamp":"2026-03-26T09:57:03.189Z","type":"ACTION","user_id":"1","user_name":"admin@rajalakshmiFoundation.in","role_name":"ADMIN","method":"GET","path":"/api/applicants/shortlisted/count","action":"GET /api/applicants/shortlisted/count","ip":"::1","details":{"query":{"year":"2025"}}}
{"timestamp":"2026-03-26T09:57:21.780Z","type":"ACTION","user_id":"1","user_name":"admin@rajalakshmiFoundation.in","role_name":"ADMIN","method":"GET","path":"/api/exams/viewcentres","action":"GET /api/exams/viewcentres","ip":"::1"}
{"timestamp":"2026-03-26T09:57:21.811Z","type":"ACTION","user_id":"1","user_name":"admin@rajalakshmiFoundation.in","role_name":"ADMIN","method":"GET","path":"/api/exams/assigned","action":"GET /api/exams/assigned","ip":"::1"}
{"timestamp":"2026-03-26T09:57:21.832Z","type":"ACTION","user_id":"1","user_name":"admin@rajalakshmiFoundation.in","role_name":"ADMIN","method":"GET","path":"/api/exams/exam-centres","action":"GET /api/exams/exam-centres","ip":"::1"}
{"timestamp":"2026-03-26T09:57:21.848Z","type":"ACTION","user_id":"1","user_name":"admin@rajalakshmiFoundation.in","role_name":"ADMIN","method":"GET","path":"/api/exams/divisions-by-state/1","action":"GET /api/exams/divisions-by-state/1","ip":"::1"}
{"timestamp":"2026-03-26T09:57:21.869Z","type":"ACTION","user_id":"1","user_name":"admin@rajalakshmiFoundation.in","role_name":"ADMIN","method":"GET","path":"/api/exams/used-blocks","action":"GET /api/exams/used-blocks","ip":"::1"}
{"timestamp":"2026-03-26T09:57:21.886Z","type":"ACTION","user_id":"1","user_name":"admin@rajalakshmiFoundation.in","role_name":"ADMIN","method":"GET","path":"/api/exams/notassigned","action":"GET /api/exams/notassigned","ip":"::1"}
{"timestamp":"2026-03-26T09:57:21.936Z","type":"ACTION","user_id":"1","user_name":"admin@rajalakshmiFoundation.in","role_name":"ADMIN","method":"GET","path":"/api/exams/viewcentres","action":"GET /api/exams/viewcentres","ip":"::1"}
{"timestamp":"2026-03-26T09:57:21.987Z","type":"ACTION","user_id":"1","user_name":"admin@rajalakshmiFoundation.in","role_name":"ADMIN","method":"GET","path":"/api/exams/divisions-by-state/1","action":"GET /api/exams/divisions-by-state/1","ip":"::1"}
{"timestamp":"2026-03-26T09:57:22.029Z","type":"ACTION","user_id":"1","user_name":"admin@rajalakshmiFoundation.in","role_name":"ADMIN","method":"GET","path":"/api/exams/notassigned","action":"GET /api/exams/notassigned","ip":"::1"}
{"timestamp":"2026-03-26T09:57:22.058Z","type":"ACTION","user_id":"1","user_name":"admin@rajalakshmiFoundation.in","role_name":"ADMIN","method":"GET","path":"/api/exams/exam-centres","action":"GET /api/exams/exam-centres","ip":"::1"}
{"timestamp":"2026-03-26T09:57:22.087Z","type":"ACTION","user_id":"1","user_name":"admin@rajalakshmiFoundation.in","role_name":"ADMIN","method":"GET","path":"/api/exams/used-blocks","action":"GET /api/exams/used-blocks","ip":"::1"}
{"timestamp":"2026-03-26T09:57:22.100Z","type":"ACTION","user_id":"1","user_name":"admin@rajalakshmiFoundation.in","role_name":"ADMIN","method":"GET","path":"/api/exams/assigned","action":"GET /api/exams/assigned","ip":"::1"}
{"timestamp":"2026-03-26T09:57:22.176Z","type":"ACTION","user_id":"1","user_name":"admin@rajalakshmiFoundation.in","role_name":"ADMIN","method":"GET","path":"/api/exams/blocks-by-district/2930","action":"GET /api/exams/blocks-by-district/2930","ip":"::1"}
{"timestamp":"2026-03-26T09:57:22.185Z","type":"ACTION","user_id":"1","user_name":"admin@rajalakshmiFoundation.in","role_name":"ADMIN","method":"GET","path":"/api/exams/blocks-by-district/2920","action":"GET /api/exams/blocks-by-district/2920","ip":"::1"}
{"timestamp":"2026-03-26T09:57:22.193Z","type":"ACTION","user_id":"1","user_name":"admin@rajalakshmiFoundation.in","role_name":"ADMIN","method":"GET","path":"/api/exams/blocks-by-district/2910","action":"GET /api/exams/blocks-by-district/2910","ip":"::1"}
{"timestamp":"2026-03-26T09:57:22.202Z","type":"ACTION","user_id":"1","user_name":"admin@rajalakshmiFoundation.in","role_name":"ADMIN","method":"GET","path":"/api/exams/blocks-by-district/2934","action":"GET /api/exams/blocks-by-district/2934","ip":"::1"}
{"timestamp":"2026-03-26T09:57:22.212Z","type":"ACTION","user_id":"1","user_name":"admin@rajalakshmiFoundation.in","role_name":"ADMIN","method":"GET","path":"/api/exams/blocks-by-district/2914","action":"GET /api/exams/blocks-by-district/2914","ip":"::1"}
{"timestamp":"2026-03-26T09:57:22.222Z","type":"ACTION","user_id":"1","user_name":"admin@rajalakshmiFoundation.in","role_name":"ADMIN","method":"GET","path":"/api/exams/blocks-by-district/2909","action":"GET /api/exams/blocks-by-district/2909","ip":"::1"}
{"timestamp":"2026-03-26T09:57:22.238Z","type":"ACTION","user_id":"1","user_name":"admin@rajalakshmiFoundation.in","role_name":"ADMIN","method":"GET","path":"/api/exams/blocks-by-district/2908","action":"GET /api/exams/blocks-by-district/2908","ip":"::1"}
{"timestamp":"2026-03-26T09:57:22.245Z","type":"ACTION","user_id":"1","user_name":"admin@rajalakshmiFoundation.in","role_name":"ADMIN","method":"GET","path":"/api/exams/blocks-by-district/2903","action":"GET /api/exams/blocks-by-district/2903","ip":"::1"}
{"timestamp":"2026-03-26T09:57:22.256Z","type":"ACTION","user_id":"1","user_name":"admin@rajalakshmiFoundation.in","role_name":"ADMIN","method":"GET","path":"/api/exams/blocks-by-district/2911","action":"GET /api/exams/blocks-by-district/2911","ip":"::1"}
{"timestamp":"2026-03-26T09:57:22.263Z","type":"ACTION","user_id":"1","user_name":"admin@rajalakshmiFoundation.in","role_name":"ADMIN","method":"GET","path":"/api/exams/blocks-by-district/2902","action":"GET /api/exams/blocks-by-district/2902","ip":"::1"}
{"timestamp":"2026-03-26T09:57:22.270Z","type":"ACTION","user_id":"1","user_name":"admin@rajalakshmiFoundation.in","role_name":"ADMIN","method":"GET","path":"/api/exams/blocks-by-district/2901","action":"GET /api/exams/blocks-by-district/2901","ip":"::1"}
{"timestamp":"2026-03-26T09:57:22.279Z","type":"ACTION","user_id":"1","user_name":"admin@rajalakshmiFoundation.in","role_name":"ADMIN","method":"GET","path":"/api/exams/blocks-by-district/2930","action":"GET /api/exams/blocks-by-district/2930","ip":"::1"}
{"timestamp":"2026-03-26T09:57:22.289Z","type":"ACTION","user_id":"1","user_name":"admin@rajalakshmiFoundation.in","role_name":"ADMIN","method":"GET","path":"/api/exams/blocks-by-district/2920","action":"GET /api/exams/blocks-by-district/2920","ip":"::1"}
{"timestamp":"2026-03-26T09:57:22.295Z","type":"ACTION","user_id":"1","user_name":"admin@rajalakshmiFoundation.in","role_name":"ADMIN","method":"GET","path":"/api/exams/blocks-by-district/2910","action":"GET /api/exams/blocks-by-district/2910","ip":"::1"}
{"timestamp":"2026-03-26T09:57:22.303Z","type":"ACTION","user_id":"1","user_name":"admin@rajalakshmiFoundation.in","role_name":"ADMIN","method":"GET","path":"/api/exams/blocks-by-district/2934","action":"GET /api/exams/blocks-by-district/2934","ip":"::1"}
{"timestamp":"2026-03-26T09:57:22.311Z","type":"ACTION","user_id":"1","user_name":"admin@rajalakshmiFoundation.in","role_name":"ADMIN","method":"GET","path":"/api/exams/blocks-by-district/2914","action":"GET /api/exams/blocks-by-district/2914","ip":"::1"}
{"timestamp":"2026-03-26T09:57:22.319Z","type":"ACTION","user_id":"1","user_name":"admin@rajalakshmiFoundation.in","role_name":"ADMIN","method":"GET","path":"/api/exams/blocks-by-district/2909","action":"GET /api/exams/blocks-by-district/2909","ip":"::1"}
{"timestamp":"2026-03-26T09:57:22.330Z","type":"ACTION","user_id":"1","user_name":"admin@rajalakshmiFoundation.in","role_name":"ADMIN","method":"GET","path":"/api/exams/blocks-by-district/2908","action":"GET /api/exams/blocks-by-district/2908","ip":"::1"}
{"timestamp":"2026-03-26T09:57:22.342Z","type":"ACTION","user_id":"1","user_name":"admin@rajalakshmiFoundation.in","role_name":"ADMIN","method":"GET","path":"/api/exams/blocks-by-district/2903","action":"GET /api/exams/blocks-by-district/2903","ip":"::1"}
{"timestamp":"2026-03-26T09:57:22.351Z","type":"ACTION","user_id":"1","user_name":"admin@rajalakshmiFoundation.in","role_name":"ADMIN","method":"GET","path":"/api/exams/blocks-by-district/2911","action":"GET /api/exams/blocks-by-district/2911","ip":"::1"}
{"timestamp":"2026-03-26T09:57:22.364Z","type":"ACTION","user_id":"1","user_name":"admin@rajalakshmiFoundation.in","role_name":"ADMIN","method":"GET","path":"/api/exams/blocks-by-district/2902","action":"GET /api/exams/blocks-by-district/2902","ip":"::1"}
{"timestamp":"2026-03-26T09:57:22.371Z","type":"ACTION","user_id":"1","user_name":"admin@rajalakshmiFoundation.in","role_name":"ADMIN","method":"GET","path":"/api/exams/blocks-by-district/2901","action":"GET /api/exams/blocks-by-district/2901","ip":"::1"}
{"timestamp":"2026-03-26T09:57:22.380Z","type":"ACTION","user_id":"1","user_name":"admin@rajalakshmiFoundation.in","role_name":"ADMIN","method":"GET","path":"/api/exams/blocks-by-district/2930","action":"GET /api/exams/blocks-by-district/2930","ip":"::1"}
{"timestamp":"2026-03-26T09:57:22.396Z","type":"ACTION","user_id":"1","user_name":"admin@rajalakshmiFoundation.in","role_name":"ADMIN","method":"GET","path":"/api/exams/blocks-by-district/2920","action":"GET /api/exams/blocks-by-district/2920","ip":"::1"}
{"timestamp":"2026-03-26T09:57:22.408Z","type":"ACTION","user_id":"1","user_name":"admin@rajalakshmiFoundation.in","role_name":"ADMIN","method":"GET","path":"/api/exams/blocks-by-district/2910","action":"GET /api/exams/blocks-by-district/2910","ip":"::1"}
{"timestamp":"2026-03-26T09:57:22.415Z","type":"ACTION","user_id":"1","user_name":"admin@rajalakshmiFoundation.in","role_name":"ADMIN","method":"GET","path":"/api/exams/blocks-by-district/2934","action":"GET /api/exams/blocks-by-district/2934","ip":"::1"}
{"timestamp":"2026-03-26T09:57:22.426Z","type":"ACTION","user_id":"1","user_name":"admin@rajalakshmiFoundation.in","role_name":"ADMIN","method":"GET","path":"/api/exams/blocks-by-district/2909","action":"GET /api/exams/blocks-by-district/2909","ip":"::1"}
{"timestamp":"2026-03-26T09:57:22.433Z","type":"ACTION","user_id":"1","user_name":"admin@rajalakshmiFoundation.in","role_name":"ADMIN","method":"GET","path":"/api/exams/blocks-by-district/2903","action":"GET /api/exams/blocks-by-district/2903","ip":"::1"}
{"timestamp":"2026-03-26T09:57:22.440Z","type":"ACTION","user_id":"1","user_name":"admin@rajalakshmiFoundation.in","role_name":"ADMIN","method":"GET","path":"/api/exams/blocks-by-district/2911","action":"GET /api/exams/blocks-by-district/2911","ip":"::1"}
{"timestamp":"2026-03-26T09:57:22.452Z","type":"ACTION","user_id":"1","user_name":"admin@rajalakshmiFoundation.in","role_name":"ADMIN","method":"GET","path":"/api/exams/blocks-by-district/2902","action":"GET /api/exams/blocks-by-district/2902","ip":"::1"}
{"timestamp":"2026-03-26T09:57:22.464Z","type":"ACTION","user_id":"1","user_name":"admin@rajalakshmiFoundation.in","role_name":"ADMIN","method":"GET","path":"/api/exams/blocks-by-district/2901","action":"GET /api/exams/blocks-by-district/2901","ip":"::1"}
{"timestamp":"2026-03-26T09:57:22.473Z","type":"ACTION","user_id":"1","user_name":"admin@rajalakshmiFoundation.in","role_name":"ADMIN","method":"GET","path":"/api/exams/blocks-by-district/2930","action":"GET /api/exams/blocks-by-district/2930","ip":"::1"}
{"timestamp":"2026-03-26T09:57:22.481Z","type":"ACTION","user_id":"1","user_name":"admin@rajalakshmiFoundation.in","role_name":"ADMIN","method":"GET","path":"/api/exams/blocks-by-district/2920","action":"GET /api/exams/blocks-by-district/2920","ip":"::1"}
{"timestamp":"2026-03-26T09:57:22.489Z","type":"ACTION","user_id":"1","user_name":"admin@rajalakshmiFoundation.in","role_name":"ADMIN","method":"GET","path":"/api/exams/blocks-by-district/2910","action":"GET /api/exams/blocks-by-district/2910","ip":"::1"}
{"timestamp":"2026-03-26T09:57:22.498Z","type":"ACTION","user_id":"1","user_name":"admin@rajalakshmiFoundation.in","role_name":"ADMIN","method":"GET","path":"/api/exams/blocks-by-district/2934","action":"GET /api/exams/blocks-by-district/2934","ip":"::1"}
{"timestamp":"2026-03-26T09:57:22.511Z","type":"ACTION","user_id":"1","user_name":"admin@rajalakshmiFoundation.in","role_name":"ADMIN","method":"GET","path":"/api/exams/blocks-by-district/2909","action":"GET /api/exams/blocks-by-district/2909","ip":"::1"}
{"timestamp":"2026-03-26T09:57:22.528Z","type":"ACTION","user_id":"1","user_name":"admin@rajalakshmiFoundation.in","role_name":"ADMIN","method":"GET","path":"/api/exams/blocks-by-district/2903","action":"GET /api/exams/blocks-by-district/2903","ip":"::1"}
{"timestamp":"2026-03-26T09:57:22.538Z","type":"ACTION","user_id":"1","user_name":"admin@rajalakshmiFoundation.in","role_name":"ADMIN","method":"GET","path":"/api/exams/blocks-by-district/2911","action":"GET /api/exams/blocks-by-district/2911","ip":"::1"}
{"timestamp":"2026-03-26T09:57:22.549Z","type":"ACTION","user_id":"1","user_name":"admin@rajalakshmiFoundation.in","role_name":"ADMIN","method":"GET","path":"/api/exams/blocks-by-district/2902","action":"GET /api/exams/blocks-by-district/2902","ip":"::1"}
{"timestamp":"2026-03-26T09:57:22.559Z","type":"ACTION","user_id":"1","user_name":"admin@rajalakshmiFoundation.in","role_name":"ADMIN","method":"GET","path":"/api/exams/blocks-by-district/2901","action":"GET /api/exams/blocks-by-district/2901","ip":"::1"}
{"timestamp":"2026-03-26T09:57:22.567Z","type":"ACTION","user_id":"1","user_name":"admin@rajalakshmiFoundation.in","role_name":"ADMIN","method":"GET","path":"/api/exams/blocks-by-district/2930","action":"GET /api/exams/blocks-by-district/2930","ip":"::1"}
{"timestamp":"2026-03-26T09:57:22.579Z","type":"ACTION","user_id":"1","user_name":"admin@rajalakshmiFoundation.in","role_name":"ADMIN","method":"GET","path":"/api/exams/blocks-by-district/2920","action":"GET /api/exams/blocks-by-district/2920","ip":"::1"}
{"timestamp":"2026-03-26T09:57:22.592Z","type":"ACTION","user_id":"1","user_name":"admin@rajalakshmiFoundation.in","role_name":"ADMIN","method":"GET","path":"/api/exams/blocks-by-district/2911","action":"GET /api/exams/blocks-by-district/2911","ip":"::1"}
{"timestamp":"2026-03-26T09:57:22.611Z","type":"ACTION","user_id":"1","user_name":"admin@rajalakshmiFoundation.in","role_name":"ADMIN","method":"GET","path":"/api/exams/blocks-by-district/2901","action":"GET /api/exams/blocks-by-district/2901","ip":"::1"}
{"timestamp":"2026-03-26T09:57:22.621Z","type":"ACTION","user_id":"1","user_name":"admin@rajalakshmiFoundation.in","role_name":"ADMIN","method":"GET","path":"/api/exams/blocks-by-district/2930","action":"GET /api/exams/blocks-by-district/2930","ip":"::1"}
{"timestamp":"2026-03-26T09:57:22.630Z","type":"ACTION","user_id":"1","user_name":"admin@rajalakshmiFoundation.in","role_name":"ADMIN","method":"GET","path":"/api/exams/blocks-by-district/2920","action":"GET /api/exams/blocks-by-district/2920","ip":"::1"}
{"timestamp":"2026-03-26T09:57:22.641Z","type":"ACTION","user_id":"1","user_name":"admin@rajalakshmiFoundation.in","role_name":"ADMIN","method":"GET","path":"/api/exams/blocks-by-district/2911","action":"GET /api/exams/blocks-by-district/2911","ip":"::1"}
{"timestamp":"2026-03-26T09:57:22.653Z","type":"ACTION","user_id":"1","user_name":"admin@rajalakshmiFoundation.in","role_name":"ADMIN","method":"GET","path":"/api/exams/blocks-by-district/2901","action":"GET /api/exams/blocks-by-district/2901","ip":"::1"}
{"timestamp":"2026-03-26T09:57:22.662Z","type":"ACTION","user_id":"1","user_name":"admin@rajalakshmiFoundation.in","role_name":"ADMIN","method":"GET","path":"/api/exams/blocks-by-district/2930","action":"GET /api/exams/blocks-by-district/2930","ip":"::1"}
{"timestamp":"2026-03-26T09:57:22.672Z","type":"ACTION","user_id":"1","user_name":"admin@rajalakshmiFoundation.in","role_name":"ADMIN","method":"GET","path":"/api/exams/blocks-by-district/2920","action":"GET /api/exams/blocks-by-district/2920","ip":"::1"}
{"timestamp":"2026-03-26T09:57:22.686Z","type":"ACTION","user_id":"1","user_name":"admin@rajalakshmiFoundation.in","role_name":"ADMIN","method":"GET","path":"/api/exams/blocks-by-district/2901","action":"GET /api/exams/blocks-by-district/2901","ip":"::1"}
{"timestamp":"2026-03-26T09:57:22.697Z","type":"ACTION","user_id":"1","user_name":"admin@rajalakshmiFoundation.in","role_name":"ADMIN","method":"GET","path":"/api/exams/blocks-by-district/2930","action":"GET /api/exams/blocks-by-district/2930","ip":"::1"}
{"timestamp":"2026-03-26T09:57:22.706Z","type":"ACTION","user_id":"1","user_name":"admin@rajalakshmiFoundation.in","role_name":"ADMIN","method":"GET","path":"/api/exams/blocks-by-district/2920","action":"GET /api/exams/blocks-by-district/2920","ip":"::1"}
{"timestamp":"2026-03-26T09:57:22.725Z","type":"ACTION","user_id":"1","user_name":"admin@rajalakshmiFoundation.in","role_name":"ADMIN","method":"GET","path":"/api/exams/blocks-by-district/2901","action":"GET /api/exams/blocks-by-district/2901","ip":"::1"}
{"timestamp":"2026-03-26T09:57:22.736Z","type":"ACTION","user_id":"1","user_name":"admin@rajalakshmiFoundation.in","role_name":"ADMIN","method":"GET","path":"/api/exams/blocks-by-district/2930","action":"GET /api/exams/blocks-by-district/2930","ip":"::1"}
{"timestamp":"2026-03-26T09:57:22.753Z","type":"ACTION","user_id":"1","user_name":"admin@rajalakshmiFoundation.in","role_name":"ADMIN","method":"GET","path":"/api/exams/blocks-by-district/2930","action":"GET /api/exams/blocks-by-district/2930","ip":"::1"}
{"timestamp":"2026-03-26T10:00:42.955Z","type":"LOGIN","user_name":"admin@rajalakshmifoundation.in","status":"success_pre_auth","ip":"::1"}
{"timestamp":"2026-03-26T10:00:42.996Z","type":"ACTION","user_name":"admin@rajalakshmiFoundation.in","role":"ADMIN","action":"login_complete","status":"success","ip":"::1"}
{"timestamp":"2026-03-26T10:00:43.076Z","type":"ACTION","user_id":"1","user_name":"admin@rajalakshmiFoundation.in","role_name":"ADMIN","method":"GET","path":"/api/applicants/count","action":"GET /api/applicants/count","ip":"::1","details":{"query":{"year":"2025"}}}
{"timestamp":"2026-03-26T10:00:43.088Z","type":"ACTION","user_id":"1","user_name":"admin@rajalakshmiFoundation.in","role_name":"ADMIN","method":"GET","path":"/api/applicants/shortlisted/count","action":"GET /api/applicants/shortlisted/count","ip":"::1","details":{"query":{"year":"2025"}}}
{"timestamp":"2026-03-26T10:00:43.099Z","type":"ACTION","user_id":"1","user_name":"admin@rajalakshmiFoundation.in","role_name":"ADMIN","method":"GET","path":"/api/applicants/selected/count","action":"GET /api/applicants/selected/count","ip":"::1","details":{"query":{"year":"2025"}}}
{"timestamp":"2026-03-26T10:00:43.115Z","type":"ACTION","user_id":"1","user_name":"admin@rajalakshmiFoundation.in","role_name":"ADMIN","method":"GET","path":"/api/system-config/active","action":"GET /api/system-config/active","ip":"::1"}
{"timestamp":"2026-03-26T10:00:43.244Z","type":"ACTION","user_id":"1","user_name":"admin@rajalakshmiFoundation.in","role_name":"ADMIN","method":"GET","path":"/api/system-config/active","action":"GET /api/system-config/active","ip":"::1"}
{"timestamp":"2026-03-26T10:00:43.277Z","type":"ACTION","user_id":"1","user_name":"admin@rajalakshmiFoundation.in","role_name":"ADMIN","method":"GET","path":"/api/applicants/selected/count","action":"GET /api/applicants/selected/count","ip":"::1","details":{"query":{"year":"2025"}}}
{"timestamp":"2026-03-26T10:00:43.293Z","type":"ACTION","user_id":"1","user_name":"admin@rajalakshmiFoundation.in","role_name":"ADMIN","method":"GET","path":"/api/applicants/count","action":"GET /api/applicants/count","ip":"::1","details":{"query":{"year":"2025"}}}
{"timestamp":"2026-03-26T10:00:43.347Z","type":"ACTION","user_id":"1","user_name":"admin@rajalakshmiFoundation.in","role_name":"ADMIN","method":"GET","path":"/api/applicants/shortlisted/count","action":"GET /api/applicants/shortlisted/count","ip":"::1","details":{"query":{"year":"2025"}}}
