[2026-02-04T08:26:23.855Z] LOGIN:  by admin@rajalakshmiFoundation.in  ip=::1 status=success_pre_auth
[2026-02-04T08:26:23.883Z] ACTION: login_complete by admin@rajalakshmiFoundation.in  ip=::1 status=success
[2026-02-04T08:26:23.966Z] ACTION: GET /api/applicants/count by admin@rajalakshmiFoundation.in (1) ip=::1  details={"query":{"year":"2024"}}
[2026-02-04T08:26:23.978Z] ACTION: GET /api/applicants/shortlisted/count by admin@rajalakshmiFoundation.in (1) ip=::1  details={"query":{"year":"2024"}}
[2026-02-04T08:26:23.986Z] ACTION: GET /api/applicants/selected/count by admin@rajalakshmiFoundation.in (1) ip=::1  details={"query":{"year":"2024"}}
[2026-02-04T08:26:23.993Z] ACTION: GET /api/system-config/active by admin@rajalakshmiFoundation.in (1) ip=::1 
[2026-02-04T08:26:24.112Z] ACTION: GET /api/applicants/count by admin@rajalakshmiFoundation.in (1) ip=::1  details={"query":{"year":"2024"}}
[2026-02-04T08:26:24.122Z] ACTION: GET /api/applicants/selected/count by admin@rajalakshmiFoundation.in (1) ip=::1  details={"query":{"year":"2024"}}
[2026-02-04T08:26:24.131Z] ACTION: GET /api/system-config/active by admin@rajalakshmiFoundation.in (1) ip=::1 
[2026-02-04T08:26:24.160Z] ACTION: GET /api/applicants/shortlisted/count by admin@rajalakshmiFoundation.in (1) ip=::1  details={"query":{"year":"2024"}}
[2026-02-04T08:26:27.919Z] ACTION: GET /api/states by admin@rajalakshmiFoundation.in (1) ip=::1 
[2026-02-04T08:26:27.936Z] ACTION: GET /api/states by admin@rajalakshmiFoundation.in (1) ip=::1 
[2026-02-04T08:26:31.700Z] ACTION: GET /api/search by admin@rajalakshmiFoundation.in (1) ip=::1  details={"query":{"nmms_year":"2025","limit":"10","offset":"0"}}
[2026-02-04T08:26:31.895Z] ACTION: GET /api/search by admin@rajalakshmiFoundation.in (1) ip=::1  details={"query":{"nmms_year":"2025","limit":"10","offset":"0","sortBy":"applicant_id","sortOrder":"ASC"}}
[2026-02-04T08:26:31.998Z] ACTION: GET /api/search by admin@rajalakshmiFoundation.in (1) ip=::1  details={"query":{"nmms_year":"2025","limit":"10","offset":"0","sortBy":"applicant_id","sortOrder":"ASC"}}
[2026-02-04T08:28:04.610Z] ACTION: GET /api/states by admin@rajalakshmiFoundation.in (1) ip=::1 
[2026-02-04T08:28:04.619Z] ACTION: GET /api/applicants/reg/41251122361 by admin@rajalakshmiFoundation.in (1) ip=::1 
[2026-02-04T08:28:04.726Z] ACTION: GET /api/states by admin@rajalakshmiFoundation.in (1) ip=::1 
[2026-02-04T08:28:04.740Z] ACTION: GET /api/applicants/reg/41251122361 by admin@rajalakshmiFoundation.in (1) ip=::1 status=error details={"statusCode":500}
[2026-02-04T08:28:04.747Z] ACTION: GET /api/applicants/reg/41251122361 by admin@rajalakshmiFoundation.in (1) ip=::1 
[2026-02-04T08:28:04.755Z] ACTION: GET /api/applicants/reg/41251122361 by admin@rajalakshmiFoundation.in (1) ip=::1 status=error details={"statusCode":500}
[2026-02-04T08:35:23.176Z] ACTION: GET /api/states by admin@rajalakshmiFoundation.in (1) ip=::1 
[2026-02-04T08:35:23.197Z] ACTION: GET /api/applicants/reg/41251122361 by admin@rajalakshmiFoundation.in (1) ip=::1 
[2026-02-04T08:35:23.207Z] ACTION: GET /api/system-config/active by admin@rajalakshmiFoundation.in (1) ip=::1 
[2026-02-04T08:35:23.311Z] ACTION: GET /api/states by admin@rajalakshmiFoundation.in (1) ip=::1 
[2026-02-04T08:35:23.340Z] ACTION: GET /api/system-config/active by admin@rajalakshmiFoundation.in (1) ip=::1 
[2026-02-04T08:35:23.349Z] ACTION: GET /api/applicants/reg/41251122361 by admin@rajalakshmiFoundation.in (1) ip=::1 
[2026-02-04T08:35:23.485Z] ACTION: GET /api/divisions-by-state/1 by admin@rajalakshmiFoundation.in (1) ip=::1 
[2026-02-04T08:35:23.491Z] ACTION: GET /api/blocks-by-district/2911 by admin@rajalakshmiFoundation.in (1) ip=::1 
[2026-02-04T08:35:23.497Z] ACTION: GET /api/clusters-by-block/291114 by admin@rajalakshmiFoundation.in (1) ip=::1 
[2026-02-04T08:35:23.519Z] ACTION: GET /api/districts-by-division/2 by admin@rajalakshmiFoundation.in (1) ip=::1 
[2026-02-04T08:35:23.530Z] ACTION: GET /api/districts-by-division/3 by admin@rajalakshmiFoundation.in (1) ip=::1 
[2026-02-04T08:35:23.536Z] ACTION: GET /api/districts-by-division/4 by admin@rajalakshmiFoundation.in (1) ip=::1 
[2026-02-04T08:35:23.541Z] ACTION: GET /api/districts-by-division/5 by admin@rajalakshmiFoundation.in (1) ip=::1 
[2026-02-04T08:35:23.571Z] ACTION: GET /api/institutes-by-cluster/2911140004 by admin@rajalakshmiFoundation.in (1) ip=::1 
[2026-02-04T08:35:23.576Z] ACTION: GET /api/institutes-by-cluster/2911140014 by admin@rajalakshmiFoundation.in (1) ip=::1 
[2026-02-04T08:35:23.580Z] ACTION: GET /api/institutes-by-cluster/2911140006 by admin@rajalakshmiFoundation.in (1) ip=::1 
[2026-02-04T08:35:23.585Z] ACTION: GET /api/institutes-by-cluster/2911140013 by admin@rajalakshmiFoundation.in (1) ip=::1 
[2026-02-04T08:35:23.590Z] ACTION: GET /api/institutes-by-cluster/2911140005 by admin@rajalakshmiFoundation.in (1) ip=::1 
[2026-02-04T08:35:23.645Z] ACTION: GET /api/institutes-by-cluster/2911140010 by admin@rajalakshmiFoundation.in (1) ip=::1 
[2026-02-04T08:35:23.702Z] ACTION: GET /api/institutes-by-cluster/2911140017 by admin@rajalakshmiFoundation.in (1) ip=::1 
[2026-02-04T08:35:23.707Z] ACTION: GET /api/institutes-by-cluster/2911140008 by admin@rajalakshmiFoundation.in (1) ip=::1 
[2026-02-04T08:35:23.712Z] ACTION: GET /api/institutes-by-cluster/2911140016 by admin@rajalakshmiFoundation.in (1) ip=::1 
[2026-02-04T08:35:23.718Z] ACTION: GET /api/institutes-by-cluster/2911140002 by admin@rajalakshmiFoundation.in (1) ip=::1 
[2026-02-04T08:35:23.736Z] ACTION: GET /api/institutes-by-cluster/2911140012 by admin@rajalakshmiFoundation.in (1) ip=::1 
[2026-02-04T08:35:23.745Z] ACTION: GET /api/institutes-by-cluster/2911140001 by admin@rajalakshmiFoundation.in (1) ip=::1 
[2026-02-04T08:35:23.750Z] ACTION: GET /api/institutes-by-cluster/2911140003 by admin@rajalakshmiFoundation.in (1) ip=::1 
[2026-02-04T08:35:23.754Z] ACTION: GET /api/institutes-by-cluster/2911140015 by admin@rajalakshmiFoundation.in (1) ip=::1 
[2026-02-04T08:35:23.762Z] ACTION: GET /api/institutes-by-cluster/2911140009 by admin@rajalakshmiFoundation.in (1) ip=::1 
[2026-02-04T08:35:23.767Z] ACTION: GET /api/institutes-by-cluster/2911140019 by admin@rajalakshmiFoundation.in (1) ip=::1 
[2026-02-04T08:35:23.774Z] ACTION: GET /api/institutes-by-cluster/2911140020 by admin@rajalakshmiFoundation.in (1) ip=::1 
[2026-02-04T08:35:23.781Z] ACTION: GET /api/institutes-by-cluster/2911140007 by admin@rajalakshmiFoundation.in (1) ip=::1 
[2026-02-04T08:35:23.790Z] ACTION: GET /api/institutes-by-cluster/2911140018 by admin@rajalakshmiFoundation.in (1) ip=::1 
[2026-02-04T08:35:23.795Z] ACTION: GET /api/institutes-by-cluster/2911140011 by admin@rajalakshmiFoundation.in (1) ip=::1 
[2026-02-04T08:35:32.531Z] ACTION: GET /api/evaluation-dashboard/overall/2024 by anonymous (anonymous) ip=::1 
[2026-02-04T08:35:32.537Z] ACTION: GET /api/evaluation-dashboard/jurisdictions/2024 by anonymous (anonymous) ip=::1 
[2026-02-04T08:35:32.543Z] ACTION: GET /api/evaluation-dashboard/overall-progress/2024 by anonymous (anonymous) ip=::1 
[2026-02-04T08:35:32.636Z] ACTION: GET /api/evaluation-dashboard/jurisdictions/2024 by anonymous (anonymous) ip=::1 
[2026-02-04T08:35:32.680Z] ACTION: GET /api/evaluation-dashboard/overall-progress/2024 by anonymous (anonymous) ip=::1 
[2026-02-04T08:35:32.991Z] ACTION: GET /api/evaluation-dashboard/overall/2024 by anonymous (anonymous) ip=::1 
[2026-02-04T08:35:35.699Z] ACTION: GET /api/tracking/students by admin@rajalakshmiFoundation.in (1) ip=::1  details={"query":{"page":"1","nmms_year":"2024"}}
[2026-02-04T08:35:35.707Z] ACTION: GET /api/tracking/interviewers by admin@rajalakshmiFoundation.in (1) ip=::1 
[2026-02-04T08:35:35.719Z] ACTION: GET /api/tracking/interviewers by admin@rajalakshmiFoundation.in (1) ip=::1 
[2026-02-04T08:35:35.734Z] ACTION: GET /api/tracking/students by admin@rajalakshmiFoundation.in (1) ip=::1  details={"query":{"page":"1","nmms_year":"2024"}}
[2026-02-04T08:35:46.447Z] ACTION: GET /api/system-config/all by admin@rajalakshmiFoundation.in (1) ip=::1 
[2026-02-04T08:35:46.550Z] ACTION: GET /api/system-config/all by admin@rajalakshmiFoundation.in (1) ip=::1 
[2026-02-04T08:35:58.787Z] ACTION: PUT /api/system-config/1 by admin@rajalakshmiFoundation.in (1) ip=::1  details={"body":{"academic_year":"2025-26","phase":"Admissions are started","is_active":true}}
[2026-02-04T08:35:58.955Z] ACTION: GET /api/system-config/all by admin@rajalakshmiFoundation.in (1) ip=::1 
[2026-02-04T08:35:58.973Z] ACTION: GET /api/system-config/active by admin@rajalakshmiFoundation.in (1) ip=::1 
[2026-02-04T08:36:06.362Z] ACTION: PUT /api/system-config/2 by admin@rajalakshmiFoundation.in (1) ip=::1  details={"body":{"academic_year":"2024-25","phase":"Admissions are started","is_active":false}}
[2026-02-04T08:36:06.408Z] ACTION: GET /api/system-config/all by admin@rajalakshmiFoundation.in (1) ip=::1 
[2026-02-04T08:36:06.427Z] ACTION: GET /api/system-config/active by admin@rajalakshmiFoundation.in (1) ip=::1 
[2026-02-04T08:36:11.760Z] ACTION: GET /api/evaluation-dashboard/overall-progress/2025 by anonymous (anonymous) ip=::1 
[2026-02-04T08:36:11.792Z] ACTION: GET /api/evaluation-dashboard/overall/2025 by anonymous (anonymous) ip=::1 
[2026-02-04T08:36:11.797Z] ACTION: GET /api/evaluation-dashboard/jurisdictions/2025 by anonymous (anonymous) ip=::1 
[2026-02-04T08:36:11.935Z] ACTION: GET /api/evaluation-dashboard/overall-progress/2025 by anonymous (anonymous) ip=::1 
[2026-02-04T08:36:13.978Z] ACTION: GET /api/evaluation-dashboard/jurisdictions/2025 by anonymous (anonymous) ip=::1 
[2026-02-04T08:36:13.981Z] ACTION: GET /api/evaluation-dashboard/overall/2025 by anonymous (anonymous) ip=::1 
[2026-02-04T08:36:19.021Z] ACTION: GET /api/tracking/interviewers by admin@rajalakshmiFoundation.in (1) ip=::1 
[2026-02-04T08:36:19.027Z] ACTION: GET /api/tracking/students by admin@rajalakshmiFoundation.in (1) ip=::1  details={"query":{"page":"1","nmms_year":"2025"}}
[2026-02-04T08:36:19.036Z] ACTION: GET /api/tracking/interviewers by admin@rajalakshmiFoundation.in (1) ip=::1 
[2026-02-04T08:36:19.055Z] ACTION: GET /api/tracking/students by admin@rajalakshmiFoundation.in (1) ip=::1  details={"query":{"page":"1","nmms_year":"2025"}}
[2026-02-04T08:36:20.339Z] ACTION: GET /api/tracking/students/68322/interviews/all by admin@rajalakshmiFoundation.in (1) ip=::1  details={"query":{"nmms_year":"2025"}}
[2026-02-04T08:36:20.345Z] ACTION: GET /api/tracking/students/68322/home/all by admin@rajalakshmiFoundation.in (1) ip=::1  details={"query":{"nmms_year":"2025"}}
[2026-02-04T08:36:20.349Z] ACTION: GET /api/tracking/students/68322/home/all by admin@rajalakshmiFoundation.in (1) ip=::1 status=error details={"query":{"nmms_year":"2025"},"statusCode":500}
[2026-02-04T08:36:21.464Z] ACTION: GET /api/tracking/students/68322/interviews/all by admin@rajalakshmiFoundation.in (1) ip=::1  details={"query":{"nmms_year":"2025"}}
[2026-02-04T08:36:21.470Z] ACTION: GET /api/tracking/students/68322/home/all by admin@rajalakshmiFoundation.in (1) ip=::1  details={"query":{"nmms_year":"2025"}}
[2026-02-04T08:36:21.473Z] ACTION: GET /api/tracking/students/68322/home/all by admin@rajalakshmiFoundation.in (1) ip=::1 status=error details={"query":{"nmms_year":"2025"},"statusCode":500}
[2026-02-04T08:36:32.646Z] ACTION: GET /api/tracking/students/68322/home/all by anonymous (anonymous) ip=::1  details={"query":{"nmms_year":"2025"}}
[2026-02-04T08:36:32.649Z] ACTION: GET /api/tracking/students/68322/home/all by anonymous (anonymous) ip=::1 status=error details={"query":{"nmms_year":"2025"},"statusCode":500}
[2026-02-04T08:36:32.815Z] ACTION: GET /favicon.ico by anonymous (anonymous) ip=::1 
[2026-02-04T08:36:32.817Z] ACTION: GET /favicon.ico by anonymous (anonymous) ip=::1 status=error details={"statusCode":404}
[2026-02-04T08:43:51.740Z] ACTION: GET /api/tracking/students/43093/interviews/all by admin@rajalakshmiFoundation.in (1) ip=::1  details={"query":{"nmms_year":"2025"}}
[2026-02-04T08:43:51.756Z] ACTION: GET /api/tracking/students/43093/home/all by admin@rajalakshmiFoundation.in (1) ip=::1  details={"query":{"nmms_year":"2025"}}
[2026-02-04T08:44:00.925Z] ACTION: GET /api/tracking/students/43093/interviews/all by admin@rajalakshmiFoundation.in (1) ip=::1  details={"query":{"nmms_year":"2025"}}
[2026-02-04T08:44:00.932Z] ACTION: GET /api/tracking/students/43093/home/all by admin@rajalakshmiFoundation.in (1) ip=::1  details={"query":{"nmms_year":"2025"}}
[2026-02-04T08:44:05.249Z] ACTION: GET /api/states by admin@rajalakshmiFoundation.in (1) ip=::1 
[2026-02-04T08:44:05.270Z] ACTION: GET /api/states by admin@rajalakshmiFoundation.in (1) ip=::1 
[2026-02-04T08:44:08.554Z] ACTION: GET /api/search by admin@rajalakshmiFoundation.in (1) ip=::1  details={"query":{"nmms_year":"2025","limit":"10","offset":"0"}}
[2026-02-04T08:44:08.744Z] ACTION: GET /api/search by admin@rajalakshmiFoundation.in (1) ip=::1  details={"query":{"nmms_year":"2025","limit":"10","offset":"0","sortBy":"applicant_id","sortOrder":"ASC"}}
[2026-02-04T08:44:08.852Z] ACTION: GET /api/search by admin@rajalakshmiFoundation.in (1) ip=::1  details={"query":{"nmms_year":"2025","limit":"10","offset":"0","sortBy":"applicant_id","sortOrder":"ASC"}}
[2026-02-04T08:44:10.146Z] ACTION: GET /api/states by admin@rajalakshmiFoundation.in (1) ip=::1 
[2026-02-04T08:44:10.153Z] ACTION: GET /api/applicants/reg/41251122361 by admin@rajalakshmiFoundation.in (1) ip=::1 
[2026-02-04T08:44:10.164Z] ACTION: GET /api/states by admin@rajalakshmiFoundation.in (1) ip=::1 
[2026-02-04T08:44:10.174Z] ACTION: GET /api/applicants/reg/41251122361 by admin@rajalakshmiFoundation.in (1) ip=::1 
[2026-02-04T08:44:10.196Z] ACTION: GET /api/divisions-by-state/1 by admin@rajalakshmiFoundation.in (1) ip=::1 
[2026-02-04T08:44:10.201Z] ACTION: GET /api/blocks-by-district/2911 by admin@rajalakshmiFoundation.in (1) ip=::1 
[2026-02-04T08:44:10.207Z] ACTION: GET /api/clusters-by-block/291114 by admin@rajalakshmiFoundation.in (1) ip=::1 
[2026-02-04T08:44:10.235Z] ACTION: GET /api/districts-by-division/2 by admin@rajalakshmiFoundation.in (1) ip=::1 
[2026-02-04T08:44:10.243Z] ACTION: GET /api/districts-by-division/3 by admin@rajalakshmiFoundation.in (1) ip=::1 
[2026-02-04T08:44:10.248Z] ACTION: GET /api/districts-by-division/4 by admin@rajalakshmiFoundation.in (1) ip=::1 
[2026-02-04T08:44:10.253Z] ACTION: GET /api/districts-by-division/5 by admin@rajalakshmiFoundation.in (1) ip=::1 
[2026-02-04T08:44:10.322Z] ACTION: GET /api/institutes-by-cluster/2911140004 by admin@rajalakshmiFoundation.in (1) ip=::1 
[2026-02-04T08:44:10.328Z] ACTION: GET /api/institutes-by-cluster/2911140014 by admin@rajalakshmiFoundation.in (1) ip=::1 
[2026-02-04T08:44:10.332Z] ACTION: GET /api/institutes-by-cluster/2911140006 by admin@rajalakshmiFoundation.in (1) ip=::1 
[2026-02-04T08:44:10.371Z] ACTION: GET /api/institutes-by-cluster/2911140013 by admin@rajalakshmiFoundation.in (1) ip=::1 
[2026-02-04T08:44:10.376Z] ACTION: GET /api/institutes-by-cluster/2911140005 by admin@rajalakshmiFoundation.in (1) ip=::1 
[2026-02-04T08:44:10.381Z] ACTION: GET /api/institutes-by-cluster/2911140010 by admin@rajalakshmiFoundation.in (1) ip=::1 
[2026-02-04T08:44:10.412Z] ACTION: GET /api/institutes-by-cluster/2911140017 by admin@rajalakshmiFoundation.in (1) ip=::1 
[2026-02-04T08:44:10.417Z] ACTION: GET /api/institutes-by-cluster/2911140008 by admin@rajalakshmiFoundation.in (1) ip=::1 
[2026-02-04T08:44:10.421Z] ACTION: GET /api/institutes-by-cluster/2911140016 by admin@rajalakshmiFoundation.in (1) ip=::1 
[2026-02-04T08:44:10.429Z] ACTION: GET /api/institutes-by-cluster/2911140002 by admin@rajalakshmiFoundation.in (1) ip=::1 
[2026-02-04T08:44:10.437Z] ACTION: GET /api/institutes-by-cluster/2911140012 by admin@rajalakshmiFoundation.in (1) ip=::1 
[2026-02-04T08:44:10.456Z] ACTION: GET /api/institutes-by-cluster/2911140001 by admin@rajalakshmiFoundation.in (1) ip=::1 
[2026-02-04T08:44:10.463Z] ACTION: GET /api/institutes-by-cluster/2911140003 by admin@rajalakshmiFoundation.in (1) ip=::1 
[2026-02-04T08:44:10.469Z] ACTION: GET /api/institutes-by-cluster/2911140015 by admin@rajalakshmiFoundation.in (1) ip=::1 
[2026-02-04T08:44:10.477Z] ACTION: GET /api/institutes-by-cluster/2911140009 by admin@rajalakshmiFoundation.in (1) ip=::1 
[2026-02-04T08:44:10.481Z] ACTION: GET /api/institutes-by-cluster/2911140019 by admin@rajalakshmiFoundation.in (1) ip=::1 
[2026-02-04T08:44:10.491Z] ACTION: GET /api/institutes-by-cluster/2911140020 by admin@rajalakshmiFoundation.in (1) ip=::1 
[2026-02-04T08:44:10.500Z] ACTION: GET /api/institutes-by-cluster/2911140007 by admin@rajalakshmiFoundation.in (1) ip=::1 
[2026-02-04T08:44:10.516Z] ACTION: GET /api/institutes-by-cluster/2911140018 by admin@rajalakshmiFoundation.in (1) ip=::1 
[2026-02-04T08:44:10.521Z] ACTION: GET /api/institutes-by-cluster/2911140011 by admin@rajalakshmiFoundation.in (1) ip=::1 
[2026-02-04T08:57:51.115Z] LOGIN:  by admin@rajalakshmiFoundation.in  ip=::1 status=success_pre_auth
[2026-02-04T08:57:51.137Z] ACTION: login_complete by admin@rajalakshmiFoundation.in  ip=::1 status=success
[2026-02-04T08:57:51.213Z] ACTION: GET /api/applicants/selected/count by admin@rajalakshmiFoundation.in (1) ip=::1  details={"query":{"year":"2025"}}
[2026-02-04T08:57:51.219Z] ACTION: GET /api/applicants/count by admin@rajalakshmiFoundation.in (1) ip=::1  details={"query":{"year":"2025"}}
[2026-02-04T08:57:51.229Z] ACTION: GET /api/applicants/shortlisted/count by admin@rajalakshmiFoundation.in (1) ip=::1  details={"query":{"year":"2025"}}
[2026-02-04T08:57:51.238Z] ACTION: GET /api/system-config/active by admin@rajalakshmiFoundation.in (1) ip=::1 
[2026-02-04T08:57:51.263Z] ACTION: GET /api/applicants/selected/count by admin@rajalakshmiFoundation.in (1) ip=::1  details={"query":{"year":"2025"}}
[2026-02-04T08:57:51.336Z] ACTION: GET /api/system-config/active by admin@rajalakshmiFoundation.in (1) ip=::1 
[2026-02-04T08:57:51.412Z] ACTION: GET /api/applicants/shortlisted/count by admin@rajalakshmiFoundation.in (1) ip=::1  details={"query":{"year":"2025"}}
[2026-02-04T08:57:51.443Z] ACTION: GET /api/applicants/count by admin@rajalakshmiFoundation.in (1) ip=::1  details={"query":{"year":"2025"}}
[2026-02-04T08:57:54.457Z] ACTION: GET /api/states by admin@rajalakshmiFoundation.in (1) ip=::1 
[2026-02-04T08:57:54.475Z] ACTION: GET /api/states by admin@rajalakshmiFoundation.in (1) ip=::1 
[2026-02-04T08:57:57.117Z] ACTION: GET /api/search by admin@rajalakshmiFoundation.in (1) ip=::1  details={"query":{"nmms_year":"2025","limit":"10","offset":"0"}}
[2026-02-04T08:57:57.286Z] ACTION: GET /api/search by admin@rajalakshmiFoundation.in (1) ip=::1  details={"query":{"nmms_year":"2025","limit":"10","offset":"0","sortBy":"applicant_id","sortOrder":"ASC"}}
[2026-02-04T08:57:57.390Z] ACTION: GET /api/search by admin@rajalakshmiFoundation.in (1) ip=::1  details={"query":{"nmms_year":"2025","limit":"10","offset":"0","sortBy":"applicant_id","sortOrder":"ASC"}}
[2026-02-04T08:57:58.453Z] ACTION: GET /api/states by admin@rajalakshmiFoundation.in (1) ip=::1 
[2026-02-04T08:57:58.458Z] ACTION: GET /api/applicants/reg/41251122361 by admin@rajalakshmiFoundation.in (1) ip=::1 
[2026-02-04T08:57:58.468Z] ACTION: GET /api/states by admin@rajalakshmiFoundation.in (1) ip=::1 
[2026-02-04T08:57:58.484Z] ACTION: GET /api/applicants/reg/41251122361 by admin@rajalakshmiFoundation.in (1) ip=::1 
[2026-02-04T08:57:58.501Z] ACTION: GET /api/divisions-by-state/1 by admin@rajalakshmiFoundation.in (1) ip=::1 
[2026-02-04T08:57:58.507Z] ACTION: GET /api/blocks-by-district/2911 by admin@rajalakshmiFoundation.in (1) ip=::1 
[2026-02-04T08:57:58.511Z] ACTION: GET /api/clusters-by-block/291114 by admin@rajalakshmiFoundation.in (1) ip=::1 
[2026-02-04T08:57:58.585Z] ACTION: GET /api/districts-by-division/2 by admin@rajalakshmiFoundation.in (1) ip=::1 
[2026-02-04T08:57:58.593Z] ACTION: GET /api/districts-by-division/3 by admin@rajalakshmiFoundation.in (1) ip=::1 
[2026-02-04T08:57:58.599Z] ACTION: GET /api/districts-by-division/4 by admin@rajalakshmiFoundation.in (1) ip=::1 
[2026-02-04T08:57:58.605Z] ACTION: GET /api/districts-by-division/5 by admin@rajalakshmiFoundation.in (1) ip=::1 
[2026-02-04T08:57:58.618Z] ACTION: GET /api/institutes-by-cluster/2911140004 by admin@rajalakshmiFoundation.in (1) ip=::1 
[2026-02-04T08:57:58.638Z] ACTION: GET /api/institutes-by-cluster/2911140014 by admin@rajalakshmiFoundation.in (1) ip=::1 
[2026-02-04T08:57:58.643Z] ACTION: GET /api/institutes-by-cluster/2911140006 by admin@rajalakshmiFoundation.in (1) ip=::1 
[2026-02-04T08:57:58.658Z] ACTION: GET /api/institutes-by-cluster/2911140013 by admin@rajalakshmiFoundation.in (1) ip=::1 
[2026-02-04T08:57:58.664Z] ACTION: GET /api/institutes-by-cluster/2911140005 by admin@rajalakshmiFoundation.in (1) ip=::1 
[2026-02-04T08:57:58.671Z] ACTION: GET /api/institutes-by-cluster/2911140010 by admin@rajalakshmiFoundation.in (1) ip=::1 
[2026-02-04T08:57:58.729Z] ACTION: GET /api/institutes-by-cluster/2911140017 by admin@rajalakshmiFoundation.in (1) ip=::1 
[2026-02-04T08:57:58.734Z] ACTION: GET /api/institutes-by-cluster/2911140008 by admin@rajalakshmiFoundation.in (1) ip=::1 
[2026-02-04T08:57:58.738Z] ACTION: GET /api/institutes-by-cluster/2911140016 by admin@rajalakshmiFoundation.in (1) ip=::1 
[2026-02-04T08:57:58.744Z] ACTION: GET /api/institutes-by-cluster/2911140002 by admin@rajalakshmiFoundation.in (1) ip=::1 
[2026-02-04T08:57:58.772Z] ACTION: GET /api/institutes-by-cluster/2911140012 by admin@rajalakshmiFoundation.in (1) ip=::1 
[2026-02-04T08:57:58.778Z] ACTION: GET /api/institutes-by-cluster/2911140001 by admin@rajalakshmiFoundation.in (1) ip=::1 
[2026-02-04T08:57:58.785Z] ACTION: GET /api/institutes-by-cluster/2911140003 by admin@rajalakshmiFoundation.in (1) ip=::1 
[2026-02-04T08:57:58.790Z] ACTION: GET /api/institutes-by-cluster/2911140015 by admin@rajalakshmiFoundation.in (1) ip=::1 
[2026-02-04T08:57:58.806Z] ACTION: GET /api/institutes-by-cluster/2911140009 by admin@rajalakshmiFoundation.in (1) ip=::1 
[2026-02-04T08:57:58.821Z] ACTION: GET /api/institutes-by-cluster/2911140019 by admin@rajalakshmiFoundation.in (1) ip=::1 
[2026-02-04T08:57:58.826Z] ACTION: GET /api/institutes-by-cluster/2911140020 by admin@rajalakshmiFoundation.in (1) ip=::1 
[2026-02-04T08:57:58.830Z] ACTION: GET /api/institutes-by-cluster/2911140007 by admin@rajalakshmiFoundation.in (1) ip=::1 
[2026-02-04T08:57:58.835Z] ACTION: GET /api/institutes-by-cluster/2911140018 by admin@rajalakshmiFoundation.in (1) ip=::1 
[2026-02-04T08:57:58.839Z] ACTION: GET /api/institutes-by-cluster/2911140011 by admin@rajalakshmiFoundation.in (1) ip=::1 
