[2026-02-07T09:56:32.766Z] LOGIN:  by admin@rajalakshmifoundation.in  ip=::1 status=success_pre_auth
[2026-02-07T09:56:32.778Z] ACTION: login_complete by admin@rajalakshmiFoundation.in  ip=::1 status=success
[2026-02-07T09:56:32.820Z] ACTION: GET /api/applicants/shortlisted/count by admin@rajalakshmiFoundation.in (1) ip=::1  details={"query":{"year":"2025"}}
[2026-02-07T09:56:32.824Z] ACTION: GET /api/applicants/selected/count by admin@rajalakshmiFoundation.in (1) ip=::1  details={"query":{"year":"2025"}}
[2026-02-07T09:56:32.828Z] ACTION: GET /api/applicants/count by admin@rajalakshmiFoundation.in (1) ip=::1  details={"query":{"year":"2025"}}
[2026-02-07T09:56:32.833Z] ACTION: GET /api/system-config/active by admin@rajalakshmiFoundation.in (1) ip=::1 
[2026-02-07T09:56:32.908Z] ACTION: GET /api/system-config/active by admin@rajalakshmiFoundation.in (1) ip=::1 
[2026-02-07T09:56:32.945Z] ACTION: GET /api/applicants/selected/count by admin@rajalakshmiFoundation.in (1) ip=::1  details={"query":{"year":"2025"}}
[2026-02-07T09:56:33.028Z] ACTION: GET /api/applicants/count by admin@rajalakshmiFoundation.in (1) ip=::1  details={"query":{"year":"2025"}}
[2026-02-07T09:56:33.032Z] ACTION: GET /api/applicants/shortlisted/count by admin@rajalakshmiFoundation.in (1) ip=::1  details={"query":{"year":"2025"}}
[2026-02-07T09:56:36.989Z] ACTION: GET /api/exams/assigned by admin@rajalakshmiFoundation.in (1) ip=::1 
[2026-02-07T09:56:36.994Z] ACTION: GET /api/exams/exam-centres by admin@rajalakshmiFoundation.in (1) ip=::1 
[2026-02-07T09:56:36.998Z] ACTION: GET /api/exams/divisions-by-state/1 by admin@rajalakshmiFoundation.in (1) ip=::1 
[2026-02-07T09:56:37.002Z] ACTION: GET /api/exams/used-blocks by admin@rajalakshmiFoundation.in (1) ip=::1 
[2026-02-07T09:56:37.006Z] ACTION: GET /api/exams/notassigned by admin@rajalakshmiFoundation.in (1) ip=::1 
[2026-02-07T09:56:37.013Z] ACTION: GET /api/exams/exam-centres by admin@rajalakshmiFoundation.in (1) ip=::1 
[2026-02-07T09:56:37.016Z] ACTION: GET /api/exams/divisions-by-state/1 by admin@rajalakshmiFoundation.in (1) ip=::1 
[2026-02-07T09:56:37.055Z] ACTION: GET /api/exams/used-blocks by admin@rajalakshmiFoundation.in (1) ip=::1 
[2026-02-07T09:56:37.063Z] ACTION: GET /api/exams/notassigned by admin@rajalakshmiFoundation.in (1) ip=::1 
[2026-02-07T09:56:37.082Z] ACTION: GET /api/exams/assigned by admin@rajalakshmiFoundation.in (1) ip=::1 
[2026-02-07T09:56:37.101Z] ACTION: GET /api/exams/blocks-by-district/2920 by admin@rajalakshmiFoundation.in (1) ip=::1 
[2026-02-07T09:56:37.107Z] ACTION: GET /api/exams/blocks-by-district/2914 by admin@rajalakshmiFoundation.in (1) ip=::1 
[2026-02-07T09:56:37.118Z] ACTION: GET /api/exams/blocks-by-district/2910 by admin@rajalakshmiFoundation.in (1) ip=::1 
[2026-02-07T09:56:37.121Z] ACTION: GET /api/exams/blocks-by-district/2934 by admin@rajalakshmiFoundation.in (1) ip=::1 
[2026-02-07T09:56:37.124Z] ACTION: GET /api/exams/blocks-by-district/2920 by admin@rajalakshmiFoundation.in (1) ip=::1 
[2026-02-07T09:56:37.129Z] ACTION: GET /api/exams/blocks-by-district/2908 by admin@rajalakshmiFoundation.in (1) ip=::1 
[2026-02-07T09:56:37.132Z] ACTION: GET /api/exams/blocks-by-district/2909 by admin@rajalakshmiFoundation.in (1) ip=::1 
[2026-02-07T09:56:37.135Z] ACTION: GET /api/exams/blocks-by-district/2911 by admin@rajalakshmiFoundation.in (1) ip=::1 
[2026-02-07T09:56:37.138Z] ACTION: GET /api/exams/blocks-by-district/2903 by admin@rajalakshmiFoundation.in (1) ip=::1 
[2026-02-07T09:56:37.140Z] ACTION: GET /api/exams/blocks-by-district/2902 by admin@rajalakshmiFoundation.in (1) ip=::1 
[2026-02-07T09:56:37.149Z] ACTION: GET /api/exams/blocks-by-district/2901 by admin@rajalakshmiFoundation.in (1) ip=::1 
[2026-02-07T09:56:37.154Z] ACTION: GET /api/exams/blocks-by-district/2930 by admin@rajalakshmiFoundation.in (1) ip=::1 
[2026-02-07T09:56:37.163Z] ACTION: GET /api/exams/blocks-by-district/2910 by admin@rajalakshmiFoundation.in (1) ip=::1 
[2026-02-07T09:56:37.167Z] ACTION: GET /api/exams/blocks-by-district/2934 by admin@rajalakshmiFoundation.in (1) ip=::1 
[2026-02-07T09:56:37.173Z] ACTION: GET /api/exams/blocks-by-district/2920 by admin@rajalakshmiFoundation.in (1) ip=::1 
[2026-02-07T09:56:37.177Z] ACTION: GET /api/exams/blocks-by-district/2909 by admin@rajalakshmiFoundation.in (1) ip=::1 
[2026-02-07T09:56:37.180Z] ACTION: GET /api/exams/blocks-by-district/2911 by admin@rajalakshmiFoundation.in (1) ip=::1 
[2026-02-07T09:56:37.182Z] ACTION: GET /api/exams/blocks-by-district/2903 by admin@rajalakshmiFoundation.in (1) ip=::1 
[2026-02-07T09:56:37.184Z] ACTION: GET /api/exams/blocks-by-district/2914 by admin@rajalakshmiFoundation.in (1) ip=::1 
[2026-02-07T09:56:37.186Z] ACTION: GET /api/exams/blocks-by-district/2908 by admin@rajalakshmiFoundation.in (1) ip=::1 
[2026-02-07T09:56:37.189Z] ACTION: GET /api/exams/blocks-by-district/2901 by admin@rajalakshmiFoundation.in (1) ip=::1 
[2026-02-07T09:56:37.191Z] ACTION: GET /api/exams/blocks-by-district/2930 by admin@rajalakshmiFoundation.in (1) ip=::1 
[2026-02-07T09:56:37.193Z] ACTION: GET /api/exams/blocks-by-district/2910 by admin@rajalakshmiFoundation.in (1) ip=::1 
[2026-02-07T09:56:37.195Z] ACTION: GET /api/exams/blocks-by-district/2934 by admin@rajalakshmiFoundation.in (1) ip=::1 
[2026-02-07T09:56:37.196Z] ACTION: GET /api/exams/blocks-by-district/2920 by admin@rajalakshmiFoundation.in (1) ip=::1 
[2026-02-07T09:56:37.199Z] ACTION: GET /api/exams/blocks-by-district/2909 by admin@rajalakshmiFoundation.in (1) ip=::1 
[2026-02-07T09:56:37.202Z] ACTION: GET /api/exams/blocks-by-district/2911 by admin@rajalakshmiFoundation.in (1) ip=::1 
[2026-02-07T09:56:37.204Z] ACTION: GET /api/exams/blocks-by-district/2903 by admin@rajalakshmiFoundation.in (1) ip=::1 
[2026-02-07T09:56:37.206Z] ACTION: GET /api/exams/blocks-by-district/2901 by admin@rajalakshmiFoundation.in (1) ip=::1 
[2026-02-07T09:56:37.208Z] ACTION: GET /api/exams/blocks-by-district/2930 by admin@rajalakshmiFoundation.in (1) ip=::1 
[2026-02-07T09:56:37.212Z] ACTION: GET /api/exams/blocks-by-district/2910 by admin@rajalakshmiFoundation.in (1) ip=::1 
[2026-02-07T09:56:37.214Z] ACTION: GET /api/exams/blocks-by-district/2934 by admin@rajalakshmiFoundation.in (1) ip=::1 
[2026-02-07T09:56:37.216Z] ACTION: GET /api/exams/blocks-by-district/2920 by admin@rajalakshmiFoundation.in (1) ip=::1 
[2026-02-07T09:56:37.218Z] ACTION: GET /api/exams/blocks-by-district/2909 by admin@rajalakshmiFoundation.in (1) ip=::1 
[2026-02-07T09:56:37.219Z] ACTION: GET /api/exams/blocks-by-district/2911 by admin@rajalakshmiFoundation.in (1) ip=::1 
[2026-02-07T09:56:37.223Z] ACTION: GET /api/exams/blocks-by-district/2903 by admin@rajalakshmiFoundation.in (1) ip=::1 
[2026-02-07T09:56:37.226Z] ACTION: GET /api/exams/blocks-by-district/2901 by admin@rajalakshmiFoundation.in (1) ip=::1 
[2026-02-07T09:56:37.228Z] ACTION: GET /api/exams/blocks-by-district/2930 by admin@rajalakshmiFoundation.in (1) ip=::1 
[2026-02-07T09:56:37.230Z] ACTION: GET /api/exams/blocks-by-district/2920 by admin@rajalakshmiFoundation.in (1) ip=::1 
[2026-02-07T09:56:37.231Z] ACTION: GET /api/exams/blocks-by-district/2911 by admin@rajalakshmiFoundation.in (1) ip=::1 
[2026-02-07T09:56:37.236Z] ACTION: GET /api/exams/blocks-by-district/2901 by admin@rajalakshmiFoundation.in (1) ip=::1 
[2026-02-07T09:56:37.238Z] ACTION: GET /api/exams/blocks-by-district/2930 by admin@rajalakshmiFoundation.in (1) ip=::1 
[2026-02-07T09:56:37.240Z] ACTION: GET /api/exams/blocks-by-district/2920 by admin@rajalakshmiFoundation.in (1) ip=::1 
[2026-02-07T09:56:37.242Z] ACTION: GET /api/exams/blocks-by-district/2911 by admin@rajalakshmiFoundation.in (1) ip=::1 
[2026-02-07T09:56:37.245Z] ACTION: GET /api/exams/blocks-by-district/2902 by admin@rajalakshmiFoundation.in (1) ip=::1 
[2026-02-07T09:56:37.249Z] ACTION: GET /api/exams/blocks-by-district/2901 by admin@rajalakshmiFoundation.in (1) ip=::1 
[2026-02-07T09:56:37.251Z] ACTION: GET /api/exams/blocks-by-district/2930 by admin@rajalakshmiFoundation.in (1) ip=::1 
[2026-02-07T09:56:37.253Z] ACTION: GET /api/exams/blocks-by-district/2920 by admin@rajalakshmiFoundation.in (1) ip=::1 
[2026-02-07T09:56:37.257Z] ACTION: GET /api/exams/blocks-by-district/2902 by admin@rajalakshmiFoundation.in (1) ip=::1 
[2026-02-07T09:56:37.261Z] ACTION: GET /api/exams/blocks-by-district/2901 by admin@rajalakshmiFoundation.in (1) ip=::1 
[2026-02-07T09:56:37.263Z] ACTION: GET /api/exams/blocks-by-district/2930 by admin@rajalakshmiFoundation.in (1) ip=::1 
[2026-02-07T09:56:37.266Z] ACTION: GET /api/exams/blocks-by-district/2902 by admin@rajalakshmiFoundation.in (1) ip=::1 
[2026-02-07T09:56:37.269Z] ACTION: GET /api/exams/blocks-by-district/2901 by admin@rajalakshmiFoundation.in (1) ip=::1 
[2026-02-07T09:56:37.270Z] ACTION: GET /api/exams/blocks-by-district/2930 by admin@rajalakshmiFoundation.in (1) ip=::1 
[2026-02-07T09:56:51.902Z] ACTION: GET /api/exams/26/KPS_YEDIYURU_HIGH_SCHOOL_SOU3_13_07_2025_10_00_14_00/download-all-hall-tickets by anonymous (anonymous) ip=::1 
[2026-02-07T09:57:06.859Z] ACTION: GET /api/exams/3/S_K_HIGH_SCHOOL_CHI_16_05_2025_10_00_14_00/download-all-hall-tickets by anonymous (anonymous) ip=::1 
[2026-02-07T11:01:07.003Z] LOGIN:  by admin@rajalakshmifoundation.in  ip=::1 status=success_pre_auth
[2026-02-07T11:01:07.030Z] ACTION: login_complete by admin@rajalakshmiFoundation.in  ip=::1 status=success
[2026-02-07T11:01:07.113Z] ACTION: GET /api/applicants/selected/count by admin@rajalakshmiFoundation.in (1) ip=::1  details={"query":{"year":"2025"}}
[2026-02-07T11:01:07.119Z] ACTION: GET /api/applicants/count by admin@rajalakshmiFoundation.in (1) ip=::1  details={"query":{"year":"2025"}}
[2026-02-07T11:01:07.124Z] ACTION: GET /api/applicants/shortlisted/count by admin@rajalakshmiFoundation.in (1) ip=::1  details={"query":{"year":"2025"}}
[2026-02-07T11:01:07.132Z] ACTION: GET /api/system-config/active by admin@rajalakshmiFoundation.in (1) ip=::1 
[2026-02-07T11:01:07.266Z] ACTION: GET /api/system-config/active by admin@rajalakshmiFoundation.in (1) ip=::1 
[2026-02-07T11:01:07.342Z] ACTION: GET /api/applicants/selected/count by admin@rajalakshmiFoundation.in (1) ip=::1  details={"query":{"year":"2025"}}
[2026-02-07T11:01:07.511Z] ACTION: GET /api/applicants/count by admin@rajalakshmiFoundation.in (1) ip=::1  details={"query":{"year":"2025"}}
[2026-02-07T11:01:07.526Z] ACTION: GET /api/applicants/shortlisted/count by admin@rajalakshmiFoundation.in (1) ip=::1  details={"query":{"year":"2025"}}
[2026-02-07T11:01:11.699Z] ACTION: GET /api/exams/exam-centres by admin@rajalakshmiFoundation.in (1) ip=::1 
[2026-02-07T11:01:11.715Z] ACTION: GET /api/exams/assigned by admin@rajalakshmiFoundation.in (1) ip=::1 
[2026-02-07T11:01:11.727Z] ACTION: GET /api/exams/divisions-by-state/1 by admin@rajalakshmiFoundation.in (1) ip=::1 
[2026-02-07T11:01:11.740Z] ACTION: GET /api/exams/notassigned by admin@rajalakshmiFoundation.in (1) ip=::1 
[2026-02-07T11:01:11.760Z] ACTION: GET /api/exams/used-blocks by admin@rajalakshmiFoundation.in (1) ip=::1 
[2026-02-07T11:01:11.792Z] ACTION: GET /api/exams/exam-centres by admin@rajalakshmiFoundation.in (1) ip=::1 
[2026-02-07T11:01:11.826Z] ACTION: GET /api/exams/notassigned by admin@rajalakshmiFoundation.in (1) ip=::1 
[2026-02-07T11:01:11.837Z] ACTION: GET /api/exams/divisions-by-state/1 by admin@rajalakshmiFoundation.in (1) ip=::1 
[2026-02-07T11:01:11.872Z] ACTION: GET /api/exams/assigned by admin@rajalakshmiFoundation.in (1) ip=::1 
[2026-02-07T11:01:11.898Z] ACTION: GET /api/exams/blocks-by-district/2920 by admin@rajalakshmiFoundation.in (1) ip=::1 
[2026-02-07T11:01:11.928Z] ACTION: GET /api/exams/blocks-by-district/2914 by admin@rajalakshmiFoundation.in (1) ip=::1 
[2026-02-07T11:01:11.934Z] ACTION: GET /api/exams/blocks-by-district/2910 by admin@rajalakshmiFoundation.in (1) ip=::1 
[2026-02-07T11:01:11.941Z] ACTION: GET /api/exams/blocks-by-district/2934 by admin@rajalakshmiFoundation.in (1) ip=::1 
[2026-02-07T11:01:11.949Z] ACTION: GET /api/exams/blocks-by-district/2908 by admin@rajalakshmiFoundation.in (1) ip=::1 
[2026-02-07T11:01:11.956Z] ACTION: GET /api/exams/blocks-by-district/2909 by admin@rajalakshmiFoundation.in (1) ip=::1 
[2026-02-07T11:01:11.963Z] ACTION: GET /api/exams/blocks-by-district/2911 by admin@rajalakshmiFoundation.in (1) ip=::1 
[2026-02-07T11:01:11.973Z] ACTION: GET /api/exams/blocks-by-district/2903 by admin@rajalakshmiFoundation.in (1) ip=::1 
[2026-02-07T11:01:11.979Z] ACTION: GET /api/exams/blocks-by-district/2920 by admin@rajalakshmiFoundation.in (1) ip=::1 
[2026-02-07T11:01:11.996Z] ACTION: GET /api/exams/blocks-by-district/2902 by admin@rajalakshmiFoundation.in (1) ip=::1 
[2026-02-07T11:01:12.009Z] ACTION: GET /api/exams/blocks-by-district/2901 by admin@rajalakshmiFoundation.in (1) ip=::1 
[2026-02-07T11:01:12.018Z] ACTION: GET /api/exams/blocks-by-district/2930 by admin@rajalakshmiFoundation.in (1) ip=::1 
[2026-02-07T11:01:12.028Z] ACTION: GET /api/exams/blocks-by-district/2910 by admin@rajalakshmiFoundation.in (1) ip=::1 
[2026-02-07T11:01:12.038Z] ACTION: GET /api/exams/blocks-by-district/2934 by admin@rajalakshmiFoundation.in (1) ip=::1 
[2026-02-07T11:01:12.047Z] ACTION: GET /api/exams/blocks-by-district/2909 by admin@rajalakshmiFoundation.in (1) ip=::1 
[2026-02-07T11:01:12.056Z] ACTION: GET /api/exams/blocks-by-district/2911 by admin@rajalakshmiFoundation.in (1) ip=::1 
[2026-02-07T11:01:12.067Z] ACTION: GET /api/exams/blocks-by-district/2914 by admin@rajalakshmiFoundation.in (1) ip=::1 
[2026-02-07T11:01:12.077Z] ACTION: GET /api/exams/blocks-by-district/2908 by admin@rajalakshmiFoundation.in (1) ip=::1 
[2026-02-07T11:01:12.086Z] ACTION: GET /api/exams/used-blocks by admin@rajalakshmiFoundation.in (1) ip=::1 
[2026-02-07T11:01:12.093Z] ACTION: GET /api/exams/blocks-by-district/2903 by admin@rajalakshmiFoundation.in (1) ip=::1 
[2026-02-07T11:01:12.100Z] ACTION: GET /api/exams/blocks-by-district/2920 by admin@rajalakshmiFoundation.in (1) ip=::1 
[2026-02-07T11:01:12.110Z] ACTION: GET /api/exams/blocks-by-district/2902 by admin@rajalakshmiFoundation.in (1) ip=::1 
[2026-02-07T11:01:12.127Z] ACTION: GET /api/exams/blocks-by-district/2901 by admin@rajalakshmiFoundation.in (1) ip=::1 
[2026-02-07T11:01:12.137Z] ACTION: GET /api/exams/blocks-by-district/2930 by admin@rajalakshmiFoundation.in (1) ip=::1 
[2026-02-07T11:01:12.148Z] ACTION: GET /api/exams/blocks-by-district/2910 by admin@rajalakshmiFoundation.in (1) ip=::1 
[2026-02-07T11:01:12.158Z] ACTION: GET /api/exams/blocks-by-district/2934 by admin@rajalakshmiFoundation.in (1) ip=::1 
[2026-02-07T11:01:12.169Z] ACTION: GET /api/exams/blocks-by-district/2909 by admin@rajalakshmiFoundation.in (1) ip=::1 
[2026-02-07T11:01:12.186Z] ACTION: GET /api/exams/blocks-by-district/2911 by admin@rajalakshmiFoundation.in (1) ip=::1 
[2026-02-07T11:01:12.193Z] ACTION: GET /api/exams/blocks-by-district/2903 by admin@rajalakshmiFoundation.in (1) ip=::1 
[2026-02-07T11:01:12.202Z] ACTION: GET /api/exams/blocks-by-district/2920 by admin@rajalakshmiFoundation.in (1) ip=::1 
[2026-02-07T11:01:12.209Z] ACTION: GET /api/exams/blocks-by-district/2902 by admin@rajalakshmiFoundation.in (1) ip=::1 
[2026-02-07T11:01:12.216Z] ACTION: GET /api/exams/blocks-by-district/2901 by admin@rajalakshmiFoundation.in (1) ip=::1 
[2026-02-07T11:01:12.226Z] ACTION: GET /api/exams/blocks-by-district/2930 by admin@rajalakshmiFoundation.in (1) ip=::1 
[2026-02-07T11:01:12.239Z] ACTION: GET /api/exams/blocks-by-district/2910 by admin@rajalakshmiFoundation.in (1) ip=::1 
[2026-02-07T11:01:12.244Z] ACTION: GET /api/exams/blocks-by-district/2934 by admin@rajalakshmiFoundation.in (1) ip=::1 
[2026-02-07T11:01:12.253Z] ACTION: GET /api/exams/blocks-by-district/2909 by admin@rajalakshmiFoundation.in (1) ip=::1 
[2026-02-07T11:01:12.260Z] ACTION: GET /api/exams/blocks-by-district/2911 by admin@rajalakshmiFoundation.in (1) ip=::1 
[2026-02-07T11:01:12.267Z] ACTION: GET /api/exams/blocks-by-district/2903 by admin@rajalakshmiFoundation.in (1) ip=::1 
[2026-02-07T11:01:12.277Z] ACTION: GET /api/exams/blocks-by-district/2920 by admin@rajalakshmiFoundation.in (1) ip=::1 
[2026-02-07T11:01:12.285Z] ACTION: GET /api/exams/blocks-by-district/2902 by admin@rajalakshmiFoundation.in (1) ip=::1 
[2026-02-07T11:01:12.291Z] ACTION: GET /api/exams/blocks-by-district/2901 by admin@rajalakshmiFoundation.in (1) ip=::1 
[2026-02-07T11:01:12.298Z] ACTION: GET /api/exams/blocks-by-district/2930 by admin@rajalakshmiFoundation.in (1) ip=::1 
[2026-02-07T11:01:12.304Z] ACTION: GET /api/exams/blocks-by-district/2911 by admin@rajalakshmiFoundation.in (1) ip=::1 
[2026-02-07T11:01:12.312Z] ACTION: GET /api/exams/blocks-by-district/2920 by admin@rajalakshmiFoundation.in (1) ip=::1 
[2026-02-07T11:01:12.329Z] ACTION: GET /api/exams/blocks-by-district/2901 by admin@rajalakshmiFoundation.in (1) ip=::1 
[2026-02-07T11:01:12.337Z] ACTION: GET /api/exams/blocks-by-district/2930 by admin@rajalakshmiFoundation.in (1) ip=::1 
[2026-02-07T11:01:12.344Z] ACTION: GET /api/exams/blocks-by-district/2911 by admin@rajalakshmiFoundation.in (1) ip=::1 
[2026-02-07T11:01:12.352Z] ACTION: GET /api/exams/blocks-by-district/2920 by admin@rajalakshmiFoundation.in (1) ip=::1 
[2026-02-07T11:01:12.361Z] ACTION: GET /api/exams/blocks-by-district/2901 by admin@rajalakshmiFoundation.in (1) ip=::1 
[2026-02-07T11:01:12.368Z] ACTION: GET /api/exams/blocks-by-district/2930 by admin@rajalakshmiFoundation.in (1) ip=::1 
[2026-02-07T11:01:12.375Z] ACTION: GET /api/exams/blocks-by-district/2920 by admin@rajalakshmiFoundation.in (1) ip=::1 
[2026-02-07T11:01:12.385Z] ACTION: GET /api/exams/blocks-by-district/2901 by admin@rajalakshmiFoundation.in (1) ip=::1 
[2026-02-07T11:01:12.393Z] ACTION: GET /api/exams/blocks-by-district/2930 by admin@rajalakshmiFoundation.in (1) ip=::1 
[2026-02-07T11:01:12.404Z] ACTION: GET /api/exams/blocks-by-district/2901 by admin@rajalakshmiFoundation.in (1) ip=::1 
[2026-02-07T11:01:12.410Z] ACTION: GET /api/exams/blocks-by-district/2930 by admin@rajalakshmiFoundation.in (1) ip=::1 
[2026-02-07T11:01:12.509Z] ACTION: GET /api/evaluation-dashboard/overall/2025 by anonymous (anonymous) ip=::1 
[2026-02-07T11:01:12.513Z] ACTION: GET /api/evaluation-dashboard/jurisdictions/2025 by anonymous (anonymous) ip=::1 
[2026-02-07T11:01:12.520Z] ACTION: GET /api/evaluation-dashboard/overall-progress/2025 by anonymous (anonymous) ip=::1 
[2026-02-07T11:01:13.575Z] ACTION: GET /api/evaluation-dashboard/overall-progress/2025 by anonymous (anonymous) ip=::1 
[2026-02-07T11:01:14.849Z] ACTION: GET /api/evaluation-dashboard/jurisdictions/2025 by anonymous (anonymous) ip=::1 
[2026-02-07T11:01:14.868Z] ACTION: GET /api/evaluation-dashboard/overall/2025 by anonymous (anonymous) ip=::1 
[2026-02-07T11:01:16.679Z] ACTION: GET /api/evaluation/exam_names by admin@rajalakshmiFoundation.in (1) ip=::1 
[2026-02-07T11:01:16.686Z] ACTION: GET /api/evaluation/exam_names by admin@rajalakshmiFoundation.in (1) ip=::1 status=error details={"statusCode":404}
[2026-02-07T11:01:16.697Z] ACTION: GET /api/evaluation/exam_names by admin@rajalakshmiFoundation.in (1) ip=::1 
[2026-02-07T11:01:16.700Z] ACTION: GET /api/evaluation/exam_names by admin@rajalakshmiFoundation.in (1) ip=::1 status=error details={"statusCode":404}
[2026-02-07T11:01:24.411Z] ACTION: GET /api/evaluation-dashboard/overall/2025 by anonymous (anonymous) ip=::1 
[2026-02-07T11:01:24.416Z] ACTION: GET /api/evaluation-dashboard/jurisdictions/2025 by anonymous (anonymous) ip=::1 
[2026-02-07T11:01:24.421Z] ACTION: GET /api/evaluation-dashboard/overall-progress/2025 by anonymous (anonymous) ip=::1 
[2026-02-07T11:01:25.380Z] ACTION: GET /api/evaluation-dashboard/overall-progress/2025 by anonymous (anonymous) ip=::1 
[2026-02-07T11:01:26.868Z] ACTION: GET /api/evaluation-dashboard/jurisdictions/2025 by anonymous (anonymous) ip=::1 
[2026-02-07T11:01:26.881Z] ACTION: GET /api/evaluation-dashboard/overall/2025 by anonymous (anonymous) ip=::1 
[2026-02-07T11:01:30.084Z] ACTION: GET /api/interview/exam-centers by admin@rajalakshmiFoundation.in (1) ip=::1 
[2026-02-07T11:01:30.107Z] ACTION: GET /api/interview/exam-centers by admin@rajalakshmiFoundation.in (1) ip=::1 
[2026-02-07T11:01:41.363Z] ACTION: GET /api/exams/assigned by admin@rajalakshmiFoundation.in (1) ip=::1 
[2026-02-07T11:01:41.387Z] ACTION: GET /api/exams/exam-centres by admin@rajalakshmiFoundation.in (1) ip=::1 
[2026-02-07T11:01:41.405Z] ACTION: GET /api/exams/divisions-by-state/1 by admin@rajalakshmiFoundation.in (1) ip=::1 
[2026-02-07T11:01:41.417Z] ACTION: GET /api/exams/used-blocks by admin@rajalakshmiFoundation.in (1) ip=::1 
[2026-02-07T11:01:41.426Z] ACTION: GET /api/exams/notassigned by admin@rajalakshmiFoundation.in (1) ip=::1 
[2026-02-07T11:01:41.497Z] ACTION: GET /api/exams/exam-centres by admin@rajalakshmiFoundation.in (1) ip=::1 
[2026-02-07T11:01:41.527Z] ACTION: GET /api/exams/divisions-by-state/1 by admin@rajalakshmiFoundation.in (1) ip=::1 
[2026-02-07T11:01:41.549Z] ACTION: GET /api/exams/notassigned by admin@rajalakshmiFoundation.in (1) ip=::1 
[2026-02-07T11:01:41.560Z] ACTION: GET /api/exams/assigned by admin@rajalakshmiFoundation.in (1) ip=::1 
[2026-02-07T11:01:41.601Z] ACTION: GET /api/exams/blocks-by-district/2920 by admin@rajalakshmiFoundation.in (1) ip=::1 
[2026-02-07T11:01:41.608Z] ACTION: GET /api/exams/blocks-by-district/2914 by admin@rajalakshmiFoundation.in (1) ip=::1 
[2026-02-07T11:01:41.617Z] ACTION: GET /api/exams/used-blocks by admin@rajalakshmiFoundation.in (1) ip=::1 
[2026-02-07T11:01:41.624Z] ACTION: GET /api/exams/blocks-by-district/2910 by admin@rajalakshmiFoundation.in (1) ip=::1 
[2026-02-07T11:01:41.630Z] ACTION: GET /api/exams/blocks-by-district/2934 by admin@rajalakshmiFoundation.in (1) ip=::1 
[2026-02-07T11:01:41.645Z] ACTION: GET /api/exams/blocks-by-district/2908 by admin@rajalakshmiFoundation.in (1) ip=::1 
[2026-02-07T11:01:41.652Z] ACTION: GET /api/exams/blocks-by-district/2909 by admin@rajalakshmiFoundation.in (1) ip=::1 
[2026-02-07T11:01:41.657Z] ACTION: GET /api/exams/blocks-by-district/2911 by admin@rajalakshmiFoundation.in (1) ip=::1 
[2026-02-07T11:01:41.665Z] ACTION: GET /api/exams/blocks-by-district/2903 by admin@rajalakshmiFoundation.in (1) ip=::1 
[2026-02-07T11:01:41.682Z] ACTION: GET /api/exams/blocks-by-district/2902 by admin@rajalakshmiFoundation.in (1) ip=::1 
[2026-02-07T11:01:41.692Z] ACTION: GET /api/exams/blocks-by-district/2901 by admin@rajalakshmiFoundation.in (1) ip=::1 
[2026-02-07T11:01:41.698Z] ACTION: GET /api/exams/blocks-by-district/2930 by admin@rajalakshmiFoundation.in (1) ip=::1 
[2026-02-07T11:01:41.706Z] ACTION: GET /api/exams/blocks-by-district/2920 by admin@rajalakshmiFoundation.in (1) ip=::1 
[2026-02-07T11:01:41.714Z] ACTION: GET /api/exams/blocks-by-district/2910 by admin@rajalakshmiFoundation.in (1) ip=::1 
[2026-02-07T11:01:41.722Z] ACTION: GET /api/exams/blocks-by-district/2914 by admin@rajalakshmiFoundation.in (1) ip=::1 
[2026-02-07T11:01:41.728Z] ACTION: GET /api/exams/blocks-by-district/2908 by admin@rajalakshmiFoundation.in (1) ip=::1 
[2026-02-07T11:01:41.735Z] ACTION: GET /api/exams/blocks-by-district/2909 by admin@rajalakshmiFoundation.in (1) ip=::1 
[2026-02-07T11:01:41.742Z] ACTION: GET /api/exams/blocks-by-district/2911 by admin@rajalakshmiFoundation.in (1) ip=::1 
[2026-02-07T11:01:41.750Z] ACTION: GET /api/exams/blocks-by-district/2903 by admin@rajalakshmiFoundation.in (1) ip=::1 
[2026-02-07T11:01:41.760Z] ACTION: GET /api/exams/blocks-by-district/2902 by admin@rajalakshmiFoundation.in (1) ip=::1 
[2026-02-07T11:01:41.768Z] ACTION: GET /api/exams/blocks-by-district/2901 by admin@rajalakshmiFoundation.in (1) ip=::1 
[2026-02-07T11:01:41.774Z] ACTION: GET /api/exams/blocks-by-district/2930 by admin@rajalakshmiFoundation.in (1) ip=::1 
[2026-02-07T11:01:41.781Z] ACTION: GET /api/exams/blocks-by-district/2920 by admin@rajalakshmiFoundation.in (1) ip=::1 
[2026-02-07T11:01:41.792Z] ACTION: GET /api/exams/blocks-by-district/2910 by admin@rajalakshmiFoundation.in (1) ip=::1 
[2026-02-07T11:01:41.800Z] ACTION: GET /api/exams/blocks-by-district/2909 by admin@rajalakshmiFoundation.in (1) ip=::1 
[2026-02-07T11:01:41.808Z] ACTION: GET /api/exams/blocks-by-district/2911 by admin@rajalakshmiFoundation.in (1) ip=::1 
[2026-02-07T11:01:41.816Z] ACTION: GET /api/exams/blocks-by-district/2903 by admin@rajalakshmiFoundation.in (1) ip=::1 
[2026-02-07T11:01:41.825Z] ACTION: GET /api/exams/blocks-by-district/2902 by admin@rajalakshmiFoundation.in (1) ip=::1 
[2026-02-07T11:01:41.833Z] ACTION: GET /api/exams/blocks-by-district/2901 by admin@rajalakshmiFoundation.in (1) ip=::1 
[2026-02-07T11:01:41.848Z] ACTION: GET /api/exams/blocks-by-district/2930 by admin@rajalakshmiFoundation.in (1) ip=::1 
[2026-02-07T11:01:41.860Z] ACTION: GET /api/exams/blocks-by-district/2920 by admin@rajalakshmiFoundation.in (1) ip=::1 
[2026-02-07T11:01:41.870Z] ACTION: GET /api/exams/blocks-by-district/2910 by admin@rajalakshmiFoundation.in (1) ip=::1 
[2026-02-07T11:01:41.879Z] ACTION: GET /api/exams/blocks-by-district/2909 by admin@rajalakshmiFoundation.in (1) ip=::1 
[2026-02-07T11:01:41.888Z] ACTION: GET /api/exams/blocks-by-district/2911 by admin@rajalakshmiFoundation.in (1) ip=::1 
[2026-02-07T11:01:41.900Z] ACTION: GET /api/exams/blocks-by-district/2903 by admin@rajalakshmiFoundation.in (1) ip=::1 
[2026-02-07T11:01:41.909Z] ACTION: GET /api/exams/blocks-by-district/2902 by admin@rajalakshmiFoundation.in (1) ip=::1 
[2026-02-07T11:01:41.918Z] ACTION: GET /api/exams/blocks-by-district/2901 by admin@rajalakshmiFoundation.in (1) ip=::1 
[2026-02-07T11:01:41.924Z] ACTION: GET /api/exams/blocks-by-district/2930 by admin@rajalakshmiFoundation.in (1) ip=::1 
[2026-02-07T11:01:41.934Z] ACTION: GET /api/exams/blocks-by-district/2920 by admin@rajalakshmiFoundation.in (1) ip=::1 
[2026-02-07T11:01:41.946Z] ACTION: GET /api/exams/blocks-by-district/2911 by admin@rajalakshmiFoundation.in (1) ip=::1 
[2026-02-07T11:01:41.957Z] ACTION: GET /api/exams/blocks-by-district/2901 by admin@rajalakshmiFoundation.in (1) ip=::1 
[2026-02-07T11:01:41.966Z] ACTION: GET /api/exams/blocks-by-district/2930 by admin@rajalakshmiFoundation.in (1) ip=::1 
[2026-02-07T11:01:41.975Z] ACTION: GET /api/exams/blocks-by-district/2934 by admin@rajalakshmiFoundation.in (1) ip=::1 
[2026-02-07T11:01:41.983Z] ACTION: GET /api/exams/blocks-by-district/2920 by admin@rajalakshmiFoundation.in (1) ip=::1 
[2026-02-07T11:01:41.998Z] ACTION: GET /api/exams/blocks-by-district/2911 by admin@rajalakshmiFoundation.in (1) ip=::1 
[2026-02-07T11:01:42.006Z] ACTION: GET /api/exams/blocks-by-district/2901 by admin@rajalakshmiFoundation.in (1) ip=::1 
[2026-02-07T11:01:42.015Z] ACTION: GET /api/exams/blocks-by-district/2930 by admin@rajalakshmiFoundation.in (1) ip=::1 
[2026-02-07T11:01:42.023Z] ACTION: GET /api/exams/blocks-by-district/2934 by admin@rajalakshmiFoundation.in (1) ip=::1 
[2026-02-07T11:01:42.038Z] ACTION: GET /api/exams/blocks-by-district/2920 by admin@rajalakshmiFoundation.in (1) ip=::1 
[2026-02-07T11:01:42.055Z] ACTION: GET /api/exams/blocks-by-district/2901 by admin@rajalakshmiFoundation.in (1) ip=::1 
[2026-02-07T11:01:42.069Z] ACTION: GET /api/exams/blocks-by-district/2930 by admin@rajalakshmiFoundation.in (1) ip=::1 
[2026-02-07T11:01:42.088Z] ACTION: GET /api/exams/blocks-by-district/2934 by admin@rajalakshmiFoundation.in (1) ip=::1 
[2026-02-07T11:01:42.097Z] ACTION: GET /api/exams/blocks-by-district/2920 by admin@rajalakshmiFoundation.in (1) ip=::1 
[2026-02-07T11:01:42.117Z] ACTION: GET /api/exams/blocks-by-district/2901 by admin@rajalakshmiFoundation.in (1) ip=::1 
[2026-02-07T11:01:42.126Z] ACTION: GET /api/exams/blocks-by-district/2930 by admin@rajalakshmiFoundation.in (1) ip=::1 
[2026-02-07T11:05:03.736Z] ACTION: GET /api/evaluation-dashboard/overall/2025 by anonymous (anonymous) ip=::1 
[2026-02-07T11:05:03.745Z] ACTION: GET /api/evaluation-dashboard/jurisdictions/2025 by anonymous (anonymous) ip=::1 
[2026-02-07T11:05:03.751Z] ACTION: GET /api/evaluation-dashboard/overall-progress/2025 by anonymous (anonymous) ip=::1 
[2026-02-07T11:05:04.864Z] ACTION: GET /api/evaluation-dashboard/overall-progress/2025 by anonymous (anonymous) ip=::1 
[2026-02-07T11:05:05.995Z] ACTION: GET /api/evaluation-dashboard/jurisdictions/2025 by anonymous (anonymous) ip=::1 
[2026-02-07T11:05:06.002Z] ACTION: GET /api/evaluation-dashboard/overall/2025 by anonymous (anonymous) ip=::1 
[2026-02-07T11:05:07.208Z] ACTION: GET /api/evaluation/exam_names by admin@rajalakshmiFoundation.in (1) ip=::1 
[2026-02-07T11:05:07.216Z] ACTION: GET /api/evaluation/exam_names by admin@rajalakshmiFoundation.in (1) ip=::1 status=error details={"statusCode":404}
[2026-02-07T11:05:07.229Z] ACTION: GET /api/evaluation/exam_names by admin@rajalakshmiFoundation.in (1) ip=::1 
[2026-02-07T11:05:07.234Z] ACTION: GET /api/evaluation/exam_names by admin@rajalakshmiFoundation.in (1) ip=::1 status=error details={"statusCode":404}
