[2026-02-05T06:54:43.468Z] LOGIN:  by admin@rajalakshmifoundation.in  ip=::1 status=success_pre_auth
[2026-02-05T06:54:43.526Z] ACTION: login_complete by admin@rajalakshmiFoundation.in  ip=::1 status=success
[2026-02-05T06:54:43.630Z] ACTION: GET /api/applicants/count by admin@rajalakshmiFoundation.in (1) ip=::1  details={"query":{"year":"2025"}}
[2026-02-05T06:54:43.675Z] ACTION: GET /api/system-config/active by admin@rajalakshmiFoundation.in (1) ip=::1 
[2026-02-05T06:54:43.723Z] ACTION: GET /api/applicants/selected/count by admin@rajalakshmiFoundation.in (1) ip=::1  details={"query":{"year":"2025"}}
[2026-02-05T06:54:43.749Z] ACTION: GET /api/applicants/shortlisted/count by admin@rajalakshmiFoundation.in (1) ip=::1  details={"query":{"year":"2025"}}
[2026-02-05T06:54:43.801Z] ACTION: GET /api/system-config/active by admin@rajalakshmiFoundation.in (1) ip=::1 
[2026-02-05T06:54:43.831Z] ACTION: GET /api/applicants/count by admin@rajalakshmiFoundation.in (1) ip=::1  details={"query":{"year":"2025"}}
[2026-02-05T06:54:43.884Z] ACTION: GET /api/applicants/selected/count by admin@rajalakshmiFoundation.in (1) ip=::1  details={"query":{"year":"2025"}}
[2026-02-05T06:54:43.955Z] ACTION: GET /api/applicants/shortlisted/count by admin@rajalakshmiFoundation.in (1) ip=::1  details={"query":{"year":"2025"}}
[2026-02-05T06:54:47.791Z] ACTION: GET /api/exams/assigned by admin@rajalakshmiFoundation.in (1) ip=::1 
[2026-02-05T06:54:47.818Z] ACTION: GET /api/exams/exam-centres by admin@rajalakshmiFoundation.in (1) ip=::1 
[2026-02-05T06:54:47.831Z] ACTION: GET /api/exams/divisions-by-state/1 by admin@rajalakshmiFoundation.in (1) ip=::1 
[2026-02-05T06:54:47.853Z] ACTION: GET /api/exams/used-blocks by admin@rajalakshmiFoundation.in (1) ip=::1 
[2026-02-05T06:54:47.870Z] ACTION: GET /api/exams/notassigned by admin@rajalakshmiFoundation.in (1) ip=::1 
[2026-02-05T06:54:47.888Z] ACTION: GET /api/exams/exam-centres by admin@rajalakshmiFoundation.in (1) ip=::1 
[2026-02-05T06:54:47.912Z] ACTION: GET /api/exams/divisions-by-state/1 by admin@rajalakshmiFoundation.in (1) ip=::1 
[2026-02-05T06:54:47.961Z] ACTION: GET /api/exams/notassigned by admin@rajalakshmiFoundation.in (1) ip=::1 
[2026-02-05T06:54:47.977Z] ACTION: GET /api/exams/used-blocks by admin@rajalakshmiFoundation.in (1) ip=::1 
[2026-02-05T06:54:47.984Z] ACTION: GET /api/exams/assigned by admin@rajalakshmiFoundation.in (1) ip=::1 
[2026-02-05T06:54:48.061Z] ACTION: GET /api/exams/blocks-by-district/2914 by admin@rajalakshmiFoundation.in (1) ip=::1 
[2026-02-05T06:54:48.070Z] ACTION: GET /api/exams/blocks-by-district/2920 by admin@rajalakshmiFoundation.in (1) ip=::1 
[2026-02-05T06:54:48.079Z] ACTION: GET /api/exams/blocks-by-district/2910 by admin@rajalakshmiFoundation.in (1) ip=::1 
[2026-02-05T06:54:48.089Z] ACTION: GET /api/exams/blocks-by-district/2934 by admin@rajalakshmiFoundation.in (1) ip=::1 
[2026-02-05T06:54:48.100Z] ACTION: GET /api/exams/blocks-by-district/2908 by admin@rajalakshmiFoundation.in (1) ip=::1 
[2026-02-05T06:54:48.119Z] ACTION: GET /api/exams/blocks-by-district/2911 by admin@rajalakshmiFoundation.in (1) ip=::1 
[2026-02-05T06:54:48.131Z] ACTION: GET /api/exams/blocks-by-district/2909 by admin@rajalakshmiFoundation.in (1) ip=::1 
[2026-02-05T06:54:48.139Z] ACTION: GET /api/exams/blocks-by-district/2903 by admin@rajalakshmiFoundation.in (1) ip=::1 
[2026-02-05T06:54:48.156Z] ACTION: GET /api/exams/blocks-by-district/2902 by admin@rajalakshmiFoundation.in (1) ip=::1 
[2026-02-05T06:54:48.170Z] ACTION: GET /api/exams/blocks-by-district/2901 by admin@rajalakshmiFoundation.in (1) ip=::1 
[2026-02-05T06:54:48.187Z] ACTION: GET /api/exams/blocks-by-district/2930 by admin@rajalakshmiFoundation.in (1) ip=::1 
[2026-02-05T06:54:48.194Z] ACTION: GET /api/exams/blocks-by-district/2914 by admin@rajalakshmiFoundation.in (1) ip=::1 
[2026-02-05T06:54:48.203Z] ACTION: GET /api/exams/blocks-by-district/2920 by admin@rajalakshmiFoundation.in (1) ip=::1 
[2026-02-05T06:54:48.217Z] ACTION: GET /api/exams/blocks-by-district/2910 by admin@rajalakshmiFoundation.in (1) ip=::1 
[2026-02-05T06:54:48.229Z] ACTION: GET /api/exams/blocks-by-district/2934 by admin@rajalakshmiFoundation.in (1) ip=::1 
[2026-02-05T06:54:48.248Z] ACTION: GET /api/exams/blocks-by-district/2911 by admin@rajalakshmiFoundation.in (1) ip=::1 
[2026-02-05T06:54:48.255Z] ACTION: GET /api/exams/blocks-by-district/2909 by admin@rajalakshmiFoundation.in (1) ip=::1 
[2026-02-05T06:54:48.267Z] ACTION: GET /api/exams/blocks-by-district/2903 by admin@rajalakshmiFoundation.in (1) ip=::1 
[2026-02-05T06:54:48.275Z] ACTION: GET /api/exams/blocks-by-district/2902 by admin@rajalakshmiFoundation.in (1) ip=::1 
[2026-02-05T06:54:48.288Z] ACTION: GET /api/exams/blocks-by-district/2901 by admin@rajalakshmiFoundation.in (1) ip=::1 
[2026-02-05T06:54:48.308Z] ACTION: GET /api/exams/blocks-by-district/2930 by admin@rajalakshmiFoundation.in (1) ip=::1 
[2026-02-05T06:54:48.322Z] ACTION: GET /api/exams/blocks-by-district/2920 by admin@rajalakshmiFoundation.in (1) ip=::1 
[2026-02-05T06:54:48.335Z] ACTION: GET /api/exams/blocks-by-district/2910 by admin@rajalakshmiFoundation.in (1) ip=::1 
[2026-02-05T06:54:48.344Z] ACTION: GET /api/exams/blocks-by-district/2934 by admin@rajalakshmiFoundation.in (1) ip=::1 
[2026-02-05T06:54:48.352Z] ACTION: GET /api/exams/blocks-by-district/2911 by admin@rajalakshmiFoundation.in (1) ip=::1 
[2026-02-05T06:54:48.372Z] ACTION: GET /api/exams/blocks-by-district/2909 by admin@rajalakshmiFoundation.in (1) ip=::1 
[2026-02-05T06:54:48.381Z] ACTION: GET /api/exams/blocks-by-district/2903 by admin@rajalakshmiFoundation.in (1) ip=::1 
[2026-02-05T06:54:48.390Z] ACTION: GET /api/exams/blocks-by-district/2902 by admin@rajalakshmiFoundation.in (1) ip=::1 
[2026-02-05T06:54:48.398Z] ACTION: GET /api/exams/blocks-by-district/2901 by admin@rajalakshmiFoundation.in (1) ip=::1 
[2026-02-05T06:54:48.406Z] ACTION: GET /api/exams/blocks-by-district/2930 by admin@rajalakshmiFoundation.in (1) ip=::1 
[2026-02-05T06:54:48.427Z] ACTION: GET /api/exams/blocks-by-district/2920 by admin@rajalakshmiFoundation.in (1) ip=::1 
[2026-02-05T06:54:48.435Z] ACTION: GET /api/exams/blocks-by-district/2910 by admin@rajalakshmiFoundation.in (1) ip=::1 
[2026-02-05T06:54:48.444Z] ACTION: GET /api/exams/blocks-by-district/2934 by admin@rajalakshmiFoundation.in (1) ip=::1 
[2026-02-05T06:54:48.452Z] ACTION: GET /api/exams/blocks-by-district/2911 by admin@rajalakshmiFoundation.in (1) ip=::1 
[2026-02-05T06:54:48.459Z] ACTION: GET /api/exams/blocks-by-district/2909 by admin@rajalakshmiFoundation.in (1) ip=::1 
[2026-02-05T06:54:48.471Z] ACTION: GET /api/exams/blocks-by-district/2903 by admin@rajalakshmiFoundation.in (1) ip=::1 
[2026-02-05T06:54:48.490Z] ACTION: GET /api/exams/blocks-by-district/2902 by admin@rajalakshmiFoundation.in (1) ip=::1 
[2026-02-05T06:54:48.499Z] ACTION: GET /api/exams/blocks-by-district/2901 by admin@rajalakshmiFoundation.in (1) ip=::1 
[2026-02-05T06:54:48.509Z] ACTION: GET /api/exams/blocks-by-district/2930 by admin@rajalakshmiFoundation.in (1) ip=::1 
[2026-02-05T06:54:48.519Z] ACTION: GET /api/exams/blocks-by-district/2908 by admin@rajalakshmiFoundation.in (1) ip=::1 
[2026-02-05T06:54:48.526Z] ACTION: GET /api/exams/blocks-by-district/2920 by admin@rajalakshmiFoundation.in (1) ip=::1 
[2026-02-05T06:54:48.536Z] ACTION: GET /api/exams/blocks-by-district/2911 by admin@rajalakshmiFoundation.in (1) ip=::1 
[2026-02-05T06:54:48.555Z] ACTION: GET /api/exams/blocks-by-district/2901 by admin@rajalakshmiFoundation.in (1) ip=::1 
[2026-02-05T06:54:48.564Z] ACTION: GET /api/exams/blocks-by-district/2930 by admin@rajalakshmiFoundation.in (1) ip=::1 
[2026-02-05T06:54:48.571Z] ACTION: GET /api/exams/blocks-by-district/2920 by admin@rajalakshmiFoundation.in (1) ip=::1 
[2026-02-05T06:54:48.579Z] ACTION: GET /api/exams/blocks-by-district/2911 by admin@rajalakshmiFoundation.in (1) ip=::1 
[2026-02-05T06:54:48.599Z] ACTION: GET /api/exams/blocks-by-district/2901 by admin@rajalakshmiFoundation.in (1) ip=::1 
[2026-02-05T06:54:48.609Z] ACTION: GET /api/exams/blocks-by-district/2930 by admin@rajalakshmiFoundation.in (1) ip=::1 
[2026-02-05T06:54:48.619Z] ACTION: GET /api/exams/blocks-by-district/2920 by admin@rajalakshmiFoundation.in (1) ip=::1 
[2026-02-05T06:54:48.633Z] ACTION: GET /api/exams/blocks-by-district/2901 by admin@rajalakshmiFoundation.in (1) ip=::1 
[2026-02-05T06:54:48.644Z] ACTION: GET /api/exams/blocks-by-district/2930 by admin@rajalakshmiFoundation.in (1) ip=::1 
[2026-02-05T06:54:48.656Z] ACTION: GET /api/exams/blocks-by-district/2920 by admin@rajalakshmiFoundation.in (1) ip=::1 
[2026-02-05T06:54:48.673Z] ACTION: GET /api/exams/blocks-by-district/2901 by admin@rajalakshmiFoundation.in (1) ip=::1 
[2026-02-05T06:54:48.685Z] ACTION: GET /api/exams/blocks-by-district/2930 by admin@rajalakshmiFoundation.in (1) ip=::1 
[2026-02-05T06:54:50.891Z] ACTION: GET /api/exams/26/KPS_YEDIYURU_HIGH_SCHOOL_SOU3_13_07_2025_10_00_14_00/download-all-hall-tickets by anonymous (anonymous) ip=::1 
[2026-02-05T06:55:54.768Z] ACTION: GET /api/exams/divisions-by-state/1 by admin@rajalakshmiFoundation.in (1) ip=::1 
[2026-02-05T06:55:54.792Z] ACTION: GET /api/exams/assigned by admin@rajalakshmiFoundation.in (1) ip=::1 
[2026-02-05T06:55:54.807Z] ACTION: GET /api/exams/exam-centres by admin@rajalakshmiFoundation.in (1) ip=::1 
[2026-02-05T06:55:54.826Z] ACTION: GET /api/exams/used-blocks by admin@rajalakshmiFoundation.in (1) ip=::1 
[2026-02-05T06:55:54.839Z] ACTION: GET /api/exams/notassigned by admin@rajalakshmiFoundation.in (1) ip=::1 
[2026-02-05T06:55:54.860Z] ACTION: GET /api/system-config/active by admin@rajalakshmiFoundation.in (1) ip=::1 
[2026-02-05T06:55:55.017Z] ACTION: GET /api/exams/exam-centres by admin@rajalakshmiFoundation.in (1) ip=::1 
[2026-02-05T06:55:55.026Z] ACTION: GET /api/exams/divisions-by-state/1 by admin@rajalakshmiFoundation.in (1) ip=::1 
[2026-02-05T06:55:55.085Z] ACTION: GET /api/exams/notassigned by admin@rajalakshmiFoundation.in (1) ip=::1 
[2026-02-05T06:55:55.113Z] ACTION: GET /api/exams/used-blocks by admin@rajalakshmiFoundation.in (1) ip=::1 
[2026-02-05T06:55:55.120Z] ACTION: GET /api/exams/assigned by admin@rajalakshmiFoundation.in (1) ip=::1 
[2026-02-05T06:55:55.171Z] ACTION: GET /api/exams/blocks-by-district/2920 by admin@rajalakshmiFoundation.in (1) ip=::1 
[2026-02-05T06:55:55.178Z] ACTION: GET /api/system-config/active by admin@rajalakshmiFoundation.in (1) ip=::1 
[2026-02-05T06:55:55.183Z] ACTION: GET /api/exams/blocks-by-district/2914 by admin@rajalakshmiFoundation.in (1) ip=::1 
[2026-02-05T06:55:55.190Z] ACTION: GET /api/exams/blocks-by-district/2934 by admin@rajalakshmiFoundation.in (1) ip=::1 
[2026-02-05T06:55:55.197Z] ACTION: GET /api/exams/blocks-by-district/2910 by admin@rajalakshmiFoundation.in (1) ip=::1 
[2026-02-05T06:55:55.219Z] ACTION: GET /api/exams/blocks-by-district/2908 by admin@rajalakshmiFoundation.in (1) ip=::1 
[2026-02-05T06:55:55.227Z] ACTION: GET /api/exams/blocks-by-district/2909 by admin@rajalakshmiFoundation.in (1) ip=::1 
[2026-02-05T06:55:55.236Z] ACTION: GET /api/exams/blocks-by-district/2911 by admin@rajalakshmiFoundation.in (1) ip=::1 
[2026-02-05T06:55:55.246Z] ACTION: GET /api/exams/blocks-by-district/2903 by admin@rajalakshmiFoundation.in (1) ip=::1 
[2026-02-05T06:55:55.252Z] ACTION: GET /api/exams/blocks-by-district/2902 by admin@rajalakshmiFoundation.in (1) ip=::1 
[2026-02-05T06:55:55.262Z] ACTION: GET /api/exams/blocks-by-district/2901 by admin@rajalakshmiFoundation.in (1) ip=::1 
[2026-02-05T06:55:55.282Z] ACTION: GET /api/exams/blocks-by-district/2930 by admin@rajalakshmiFoundation.in (1) ip=::1 
[2026-02-05T06:55:55.290Z] ACTION: GET /api/exams/blocks-by-district/2920 by admin@rajalakshmiFoundation.in (1) ip=::1 
[2026-02-05T06:55:55.299Z] ACTION: GET /api/exams/blocks-by-district/2914 by admin@rajalakshmiFoundation.in (1) ip=::1 
[2026-02-05T06:55:55.308Z] ACTION: GET /api/exams/blocks-by-district/2934 by admin@rajalakshmiFoundation.in (1) ip=::1 
[2026-02-05T06:55:55.315Z] ACTION: GET /api/exams/blocks-by-district/2910 by admin@rajalakshmiFoundation.in (1) ip=::1 
[2026-02-05T06:55:55.321Z] ACTION: GET /api/exams/blocks-by-district/2908 by admin@rajalakshmiFoundation.in (1) ip=::1 
[2026-02-05T06:55:55.335Z] ACTION: GET /api/exams/blocks-by-district/2909 by admin@rajalakshmiFoundation.in (1) ip=::1 
[2026-02-05T06:55:55.341Z] ACTION: GET /api/exams/blocks-by-district/2911 by admin@rajalakshmiFoundation.in (1) ip=::1 
[2026-02-05T06:55:55.346Z] ACTION: GET /api/exams/blocks-by-district/2903 by admin@rajalakshmiFoundation.in (1) ip=::1 
[2026-02-05T06:55:55.352Z] ACTION: GET /api/exams/blocks-by-district/2902 by admin@rajalakshmiFoundation.in (1) ip=::1 
[2026-02-05T06:55:55.358Z] ACTION: GET /api/exams/blocks-by-district/2901 by admin@rajalakshmiFoundation.in (1) ip=::1 
[2026-02-05T06:55:55.363Z] ACTION: GET /api/exams/blocks-by-district/2930 by admin@rajalakshmiFoundation.in (1) ip=::1 
[2026-02-05T06:55:55.377Z] ACTION: GET /api/exams/blocks-by-district/2920 by admin@rajalakshmiFoundation.in (1) ip=::1 
[2026-02-05T06:55:55.386Z] ACTION: GET /api/exams/blocks-by-district/2934 by admin@rajalakshmiFoundation.in (1) ip=::1 
[2026-02-05T06:55:55.394Z] ACTION: GET /api/exams/blocks-by-district/2910 by admin@rajalakshmiFoundation.in (1) ip=::1 
[2026-02-05T06:55:55.401Z] ACTION: GET /api/exams/blocks-by-district/2909 by admin@rajalakshmiFoundation.in (1) ip=::1 
[2026-02-05T06:55:55.409Z] ACTION: GET /api/exams/blocks-by-district/2911 by admin@rajalakshmiFoundation.in (1) ip=::1 
[2026-02-05T06:55:55.417Z] ACTION: GET /api/exams/blocks-by-district/2903 by admin@rajalakshmiFoundation.in (1) ip=::1 
[2026-02-05T06:55:55.431Z] ACTION: GET /api/exams/blocks-by-district/2902 by admin@rajalakshmiFoundation.in (1) ip=::1 
[2026-02-05T06:55:55.438Z] ACTION: GET /api/exams/blocks-by-district/2901 by admin@rajalakshmiFoundation.in (1) ip=::1 
[2026-02-05T06:55:55.442Z] ACTION: GET /api/exams/blocks-by-district/2930 by admin@rajalakshmiFoundation.in (1) ip=::1 
[2026-02-05T06:55:55.450Z] ACTION: GET /api/exams/blocks-by-district/2920 by admin@rajalakshmiFoundation.in (1) ip=::1 
[2026-02-05T06:55:55.455Z] ACTION: GET /api/exams/blocks-by-district/2934 by admin@rajalakshmiFoundation.in (1) ip=::1 
[2026-02-05T06:55:55.462Z] ACTION: GET /api/exams/blocks-by-district/2910 by admin@rajalakshmiFoundation.in (1) ip=::1 
[2026-02-05T06:55:55.480Z] ACTION: GET /api/exams/blocks-by-district/2909 by admin@rajalakshmiFoundation.in (1) ip=::1 
[2026-02-05T06:55:55.490Z] ACTION: GET /api/exams/blocks-by-district/2911 by admin@rajalakshmiFoundation.in (1) ip=::1 
[2026-02-05T06:55:55.499Z] ACTION: GET /api/exams/blocks-by-district/2903 by admin@rajalakshmiFoundation.in (1) ip=::1 
[2026-02-05T06:55:55.510Z] ACTION: GET /api/exams/blocks-by-district/2902 by admin@rajalakshmiFoundation.in (1) ip=::1 
[2026-02-05T06:55:55.516Z] ACTION: GET /api/exams/blocks-by-district/2901 by admin@rajalakshmiFoundation.in (1) ip=::1 
[2026-02-05T06:55:55.525Z] ACTION: GET /api/exams/blocks-by-district/2930 by admin@rajalakshmiFoundation.in (1) ip=::1 
[2026-02-05T06:55:55.543Z] ACTION: GET /api/exams/blocks-by-district/2920 by admin@rajalakshmiFoundation.in (1) ip=::1 
[2026-02-05T06:55:55.551Z] ACTION: GET /api/exams/blocks-by-district/2911 by admin@rajalakshmiFoundation.in (1) ip=::1 
[2026-02-05T06:55:55.559Z] ACTION: GET /api/exams/blocks-by-district/2901 by admin@rajalakshmiFoundation.in (1) ip=::1 
[2026-02-05T06:55:55.569Z] ACTION: GET /api/exams/blocks-by-district/2930 by admin@rajalakshmiFoundation.in (1) ip=::1 
[2026-02-05T06:55:55.590Z] ACTION: GET /api/exams/blocks-by-district/2920 by admin@rajalakshmiFoundation.in (1) ip=::1 
[2026-02-05T06:55:55.598Z] ACTION: GET /api/exams/blocks-by-district/2911 by admin@rajalakshmiFoundation.in (1) ip=::1 
[2026-02-05T06:55:55.608Z] ACTION: GET /api/exams/blocks-by-district/2901 by admin@rajalakshmiFoundation.in (1) ip=::1 
[2026-02-05T06:55:55.620Z] ACTION: GET /api/exams/blocks-by-district/2930 by admin@rajalakshmiFoundation.in (1) ip=::1 
[2026-02-05T06:55:55.646Z] ACTION: GET /api/exams/blocks-by-district/2920 by admin@rajalakshmiFoundation.in (1) ip=::1 
[2026-02-05T06:55:55.658Z] ACTION: GET /api/exams/blocks-by-district/2901 by admin@rajalakshmiFoundation.in (1) ip=::1 
[2026-02-05T06:55:55.667Z] ACTION: GET /api/exams/blocks-by-district/2930 by admin@rajalakshmiFoundation.in (1) ip=::1 
[2026-02-05T06:55:55.681Z] ACTION: GET /api/exams/blocks-by-district/2920 by admin@rajalakshmiFoundation.in (1) ip=::1 
[2026-02-05T06:55:55.690Z] ACTION: GET /api/exams/blocks-by-district/2901 by admin@rajalakshmiFoundation.in (1) ip=::1 
[2026-02-05T06:55:55.697Z] ACTION: GET /api/exams/blocks-by-district/2930 by admin@rajalakshmiFoundation.in (1) ip=::1 
[2026-02-05T06:55:59.037Z] ACTION: GET /api/exams/assigned by admin@rajalakshmiFoundation.in (1) ip=::1 
[2026-02-05T06:55:59.061Z] ACTION: GET /api/exams/exam-centres by admin@rajalakshmiFoundation.in (1) ip=::1 
[2026-02-05T06:55:59.070Z] ACTION: GET /api/exams/divisions-by-state/1 by admin@rajalakshmiFoundation.in (1) ip=::1 
[2026-02-05T06:55:59.079Z] ACTION: GET /api/exams/used-blocks by admin@rajalakshmiFoundation.in (1) ip=::1 
[2026-02-05T06:55:59.087Z] ACTION: GET /api/exams/notassigned by admin@rajalakshmiFoundation.in (1) ip=::1 
[2026-02-05T06:55:59.097Z] ACTION: GET /api/system-config/active by admin@rajalakshmiFoundation.in (1) ip=::1 
[2026-02-05T06:55:59.162Z] ACTION: GET /api/exams/exam-centres by admin@rajalakshmiFoundation.in (1) ip=::1 
[2026-02-05T06:55:59.176Z] ACTION: GET /api/exams/divisions-by-state/1 by admin@rajalakshmiFoundation.in (1) ip=::1 
[2026-02-05T06:55:59.183Z] ACTION: GET /api/exams/notassigned by admin@rajalakshmiFoundation.in (1) ip=::1 
[2026-02-05T06:55:59.202Z] ACTION: GET /api/exams/assigned by admin@rajalakshmiFoundation.in (1) ip=::1 
[2026-02-05T06:55:59.211Z] ACTION: GET /api/system-config/active by admin@rajalakshmiFoundation.in (1) ip=::1 
[2026-02-05T06:55:59.223Z] ACTION: GET /api/exams/blocks-by-district/2920 by admin@rajalakshmiFoundation.in (1) ip=::1 
[2026-02-05T06:55:59.232Z] ACTION: GET /api/exams/blocks-by-district/2914 by admin@rajalakshmiFoundation.in (1) ip=::1 
[2026-02-05T06:55:59.245Z] ACTION: GET /api/exams/blocks-by-district/2910 by admin@rajalakshmiFoundation.in (1) ip=::1 
[2026-02-05T06:55:59.250Z] ACTION: GET /api/exams/blocks-by-district/2934 by admin@rajalakshmiFoundation.in (1) ip=::1 
[2026-02-05T06:55:59.257Z] ACTION: GET /api/exams/blocks-by-district/2908 by admin@rajalakshmiFoundation.in (1) ip=::1 
[2026-02-05T06:55:59.271Z] ACTION: GET /api/exams/blocks-by-district/2909 by admin@rajalakshmiFoundation.in (1) ip=::1 
[2026-02-05T06:55:59.290Z] ACTION: GET /api/exams/blocks-by-district/2911 by admin@rajalakshmiFoundation.in (1) ip=::1 
[2026-02-05T06:55:59.297Z] ACTION: GET /api/exams/blocks-by-district/2903 by admin@rajalakshmiFoundation.in (1) ip=::1 
[2026-02-05T06:55:59.303Z] ACTION: GET /api/exams/blocks-by-district/2902 by admin@rajalakshmiFoundation.in (1) ip=::1 
[2026-02-05T06:55:59.308Z] ACTION: GET /api/exams/blocks-by-district/2901 by admin@rajalakshmiFoundation.in (1) ip=::1 
[2026-02-05T06:55:59.317Z] ACTION: GET /api/exams/blocks-by-district/2930 by admin@rajalakshmiFoundation.in (1) ip=::1 
[2026-02-05T06:55:59.325Z] ACTION: GET /api/exams/used-blocks by admin@rajalakshmiFoundation.in (1) ip=::1 
[2026-02-05T06:55:59.329Z] ACTION: GET /api/exams/blocks-by-district/2920 by admin@rajalakshmiFoundation.in (1) ip=::1 
[2026-02-05T06:55:59.333Z] ACTION: GET /api/exams/blocks-by-district/2910 by admin@rajalakshmiFoundation.in (1) ip=::1 
[2026-02-05T06:55:59.339Z] ACTION: GET /api/exams/blocks-by-district/2934 by admin@rajalakshmiFoundation.in (1) ip=::1 
[2026-02-05T06:55:59.343Z] ACTION: GET /api/exams/blocks-by-district/2914 by admin@rajalakshmiFoundation.in (1) ip=::1 
[2026-02-05T06:55:59.347Z] ACTION: GET /api/exams/blocks-by-district/2908 by admin@rajalakshmiFoundation.in (1) ip=::1 
[2026-02-05T06:55:59.357Z] ACTION: GET /api/exams/blocks-by-district/2909 by admin@rajalakshmiFoundation.in (1) ip=::1 
[2026-02-05T06:55:59.361Z] ACTION: GET /api/exams/blocks-by-district/2911 by admin@rajalakshmiFoundation.in (1) ip=::1 
[2026-02-05T06:55:59.364Z] ACTION: GET /api/exams/blocks-by-district/2903 by admin@rajalakshmiFoundation.in (1) ip=::1 
[2026-02-05T06:55:59.369Z] ACTION: GET /api/exams/blocks-by-district/2902 by admin@rajalakshmiFoundation.in (1) ip=::1 
[2026-02-05T06:55:59.375Z] ACTION: GET /api/exams/blocks-by-district/2901 by admin@rajalakshmiFoundation.in (1) ip=::1 
[2026-02-05T06:55:59.380Z] ACTION: GET /api/exams/blocks-by-district/2930 by admin@rajalakshmiFoundation.in (1) ip=::1 
[2026-02-05T06:55:59.393Z] ACTION: GET /api/exams/blocks-by-district/2920 by admin@rajalakshmiFoundation.in (1) ip=::1 
[2026-02-05T06:55:59.399Z] ACTION: GET /api/exams/blocks-by-district/2910 by admin@rajalakshmiFoundation.in (1) ip=::1 
[2026-02-05T06:55:59.403Z] ACTION: GET /api/exams/blocks-by-district/2934 by admin@rajalakshmiFoundation.in (1) ip=::1 
[2026-02-05T06:55:59.407Z] ACTION: GET /api/exams/blocks-by-district/2909 by admin@rajalakshmiFoundation.in (1) ip=::1 
[2026-02-05T06:55:59.412Z] ACTION: GET /api/exams/blocks-by-district/2911 by admin@rajalakshmiFoundation.in (1) ip=::1 
[2026-02-05T06:55:59.417Z] ACTION: GET /api/exams/blocks-by-district/2903 by admin@rajalakshmiFoundation.in (1) ip=::1 
[2026-02-05T06:55:59.427Z] ACTION: GET /api/exams/blocks-by-district/2902 by admin@rajalakshmiFoundation.in (1) ip=::1 
[2026-02-05T06:55:59.433Z] ACTION: GET /api/exams/blocks-by-district/2901 by admin@rajalakshmiFoundation.in (1) ip=::1 
[2026-02-05T06:55:59.437Z] ACTION: GET /api/exams/blocks-by-district/2930 by admin@rajalakshmiFoundation.in (1) ip=::1 
[2026-02-05T06:55:59.441Z] ACTION: GET /api/exams/blocks-by-district/2920 by admin@rajalakshmiFoundation.in (1) ip=::1 
[2026-02-05T06:55:59.446Z] ACTION: GET /api/exams/blocks-by-district/2910 by admin@rajalakshmiFoundation.in (1) ip=::1 
[2026-02-05T06:55:59.450Z] ACTION: GET /api/exams/blocks-by-district/2934 by admin@rajalakshmiFoundation.in (1) ip=::1 
[2026-02-05T06:55:59.458Z] ACTION: GET /api/exams/blocks-by-district/2909 by admin@rajalakshmiFoundation.in (1) ip=::1 
[2026-02-05T06:55:59.462Z] ACTION: GET /api/exams/blocks-by-district/2911 by admin@rajalakshmiFoundation.in (1) ip=::1 
[2026-02-05T06:55:59.466Z] ACTION: GET /api/exams/blocks-by-district/2903 by admin@rajalakshmiFoundation.in (1) ip=::1 
[2026-02-05T06:55:59.470Z] ACTION: GET /api/exams/blocks-by-district/2902 by admin@rajalakshmiFoundation.in (1) ip=::1 
[2026-02-05T06:55:59.475Z] ACTION: GET /api/exams/blocks-by-district/2901 by admin@rajalakshmiFoundation.in (1) ip=::1 
[2026-02-05T06:55:59.481Z] ACTION: GET /api/exams/blocks-by-district/2930 by admin@rajalakshmiFoundation.in (1) ip=::1 
[2026-02-05T06:55:59.495Z] ACTION: GET /api/exams/blocks-by-district/2920 by admin@rajalakshmiFoundation.in (1) ip=::1 
[2026-02-05T06:55:59.501Z] ACTION: GET /api/exams/blocks-by-district/2911 by admin@rajalakshmiFoundation.in (1) ip=::1 
[2026-02-05T06:55:59.507Z] ACTION: GET /api/exams/blocks-by-district/2901 by admin@rajalakshmiFoundation.in (1) ip=::1 
[2026-02-05T06:55:59.513Z] ACTION: GET /api/exams/blocks-by-district/2930 by admin@rajalakshmiFoundation.in (1) ip=::1 
[2026-02-05T06:55:59.526Z] ACTION: GET /api/exams/blocks-by-district/2920 by admin@rajalakshmiFoundation.in (1) ip=::1 
[2026-02-05T06:55:59.533Z] ACTION: GET /api/exams/blocks-by-district/2911 by admin@rajalakshmiFoundation.in (1) ip=::1 
[2026-02-05T06:55:59.538Z] ACTION: GET /api/exams/blocks-by-district/2901 by admin@rajalakshmiFoundation.in (1) ip=::1 
[2026-02-05T06:55:59.545Z] ACTION: GET /api/exams/blocks-by-district/2930 by admin@rajalakshmiFoundation.in (1) ip=::1 
[2026-02-05T06:55:59.556Z] ACTION: GET /api/exams/blocks-by-district/2920 by admin@rajalakshmiFoundation.in (1) ip=::1 
[2026-02-05T06:55:59.564Z] ACTION: GET /api/exams/blocks-by-district/2901 by admin@rajalakshmiFoundation.in (1) ip=::1 
[2026-02-05T06:55:59.569Z] ACTION: GET /api/exams/blocks-by-district/2930 by admin@rajalakshmiFoundation.in (1) ip=::1 
[2026-02-05T06:55:59.581Z] ACTION: GET /api/exams/blocks-by-district/2920 by admin@rajalakshmiFoundation.in (1) ip=::1 
[2026-02-05T06:55:59.587Z] ACTION: GET /api/exams/blocks-by-district/2901 by admin@rajalakshmiFoundation.in (1) ip=::1 
[2026-02-05T06:55:59.593Z] ACTION: GET /api/exams/blocks-by-district/2930 by admin@rajalakshmiFoundation.in (1) ip=::1 
[2026-02-05T06:56:03.211Z] ACTION: GET /api/exams/3/S_K_HIGH_SCHOOL_CHI_16_05_2025_10_00_14_00/download-all-hall-tickets by anonymous (anonymous) ip=::1 
