{"timestamp":"2026-04-02T12:55:10.388Z","type":"LOGIN","user_name":"admin@rajalakshmifoundation.in","status":"success_pre_auth","ip":"::1"}
{"timestamp":"2026-04-02T12:55:10.413Z","type":"ACTION","user_name":"admin@rajalakshmiFoundation.in","role":"ADMIN","action":"login_complete","status":"success","ip":"::1"}
{"timestamp":"2026-04-02T12:55:10.499Z","type":"ACTION","user_id":"1","user_name":"admin@rajalakshmiFoundation.in","role_name":"ADMIN","method":"GET","path":"/api/applicants/count","action":"GET /api/applicants/count","ip":"::1","details":{"query":{"year":"2025"}}}
{"timestamp":"2026-04-02T12:55:10.504Z","type":"ACTION","user_id":"1","user_name":"admin@rajalakshmiFoundation.in","role_name":"ADMIN","method":"GET","path":"/api/applicants/shortlisted/count","action":"GET /api/applicants/shortlisted/count","ip":"::1","details":{"query":{"year":"2025"}}}
{"timestamp":"2026-04-02T12:55:10.510Z","type":"ACTION","user_id":"1","user_name":"admin@rajalakshmiFoundation.in","role_name":"ADMIN","method":"GET","path":"/api/applicants/selected/count","action":"GET /api/applicants/selected/count","ip":"::1","details":{"query":{"year":"2025"}}}
{"timestamp":"2026-04-02T12:55:10.515Z","type":"ACTION","user_id":"1","user_name":"admin@rajalakshmiFoundation.in","role_name":"ADMIN","method":"GET","path":"/api/system-config/active","action":"GET /api/system-config/active","ip":"::1"}
{"timestamp":"2026-04-02T12:55:10.651Z","type":"ACTION","user_id":"1","user_name":"admin@rajalakshmiFoundation.in","role_name":"ADMIN","method":"GET","path":"/api/system-config/active","action":"GET /api/system-config/active","ip":"::1"}
{"timestamp":"2026-04-02T12:55:10.781Z","type":"ACTION","user_id":"1","user_name":"admin@rajalakshmiFoundation.in","role_name":"ADMIN","method":"GET","path":"/api/applicants/selected/count","action":"GET /api/applicants/selected/count","ip":"::1","details":{"query":{"year":"2025"}}}
{"timestamp":"2026-04-02T12:55:10.804Z","type":"ACTION","user_id":"1","user_name":"admin@rajalakshmiFoundation.in","role_name":"ADMIN","method":"GET","path":"/api/applicants/count","action":"GET /api/applicants/count","ip":"::1","details":{"query":{"year":"2025"}}}
{"timestamp":"2026-04-02T12:55:10.813Z","type":"ACTION","user_id":"1","user_name":"admin@rajalakshmiFoundation.in","role_name":"ADMIN","method":"GET","path":"/api/applicants/shortlisted/count","action":"GET /api/applicants/shortlisted/count","ip":"::1","details":{"query":{"year":"2025"}}}
{"timestamp":"2026-04-02T12:55:20.369Z","type":"ACTION","user_id":"1","user_name":"admin@rajalakshmiFoundation.in","role_name":"ADMIN","method":"GET","path":"/api/applicants/count","action":"GET /api/applicants/count","ip":"::1","details":{"query":{"year":"2025"}}}
{"timestamp":"2026-04-02T12:55:20.378Z","type":"ACTION","user_id":"1","user_name":"admin@rajalakshmiFoundation.in","role_name":"ADMIN","method":"GET","path":"/api/applicants/shortlisted/count","action":"GET /api/applicants/shortlisted/count","ip":"::1","details":{"query":{"year":"2025"}}}
{"timestamp":"2026-04-02T12:55:20.384Z","type":"ACTION","user_id":"1","user_name":"admin@rajalakshmiFoundation.in","role_name":"ADMIN","method":"GET","path":"/api/applicants/selected/count","action":"GET /api/applicants/selected/count","ip":"::1","details":{"query":{"year":"2025"}}}
{"timestamp":"2026-04-02T12:55:20.395Z","type":"ACTION","user_id":"1","user_name":"admin@rajalakshmiFoundation.in","role_name":"ADMIN","method":"GET","path":"/api/system-config/active","action":"GET /api/system-config/active","ip":"::1"}
{"timestamp":"2026-04-02T12:55:20.439Z","type":"ACTION","user_id":"1","user_name":"admin@rajalakshmiFoundation.in","role_name":"ADMIN","method":"GET","path":"/api/applicants/selected/count","action":"GET /api/applicants/selected/count","ip":"::1","details":{"query":{"year":"2025"}}}
{"timestamp":"2026-04-02T12:55:20.467Z","type":"ACTION","user_id":"1","user_name":"admin@rajalakshmiFoundation.in","role_name":"ADMIN","method":"GET","path":"/api/system-config/active","action":"GET /api/system-config/active","ip":"::1"}
{"timestamp":"2026-04-02T12:55:20.544Z","type":"ACTION","user_id":"1","user_name":"admin@rajalakshmiFoundation.in","role_name":"ADMIN","method":"GET","path":"/api/applicants/shortlisted/count","action":"GET /api/applicants/shortlisted/count","ip":"::1","details":{"query":{"year":"2025"}}}
{"timestamp":"2026-04-02T12:55:20.549Z","type":"ACTION","user_id":"1","user_name":"admin@rajalakshmiFoundation.in","role_name":"ADMIN","method":"GET","path":"/api/applicants/count","action":"GET /api/applicants/count","ip":"::1","details":{"query":{"year":"2025"}}}
{"timestamp":"2026-04-02T12:55:29.979Z","type":"ACTION","user_id":"1","user_name":"admin@rajalakshmiFoundation.in","role_name":"ADMIN","method":"GET","path":"/api/applicants/shortlisted/count","action":"GET /api/applicants/shortlisted/count","ip":"::1","details":{"query":{"year":"2025"}}}
{"timestamp":"2026-04-02T12:55:29.995Z","type":"ACTION","user_id":"1","user_name":"admin@rajalakshmiFoundation.in","role_name":"ADMIN","method":"GET","path":"/api/applicants/selected/count","action":"GET /api/applicants/selected/count","ip":"::1","details":{"query":{"year":"2025"}}}
{"timestamp":"2026-04-02T12:55:30.005Z","type":"ACTION","user_id":"1","user_name":"admin@rajalakshmiFoundation.in","role_name":"ADMIN","method":"GET","path":"/api/system-config/active","action":"GET /api/system-config/active","ip":"::1"}
{"timestamp":"2026-04-02T12:55:30.012Z","type":"ACTION","user_id":"1","user_name":"admin@rajalakshmiFoundation.in","role_name":"ADMIN","method":"GET","path":"/api/applicants/count","action":"GET /api/applicants/count","ip":"::1","details":{"query":{"year":"2025"}}}
{"timestamp":"2026-04-02T12:55:30.036Z","type":"ACTION","user_id":"1","user_name":"admin@rajalakshmiFoundation.in","role_name":"ADMIN","method":"GET","path":"/api/applicants/selected/count","action":"GET /api/applicants/selected/count","ip":"::1","details":{"query":{"year":"2025"}}}
{"timestamp":"2026-04-02T12:55:30.053Z","type":"ACTION","user_id":"1","user_name":"admin@rajalakshmiFoundation.in","role_name":"ADMIN","method":"GET","path":"/api/system-config/active","action":"GET /api/system-config/active","ip":"::1"}
{"timestamp":"2026-04-02T12:55:30.107Z","type":"ACTION","user_id":"1","user_name":"admin@rajalakshmiFoundation.in","role_name":"ADMIN","method":"GET","path":"/api/applicants/shortlisted/count","action":"GET /api/applicants/shortlisted/count","ip":"::1","details":{"query":{"year":"2025"}}}
{"timestamp":"2026-04-02T12:55:30.135Z","type":"ACTION","user_id":"1","user_name":"admin@rajalakshmiFoundation.in","role_name":"ADMIN","method":"GET","path":"/api/applicants/count","action":"GET /api/applicants/count","ip":"::1","details":{"query":{"year":"2025"}}}
{"timestamp":"2026-04-02T12:55:41.525Z","type":"ACTION","user_id":"anonymous","user_name":"anonymous","role_name":"anonymous","method":"GET","path":"/api/evaluation-dashboard/overall-progress/2025","action":"GET /api/evaluation-dashboard/overall-progress/2025","ip":"::1"}
{"timestamp":"2026-04-02T12:55:41.575Z","type":"ACTION","user_id":"anonymous","user_name":"anonymous","role_name":"anonymous","method":"GET","path":"/api/evaluation-dashboard/overall/2025","action":"GET /api/evaluation-dashboard/overall/2025","ip":"::1"}
{"timestamp":"2026-04-02T12:55:41.589Z","type":"ACTION","user_id":"anonymous","user_name":"anonymous","role_name":"anonymous","method":"GET","path":"/api/evaluation-dashboard/jurisdictions/2025","action":"GET /api/evaluation-dashboard/jurisdictions/2025","ip":"::1"}
{"timestamp":"2026-04-02T12:55:42.617Z","type":"ACTION","user_id":"anonymous","user_name":"anonymous","role_name":"anonymous","method":"GET","path":"/api/evaluation-dashboard/overall-progress/2025","action":"GET /api/evaluation-dashboard/overall-progress/2025","ip":"::1"}
{"timestamp":"2026-04-02T12:55:42.807Z","type":"ACTION","user_id":"1","user_name":"admin@rajalakshmiFoundation.in","role_name":"ADMIN","method":"GET","path":"/api/exams/viewcentres","action":"GET /api/exams/viewcentres","ip":"::1"}
{"timestamp":"2026-04-02T12:55:42.852Z","type":"ACTION","user_id":"1","user_name":"admin@rajalakshmiFoundation.in","role_name":"ADMIN","method":"GET","path":"/api/exams/assigned","action":"GET /api/exams/assigned","ip":"::1"}
{"timestamp":"2026-04-02T12:55:42.863Z","type":"ACTION","user_id":"1","user_name":"admin@rajalakshmiFoundation.in","role_name":"ADMIN","method":"GET","path":"/api/exams/divisions-by-state/1","action":"GET /api/exams/divisions-by-state/1","ip":"::1"}
{"timestamp":"2026-04-02T12:55:43.655Z","type":"ACTION","user_id":"1","user_name":"admin@rajalakshmiFoundation.in","role_name":"ADMIN","method":"GET","path":"/api/exams/exam-centres","action":"GET /api/exams/exam-centres","ip":"::1"}
{"timestamp":"2026-04-02T12:55:43.693Z","type":"ACTION","user_id":"1","user_name":"admin@rajalakshmiFoundation.in","role_name":"ADMIN","method":"GET","path":"/api/exams/used-blocks","action":"GET /api/exams/used-blocks","ip":"::1"}
{"timestamp":"2026-04-02T12:55:43.773Z","type":"ACTION","user_id":"1","user_name":"admin@rajalakshmiFoundation.in","role_name":"ADMIN","method":"GET","path":"/api/exams/notassigned","action":"GET /api/exams/notassigned","ip":"::1"}
{"timestamp":"2026-04-02T12:55:43.836Z","type":"ACTION","user_id":"1","user_name":"admin@rajalakshmiFoundation.in","role_name":"ADMIN","method":"GET","path":"/api/exams/viewcentres","action":"GET /api/exams/viewcentres","ip":"::1"}
{"timestamp":"2026-04-02T12:55:43.875Z","type":"ACTION","user_id":"1","user_name":"admin@rajalakshmiFoundation.in","role_name":"ADMIN","method":"GET","path":"/api/exams/divisions-by-state/1","action":"GET /api/exams/divisions-by-state/1","ip":"::1"}
{"timestamp":"2026-04-02T12:55:43.879Z","type":"ACTION","user_id":"1","user_name":"admin@rajalakshmiFoundation.in","role_name":"ADMIN","method":"GET","path":"/api/exams/assigned","action":"GET /api/exams/assigned","ip":"::1"}
{"timestamp":"2026-04-02T12:55:44.005Z","type":"ACTION","user_id":"1","user_name":"admin@rajalakshmiFoundation.in","role_name":"ADMIN","method":"GET","path":"/api/exams/exam-centres","action":"GET /api/exams/exam-centres","ip":"::1"}
{"timestamp":"2026-04-02T12:55:44.010Z","type":"ACTION","user_id":"1","user_name":"admin@rajalakshmiFoundation.in","role_name":"ADMIN","method":"GET","path":"/api/exams/used-blocks","action":"GET /api/exams/used-blocks","ip":"::1"}
{"timestamp":"2026-04-02T12:55:44.012Z","type":"ACTION","user_id":"1","user_name":"admin@rajalakshmiFoundation.in","role_name":"ADMIN","method":"GET","path":"/api/exams/notassigned","action":"GET /api/exams/notassigned","ip":"::1"}
{"timestamp":"2026-04-02T12:55:44.041Z","type":"ACTION","user_id":"1","user_name":"admin@rajalakshmiFoundation.in","role_name":"ADMIN","method":"GET","path":"/api/exams/blocks-by-district/2930","action":"GET /api/exams/blocks-by-district/2930","ip":"::1"}
{"timestamp":"2026-04-02T12:55:44.096Z","type":"ACTION","user_id":"1","user_name":"admin@rajalakshmiFoundation.in","role_name":"ADMIN","method":"GET","path":"/api/exams/blocks-by-district/2920","action":"GET /api/exams/blocks-by-district/2920","ip":"::1"}
{"timestamp":"2026-04-02T12:55:44.102Z","type":"ACTION","user_id":"1","user_name":"admin@rajalakshmiFoundation.in","role_name":"ADMIN","method":"GET","path":"/api/exams/blocks-by-district/2914","action":"GET /api/exams/blocks-by-district/2914","ip":"::1"}
{"timestamp":"2026-04-02T12:55:44.106Z","type":"ACTION","user_id":"1","user_name":"admin@rajalakshmiFoundation.in","role_name":"ADMIN","method":"GET","path":"/api/exams/blocks-by-district/2910","action":"GET /api/exams/blocks-by-district/2910","ip":"::1"}
{"timestamp":"2026-04-02T12:55:44.114Z","type":"ACTION","user_id":"1","user_name":"admin@rajalakshmiFoundation.in","role_name":"ADMIN","method":"GET","path":"/api/exams/blocks-by-district/2934","action":"GET /api/exams/blocks-by-district/2934","ip":"::1"}
{"timestamp":"2026-04-02T12:55:44.128Z","type":"ACTION","user_id":"1","user_name":"admin@rajalakshmiFoundation.in","role_name":"ADMIN","method":"GET","path":"/api/exams/blocks-by-district/2908","action":"GET /api/exams/blocks-by-district/2908","ip":"::1"}
{"timestamp":"2026-04-02T12:55:44.133Z","type":"ACTION","user_id":"1","user_name":"admin@rajalakshmiFoundation.in","role_name":"ADMIN","method":"GET","path":"/api/exams/blocks-by-district/2909","action":"GET /api/exams/blocks-by-district/2909","ip":"::1"}
{"timestamp":"2026-04-02T12:55:44.138Z","type":"ACTION","user_id":"1","user_name":"admin@rajalakshmiFoundation.in","role_name":"ADMIN","method":"GET","path":"/api/exams/blocks-by-district/2911","action":"GET /api/exams/blocks-by-district/2911","ip":"::1"}
{"timestamp":"2026-04-02T12:55:44.142Z","type":"ACTION","user_id":"1","user_name":"admin@rajalakshmiFoundation.in","role_name":"ADMIN","method":"GET","path":"/api/exams/blocks-by-district/2903","action":"GET /api/exams/blocks-by-district/2903","ip":"::1"}
{"timestamp":"2026-04-02T12:55:44.147Z","type":"ACTION","user_id":"1","user_name":"admin@rajalakshmiFoundation.in","role_name":"ADMIN","method":"GET","path":"/api/exams/blocks-by-district/2902","action":"GET /api/exams/blocks-by-district/2902","ip":"::1"}
{"timestamp":"2026-04-02T12:55:44.159Z","type":"ACTION","user_id":"1","user_name":"admin@rajalakshmiFoundation.in","role_name":"ADMIN","method":"GET","path":"/api/exams/blocks-by-district/2901","action":"GET /api/exams/blocks-by-district/2901","ip":"::1"}
{"timestamp":"2026-04-02T12:55:44.163Z","type":"ACTION","user_id":"anonymous","user_name":"anonymous","role_name":"anonymous","method":"GET","path":"/api/evaluation-dashboard/jurisdictions/2025","action":"GET /api/evaluation-dashboard/jurisdictions/2025","ip":"::1"}
{"timestamp":"2026-04-02T12:55:44.169Z","type":"ACTION","user_id":"1","user_name":"admin@rajalakshmiFoundation.in","role_name":"ADMIN","method":"GET","path":"/api/exams/blocks-by-district/2930","action":"GET /api/exams/blocks-by-district/2930","ip":"::1"}
{"timestamp":"2026-04-02T12:55:44.172Z","type":"ACTION","user_id":"1","user_name":"admin@rajalakshmiFoundation.in","role_name":"ADMIN","method":"GET","path":"/api/exams/blocks-by-district/2920","action":"GET /api/exams/blocks-by-district/2920","ip":"::1"}
{"timestamp":"2026-04-02T12:55:44.176Z","type":"ACTION","user_id":"1","user_name":"admin@rajalakshmiFoundation.in","role_name":"ADMIN","method":"GET","path":"/api/exams/blocks-by-district/2914","action":"GET /api/exams/blocks-by-district/2914","ip":"::1"}
{"timestamp":"2026-04-02T12:55:44.185Z","type":"ACTION","user_id":"1","user_name":"admin@rajalakshmiFoundation.in","role_name":"ADMIN","method":"GET","path":"/api/exams/blocks-by-district/2910","action":"GET /api/exams/blocks-by-district/2910","ip":"::1"}
{"timestamp":"2026-04-02T12:55:44.197Z","type":"ACTION","user_id":"1","user_name":"admin@rajalakshmiFoundation.in","role_name":"ADMIN","method":"GET","path":"/api/exams/blocks-by-district/2934","action":"GET /api/exams/blocks-by-district/2934","ip":"::1"}
{"timestamp":"2026-04-02T12:55:44.204Z","type":"ACTION","user_id":"anonymous","user_name":"anonymous","role_name":"anonymous","method":"GET","path":"/api/evaluation-dashboard/overall/2025","action":"GET /api/evaluation-dashboard/overall/2025","ip":"::1"}
{"timestamp":"2026-04-02T12:55:44.209Z","type":"ACTION","user_id":"1","user_name":"admin@rajalakshmiFoundation.in","role_name":"ADMIN","method":"GET","path":"/api/exams/blocks-by-district/2908","action":"GET /api/exams/blocks-by-district/2908","ip":"::1"}
{"timestamp":"2026-04-02T12:55:44.216Z","type":"ACTION","user_id":"1","user_name":"admin@rajalakshmiFoundation.in","role_name":"ADMIN","method":"GET","path":"/api/exams/blocks-by-district/2909","action":"GET /api/exams/blocks-by-district/2909","ip":"::1"}
{"timestamp":"2026-04-02T12:55:44.220Z","type":"ACTION","user_id":"1","user_name":"admin@rajalakshmiFoundation.in","role_name":"ADMIN","method":"GET","path":"/api/exams/blocks-by-district/2911","action":"GET /api/exams/blocks-by-district/2911","ip":"::1"}
{"timestamp":"2026-04-02T12:55:44.251Z","type":"ACTION","user_id":"1","user_name":"admin@rajalakshmiFoundation.in","role_name":"ADMIN","method":"GET","path":"/api/exams/blocks-by-district/2903","action":"GET /api/exams/blocks-by-district/2903","ip":"::1"}
{"timestamp":"2026-04-02T12:55:44.280Z","type":"ACTION","user_id":"1","user_name":"admin@rajalakshmiFoundation.in","role_name":"ADMIN","method":"GET","path":"/api/exams/blocks-by-district/2902","action":"GET /api/exams/blocks-by-district/2902","ip":"::1"}
{"timestamp":"2026-04-02T12:55:44.291Z","type":"ACTION","user_id":"1","user_name":"admin@rajalakshmiFoundation.in","role_name":"ADMIN","method":"GET","path":"/api/exams/blocks-by-district/2901","action":"GET /api/exams/blocks-by-district/2901","ip":"::1"}
{"timestamp":"2026-04-02T12:55:44.302Z","type":"ACTION","user_id":"1","user_name":"admin@rajalakshmiFoundation.in","role_name":"ADMIN","method":"GET","path":"/api/exams/blocks-by-district/2930","action":"GET /api/exams/blocks-by-district/2930","ip":"::1"}
{"timestamp":"2026-04-02T12:55:44.915Z","type":"ACTION","user_id":"1","user_name":"admin@rajalakshmiFoundation.in","role_name":"ADMIN","method":"GET","path":"/api/exams/blocks-by-district/2920","action":"GET /api/exams/blocks-by-district/2920","ip":"::1"}
{"timestamp":"2026-04-02T12:55:44.992Z","type":"ACTION","user_id":"1","user_name":"admin@rajalakshmiFoundation.in","role_name":"ADMIN","method":"GET","path":"/api/exams/blocks-by-district/2910","action":"GET /api/exams/blocks-by-district/2910","ip":"::1"}
{"timestamp":"2026-04-02T12:55:45.072Z","type":"ACTION","user_id":"1","user_name":"admin@rajalakshmiFoundation.in","role_name":"ADMIN","method":"GET","path":"/api/exams/blocks-by-district/2934","action":"GET /api/exams/blocks-by-district/2934","ip":"::1"}
{"timestamp":"2026-04-02T12:55:45.104Z","type":"ACTION","user_id":"1","user_name":"admin@rajalakshmiFoundation.in","role_name":"ADMIN","method":"GET","path":"/api/exams/blocks-by-district/2909","action":"GET /api/exams/blocks-by-district/2909","ip":"::1"}
{"timestamp":"2026-04-02T12:55:46.552Z","type":"ACTION","user_id":"1","user_name":"admin@rajalakshmiFoundation.in","role_name":"ADMIN","method":"GET","path":"/api/exams/blocks-by-district/2911","action":"GET /api/exams/blocks-by-district/2911","ip":"::1"}
{"timestamp":"2026-04-02T12:55:46.603Z","type":"ACTION","user_id":"1","user_name":"admin@rajalakshmiFoundation.in","role_name":"ADMIN","method":"GET","path":"/api/exams/blocks-by-district/2903","action":"GET /api/exams/blocks-by-district/2903","ip":"::1"}
{"timestamp":"2026-04-02T12:55:46.614Z","type":"ACTION","user_id":"1","user_name":"admin@rajalakshmiFoundation.in","role_name":"ADMIN","method":"GET","path":"/api/exams/blocks-by-district/2902","action":"GET /api/exams/blocks-by-district/2902","ip":"::1"}
{"timestamp":"2026-04-02T12:55:46.769Z","type":"ACTION","user_id":"1","user_name":"admin@rajalakshmiFoundation.in","role_name":"ADMIN","method":"GET","path":"/api/exams/blocks-by-district/2901","action":"GET /api/exams/blocks-by-district/2901","ip":"::1"}
{"timestamp":"2026-04-02T12:55:46.978Z","type":"ACTION","user_id":"1","user_name":"admin@rajalakshmiFoundation.in","role_name":"ADMIN","method":"GET","path":"/api/exams/blocks-by-district/2930","action":"GET /api/exams/blocks-by-district/2930","ip":"::1"}
{"timestamp":"2026-04-02T12:55:46.988Z","type":"ACTION","user_id":"1","user_name":"admin@rajalakshmiFoundation.in","role_name":"ADMIN","method":"GET","path":"/api/exams/blocks-by-district/2920","action":"GET /api/exams/blocks-by-district/2920","ip":"::1"}
{"timestamp":"2026-04-02T12:55:46.996Z","type":"ACTION","user_id":"1","user_name":"admin@rajalakshmiFoundation.in","role_name":"ADMIN","method":"GET","path":"/api/exams/blocks-by-district/2910","action":"GET /api/exams/blocks-by-district/2910","ip":"::1"}
{"timestamp":"2026-04-02T12:55:47.009Z","type":"ACTION","user_id":"1","user_name":"admin@rajalakshmiFoundation.in","role_name":"ADMIN","method":"GET","path":"/api/exams/blocks-by-district/2934","action":"GET /api/exams/blocks-by-district/2934","ip":"::1"}
{"timestamp":"2026-04-02T12:55:47.103Z","type":"ACTION","user_id":"1","user_name":"admin@rajalakshmiFoundation.in","role_name":"ADMIN","method":"GET","path":"/api/exams/blocks-by-district/2909","action":"GET /api/exams/blocks-by-district/2909","ip":"::1"}
{"timestamp":"2026-04-02T12:55:47.111Z","type":"ACTION","user_id":"1","user_name":"admin@rajalakshmiFoundation.in","role_name":"ADMIN","method":"GET","path":"/api/exams/blocks-by-district/2903","action":"GET /api/exams/blocks-by-district/2903","ip":"::1"}
{"timestamp":"2026-04-02T12:55:47.115Z","type":"ACTION","user_id":"1","user_name":"admin@rajalakshmiFoundation.in","role_name":"ADMIN","method":"GET","path":"/api/exams/blocks-by-district/2911","action":"GET /api/exams/blocks-by-district/2911","ip":"::1"}
{"timestamp":"2026-04-02T12:55:47.128Z","type":"ACTION","user_id":"1","user_name":"admin@rajalakshmiFoundation.in","role_name":"ADMIN","method":"GET","path":"/api/exams/blocks-by-district/2902","action":"GET /api/exams/blocks-by-district/2902","ip":"::1"}
{"timestamp":"2026-04-02T12:55:47.230Z","type":"ACTION","user_id":"1","user_name":"admin@rajalakshmiFoundation.in","role_name":"ADMIN","method":"GET","path":"/api/exams/blocks-by-district/2901","action":"GET /api/exams/blocks-by-district/2901","ip":"::1"}
{"timestamp":"2026-04-02T12:55:47.250Z","type":"ACTION","user_id":"1","user_name":"admin@rajalakshmiFoundation.in","role_name":"ADMIN","method":"GET","path":"/api/exams/blocks-by-district/2930","action":"GET /api/exams/blocks-by-district/2930","ip":"::1"}
{"timestamp":"2026-04-02T12:55:47.254Z","type":"ACTION","user_id":"1","user_name":"admin@rajalakshmiFoundation.in","role_name":"ADMIN","method":"GET","path":"/api/exams/blocks-by-district/2920","action":"GET /api/exams/blocks-by-district/2920","ip":"::1"}
{"timestamp":"2026-04-02T12:55:47.270Z","type":"ACTION","user_id":"1","user_name":"admin@rajalakshmiFoundation.in","role_name":"ADMIN","method":"GET","path":"/api/exams/blocks-by-district/2911","action":"GET /api/exams/blocks-by-district/2911","ip":"::1"}
{"timestamp":"2026-04-02T12:55:47.334Z","type":"ACTION","user_id":"1","user_name":"admin@rajalakshmiFoundation.in","role_name":"ADMIN","method":"GET","path":"/api/exams/blocks-by-district/2901","action":"GET /api/exams/blocks-by-district/2901","ip":"::1"}
{"timestamp":"2026-04-02T12:55:47.340Z","type":"ACTION","user_id":"1","user_name":"admin@rajalakshmiFoundation.in","role_name":"ADMIN","method":"GET","path":"/api/exams/blocks-by-district/2930","action":"GET /api/exams/blocks-by-district/2930","ip":"::1"}
{"timestamp":"2026-04-02T12:55:47.346Z","type":"ACTION","user_id":"1","user_name":"admin@rajalakshmiFoundation.in","role_name":"ADMIN","method":"GET","path":"/api/exams/blocks-by-district/2920","action":"GET /api/exams/blocks-by-district/2920","ip":"::1"}
{"timestamp":"2026-04-02T12:55:47.355Z","type":"ACTION","user_id":"1","user_name":"admin@rajalakshmiFoundation.in","role_name":"ADMIN","method":"GET","path":"/api/exams/blocks-by-district/2911","action":"GET /api/exams/blocks-by-district/2911","ip":"::1"}
{"timestamp":"2026-04-02T12:55:47.371Z","type":"ACTION","user_id":"1","user_name":"admin@rajalakshmiFoundation.in","role_name":"ADMIN","method":"GET","path":"/api/exams/blocks-by-district/2901","action":"GET /api/exams/blocks-by-district/2901","ip":"::1"}
{"timestamp":"2026-04-02T12:55:47.378Z","type":"ACTION","user_id":"1","user_name":"admin@rajalakshmiFoundation.in","role_name":"ADMIN","method":"GET","path":"/api/exams/blocks-by-district/2930","action":"GET /api/exams/blocks-by-district/2930","ip":"::1"}
{"timestamp":"2026-04-02T12:55:47.384Z","type":"ACTION","user_id":"1","user_name":"admin@rajalakshmiFoundation.in","role_name":"ADMIN","method":"GET","path":"/api/exams/blocks-by-district/2920","action":"GET /api/exams/blocks-by-district/2920","ip":"::1"}
{"timestamp":"2026-04-02T12:55:47.391Z","type":"ACTION","user_id":"1","user_name":"admin@rajalakshmiFoundation.in","role_name":"ADMIN","method":"GET","path":"/api/exams/blocks-by-district/2901","action":"GET /api/exams/blocks-by-district/2901","ip":"::1"}
{"timestamp":"2026-04-02T12:55:47.396Z","type":"ACTION","user_id":"1","user_name":"admin@rajalakshmiFoundation.in","role_name":"ADMIN","method":"GET","path":"/api/exams/blocks-by-district/2930","action":"GET /api/exams/blocks-by-district/2930","ip":"::1"}
{"timestamp":"2026-04-02T12:55:47.404Z","type":"ACTION","user_id":"1","user_name":"admin@rajalakshmiFoundation.in","role_name":"ADMIN","method":"GET","path":"/api/exams/blocks-by-district/2920","action":"GET /api/exams/blocks-by-district/2920","ip":"::1"}
{"timestamp":"2026-04-02T12:55:47.415Z","type":"ACTION","user_id":"1","user_name":"admin@rajalakshmiFoundation.in","role_name":"ADMIN","method":"GET","path":"/api/exams/blocks-by-district/2901","action":"GET /api/exams/blocks-by-district/2901","ip":"::1"}
{"timestamp":"2026-04-02T12:55:47.422Z","type":"ACTION","user_id":"1","user_name":"admin@rajalakshmiFoundation.in","role_name":"ADMIN","method":"GET","path":"/api/exams/blocks-by-district/2930","action":"GET /api/exams/blocks-by-district/2930","ip":"::1"}
{"timestamp":"2026-04-02T12:55:47.430Z","type":"ACTION","user_id":"1","user_name":"admin@rajalakshmiFoundation.in","role_name":"ADMIN","method":"GET","path":"/api/exams/blocks-by-district/2930","action":"GET /api/exams/blocks-by-district/2930","ip":"::1"}
{"timestamp":"2026-04-02T12:55:54.445Z","type":"ACTION","user_id":"anonymous","user_name":"anonymous","role_name":"anonymous","method":"GET","path":"/api/exams/4/A_K_HIGH_SCHOOL_ATH_18_05_2025_10_00_14_00/download-all-hall-tickets","action":"GET /api/exams/4/A_K_HIGH_SCHOOL_ATH_18_05_2025_10_00_14_00/download-all-hall-tickets","ip":"::1"}
{"timestamp":"2026-04-02T12:56:04.269Z","type":"ACTION","user_id":"anonymous","user_name":"anonymous","role_name":"anonymous","method":"GET","path":"/api/exams/3/S_K_HIGH_SCHOOL_CHI_16_05_2025_10_00_14_00/download-all-hall-tickets","action":"GET /api/exams/3/S_K_HIGH_SCHOOL_CHI_16_05_2025_10_00_14_00/download-all-hall-tickets","ip":"::1"}
{"timestamp":"2026-04-02T12:59:56.220Z","type":"ACTION","user_id":"1","user_name":"admin@rajalakshmiFoundation.in","role_name":"ADMIN","method":"GET","path":"/api/exams/viewcentres","action":"GET /api/exams/viewcentres","ip":"::1"}
{"timestamp":"2026-04-02T12:59:56.248Z","type":"ACTION","user_id":"1","user_name":"admin@rajalakshmiFoundation.in","role_name":"ADMIN","method":"GET","path":"/api/exams/assigned","action":"GET /api/exams/assigned","ip":"::1"}
{"timestamp":"2026-04-02T12:59:56.255Z","type":"ACTION","user_id":"1","user_name":"admin@rajalakshmiFoundation.in","role_name":"ADMIN","method":"GET","path":"/api/exams/exam-centres","action":"GET /api/exams/exam-centres","ip":"::1"}
{"timestamp":"2026-04-02T12:59:56.265Z","type":"ACTION","user_id":"1","user_name":"admin@rajalakshmiFoundation.in","role_name":"ADMIN","method":"GET","path":"/api/exams/divisions-by-state/1","action":"GET /api/exams/divisions-by-state/1","ip":"::1"}
{"timestamp":"2026-04-02T12:59:56.281Z","type":"ACTION","user_id":"1","user_name":"admin@rajalakshmiFoundation.in","role_name":"ADMIN","method":"GET","path":"/api/exams/used-blocks","action":"GET /api/exams/used-blocks","ip":"::1"}
{"timestamp":"2026-04-02T12:59:56.429Z","type":"ACTION","user_id":"1","user_name":"admin@rajalakshmiFoundation.in","role_name":"ADMIN","method":"GET","path":"/api/exams/viewcentres","action":"GET /api/exams/viewcentres","ip":"::1"}
{"timestamp":"2026-04-02T12:59:56.441Z","type":"ACTION","user_id":"1","user_name":"admin@rajalakshmiFoundation.in","role_name":"ADMIN","method":"GET","path":"/api/exams/exam-centres","action":"GET /api/exams/exam-centres","ip":"::1"}
{"timestamp":"2026-04-02T12:59:56.447Z","type":"ACTION","user_id":"1","user_name":"admin@rajalakshmiFoundation.in","role_name":"ADMIN","method":"GET","path":"/api/exams/divisions-by-state/1","action":"GET /api/exams/divisions-by-state/1","ip":"::1"}
{"timestamp":"2026-04-02T12:59:56.556Z","type":"ACTION","user_id":"1","user_name":"admin@rajalakshmiFoundation.in","role_name":"ADMIN","method":"GET","path":"/api/exams/used-blocks","action":"GET /api/exams/used-blocks","ip":"::1"}
{"timestamp":"2026-04-02T12:59:56.568Z","type":"ACTION","user_id":"1","user_name":"admin@rajalakshmiFoundation.in","role_name":"ADMIN","method":"GET","path":"/api/exams/assigned","action":"GET /api/exams/assigned","ip":"::1"}
{"timestamp":"2026-04-02T12:59:56.579Z","type":"ACTION","user_id":"1","user_name":"admin@rajalakshmiFoundation.in","role_name":"ADMIN","method":"GET","path":"/api/exams/blocks-by-district/2920","action":"GET /api/exams/blocks-by-district/2920","ip":"::1"}
{"timestamp":"2026-04-02T12:59:56.583Z","type":"ACTION","user_id":"1","user_name":"admin@rajalakshmiFoundation.in","role_name":"ADMIN","method":"GET","path":"/api/exams/blocks-by-district/2930","action":"GET /api/exams/blocks-by-district/2930","ip":"::1"}
{"timestamp":"2026-04-02T12:59:56.611Z","type":"ACTION","user_id":"1","user_name":"admin@rajalakshmiFoundation.in","role_name":"ADMIN","method":"GET","path":"/api/exams/blocks-by-district/2914","action":"GET /api/exams/blocks-by-district/2914","ip":"::1"}
{"timestamp":"2026-04-02T12:59:56.639Z","type":"ACTION","user_id":"1","user_name":"admin@rajalakshmiFoundation.in","role_name":"ADMIN","method":"GET","path":"/api/exams/blocks-by-district/2910","action":"GET /api/exams/blocks-by-district/2910","ip":"::1"}
{"timestamp":"2026-04-02T12:59:56.645Z","type":"ACTION","user_id":"1","user_name":"admin@rajalakshmiFoundation.in","role_name":"ADMIN","method":"GET","path":"/api/exams/blocks-by-district/2920","action":"GET /api/exams/blocks-by-district/2920","ip":"::1"}
{"timestamp":"2026-04-02T12:59:56.648Z","type":"ACTION","user_id":"1","user_name":"admin@rajalakshmiFoundation.in","role_name":"ADMIN","method":"GET","path":"/api/exams/blocks-by-district/2934","action":"GET /api/exams/blocks-by-district/2934","ip":"::1"}
{"timestamp":"2026-04-02T12:59:56.652Z","type":"ACTION","user_id":"1","user_name":"admin@rajalakshmiFoundation.in","role_name":"ADMIN","method":"GET","path":"/api/exams/blocks-by-district/2930","action":"GET /api/exams/blocks-by-district/2930","ip":"::1"}
{"timestamp":"2026-04-02T12:59:56.655Z","type":"ACTION","user_id":"1","user_name":"admin@rajalakshmiFoundation.in","role_name":"ADMIN","method":"GET","path":"/api/exams/blocks-by-district/2908","action":"GET /api/exams/blocks-by-district/2908","ip":"::1"}
{"timestamp":"2026-04-02T12:59:56.658Z","type":"ACTION","user_id":"1","user_name":"admin@rajalakshmiFoundation.in","role_name":"ADMIN","method":"GET","path":"/api/exams/blocks-by-district/2909","action":"GET /api/exams/blocks-by-district/2909","ip":"::1"}
{"timestamp":"2026-04-02T12:59:56.666Z","type":"ACTION","user_id":"1","user_name":"admin@rajalakshmiFoundation.in","role_name":"ADMIN","method":"GET","path":"/api/exams/blocks-by-district/2911","action":"GET /api/exams/blocks-by-district/2911","ip":"::1"}
{"timestamp":"2026-04-02T12:59:56.672Z","type":"ACTION","user_id":"1","user_name":"admin@rajalakshmiFoundation.in","role_name":"ADMIN","method":"GET","path":"/api/exams/blocks-by-district/2903","action":"GET /api/exams/blocks-by-district/2903","ip":"::1"}
{"timestamp":"2026-04-02T12:59:56.676Z","type":"ACTION","user_id":"1","user_name":"admin@rajalakshmiFoundation.in","role_name":"ADMIN","method":"GET","path":"/api/exams/blocks-by-district/2901","action":"GET /api/exams/blocks-by-district/2901","ip":"::1"}
{"timestamp":"2026-04-02T12:59:56.679Z","type":"ACTION","user_id":"1","user_name":"admin@rajalakshmiFoundation.in","role_name":"ADMIN","method":"GET","path":"/api/exams/blocks-by-district/2902","action":"GET /api/exams/blocks-by-district/2902","ip":"::1"}
{"timestamp":"2026-04-02T12:59:56.682Z","type":"ACTION","user_id":"1","user_name":"admin@rajalakshmiFoundation.in","role_name":"ADMIN","method":"GET","path":"/api/exams/blocks-by-district/2914","action":"GET /api/exams/blocks-by-district/2914","ip":"::1"}
{"timestamp":"2026-04-02T12:59:56.688Z","type":"ACTION","user_id":"1","user_name":"admin@rajalakshmiFoundation.in","role_name":"ADMIN","method":"GET","path":"/api/exams/blocks-by-district/2910","action":"GET /api/exams/blocks-by-district/2910","ip":"::1"}
{"timestamp":"2026-04-02T12:59:56.692Z","type":"ACTION","user_id":"1","user_name":"admin@rajalakshmiFoundation.in","role_name":"ADMIN","method":"GET","path":"/api/exams/blocks-by-district/2920","action":"GET /api/exams/blocks-by-district/2920","ip":"::1"}
{"timestamp":"2026-04-02T12:59:56.697Z","type":"ACTION","user_id":"1","user_name":"admin@rajalakshmiFoundation.in","role_name":"ADMIN","method":"GET","path":"/api/exams/blocks-by-district/2934","action":"GET /api/exams/blocks-by-district/2934","ip":"::1"}
{"timestamp":"2026-04-02T12:59:56.702Z","type":"ACTION","user_id":"1","user_name":"admin@rajalakshmiFoundation.in","role_name":"ADMIN","method":"GET","path":"/api/exams/blocks-by-district/2930","action":"GET /api/exams/blocks-by-district/2930","ip":"::1"}
{"timestamp":"2026-04-02T12:59:56.706Z","type":"ACTION","user_id":"1","user_name":"admin@rajalakshmiFoundation.in","role_name":"ADMIN","method":"GET","path":"/api/exams/blocks-by-district/2908","action":"GET /api/exams/blocks-by-district/2908","ip":"::1"}
{"timestamp":"2026-04-02T12:59:56.721Z","type":"ACTION","user_id":"1","user_name":"admin@rajalakshmiFoundation.in","role_name":"ADMIN","method":"GET","path":"/api/exams/blocks-by-district/2911","action":"GET /api/exams/blocks-by-district/2911","ip":"::1"}
{"timestamp":"2026-04-02T12:59:56.726Z","type":"ACTION","user_id":"1","user_name":"admin@rajalakshmiFoundation.in","role_name":"ADMIN","method":"GET","path":"/api/exams/blocks-by-district/2903","action":"GET /api/exams/blocks-by-district/2903","ip":"::1"}
{"timestamp":"2026-04-02T12:59:56.729Z","type":"ACTION","user_id":"1","user_name":"admin@rajalakshmiFoundation.in","role_name":"ADMIN","method":"GET","path":"/api/exams/blocks-by-district/2901","action":"GET /api/exams/blocks-by-district/2901","ip":"::1"}
{"timestamp":"2026-04-02T12:59:56.732Z","type":"ACTION","user_id":"1","user_name":"admin@rajalakshmiFoundation.in","role_name":"ADMIN","method":"GET","path":"/api/exams/blocks-by-district/2902","action":"GET /api/exams/blocks-by-district/2902","ip":"::1"}
{"timestamp":"2026-04-02T12:59:56.735Z","type":"ACTION","user_id":"1","user_name":"admin@rajalakshmiFoundation.in","role_name":"ADMIN","method":"GET","path":"/api/exams/blocks-by-district/2910","action":"GET /api/exams/blocks-by-district/2910","ip":"::1"}
{"timestamp":"2026-04-02T12:59:56.743Z","type":"ACTION","user_id":"1","user_name":"admin@rajalakshmiFoundation.in","role_name":"ADMIN","method":"GET","path":"/api/exams/blocks-by-district/2920","action":"GET /api/exams/blocks-by-district/2920","ip":"::1"}
{"timestamp":"2026-04-02T12:59:56.746Z","type":"ACTION","user_id":"1","user_name":"admin@rajalakshmiFoundation.in","role_name":"ADMIN","method":"GET","path":"/api/exams/blocks-by-district/2934","action":"GET /api/exams/blocks-by-district/2934","ip":"::1"}
{"timestamp":"2026-04-02T12:59:56.749Z","type":"ACTION","user_id":"1","user_name":"admin@rajalakshmiFoundation.in","role_name":"ADMIN","method":"GET","path":"/api/exams/blocks-by-district/2930","action":"GET /api/exams/blocks-by-district/2930","ip":"::1"}
{"timestamp":"2026-04-02T12:59:56.752Z","type":"ACTION","user_id":"1","user_name":"admin@rajalakshmiFoundation.in","role_name":"ADMIN","method":"GET","path":"/api/exams/blocks-by-district/2911","action":"GET /api/exams/blocks-by-district/2911","ip":"::1"}
{"timestamp":"2026-04-02T12:59:56.754Z","type":"ACTION","user_id":"1","user_name":"admin@rajalakshmiFoundation.in","role_name":"ADMIN","method":"GET","path":"/api/exams/blocks-by-district/2903","action":"GET /api/exams/blocks-by-district/2903","ip":"::1"}
{"timestamp":"2026-04-02T12:59:56.768Z","type":"ACTION","user_id":"1","user_name":"admin@rajalakshmiFoundation.in","role_name":"ADMIN","method":"GET","path":"/api/exams/blocks-by-district/2901","action":"GET /api/exams/blocks-by-district/2901","ip":"::1"}
{"timestamp":"2026-04-02T12:59:56.771Z","type":"ACTION","user_id":"1","user_name":"admin@rajalakshmiFoundation.in","role_name":"ADMIN","method":"GET","path":"/api/exams/blocks-by-district/2902","action":"GET /api/exams/blocks-by-district/2902","ip":"::1"}
{"timestamp":"2026-04-02T12:59:56.774Z","type":"ACTION","user_id":"1","user_name":"admin@rajalakshmiFoundation.in","role_name":"ADMIN","method":"GET","path":"/api/exams/blocks-by-district/2910","action":"GET /api/exams/blocks-by-district/2910","ip":"::1"}
{"timestamp":"2026-04-02T12:59:56.777Z","type":"ACTION","user_id":"1","user_name":"admin@rajalakshmiFoundation.in","role_name":"ADMIN","method":"GET","path":"/api/exams/blocks-by-district/2920","action":"GET /api/exams/blocks-by-district/2920","ip":"::1"}
{"timestamp":"2026-04-02T12:59:56.781Z","type":"ACTION","user_id":"1","user_name":"admin@rajalakshmiFoundation.in","role_name":"ADMIN","method":"GET","path":"/api/exams/blocks-by-district/2934","action":"GET /api/exams/blocks-by-district/2934","ip":"::1"}
{"timestamp":"2026-04-02T12:59:56.789Z","type":"ACTION","user_id":"1","user_name":"admin@rajalakshmiFoundation.in","role_name":"ADMIN","method":"GET","path":"/api/exams/blocks-by-district/2930","action":"GET /api/exams/blocks-by-district/2930","ip":"::1"}
{"timestamp":"2026-04-02T12:59:56.792Z","type":"ACTION","user_id":"1","user_name":"admin@rajalakshmiFoundation.in","role_name":"ADMIN","method":"GET","path":"/api/exams/blocks-by-district/2911","action":"GET /api/exams/blocks-by-district/2911","ip":"::1"}
{"timestamp":"2026-04-02T12:59:56.795Z","type":"ACTION","user_id":"1","user_name":"admin@rajalakshmiFoundation.in","role_name":"ADMIN","method":"GET","path":"/api/exams/blocks-by-district/2903","action":"GET /api/exams/blocks-by-district/2903","ip":"::1"}
{"timestamp":"2026-04-02T12:59:56.798Z","type":"ACTION","user_id":"1","user_name":"admin@rajalakshmiFoundation.in","role_name":"ADMIN","method":"GET","path":"/api/exams/blocks-by-district/2901","action":"GET /api/exams/blocks-by-district/2901","ip":"::1"}
{"timestamp":"2026-04-02T12:59:56.802Z","type":"ACTION","user_id":"1","user_name":"admin@rajalakshmiFoundation.in","role_name":"ADMIN","method":"GET","path":"/api/exams/blocks-by-district/2902","action":"GET /api/exams/blocks-by-district/2902","ip":"::1"}
{"timestamp":"2026-04-02T12:59:56.815Z","type":"ACTION","user_id":"1","user_name":"admin@rajalakshmiFoundation.in","role_name":"ADMIN","method":"GET","path":"/api/exams/blocks-by-district/2920","action":"GET /api/exams/blocks-by-district/2920","ip":"::1"}
{"timestamp":"2026-04-02T12:59:56.818Z","type":"ACTION","user_id":"1","user_name":"admin@rajalakshmiFoundation.in","role_name":"ADMIN","method":"GET","path":"/api/exams/blocks-by-district/2911","action":"GET /api/exams/blocks-by-district/2911","ip":"::1"}
{"timestamp":"2026-04-02T12:59:56.822Z","type":"ACTION","user_id":"1","user_name":"admin@rajalakshmiFoundation.in","role_name":"ADMIN","method":"GET","path":"/api/exams/blocks-by-district/2930","action":"GET /api/exams/blocks-by-district/2930","ip":"::1"}
{"timestamp":"2026-04-02T12:59:56.825Z","type":"ACTION","user_id":"1","user_name":"admin@rajalakshmiFoundation.in","role_name":"ADMIN","method":"GET","path":"/api/exams/blocks-by-district/2901","action":"GET /api/exams/blocks-by-district/2901","ip":"::1"}
{"timestamp":"2026-04-02T12:59:56.833Z","type":"ACTION","user_id":"1","user_name":"admin@rajalakshmiFoundation.in","role_name":"ADMIN","method":"GET","path":"/api/exams/blocks-by-district/2920","action":"GET /api/exams/blocks-by-district/2920","ip":"::1"}
{"timestamp":"2026-04-02T12:59:56.836Z","type":"ACTION","user_id":"1","user_name":"admin@rajalakshmiFoundation.in","role_name":"ADMIN","method":"GET","path":"/api/exams/blocks-by-district/2909","action":"GET /api/exams/blocks-by-district/2909","ip":"::1"}
{"timestamp":"2026-04-02T12:59:56.840Z","type":"ACTION","user_id":"1","user_name":"admin@rajalakshmiFoundation.in","role_name":"ADMIN","method":"GET","path":"/api/exams/blocks-by-district/2911","action":"GET /api/exams/blocks-by-district/2911","ip":"::1"}
{"timestamp":"2026-04-02T12:59:56.845Z","type":"ACTION","user_id":"1","user_name":"admin@rajalakshmiFoundation.in","role_name":"ADMIN","method":"GET","path":"/api/exams/blocks-by-district/2930","action":"GET /api/exams/blocks-by-district/2930","ip":"::1"}
{"timestamp":"2026-04-02T12:59:56.848Z","type":"ACTION","user_id":"1","user_name":"admin@rajalakshmiFoundation.in","role_name":"ADMIN","method":"GET","path":"/api/exams/blocks-by-district/2901","action":"GET /api/exams/blocks-by-district/2901","ip":"::1"}
{"timestamp":"2026-04-02T12:59:56.858Z","type":"ACTION","user_id":"1","user_name":"admin@rajalakshmiFoundation.in","role_name":"ADMIN","method":"GET","path":"/api/exams/blocks-by-district/2920","action":"GET /api/exams/blocks-by-district/2920","ip":"::1"}
{"timestamp":"2026-04-02T12:59:56.861Z","type":"ACTION","user_id":"1","user_name":"admin@rajalakshmiFoundation.in","role_name":"ADMIN","method":"GET","path":"/api/exams/blocks-by-district/2909","action":"GET /api/exams/blocks-by-district/2909","ip":"::1"}
{"timestamp":"2026-04-02T12:59:56.865Z","type":"ACTION","user_id":"1","user_name":"admin@rajalakshmiFoundation.in","role_name":"ADMIN","method":"GET","path":"/api/exams/blocks-by-district/2930","action":"GET /api/exams/blocks-by-district/2930","ip":"::1"}
{"timestamp":"2026-04-02T12:59:56.868Z","type":"ACTION","user_id":"1","user_name":"admin@rajalakshmiFoundation.in","role_name":"ADMIN","method":"GET","path":"/api/exams/blocks-by-district/2901","action":"GET /api/exams/blocks-by-district/2901","ip":"::1"}
{"timestamp":"2026-04-02T12:59:56.877Z","type":"ACTION","user_id":"1","user_name":"admin@rajalakshmiFoundation.in","role_name":"ADMIN","method":"GET","path":"/api/exams/blocks-by-district/2909","action":"GET /api/exams/blocks-by-district/2909","ip":"::1"}
{"timestamp":"2026-04-02T12:59:56.880Z","type":"ACTION","user_id":"1","user_name":"admin@rajalakshmiFoundation.in","role_name":"ADMIN","method":"GET","path":"/api/exams/blocks-by-district/2930","action":"GET /api/exams/blocks-by-district/2930","ip":"::1"}
{"timestamp":"2026-04-02T12:59:56.884Z","type":"ACTION","user_id":"1","user_name":"admin@rajalakshmiFoundation.in","role_name":"ADMIN","method":"GET","path":"/api/exams/blocks-by-district/2901","action":"GET /api/exams/blocks-by-district/2901","ip":"::1"}
{"timestamp":"2026-04-02T12:59:56.890Z","type":"ACTION","user_id":"1","user_name":"admin@rajalakshmiFoundation.in","role_name":"ADMIN","method":"GET","path":"/api/exams/blocks-by-district/2930","action":"GET /api/exams/blocks-by-district/2930","ip":"::1"}
{"timestamp":"2026-04-02T12:59:58.782Z","type":"ACTION","user_id":"1","user_name":"admin@rajalakshmiFoundation.in","role_name":"ADMIN","method":"GET","path":"/api/exams/education-districts-by-division/4","action":"GET /api/exams/education-districts-by-division/4","ip":"::1"}
{"timestamp":"2026-04-02T13:00:00.846Z","type":"ACTION","user_id":"1","user_name":"admin@rajalakshmiFoundation.in","role_name":"ADMIN","method":"GET","path":"/api/exams/blocks-by-district/2930","action":"GET /api/exams/blocks-by-district/2930","ip":"::1"}
{"timestamp":"2026-04-02T13:00:04.407Z","type":"ACTION","user_id":"anonymous","user_name":"anonymous","role_name":"anonymous","method":"POST","path":"/api/exams/40/assign-students","action":"POST /api/exams/40/assign-students","ip":"::1","details":{"body":{"division":"4","educationDistrict":"2930","blocks":["293007"]}}}
{"timestamp":"2026-04-02T13:00:04.656Z","type":"ACTION","user_id":"anonymous","user_name":"anonymous","role_name":"anonymous","method":"POST","path":"/api/exams/40/assign-students","action":"POST /api/exams/40/assign-students","ip":"::1","details":{"body":{"division":"4","educationDistrict":"2930","blocks":["293007"]},"statusCode":500},"status":"error","error":"Cannot read properties of undefined (reading 'toString')"}
{"timestamp":"2026-04-02T13:01:35.934Z","type":"ACTION","user_id":"1","user_name":"admin@rajalakshmiFoundation.in","role_name":"ADMIN","method":"GET","path":"/api/exams/viewcentres","action":"GET /api/exams/viewcentres","ip":"::ffff:127.0.0.1"}
{"timestamp":"2026-04-02T13:01:35.947Z","type":"ACTION","user_id":"1","user_name":"admin@rajalakshmiFoundation.in","role_name":"ADMIN","method":"GET","path":"/api/exams/assigned","action":"GET /api/exams/assigned","ip":"::ffff:127.0.0.1"}
{"timestamp":"2026-04-02T13:01:35.955Z","type":"ACTION","user_id":"1","user_name":"admin@rajalakshmiFoundation.in","role_name":"ADMIN","method":"GET","path":"/api/exams/exam-centres","action":"GET /api/exams/exam-centres","ip":"::ffff:127.0.0.1"}
{"timestamp":"2026-04-02T13:01:35.963Z","type":"ACTION","user_id":"1","user_name":"admin@rajalakshmiFoundation.in","role_name":"ADMIN","method":"GET","path":"/api/exams/used-blocks","action":"GET /api/exams/used-blocks","ip":"::ffff:127.0.0.1"}
{"timestamp":"2026-04-02T13:01:35.972Z","type":"ACTION","user_id":"1","user_name":"admin@rajalakshmiFoundation.in","role_name":"ADMIN","method":"GET","path":"/api/exams/divisions-by-state/1","action":"GET /api/exams/divisions-by-state/1","ip":"::ffff:127.0.0.1"}
{"timestamp":"2026-04-02T13:01:36.051Z","type":"ACTION","user_id":"1","user_name":"admin@rajalakshmiFoundation.in","role_name":"ADMIN","method":"GET","path":"/api/exams/viewcentres","action":"GET /api/exams/viewcentres","ip":"::ffff:127.0.0.1"}
{"timestamp":"2026-04-02T13:01:36.075Z","type":"ACTION","user_id":"1","user_name":"admin@rajalakshmiFoundation.in","role_name":"ADMIN","method":"GET","path":"/api/exams/exam-centres","action":"GET /api/exams/exam-centres","ip":"::ffff:127.0.0.1"}
{"timestamp":"2026-04-02T13:01:36.097Z","type":"ACTION","user_id":"1","user_name":"admin@rajalakshmiFoundation.in","role_name":"ADMIN","method":"GET","path":"/api/exams/divisions-by-state/1","action":"GET /api/exams/divisions-by-state/1","ip":"::ffff:127.0.0.1"}
{"timestamp":"2026-04-02T13:01:36.277Z","type":"ACTION","user_id":"1","user_name":"admin@rajalakshmiFoundation.in","role_name":"ADMIN","method":"GET","path":"/api/exams/used-blocks","action":"GET /api/exams/used-blocks","ip":"::ffff:127.0.0.1"}
{"timestamp":"2026-04-02T13:01:36.287Z","type":"ACTION","user_id":"1","user_name":"admin@rajalakshmiFoundation.in","role_name":"ADMIN","method":"GET","path":"/api/exams/assigned","action":"GET /api/exams/assigned","ip":"::ffff:127.0.0.1"}
{"timestamp":"2026-04-02T13:01:36.300Z","type":"ACTION","user_id":"1","user_name":"admin@rajalakshmiFoundation.in","role_name":"ADMIN","method":"GET","path":"/api/exams/blocks-by-district/2930","action":"GET /api/exams/blocks-by-district/2930","ip":"::ffff:127.0.0.1"}
{"timestamp":"2026-04-02T13:01:36.306Z","type":"ACTION","user_id":"1","user_name":"admin@rajalakshmiFoundation.in","role_name":"ADMIN","method":"GET","path":"/api/exams/blocks-by-district/2920","action":"GET /api/exams/blocks-by-district/2920","ip":"::ffff:127.0.0.1"}
{"timestamp":"2026-04-02T13:01:36.317Z","type":"ACTION","user_id":"1","user_name":"admin@rajalakshmiFoundation.in","role_name":"ADMIN","method":"GET","path":"/api/exams/blocks-by-district/2914","action":"GET /api/exams/blocks-by-district/2914","ip":"::ffff:127.0.0.1"}
{"timestamp":"2026-04-02T13:01:36.337Z","type":"ACTION","user_id":"1","user_name":"admin@rajalakshmiFoundation.in","role_name":"ADMIN","method":"GET","path":"/api/exams/blocks-by-district/2910","action":"GET /api/exams/blocks-by-district/2910","ip":"::ffff:127.0.0.1"}
{"timestamp":"2026-04-02T13:01:36.341Z","type":"ACTION","user_id":"1","user_name":"admin@rajalakshmiFoundation.in","role_name":"ADMIN","method":"GET","path":"/api/exams/blocks-by-district/2930","action":"GET /api/exams/blocks-by-district/2930","ip":"::ffff:127.0.0.1"}
{"timestamp":"2026-04-02T13:01:36.345Z","type":"ACTION","user_id":"1","user_name":"admin@rajalakshmiFoundation.in","role_name":"ADMIN","method":"GET","path":"/api/exams/blocks-by-district/2920","action":"GET /api/exams/blocks-by-district/2920","ip":"::ffff:127.0.0.1"}
{"timestamp":"2026-04-02T13:01:36.349Z","type":"ACTION","user_id":"1","user_name":"admin@rajalakshmiFoundation.in","role_name":"ADMIN","method":"GET","path":"/api/exams/blocks-by-district/2908","action":"GET /api/exams/blocks-by-district/2908","ip":"::ffff:127.0.0.1"}
{"timestamp":"2026-04-02T13:01:36.353Z","type":"ACTION","user_id":"1","user_name":"admin@rajalakshmiFoundation.in","role_name":"ADMIN","method":"GET","path":"/api/exams/blocks-by-district/2934","action":"GET /api/exams/blocks-by-district/2934","ip":"::ffff:127.0.0.1"}
{"timestamp":"2026-04-02T13:01:36.370Z","type":"ACTION","user_id":"1","user_name":"admin@rajalakshmiFoundation.in","role_name":"ADMIN","method":"GET","path":"/api/exams/blocks-by-district/2909","action":"GET /api/exams/blocks-by-district/2909","ip":"::ffff:127.0.0.1"}
{"timestamp":"2026-04-02T13:01:36.375Z","type":"ACTION","user_id":"1","user_name":"admin@rajalakshmiFoundation.in","role_name":"ADMIN","method":"GET","path":"/api/exams/blocks-by-district/2911","action":"GET /api/exams/blocks-by-district/2911","ip":"::ffff:127.0.0.1"}
{"timestamp":"2026-04-02T13:01:36.380Z","type":"ACTION","user_id":"1","user_name":"admin@rajalakshmiFoundation.in","role_name":"ADMIN","method":"GET","path":"/api/exams/blocks-by-district/2903","action":"GET /api/exams/blocks-by-district/2903","ip":"::ffff:127.0.0.1"}
{"timestamp":"2026-04-02T13:01:36.385Z","type":"ACTION","user_id":"1","user_name":"admin@rajalakshmiFoundation.in","role_name":"ADMIN","method":"GET","path":"/api/exams/blocks-by-district/2902","action":"GET /api/exams/blocks-by-district/2902","ip":"::ffff:127.0.0.1"}
{"timestamp":"2026-04-02T13:01:36.392Z","type":"ACTION","user_id":"1","user_name":"admin@rajalakshmiFoundation.in","role_name":"ADMIN","method":"GET","path":"/api/exams/blocks-by-district/2901","action":"GET /api/exams/blocks-by-district/2901","ip":"::ffff:127.0.0.1"}
{"timestamp":"2026-04-02T13:01:36.404Z","type":"ACTION","user_id":"1","user_name":"admin@rajalakshmiFoundation.in","role_name":"ADMIN","method":"GET","path":"/api/exams/blocks-by-district/2910","action":"GET /api/exams/blocks-by-district/2910","ip":"::ffff:127.0.0.1"}
{"timestamp":"2026-04-02T13:01:36.406Z","type":"ACTION","user_id":"1","user_name":"admin@rajalakshmiFoundation.in","role_name":"ADMIN","method":"GET","path":"/api/exams/blocks-by-district/2930","action":"GET /api/exams/blocks-by-district/2930","ip":"::ffff:127.0.0.1"}
{"timestamp":"2026-04-02T13:01:36.411Z","type":"ACTION","user_id":"1","user_name":"admin@rajalakshmiFoundation.in","role_name":"ADMIN","method":"GET","path":"/api/exams/blocks-by-district/2920","action":"GET /api/exams/blocks-by-district/2920","ip":"::ffff:127.0.0.1"}
{"timestamp":"2026-04-02T13:01:36.415Z","type":"ACTION","user_id":"1","user_name":"admin@rajalakshmiFoundation.in","role_name":"ADMIN","method":"GET","path":"/api/exams/blocks-by-district/2914","action":"GET /api/exams/blocks-by-district/2914","ip":"::ffff:127.0.0.1"}
{"timestamp":"2026-04-02T13:01:36.418Z","type":"ACTION","user_id":"1","user_name":"admin@rajalakshmiFoundation.in","role_name":"ADMIN","method":"GET","path":"/api/exams/blocks-by-district/2908","action":"GET /api/exams/blocks-by-district/2908","ip":"::ffff:127.0.0.1"}
{"timestamp":"2026-04-02T13:01:36.427Z","type":"ACTION","user_id":"1","user_name":"admin@rajalakshmiFoundation.in","role_name":"ADMIN","method":"GET","path":"/api/exams/blocks-by-district/2909","action":"GET /api/exams/blocks-by-district/2909","ip":"::ffff:127.0.0.1"}
{"timestamp":"2026-04-02T13:01:36.431Z","type":"ACTION","user_id":"1","user_name":"admin@rajalakshmiFoundation.in","role_name":"ADMIN","method":"GET","path":"/api/exams/blocks-by-district/2911","action":"GET /api/exams/blocks-by-district/2911","ip":"::ffff:127.0.0.1"}
{"timestamp":"2026-04-02T13:01:36.434Z","type":"ACTION","user_id":"1","user_name":"admin@rajalakshmiFoundation.in","role_name":"ADMIN","method":"GET","path":"/api/exams/blocks-by-district/2903","action":"GET /api/exams/blocks-by-district/2903","ip":"::ffff:127.0.0.1"}
{"timestamp":"2026-04-02T13:01:36.438Z","type":"ACTION","user_id":"1","user_name":"admin@rajalakshmiFoundation.in","role_name":"ADMIN","method":"GET","path":"/api/exams/blocks-by-district/2902","action":"GET /api/exams/blocks-by-district/2902","ip":"::ffff:127.0.0.1"}
{"timestamp":"2026-04-02T13:01:36.441Z","type":"ACTION","user_id":"1","user_name":"admin@rajalakshmiFoundation.in","role_name":"ADMIN","method":"GET","path":"/api/exams/blocks-by-district/2901","action":"GET /api/exams/blocks-by-district/2901","ip":"::ffff:127.0.0.1"}
{"timestamp":"2026-04-02T13:01:36.448Z","type":"ACTION","user_id":"1","user_name":"admin@rajalakshmiFoundation.in","role_name":"ADMIN","method":"GET","path":"/api/exams/blocks-by-district/2910","action":"GET /api/exams/blocks-by-district/2910","ip":"::ffff:127.0.0.1"}
{"timestamp":"2026-04-02T13:01:36.452Z","type":"ACTION","user_id":"1","user_name":"admin@rajalakshmiFoundation.in","role_name":"ADMIN","method":"GET","path":"/api/exams/blocks-by-district/2930","action":"GET /api/exams/blocks-by-district/2930","ip":"::ffff:127.0.0.1"}
{"timestamp":"2026-04-02T13:01:36.455Z","type":"ACTION","user_id":"1","user_name":"admin@rajalakshmiFoundation.in","role_name":"ADMIN","method":"GET","path":"/api/exams/blocks-by-district/2920","action":"GET /api/exams/blocks-by-district/2920","ip":"::ffff:127.0.0.1"}
{"timestamp":"2026-04-02T13:01:36.460Z","type":"ACTION","user_id":"1","user_name":"admin@rajalakshmiFoundation.in","role_name":"ADMIN","method":"GET","path":"/api/exams/blocks-by-district/2909","action":"GET /api/exams/blocks-by-district/2909","ip":"::ffff:127.0.0.1"}
{"timestamp":"2026-04-02T13:01:36.463Z","type":"ACTION","user_id":"1","user_name":"admin@rajalakshmiFoundation.in","role_name":"ADMIN","method":"GET","path":"/api/exams/blocks-by-district/2911","action":"GET /api/exams/blocks-by-district/2911","ip":"::ffff:127.0.0.1"}
{"timestamp":"2026-04-02T13:01:36.471Z","type":"ACTION","user_id":"1","user_name":"admin@rajalakshmiFoundation.in","role_name":"ADMIN","method":"GET","path":"/api/exams/blocks-by-district/2903","action":"GET /api/exams/blocks-by-district/2903","ip":"::ffff:127.0.0.1"}
{"timestamp":"2026-04-02T13:01:36.474Z","type":"ACTION","user_id":"1","user_name":"admin@rajalakshmiFoundation.in","role_name":"ADMIN","method":"GET","path":"/api/exams/blocks-by-district/2902","action":"GET /api/exams/blocks-by-district/2902","ip":"::ffff:127.0.0.1"}
{"timestamp":"2026-04-02T13:01:36.478Z","type":"ACTION","user_id":"1","user_name":"admin@rajalakshmiFoundation.in","role_name":"ADMIN","method":"GET","path":"/api/exams/blocks-by-district/2901","action":"GET /api/exams/blocks-by-district/2901","ip":"::ffff:127.0.0.1"}
{"timestamp":"2026-04-02T13:01:36.480Z","type":"ACTION","user_id":"1","user_name":"admin@rajalakshmiFoundation.in","role_name":"ADMIN","method":"GET","path":"/api/exams/blocks-by-district/2910","action":"GET /api/exams/blocks-by-district/2910","ip":"::ffff:127.0.0.1"}
{"timestamp":"2026-04-02T13:01:36.484Z","type":"ACTION","user_id":"1","user_name":"admin@rajalakshmiFoundation.in","role_name":"ADMIN","method":"GET","path":"/api/exams/blocks-by-district/2930","action":"GET /api/exams/blocks-by-district/2930","ip":"::ffff:127.0.0.1"}
{"timestamp":"2026-04-02T13:01:36.494Z","type":"ACTION","user_id":"1","user_name":"admin@rajalakshmiFoundation.in","role_name":"ADMIN","method":"GET","path":"/api/exams/blocks-by-district/2920","action":"GET /api/exams/blocks-by-district/2920","ip":"::ffff:127.0.0.1"}
{"timestamp":"2026-04-02T13:01:36.496Z","type":"ACTION","user_id":"1","user_name":"admin@rajalakshmiFoundation.in","role_name":"ADMIN","method":"GET","path":"/api/exams/blocks-by-district/2909","action":"GET /api/exams/blocks-by-district/2909","ip":"::ffff:127.0.0.1"}
{"timestamp":"2026-04-02T13:01:36.500Z","type":"ACTION","user_id":"1","user_name":"admin@rajalakshmiFoundation.in","role_name":"ADMIN","method":"GET","path":"/api/exams/blocks-by-district/2911","action":"GET /api/exams/blocks-by-district/2911","ip":"::ffff:127.0.0.1"}
{"timestamp":"2026-04-02T13:01:36.503Z","type":"ACTION","user_id":"1","user_name":"admin@rajalakshmiFoundation.in","role_name":"ADMIN","method":"GET","path":"/api/exams/blocks-by-district/2903","action":"GET /api/exams/blocks-by-district/2903","ip":"::ffff:127.0.0.1"}
{"timestamp":"2026-04-02T13:01:36.507Z","type":"ACTION","user_id":"1","user_name":"admin@rajalakshmiFoundation.in","role_name":"ADMIN","method":"GET","path":"/api/exams/blocks-by-district/2902","action":"GET /api/exams/blocks-by-district/2902","ip":"::ffff:127.0.0.1"}
{"timestamp":"2026-04-02T13:01:36.516Z","type":"ACTION","user_id":"1","user_name":"admin@rajalakshmiFoundation.in","role_name":"ADMIN","method":"GET","path":"/api/exams/blocks-by-district/2901","action":"GET /api/exams/blocks-by-district/2901","ip":"::ffff:127.0.0.1"}
{"timestamp":"2026-04-02T13:01:36.518Z","type":"ACTION","user_id":"1","user_name":"admin@rajalakshmiFoundation.in","role_name":"ADMIN","method":"GET","path":"/api/exams/blocks-by-district/2930","action":"GET /api/exams/blocks-by-district/2930","ip":"::ffff:127.0.0.1"}
{"timestamp":"2026-04-02T13:01:36.523Z","type":"ACTION","user_id":"1","user_name":"admin@rajalakshmiFoundation.in","role_name":"ADMIN","method":"GET","path":"/api/exams/blocks-by-district/2934","action":"GET /api/exams/blocks-by-district/2934","ip":"::ffff:127.0.0.1"}
{"timestamp":"2026-04-02T13:01:36.527Z","type":"ACTION","user_id":"1","user_name":"admin@rajalakshmiFoundation.in","role_name":"ADMIN","method":"GET","path":"/api/exams/blocks-by-district/2920","action":"GET /api/exams/blocks-by-district/2920","ip":"::ffff:127.0.0.1"}
{"timestamp":"2026-04-02T13:01:36.530Z","type":"ACTION","user_id":"1","user_name":"admin@rajalakshmiFoundation.in","role_name":"ADMIN","method":"GET","path":"/api/exams/blocks-by-district/2911","action":"GET /api/exams/blocks-by-district/2911","ip":"::ffff:127.0.0.1"}
{"timestamp":"2026-04-02T13:01:36.538Z","type":"ACTION","user_id":"1","user_name":"admin@rajalakshmiFoundation.in","role_name":"ADMIN","method":"GET","path":"/api/exams/blocks-by-district/2901","action":"GET /api/exams/blocks-by-district/2901","ip":"::ffff:127.0.0.1"}
{"timestamp":"2026-04-02T13:01:36.542Z","type":"ACTION","user_id":"1","user_name":"admin@rajalakshmiFoundation.in","role_name":"ADMIN","method":"GET","path":"/api/exams/blocks-by-district/2930","action":"GET /api/exams/blocks-by-district/2930","ip":"::ffff:127.0.0.1"}
{"timestamp":"2026-04-02T13:01:36.545Z","type":"ACTION","user_id":"1","user_name":"admin@rajalakshmiFoundation.in","role_name":"ADMIN","method":"GET","path":"/api/exams/blocks-by-district/2934","action":"GET /api/exams/blocks-by-district/2934","ip":"::ffff:127.0.0.1"}
{"timestamp":"2026-04-02T13:01:36.549Z","type":"ACTION","user_id":"1","user_name":"admin@rajalakshmiFoundation.in","role_name":"ADMIN","method":"GET","path":"/api/exams/blocks-by-district/2920","action":"GET /api/exams/blocks-by-district/2920","ip":"::ffff:127.0.0.1"}
{"timestamp":"2026-04-02T13:01:36.552Z","type":"ACTION","user_id":"1","user_name":"admin@rajalakshmiFoundation.in","role_name":"ADMIN","method":"GET","path":"/api/exams/blocks-by-district/2911","action":"GET /api/exams/blocks-by-district/2911","ip":"::ffff:127.0.0.1"}
{"timestamp":"2026-04-02T13:01:36.559Z","type":"ACTION","user_id":"1","user_name":"admin@rajalakshmiFoundation.in","role_name":"ADMIN","method":"GET","path":"/api/exams/blocks-by-district/2901","action":"GET /api/exams/blocks-by-district/2901","ip":"::ffff:127.0.0.1"}
{"timestamp":"2026-04-02T13:01:36.564Z","type":"ACTION","user_id":"1","user_name":"admin@rajalakshmiFoundation.in","role_name":"ADMIN","method":"GET","path":"/api/exams/blocks-by-district/2930","action":"GET /api/exams/blocks-by-district/2930","ip":"::ffff:127.0.0.1"}
{"timestamp":"2026-04-02T13:01:36.568Z","type":"ACTION","user_id":"1","user_name":"admin@rajalakshmiFoundation.in","role_name":"ADMIN","method":"GET","path":"/api/exams/blocks-by-district/2934","action":"GET /api/exams/blocks-by-district/2934","ip":"::ffff:127.0.0.1"}
{"timestamp":"2026-04-02T13:01:36.571Z","type":"ACTION","user_id":"1","user_name":"admin@rajalakshmiFoundation.in","role_name":"ADMIN","method":"GET","path":"/api/exams/blocks-by-district/2920","action":"GET /api/exams/blocks-by-district/2920","ip":"::ffff:127.0.0.1"}
{"timestamp":"2026-04-02T13:01:36.578Z","type":"ACTION","user_id":"1","user_name":"admin@rajalakshmiFoundation.in","role_name":"ADMIN","method":"GET","path":"/api/exams/blocks-by-district/2901","action":"GET /api/exams/blocks-by-district/2901","ip":"::ffff:127.0.0.1"}
{"timestamp":"2026-04-02T13:01:36.582Z","type":"ACTION","user_id":"1","user_name":"admin@rajalakshmiFoundation.in","role_name":"ADMIN","method":"GET","path":"/api/exams/blocks-by-district/2930","action":"GET /api/exams/blocks-by-district/2930","ip":"::ffff:127.0.0.1"}
{"timestamp":"2026-04-02T13:01:36.588Z","type":"ACTION","user_id":"1","user_name":"admin@rajalakshmiFoundation.in","role_name":"ADMIN","method":"GET","path":"/api/exams/blocks-by-district/2901","action":"GET /api/exams/blocks-by-district/2901","ip":"::ffff:127.0.0.1"}
{"timestamp":"2026-04-02T13:01:36.591Z","type":"ACTION","user_id":"1","user_name":"admin@rajalakshmiFoundation.in","role_name":"ADMIN","method":"GET","path":"/api/exams/blocks-by-district/2930","action":"GET /api/exams/blocks-by-district/2930","ip":"::ffff:127.0.0.1"}
{"timestamp":"2026-04-02T13:01:43.305Z","type":"ACTION","user_id":"1","user_name":"admin@rajalakshmiFoundation.in","role_name":"ADMIN","method":"GET","path":"/api/exams/viewcentres","action":"GET /api/exams/viewcentres","ip":"::1"}
{"timestamp":"2026-04-02T13:01:43.315Z","type":"ACTION","user_id":"1","user_name":"admin@rajalakshmiFoundation.in","role_name":"ADMIN","method":"GET","path":"/api/exams/assigned","action":"GET /api/exams/assigned","ip":"::1"}
{"timestamp":"2026-04-02T13:01:43.325Z","type":"ACTION","user_id":"1","user_name":"admin@rajalakshmiFoundation.in","role_name":"ADMIN","method":"GET","path":"/api/exams/exam-centres","action":"GET /api/exams/exam-centres","ip":"::1"}
{"timestamp":"2026-04-02T13:01:43.329Z","type":"ACTION","user_id":"1","user_name":"admin@rajalakshmiFoundation.in","role_name":"ADMIN","method":"GET","path":"/api/exams/divisions-by-state/1","action":"GET /api/exams/divisions-by-state/1","ip":"::1"}
{"timestamp":"2026-04-02T13:01:43.337Z","type":"ACTION","user_id":"1","user_name":"admin@rajalakshmiFoundation.in","role_name":"ADMIN","method":"GET","path":"/api/exams/used-blocks","action":"GET /api/exams/used-blocks","ip":"::1"}
{"timestamp":"2026-04-02T13:01:43.355Z","type":"ACTION","user_id":"1","user_name":"admin@rajalakshmiFoundation.in","role_name":"ADMIN","method":"GET","path":"/api/exams/notassigned","action":"GET /api/exams/notassigned","ip":"::1"}
{"timestamp":"2026-04-02T13:01:43.362Z","type":"ACTION","user_id":"1","user_name":"admin@rajalakshmiFoundation.in","role_name":"ADMIN","method":"GET","path":"/api/exams/viewcentres","action":"GET /api/exams/viewcentres","ip":"::1"}
{"timestamp":"2026-04-02T13:01:43.368Z","type":"ACTION","user_id":"1","user_name":"admin@rajalakshmiFoundation.in","role_name":"ADMIN","method":"GET","path":"/api/exams/exam-centres","action":"GET /api/exams/exam-centres","ip":"::1"}
{"timestamp":"2026-04-02T13:01:43.375Z","type":"ACTION","user_id":"1","user_name":"admin@rajalakshmiFoundation.in","role_name":"ADMIN","method":"GET","path":"/api/exams/divisions-by-state/1","action":"GET /api/exams/divisions-by-state/1","ip":"::1"}
{"timestamp":"2026-04-02T13:01:43.389Z","type":"ACTION","user_id":"1","user_name":"admin@rajalakshmiFoundation.in","role_name":"ADMIN","method":"GET","path":"/api/system-config/active","action":"GET /api/system-config/active","ip":"::1"}
{"timestamp":"2026-04-02T13:01:43.396Z","type":"ACTION","user_id":"1","user_name":"admin@rajalakshmiFoundation.in","role_name":"ADMIN","method":"GET","path":"/api/exams/notassigned","action":"GET /api/exams/notassigned","ip":"::1"}
{"timestamp":"2026-04-02T13:01:43.400Z","type":"ACTION","user_id":"1","user_name":"admin@rajalakshmiFoundation.in","role_name":"ADMIN","method":"GET","path":"/api/exams/used-blocks","action":"GET /api/exams/used-blocks","ip":"::1"}
{"timestamp":"2026-04-02T13:01:43.410Z","type":"ACTION","user_id":"1","user_name":"admin@rajalakshmiFoundation.in","role_name":"ADMIN","method":"GET","path":"/api/system-config/active","action":"GET /api/system-config/active","ip":"::1"}
{"timestamp":"2026-04-02T13:01:43.424Z","type":"ACTION","user_id":"1","user_name":"admin@rajalakshmiFoundation.in","role_name":"ADMIN","method":"GET","path":"/api/exams/assigned","action":"GET /api/exams/assigned","ip":"::1"}
{"timestamp":"2026-04-02T13:01:43.435Z","type":"ACTION","user_id":"1","user_name":"admin@rajalakshmiFoundation.in","role_name":"ADMIN","method":"GET","path":"/api/exams/blocks-by-district/2930","action":"GET /api/exams/blocks-by-district/2930","ip":"::1"}
{"timestamp":"2026-04-02T13:01:43.442Z","type":"ACTION","user_id":"1","user_name":"admin@rajalakshmiFoundation.in","role_name":"ADMIN","method":"GET","path":"/api/exams/blocks-by-district/2920","action":"GET /api/exams/blocks-by-district/2920","ip":"::1"}
{"timestamp":"2026-04-02T13:01:43.451Z","type":"ACTION","user_id":"1","user_name":"admin@rajalakshmiFoundation.in","role_name":"ADMIN","method":"GET","path":"/api/exams/blocks-by-district/2914","action":"GET /api/exams/blocks-by-district/2914","ip":"::1"}
{"timestamp":"2026-04-02T13:01:43.467Z","type":"ACTION","user_id":"1","user_name":"admin@rajalakshmiFoundation.in","role_name":"ADMIN","method":"GET","path":"/api/exams/blocks-by-district/2910","action":"GET /api/exams/blocks-by-district/2910","ip":"::1"}
{"timestamp":"2026-04-02T13:01:43.473Z","type":"ACTION","user_id":"1","user_name":"admin@rajalakshmiFoundation.in","role_name":"ADMIN","method":"GET","path":"/api/exams/blocks-by-district/2930","action":"GET /api/exams/blocks-by-district/2930","ip":"::1"}
{"timestamp":"2026-04-02T13:01:43.478Z","type":"ACTION","user_id":"1","user_name":"admin@rajalakshmiFoundation.in","role_name":"ADMIN","method":"GET","path":"/api/exams/blocks-by-district/2920","action":"GET /api/exams/blocks-by-district/2920","ip":"::1"}
{"timestamp":"2026-04-02T13:01:43.484Z","type":"ACTION","user_id":"1","user_name":"admin@rajalakshmiFoundation.in","role_name":"ADMIN","method":"GET","path":"/api/exams/blocks-by-district/2934","action":"GET /api/exams/blocks-by-district/2934","ip":"::1"}
{"timestamp":"2026-04-02T13:01:43.488Z","type":"ACTION","user_id":"1","user_name":"admin@rajalakshmiFoundation.in","role_name":"ADMIN","method":"GET","path":"/api/exams/blocks-by-district/2908","action":"GET /api/exams/blocks-by-district/2908","ip":"::1"}
{"timestamp":"2026-04-02T13:01:43.501Z","type":"ACTION","user_id":"1","user_name":"admin@rajalakshmiFoundation.in","role_name":"ADMIN","method":"GET","path":"/api/exams/blocks-by-district/2909","action":"GET /api/exams/blocks-by-district/2909","ip":"::1"}
{"timestamp":"2026-04-02T13:01:43.505Z","type":"ACTION","user_id":"1","user_name":"admin@rajalakshmiFoundation.in","role_name":"ADMIN","method":"GET","path":"/api/exams/blocks-by-district/2911","action":"GET /api/exams/blocks-by-district/2911","ip":"::1"}
{"timestamp":"2026-04-02T13:01:43.508Z","type":"ACTION","user_id":"1","user_name":"admin@rajalakshmiFoundation.in","role_name":"ADMIN","method":"GET","path":"/api/exams/blocks-by-district/2903","action":"GET /api/exams/blocks-by-district/2903","ip":"::1"}
{"timestamp":"2026-04-02T13:01:43.513Z","type":"ACTION","user_id":"1","user_name":"admin@rajalakshmiFoundation.in","role_name":"ADMIN","method":"GET","path":"/api/exams/blocks-by-district/2902","action":"GET /api/exams/blocks-by-district/2902","ip":"::1"}
{"timestamp":"2026-04-02T13:01:43.517Z","type":"ACTION","user_id":"1","user_name":"admin@rajalakshmiFoundation.in","role_name":"ADMIN","method":"GET","path":"/api/exams/blocks-by-district/2901","action":"GET /api/exams/blocks-by-district/2901","ip":"::1"}
{"timestamp":"2026-04-02T13:01:43.526Z","type":"ACTION","user_id":"1","user_name":"admin@rajalakshmiFoundation.in","role_name":"ADMIN","method":"GET","path":"/api/exams/blocks-by-district/2910","action":"GET /api/exams/blocks-by-district/2910","ip":"::1"}
{"timestamp":"2026-04-02T13:01:43.530Z","type":"ACTION","user_id":"1","user_name":"admin@rajalakshmiFoundation.in","role_name":"ADMIN","method":"GET","path":"/api/exams/blocks-by-district/2930","action":"GET /api/exams/blocks-by-district/2930","ip":"::1"}
{"timestamp":"2026-04-02T13:01:43.535Z","type":"ACTION","user_id":"1","user_name":"admin@rajalakshmiFoundation.in","role_name":"ADMIN","method":"GET","path":"/api/exams/blocks-by-district/2920","action":"GET /api/exams/blocks-by-district/2920","ip":"::1"}
{"timestamp":"2026-04-02T13:01:43.540Z","type":"ACTION","user_id":"1","user_name":"admin@rajalakshmiFoundation.in","role_name":"ADMIN","method":"GET","path":"/api/exams/blocks-by-district/2934","action":"GET /api/exams/blocks-by-district/2934","ip":"::1"}
{"timestamp":"2026-04-02T13:01:43.544Z","type":"ACTION","user_id":"1","user_name":"admin@rajalakshmiFoundation.in","role_name":"ADMIN","method":"GET","path":"/api/exams/blocks-by-district/2909","action":"GET /api/exams/blocks-by-district/2909","ip":"::1"}
{"timestamp":"2026-04-02T13:01:43.548Z","type":"ACTION","user_id":"1","user_name":"admin@rajalakshmiFoundation.in","role_name":"ADMIN","method":"GET","path":"/api/exams/blocks-by-district/2911","action":"GET /api/exams/blocks-by-district/2911","ip":"::1"}
{"timestamp":"2026-04-02T13:01:43.555Z","type":"ACTION","user_id":"1","user_name":"admin@rajalakshmiFoundation.in","role_name":"ADMIN","method":"GET","path":"/api/exams/blocks-by-district/2903","action":"GET /api/exams/blocks-by-district/2903","ip":"::1"}
{"timestamp":"2026-04-02T13:01:43.559Z","type":"ACTION","user_id":"1","user_name":"admin@rajalakshmiFoundation.in","role_name":"ADMIN","method":"GET","path":"/api/exams/blocks-by-district/2902","action":"GET /api/exams/blocks-by-district/2902","ip":"::1"}
{"timestamp":"2026-04-02T13:01:43.564Z","type":"ACTION","user_id":"1","user_name":"admin@rajalakshmiFoundation.in","role_name":"ADMIN","method":"GET","path":"/api/exams/blocks-by-district/2901","action":"GET /api/exams/blocks-by-district/2901","ip":"::1"}
{"timestamp":"2026-04-02T13:01:43.567Z","type":"ACTION","user_id":"1","user_name":"admin@rajalakshmiFoundation.in","role_name":"ADMIN","method":"GET","path":"/api/exams/blocks-by-district/2914","action":"GET /api/exams/blocks-by-district/2914","ip":"::1"}
{"timestamp":"2026-04-02T13:01:43.571Z","type":"ACTION","user_id":"1","user_name":"admin@rajalakshmiFoundation.in","role_name":"ADMIN","method":"GET","path":"/api/exams/blocks-by-district/2908","action":"GET /api/exams/blocks-by-district/2908","ip":"::1"}
{"timestamp":"2026-04-02T13:01:43.574Z","type":"ACTION","user_id":"1","user_name":"admin@rajalakshmiFoundation.in","role_name":"ADMIN","method":"GET","path":"/api/exams/blocks-by-district/2910","action":"GET /api/exams/blocks-by-district/2910","ip":"::1"}
{"timestamp":"2026-04-02T13:01:43.581Z","type":"ACTION","user_id":"1","user_name":"admin@rajalakshmiFoundation.in","role_name":"ADMIN","method":"GET","path":"/api/exams/blocks-by-district/2930","action":"GET /api/exams/blocks-by-district/2930","ip":"::1"}
{"timestamp":"2026-04-02T13:01:43.584Z","type":"ACTION","user_id":"1","user_name":"admin@rajalakshmiFoundation.in","role_name":"ADMIN","method":"GET","path":"/api/exams/blocks-by-district/2920","action":"GET /api/exams/blocks-by-district/2920","ip":"::1"}
{"timestamp":"2026-04-02T13:01:43.587Z","type":"ACTION","user_id":"1","user_name":"admin@rajalakshmiFoundation.in","role_name":"ADMIN","method":"GET","path":"/api/exams/blocks-by-district/2934","action":"GET /api/exams/blocks-by-district/2934","ip":"::1"}
{"timestamp":"2026-04-02T13:01:43.590Z","type":"ACTION","user_id":"1","user_name":"admin@rajalakshmiFoundation.in","role_name":"ADMIN","method":"GET","path":"/api/exams/blocks-by-district/2909","action":"GET /api/exams/blocks-by-district/2909","ip":"::1"}
{"timestamp":"2026-04-02T13:01:43.593Z","type":"ACTION","user_id":"1","user_name":"admin@rajalakshmiFoundation.in","role_name":"ADMIN","method":"GET","path":"/api/exams/blocks-by-district/2911","action":"GET /api/exams/blocks-by-district/2911","ip":"::1"}
{"timestamp":"2026-04-02T13:01:43.597Z","type":"ACTION","user_id":"1","user_name":"admin@rajalakshmiFoundation.in","role_name":"ADMIN","method":"GET","path":"/api/exams/blocks-by-district/2903","action":"GET /api/exams/blocks-by-district/2903","ip":"::1"}
{"timestamp":"2026-04-02T13:01:43.603Z","type":"ACTION","user_id":"1","user_name":"admin@rajalakshmiFoundation.in","role_name":"ADMIN","method":"GET","path":"/api/exams/blocks-by-district/2902","action":"GET /api/exams/blocks-by-district/2902","ip":"::1"}
{"timestamp":"2026-04-02T13:01:43.606Z","type":"ACTION","user_id":"1","user_name":"admin@rajalakshmiFoundation.in","role_name":"ADMIN","method":"GET","path":"/api/exams/blocks-by-district/2901","action":"GET /api/exams/blocks-by-district/2901","ip":"::1"}
{"timestamp":"2026-04-02T13:01:43.610Z","type":"ACTION","user_id":"1","user_name":"admin@rajalakshmiFoundation.in","role_name":"ADMIN","method":"GET","path":"/api/exams/blocks-by-district/2910","action":"GET /api/exams/blocks-by-district/2910","ip":"::1"}
{"timestamp":"2026-04-02T13:01:43.613Z","type":"ACTION","user_id":"1","user_name":"admin@rajalakshmiFoundation.in","role_name":"ADMIN","method":"GET","path":"/api/exams/blocks-by-district/2930","action":"GET /api/exams/blocks-by-district/2930","ip":"::1"}
{"timestamp":"2026-04-02T13:01:43.615Z","type":"ACTION","user_id":"1","user_name":"admin@rajalakshmiFoundation.in","role_name":"ADMIN","method":"GET","path":"/api/exams/blocks-by-district/2920","action":"GET /api/exams/blocks-by-district/2920","ip":"::1"}
{"timestamp":"2026-04-02T13:01:43.618Z","type":"ACTION","user_id":"1","user_name":"admin@rajalakshmiFoundation.in","role_name":"ADMIN","method":"GET","path":"/api/exams/blocks-by-district/2934","action":"GET /api/exams/blocks-by-district/2934","ip":"::1"}
{"timestamp":"2026-04-02T13:01:43.624Z","type":"ACTION","user_id":"1","user_name":"admin@rajalakshmiFoundation.in","role_name":"ADMIN","method":"GET","path":"/api/exams/blocks-by-district/2909","action":"GET /api/exams/blocks-by-district/2909","ip":"::1"}
{"timestamp":"2026-04-02T13:01:43.628Z","type":"ACTION","user_id":"1","user_name":"admin@rajalakshmiFoundation.in","role_name":"ADMIN","method":"GET","path":"/api/exams/blocks-by-district/2911","action":"GET /api/exams/blocks-by-district/2911","ip":"::1"}
{"timestamp":"2026-04-02T13:01:43.632Z","type":"ACTION","user_id":"1","user_name":"admin@rajalakshmiFoundation.in","role_name":"ADMIN","method":"GET","path":"/api/exams/blocks-by-district/2903","action":"GET /api/exams/blocks-by-district/2903","ip":"::1"}
{"timestamp":"2026-04-02T13:01:43.636Z","type":"ACTION","user_id":"1","user_name":"admin@rajalakshmiFoundation.in","role_name":"ADMIN","method":"GET","path":"/api/exams/blocks-by-district/2902","action":"GET /api/exams/blocks-by-district/2902","ip":"::1"}
{"timestamp":"2026-04-02T13:01:43.641Z","type":"ACTION","user_id":"1","user_name":"admin@rajalakshmiFoundation.in","role_name":"ADMIN","method":"GET","path":"/api/exams/blocks-by-district/2901","action":"GET /api/exams/blocks-by-district/2901","ip":"::1"}
{"timestamp":"2026-04-02T13:01:43.644Z","type":"ACTION","user_id":"1","user_name":"admin@rajalakshmiFoundation.in","role_name":"ADMIN","method":"GET","path":"/api/exams/blocks-by-district/2930","action":"GET /api/exams/blocks-by-district/2930","ip":"::1"}
{"timestamp":"2026-04-02T13:01:43.652Z","type":"ACTION","user_id":"1","user_name":"admin@rajalakshmiFoundation.in","role_name":"ADMIN","method":"GET","path":"/api/exams/blocks-by-district/2920","action":"GET /api/exams/blocks-by-district/2920","ip":"::1"}
{"timestamp":"2026-04-02T13:01:43.657Z","type":"ACTION","user_id":"1","user_name":"admin@rajalakshmiFoundation.in","role_name":"ADMIN","method":"GET","path":"/api/exams/blocks-by-district/2911","action":"GET /api/exams/blocks-by-district/2911","ip":"::1"}
{"timestamp":"2026-04-02T13:01:43.659Z","type":"ACTION","user_id":"1","user_name":"admin@rajalakshmiFoundation.in","role_name":"ADMIN","method":"GET","path":"/api/exams/blocks-by-district/2901","action":"GET /api/exams/blocks-by-district/2901","ip":"::1"}
{"timestamp":"2026-04-02T13:01:43.664Z","type":"ACTION","user_id":"1","user_name":"admin@rajalakshmiFoundation.in","role_name":"ADMIN","method":"GET","path":"/api/exams/blocks-by-district/2930","action":"GET /api/exams/blocks-by-district/2930","ip":"::1"}
{"timestamp":"2026-04-02T13:01:43.671Z","type":"ACTION","user_id":"1","user_name":"admin@rajalakshmiFoundation.in","role_name":"ADMIN","method":"GET","path":"/api/exams/blocks-by-district/2920","action":"GET /api/exams/blocks-by-district/2920","ip":"::1"}
{"timestamp":"2026-04-02T13:01:43.678Z","type":"ACTION","user_id":"1","user_name":"admin@rajalakshmiFoundation.in","role_name":"ADMIN","method":"GET","path":"/api/exams/blocks-by-district/2911","action":"GET /api/exams/blocks-by-district/2911","ip":"::1"}
{"timestamp":"2026-04-02T13:01:43.681Z","type":"ACTION","user_id":"1","user_name":"admin@rajalakshmiFoundation.in","role_name":"ADMIN","method":"GET","path":"/api/exams/blocks-by-district/2901","action":"GET /api/exams/blocks-by-district/2901","ip":"::1"}
{"timestamp":"2026-04-02T13:01:43.685Z","type":"ACTION","user_id":"1","user_name":"admin@rajalakshmiFoundation.in","role_name":"ADMIN","method":"GET","path":"/api/exams/blocks-by-district/2930","action":"GET /api/exams/blocks-by-district/2930","ip":"::1"}
{"timestamp":"2026-04-02T13:01:43.692Z","type":"ACTION","user_id":"1","user_name":"admin@rajalakshmiFoundation.in","role_name":"ADMIN","method":"GET","path":"/api/exams/blocks-by-district/2920","action":"GET /api/exams/blocks-by-district/2920","ip":"::1"}
{"timestamp":"2026-04-02T13:01:43.695Z","type":"ACTION","user_id":"1","user_name":"admin@rajalakshmiFoundation.in","role_name":"ADMIN","method":"GET","path":"/api/exams/blocks-by-district/2901","action":"GET /api/exams/blocks-by-district/2901","ip":"::1"}
{"timestamp":"2026-04-02T13:01:43.699Z","type":"ACTION","user_id":"1","user_name":"admin@rajalakshmiFoundation.in","role_name":"ADMIN","method":"GET","path":"/api/exams/blocks-by-district/2930","action":"GET /api/exams/blocks-by-district/2930","ip":"::1"}
{"timestamp":"2026-04-02T13:01:43.707Z","type":"ACTION","user_id":"1","user_name":"admin@rajalakshmiFoundation.in","role_name":"ADMIN","method":"GET","path":"/api/exams/blocks-by-district/2901","action":"GET /api/exams/blocks-by-district/2901","ip":"::1"}
{"timestamp":"2026-04-02T13:01:43.710Z","type":"ACTION","user_id":"1","user_name":"admin@rajalakshmiFoundation.in","role_name":"ADMIN","method":"GET","path":"/api/exams/blocks-by-district/2930","action":"GET /api/exams/blocks-by-district/2930","ip":"::1"}
{"timestamp":"2026-04-02T13:01:45.413Z","type":"ACTION","user_id":"1","user_name":"admin@rajalakshmiFoundation.in","role_name":"ADMIN","method":"GET","path":"/api/exams/viewcentres","action":"GET /api/exams/viewcentres","ip":"::1"}
{"timestamp":"2026-04-02T13:01:45.418Z","type":"ACTION","user_id":"1","user_name":"admin@rajalakshmiFoundation.in","role_name":"ADMIN","method":"GET","path":"/api/exams/assigned","action":"GET /api/exams/assigned","ip":"::1"}
{"timestamp":"2026-04-02T13:01:45.427Z","type":"ACTION","user_id":"1","user_name":"admin@rajalakshmiFoundation.in","role_name":"ADMIN","method":"GET","path":"/api/exams/exam-centres","action":"GET /api/exams/exam-centres","ip":"::1"}
{"timestamp":"2026-04-02T13:01:45.434Z","type":"ACTION","user_id":"1","user_name":"admin@rajalakshmiFoundation.in","role_name":"ADMIN","method":"GET","path":"/api/exams/divisions-by-state/1","action":"GET /api/exams/divisions-by-state/1","ip":"::1"}
{"timestamp":"2026-04-02T13:01:45.442Z","type":"ACTION","user_id":"1","user_name":"admin@rajalakshmiFoundation.in","role_name":"ADMIN","method":"GET","path":"/api/exams/used-blocks","action":"GET /api/exams/used-blocks","ip":"::1"}
{"timestamp":"2026-04-02T13:01:45.458Z","type":"ACTION","user_id":"1","user_name":"admin@rajalakshmiFoundation.in","role_name":"ADMIN","method":"GET","path":"/api/exams/viewcentres","action":"GET /api/exams/viewcentres","ip":"::1"}
{"timestamp":"2026-04-02T13:01:45.462Z","type":"ACTION","user_id":"1","user_name":"admin@rajalakshmiFoundation.in","role_name":"ADMIN","method":"GET","path":"/api/exams/exam-centres","action":"GET /api/exams/exam-centres","ip":"::1"}
{"timestamp":"2026-04-02T13:01:45.468Z","type":"ACTION","user_id":"1","user_name":"admin@rajalakshmiFoundation.in","role_name":"ADMIN","method":"GET","path":"/api/exams/divisions-by-state/1","action":"GET /api/exams/divisions-by-state/1","ip":"::1"}
{"timestamp":"2026-04-02T13:01:45.507Z","type":"ACTION","user_id":"1","user_name":"admin@rajalakshmiFoundation.in","role_name":"ADMIN","method":"GET","path":"/api/exams/used-blocks","action":"GET /api/exams/used-blocks","ip":"::1"}
{"timestamp":"2026-04-02T13:01:45.529Z","type":"ACTION","user_id":"1","user_name":"admin@rajalakshmiFoundation.in","role_name":"ADMIN","method":"GET","path":"/api/exams/assigned","action":"GET /api/exams/assigned","ip":"::1"}
{"timestamp":"2026-04-02T13:01:45.536Z","type":"ACTION","user_id":"1","user_name":"admin@rajalakshmiFoundation.in","role_name":"ADMIN","method":"GET","path":"/api/exams/blocks-by-district/2930","action":"GET /api/exams/blocks-by-district/2930","ip":"::1"}
{"timestamp":"2026-04-02T13:01:45.541Z","type":"ACTION","user_id":"1","user_name":"admin@rajalakshmiFoundation.in","role_name":"ADMIN","method":"GET","path":"/api/exams/blocks-by-district/2920","action":"GET /api/exams/blocks-by-district/2920","ip":"::1"}
{"timestamp":"2026-04-02T13:01:45.548Z","type":"ACTION","user_id":"1","user_name":"admin@rajalakshmiFoundation.in","role_name":"ADMIN","method":"GET","path":"/api/exams/blocks-by-district/2914","action":"GET /api/exams/blocks-by-district/2914","ip":"::1"}
{"timestamp":"2026-04-02T13:01:45.553Z","type":"ACTION","user_id":"1","user_name":"admin@rajalakshmiFoundation.in","role_name":"ADMIN","method":"GET","path":"/api/exams/blocks-by-district/2910","action":"GET /api/exams/blocks-by-district/2910","ip":"::1"}
{"timestamp":"2026-04-02T13:01:45.566Z","type":"ACTION","user_id":"1","user_name":"admin@rajalakshmiFoundation.in","role_name":"ADMIN","method":"GET","path":"/api/exams/blocks-by-district/2934","action":"GET /api/exams/blocks-by-district/2934","ip":"::1"}
{"timestamp":"2026-04-02T13:01:45.573Z","type":"ACTION","user_id":"1","user_name":"admin@rajalakshmiFoundation.in","role_name":"ADMIN","method":"GET","path":"/api/exams/blocks-by-district/2908","action":"GET /api/exams/blocks-by-district/2908","ip":"::1"}
{"timestamp":"2026-04-02T13:01:45.579Z","type":"ACTION","user_id":"1","user_name":"admin@rajalakshmiFoundation.in","role_name":"ADMIN","method":"GET","path":"/api/exams/blocks-by-district/2909","action":"GET /api/exams/blocks-by-district/2909","ip":"::1"}
{"timestamp":"2026-04-02T13:01:45.584Z","type":"ACTION","user_id":"1","user_name":"admin@rajalakshmiFoundation.in","role_name":"ADMIN","method":"GET","path":"/api/exams/blocks-by-district/2911","action":"GET /api/exams/blocks-by-district/2911","ip":"::1"}
{"timestamp":"2026-04-02T13:01:45.592Z","type":"ACTION","user_id":"1","user_name":"admin@rajalakshmiFoundation.in","role_name":"ADMIN","method":"GET","path":"/api/exams/blocks-by-district/2903","action":"GET /api/exams/blocks-by-district/2903","ip":"::1"}
{"timestamp":"2026-04-02T13:01:45.598Z","type":"ACTION","user_id":"1","user_name":"admin@rajalakshmiFoundation.in","role_name":"ADMIN","method":"GET","path":"/api/exams/blocks-by-district/2902","action":"GET /api/exams/blocks-by-district/2902","ip":"::1"}
{"timestamp":"2026-04-02T13:01:45.603Z","type":"ACTION","user_id":"1","user_name":"admin@rajalakshmiFoundation.in","role_name":"ADMIN","method":"GET","path":"/api/exams/blocks-by-district/2901","action":"GET /api/exams/blocks-by-district/2901","ip":"::1"}
{"timestamp":"2026-04-02T13:01:45.607Z","type":"ACTION","user_id":"1","user_name":"admin@rajalakshmiFoundation.in","role_name":"ADMIN","method":"GET","path":"/api/exams/blocks-by-district/2930","action":"GET /api/exams/blocks-by-district/2930","ip":"::1"}
{"timestamp":"2026-04-02T13:01:45.613Z","type":"ACTION","user_id":"1","user_name":"admin@rajalakshmiFoundation.in","role_name":"ADMIN","method":"GET","path":"/api/exams/blocks-by-district/2920","action":"GET /api/exams/blocks-by-district/2920","ip":"::1"}
{"timestamp":"2026-04-02T13:01:45.621Z","type":"ACTION","user_id":"1","user_name":"admin@rajalakshmiFoundation.in","role_name":"ADMIN","method":"GET","path":"/api/exams/blocks-by-district/2910","action":"GET /api/exams/blocks-by-district/2910","ip":"::1"}
{"timestamp":"2026-04-02T13:01:45.626Z","type":"ACTION","user_id":"1","user_name":"admin@rajalakshmiFoundation.in","role_name":"ADMIN","method":"GET","path":"/api/exams/blocks-by-district/2934","action":"GET /api/exams/blocks-by-district/2934","ip":"::1"}
{"timestamp":"2026-04-02T13:01:45.630Z","type":"ACTION","user_id":"1","user_name":"admin@rajalakshmiFoundation.in","role_name":"ADMIN","method":"GET","path":"/api/exams/blocks-by-district/2909","action":"GET /api/exams/blocks-by-district/2909","ip":"::1"}
{"timestamp":"2026-04-02T13:01:45.634Z","type":"ACTION","user_id":"1","user_name":"admin@rajalakshmiFoundation.in","role_name":"ADMIN","method":"GET","path":"/api/exams/blocks-by-district/2911","action":"GET /api/exams/blocks-by-district/2911","ip":"::1"}
{"timestamp":"2026-04-02T13:01:45.639Z","type":"ACTION","user_id":"1","user_name":"admin@rajalakshmiFoundation.in","role_name":"ADMIN","method":"GET","path":"/api/exams/blocks-by-district/2903","action":"GET /api/exams/blocks-by-district/2903","ip":"::1"}
{"timestamp":"2026-04-02T13:01:45.648Z","type":"ACTION","user_id":"1","user_name":"admin@rajalakshmiFoundation.in","role_name":"ADMIN","method":"GET","path":"/api/exams/blocks-by-district/2902","action":"GET /api/exams/blocks-by-district/2902","ip":"::1"}
{"timestamp":"2026-04-02T13:01:45.655Z","type":"ACTION","user_id":"1","user_name":"admin@rajalakshmiFoundation.in","role_name":"ADMIN","method":"GET","path":"/api/exams/blocks-by-district/2901","action":"GET /api/exams/blocks-by-district/2901","ip":"::1"}
{"timestamp":"2026-04-02T13:01:45.662Z","type":"ACTION","user_id":"1","user_name":"admin@rajalakshmiFoundation.in","role_name":"ADMIN","method":"GET","path":"/api/exams/blocks-by-district/2930","action":"GET /api/exams/blocks-by-district/2930","ip":"::1"}
{"timestamp":"2026-04-02T13:01:45.667Z","type":"ACTION","user_id":"1","user_name":"admin@rajalakshmiFoundation.in","role_name":"ADMIN","method":"GET","path":"/api/exams/blocks-by-district/2920","action":"GET /api/exams/blocks-by-district/2920","ip":"::1"}
{"timestamp":"2026-04-02T13:01:45.670Z","type":"ACTION","user_id":"1","user_name":"admin@rajalakshmiFoundation.in","role_name":"ADMIN","method":"GET","path":"/api/exams/blocks-by-district/2911","action":"GET /api/exams/blocks-by-district/2911","ip":"::1"}
{"timestamp":"2026-04-02T13:01:45.675Z","type":"ACTION","user_id":"1","user_name":"admin@rajalakshmiFoundation.in","role_name":"ADMIN","method":"GET","path":"/api/exams/blocks-by-district/2914","action":"GET /api/exams/blocks-by-district/2914","ip":"::1"}
{"timestamp":"2026-04-02T13:01:45.681Z","type":"ACTION","user_id":"1","user_name":"admin@rajalakshmiFoundation.in","role_name":"ADMIN","method":"GET","path":"/api/exams/blocks-by-district/2910","action":"GET /api/exams/blocks-by-district/2910","ip":"::1"}
{"timestamp":"2026-04-02T13:01:45.685Z","type":"ACTION","user_id":"1","user_name":"admin@rajalakshmiFoundation.in","role_name":"ADMIN","method":"GET","path":"/api/exams/blocks-by-district/2934","action":"GET /api/exams/blocks-by-district/2934","ip":"::1"}
{"timestamp":"2026-04-02T13:01:45.688Z","type":"ACTION","user_id":"1","user_name":"admin@rajalakshmiFoundation.in","role_name":"ADMIN","method":"GET","path":"/api/exams/blocks-by-district/2908","action":"GET /api/exams/blocks-by-district/2908","ip":"::1"}
{"timestamp":"2026-04-02T13:01:45.690Z","type":"ACTION","user_id":"1","user_name":"admin@rajalakshmiFoundation.in","role_name":"ADMIN","method":"GET","path":"/api/exams/blocks-by-district/2909","action":"GET /api/exams/blocks-by-district/2909","ip":"::1"}
{"timestamp":"2026-04-02T13:01:45.693Z","type":"ACTION","user_id":"1","user_name":"admin@rajalakshmiFoundation.in","role_name":"ADMIN","method":"GET","path":"/api/exams/blocks-by-district/2903","action":"GET /api/exams/blocks-by-district/2903","ip":"::1"}
{"timestamp":"2026-04-02T13:01:45.697Z","type":"ACTION","user_id":"1","user_name":"admin@rajalakshmiFoundation.in","role_name":"ADMIN","method":"GET","path":"/api/exams/blocks-by-district/2902","action":"GET /api/exams/blocks-by-district/2902","ip":"::1"}
{"timestamp":"2026-04-02T13:01:45.701Z","type":"ACTION","user_id":"1","user_name":"admin@rajalakshmiFoundation.in","role_name":"ADMIN","method":"GET","path":"/api/exams/blocks-by-district/2901","action":"GET /api/exams/blocks-by-district/2901","ip":"::1"}
{"timestamp":"2026-04-02T13:01:45.704Z","type":"ACTION","user_id":"1","user_name":"admin@rajalakshmiFoundation.in","role_name":"ADMIN","method":"GET","path":"/api/exams/blocks-by-district/2930","action":"GET /api/exams/blocks-by-district/2930","ip":"::1"}
{"timestamp":"2026-04-02T13:01:45.707Z","type":"ACTION","user_id":"1","user_name":"admin@rajalakshmiFoundation.in","role_name":"ADMIN","method":"GET","path":"/api/exams/blocks-by-district/2920","action":"GET /api/exams/blocks-by-district/2920","ip":"::1"}
{"timestamp":"2026-04-02T13:01:45.710Z","type":"ACTION","user_id":"1","user_name":"admin@rajalakshmiFoundation.in","role_name":"ADMIN","method":"GET","path":"/api/exams/blocks-by-district/2911","action":"GET /api/exams/blocks-by-district/2911","ip":"::1"}
{"timestamp":"2026-04-02T13:01:45.714Z","type":"ACTION","user_id":"1","user_name":"admin@rajalakshmiFoundation.in","role_name":"ADMIN","method":"GET","path":"/api/exams/blocks-by-district/2910","action":"GET /api/exams/blocks-by-district/2910","ip":"::1"}
{"timestamp":"2026-04-02T13:01:45.717Z","type":"ACTION","user_id":"1","user_name":"admin@rajalakshmiFoundation.in","role_name":"ADMIN","method":"GET","path":"/api/exams/blocks-by-district/2934","action":"GET /api/exams/blocks-by-district/2934","ip":"::1"}
{"timestamp":"2026-04-02T13:01:45.725Z","type":"ACTION","user_id":"1","user_name":"admin@rajalakshmiFoundation.in","role_name":"ADMIN","method":"GET","path":"/api/exams/blocks-by-district/2909","action":"GET /api/exams/blocks-by-district/2909","ip":"::1"}
{"timestamp":"2026-04-02T13:01:45.731Z","type":"ACTION","user_id":"1","user_name":"admin@rajalakshmiFoundation.in","role_name":"ADMIN","method":"GET","path":"/api/exams/blocks-by-district/2903","action":"GET /api/exams/blocks-by-district/2903","ip":"::1"}
{"timestamp":"2026-04-02T13:01:45.736Z","type":"ACTION","user_id":"1","user_name":"admin@rajalakshmiFoundation.in","role_name":"ADMIN","method":"GET","path":"/api/exams/blocks-by-district/2902","action":"GET /api/exams/blocks-by-district/2902","ip":"::1"}
{"timestamp":"2026-04-02T13:01:45.740Z","type":"ACTION","user_id":"1","user_name":"admin@rajalakshmiFoundation.in","role_name":"ADMIN","method":"GET","path":"/api/exams/blocks-by-district/2901","action":"GET /api/exams/blocks-by-district/2901","ip":"::1"}
{"timestamp":"2026-04-02T13:01:45.749Z","type":"ACTION","user_id":"1","user_name":"admin@rajalakshmiFoundation.in","role_name":"ADMIN","method":"GET","path":"/api/exams/blocks-by-district/2930","action":"GET /api/exams/blocks-by-district/2930","ip":"::1"}
{"timestamp":"2026-04-02T13:01:45.753Z","type":"ACTION","user_id":"1","user_name":"admin@rajalakshmiFoundation.in","role_name":"ADMIN","method":"GET","path":"/api/exams/blocks-by-district/2920","action":"GET /api/exams/blocks-by-district/2920","ip":"::1"}
{"timestamp":"2026-04-02T13:01:45.760Z","type":"ACTION","user_id":"1","user_name":"admin@rajalakshmiFoundation.in","role_name":"ADMIN","method":"GET","path":"/api/exams/blocks-by-district/2911","action":"GET /api/exams/blocks-by-district/2911","ip":"::1"}
{"timestamp":"2026-04-02T13:01:45.764Z","type":"ACTION","user_id":"1","user_name":"admin@rajalakshmiFoundation.in","role_name":"ADMIN","method":"GET","path":"/api/exams/blocks-by-district/2901","action":"GET /api/exams/blocks-by-district/2901","ip":"::1"}
{"timestamp":"2026-04-02T13:01:45.767Z","type":"ACTION","user_id":"1","user_name":"admin@rajalakshmiFoundation.in","role_name":"ADMIN","method":"GET","path":"/api/exams/blocks-by-district/2930","action":"GET /api/exams/blocks-by-district/2930","ip":"::1"}
{"timestamp":"2026-04-02T13:01:45.771Z","type":"ACTION","user_id":"1","user_name":"admin@rajalakshmiFoundation.in","role_name":"ADMIN","method":"GET","path":"/api/exams/blocks-by-district/2920","action":"GET /api/exams/blocks-by-district/2920","ip":"::1"}
{"timestamp":"2026-04-02T13:01:45.776Z","type":"ACTION","user_id":"1","user_name":"admin@rajalakshmiFoundation.in","role_name":"ADMIN","method":"GET","path":"/api/exams/blocks-by-district/2911","action":"GET /api/exams/blocks-by-district/2911","ip":"::1"}
{"timestamp":"2026-04-02T13:01:45.779Z","type":"ACTION","user_id":"1","user_name":"admin@rajalakshmiFoundation.in","role_name":"ADMIN","method":"GET","path":"/api/exams/blocks-by-district/2901","action":"GET /api/exams/blocks-by-district/2901","ip":"::1"}
{"timestamp":"2026-04-02T13:01:45.782Z","type":"ACTION","user_id":"1","user_name":"admin@rajalakshmiFoundation.in","role_name":"ADMIN","method":"GET","path":"/api/exams/blocks-by-district/2930","action":"GET /api/exams/blocks-by-district/2930","ip":"::1"}
{"timestamp":"2026-04-02T13:01:45.786Z","type":"ACTION","user_id":"1","user_name":"admin@rajalakshmiFoundation.in","role_name":"ADMIN","method":"GET","path":"/api/exams/blocks-by-district/2920","action":"GET /api/exams/blocks-by-district/2920","ip":"::1"}
{"timestamp":"2026-04-02T13:01:45.794Z","type":"ACTION","user_id":"1","user_name":"admin@rajalakshmiFoundation.in","role_name":"ADMIN","method":"GET","path":"/api/exams/blocks-by-district/2901","action":"GET /api/exams/blocks-by-district/2901","ip":"::1"}
{"timestamp":"2026-04-02T13:01:45.798Z","type":"ACTION","user_id":"1","user_name":"admin@rajalakshmiFoundation.in","role_name":"ADMIN","method":"GET","path":"/api/exams/blocks-by-district/2930","action":"GET /api/exams/blocks-by-district/2930","ip":"::1"}
{"timestamp":"2026-04-02T13:01:45.802Z","type":"ACTION","user_id":"1","user_name":"admin@rajalakshmiFoundation.in","role_name":"ADMIN","method":"GET","path":"/api/exams/blocks-by-district/2920","action":"GET /api/exams/blocks-by-district/2920","ip":"::1"}
{"timestamp":"2026-04-02T13:01:45.808Z","type":"ACTION","user_id":"1","user_name":"admin@rajalakshmiFoundation.in","role_name":"ADMIN","method":"GET","path":"/api/exams/blocks-by-district/2901","action":"GET /api/exams/blocks-by-district/2901","ip":"::1"}
{"timestamp":"2026-04-02T13:01:45.811Z","type":"ACTION","user_id":"1","user_name":"admin@rajalakshmiFoundation.in","role_name":"ADMIN","method":"GET","path":"/api/exams/blocks-by-district/2930","action":"GET /api/exams/blocks-by-district/2930","ip":"::1"}
{"timestamp":"2026-04-02T13:01:45.817Z","type":"ACTION","user_id":"1","user_name":"admin@rajalakshmiFoundation.in","role_name":"ADMIN","method":"GET","path":"/api/exams/blocks-by-district/2930","action":"GET /api/exams/blocks-by-district/2930","ip":"::1"}
{"timestamp":"2026-04-02T13:01:47.633Z","type":"ACTION","user_id":"1","user_name":"admin@rajalakshmiFoundation.in","role_name":"ADMIN","method":"GET","path":"/api/exams/education-districts-by-division/4","action":"GET /api/exams/education-districts-by-division/4","ip":"::1"}
{"timestamp":"2026-04-02T13:01:49.794Z","type":"ACTION","user_id":"1","user_name":"admin@rajalakshmiFoundation.in","role_name":"ADMIN","method":"GET","path":"/api/exams/blocks-by-district/2902","action":"GET /api/exams/blocks-by-district/2902","ip":"::1"}
{"timestamp":"2026-04-02T13:01:52.205Z","type":"ACTION","user_id":"1","user_name":"admin@rajalakshmiFoundation.in","role_name":"ADMIN","method":"GET","path":"/api/exams/blocks-by-district/2930","action":"GET /api/exams/blocks-by-district/2930","ip":"::1"}
{"timestamp":"2026-04-02T13:01:55.646Z","type":"ACTION","user_id":"anonymous","user_name":"anonymous","role_name":"anonymous","method":"POST","path":"/api/exams/40/assign-students","action":"POST /api/exams/40/assign-students","ip":"::1","details":{"body":{"division":"4","educationDistrict":"2930","blocks":["293007"]}}}
{"timestamp":"2026-04-02T13:01:55.795Z","type":"ACTION","user_id":"anonymous","user_name":"anonymous","role_name":"anonymous","method":"POST","path":"/api/exams/40/assign-students","action":"POST /api/exams/40/assign-students","ip":"::1","details":{"body":{"division":"4","educationDistrict":"2930","blocks":["293007"]},"statusCode":500},"status":"error","error":"Missing required values for hall ticket generation"}
{"timestamp":"2026-04-02T13:13:42.049Z","type":"ACTION","user_id":"anonymous","user_name":"anonymous","role_name":"anonymous","method":"POST","path":"/api/exams/40/assign-students","action":"POST /api/exams/40/assign-students","ip":"::1","details":{"body":{"division":"4","educationDistrict":"2930","blocks":["293007"]}}}
{"timestamp":"2026-04-02T13:13:42.395Z","type":"ACTION","user_id":"anonymous","user_name":"anonymous","role_name":"anonymous","method":"POST","path":"/api/exams/40/assign-students","action":"POST /api/exams/40/assign-students","ip":"::1","details":{"body":{"division":"4","educationDistrict":"2930","blocks":["293007"]},"statusCode":500},"status":"error","error":"Missing required values for hall ticket generation"}
{"timestamp":"2026-04-02T13:22:52.951Z","type":"ACTION","user_id":"anonymous","user_name":"anonymous","role_name":"anonymous","method":"POST","path":"/api/exams/40/assign-students","action":"POST /api/exams/40/assign-students","ip":"::1","details":{"body":{"division":"4","educationDistrict":"2930","blocks":["293007"]}}}
{"timestamp":"2026-04-02T13:22:53.295Z","type":"ACTION","user_id":"anonymous","user_name":"anonymous","role_name":"anonymous","method":"POST","path":"/api/exams/40/assign-students","action":"POST /api/exams/40/assign-students","ip":"::1","details":{"body":{"division":"4","educationDistrict":"2930","blocks":["293007"]},"statusCode":500},"status":"error","error":"Missing required values for hall ticket generation"}
