{"timestamp":"2026-02-04T08:26:23.855Z","type":"LOGIN","user_name":"admin@rajalakshmiFoundation.in","status":"success_pre_auth","ip":"::1"}
{"timestamp":"2026-02-04T08:26:23.883Z","type":"ACTION","user_name":"admin@rajalakshmiFoundation.in","role":"ADMIN","action":"login_complete","status":"success","ip":"::1"}
{"timestamp":"2026-02-04T08:26:23.966Z","type":"ACTION","user_id":"1","user_name":"admin@rajalakshmiFoundation.in","role_name":"ADMIN","method":"GET","path":"/api/applicants/count","action":"GET /api/applicants/count","ip":"::1","details":{"query":{"year":"2024"}}}
{"timestamp":"2026-02-04T08:26:23.978Z","type":"ACTION","user_id":"1","user_name":"admin@rajalakshmiFoundation.in","role_name":"ADMIN","method":"GET","path":"/api/applicants/shortlisted/count","action":"GET /api/applicants/shortlisted/count","ip":"::1","details":{"query":{"year":"2024"}}}
{"timestamp":"2026-02-04T08:26:23.986Z","type":"ACTION","user_id":"1","user_name":"admin@rajalakshmiFoundation.in","role_name":"ADMIN","method":"GET","path":"/api/applicants/selected/count","action":"GET /api/applicants/selected/count","ip":"::1","details":{"query":{"year":"2024"}}}
{"timestamp":"2026-02-04T08:26:23.993Z","type":"ACTION","user_id":"1","user_name":"admin@rajalakshmiFoundation.in","role_name":"ADMIN","method":"GET","path":"/api/system-config/active","action":"GET /api/system-config/active","ip":"::1"}
{"timestamp":"2026-02-04T08:26:24.112Z","type":"ACTION","user_id":"1","user_name":"admin@rajalakshmiFoundation.in","role_name":"ADMIN","method":"GET","path":"/api/applicants/count","action":"GET /api/applicants/count","ip":"::1","details":{"query":{"year":"2024"}}}
{"timestamp":"2026-02-04T08:26:24.122Z","type":"ACTION","user_id":"1","user_name":"admin@rajalakshmiFoundation.in","role_name":"ADMIN","method":"GET","path":"/api/applicants/selected/count","action":"GET /api/applicants/selected/count","ip":"::1","details":{"query":{"year":"2024"}}}
{"timestamp":"2026-02-04T08:26:24.131Z","type":"ACTION","user_id":"1","user_name":"admin@rajalakshmiFoundation.in","role_name":"ADMIN","method":"GET","path":"/api/system-config/active","action":"GET /api/system-config/active","ip":"::1"}
{"timestamp":"2026-02-04T08:26:24.160Z","type":"ACTION","user_id":"1","user_name":"admin@rajalakshmiFoundation.in","role_name":"ADMIN","method":"GET","path":"/api/applicants/shortlisted/count","action":"GET /api/applicants/shortlisted/count","ip":"::1","details":{"query":{"year":"2024"}}}
{"timestamp":"2026-02-04T08:26:27.919Z","type":"ACTION","user_id":"1","user_name":"admin@rajalakshmiFoundation.in","role_name":"ADMIN","method":"GET","path":"/api/states","action":"GET /api/states","ip":"::1"}
{"timestamp":"2026-02-04T08:26:27.936Z","type":"ACTION","user_id":"1","user_name":"admin@rajalakshmiFoundation.in","role_name":"ADMIN","method":"GET","path":"/api/states","action":"GET /api/states","ip":"::1"}
{"timestamp":"2026-02-04T08:26:31.700Z","type":"ACTION","user_id":"1","user_name":"admin@rajalakshmiFoundation.in","role_name":"ADMIN","method":"GET","path":"/api/search","action":"GET /api/search","ip":"::1","details":{"query":{"nmms_year":"2025","limit":"10","offset":"0"}}}
{"timestamp":"2026-02-04T08:26:31.895Z","type":"ACTION","user_id":"1","user_name":"admin@rajalakshmiFoundation.in","role_name":"ADMIN","method":"GET","path":"/api/search","action":"GET /api/search","ip":"::1","details":{"query":{"nmms_year":"2025","limit":"10","offset":"0","sortBy":"applicant_id","sortOrder":"ASC"}}}
{"timestamp":"2026-02-04T08:26:31.998Z","type":"ACTION","user_id":"1","user_name":"admin@rajalakshmiFoundation.in","role_name":"ADMIN","method":"GET","path":"/api/search","action":"GET /api/search","ip":"::1","details":{"query":{"nmms_year":"2025","limit":"10","offset":"0","sortBy":"applicant_id","sortOrder":"ASC"}}}
{"timestamp":"2026-02-04T08:28:04.610Z","type":"ACTION","user_id":"1","user_name":"admin@rajalakshmiFoundation.in","role_name":"ADMIN","method":"GET","path":"/api/states","action":"GET /api/states","ip":"::1"}
{"timestamp":"2026-02-04T08:28:04.619Z","type":"ACTION","user_id":"1","user_name":"admin@rajalakshmiFoundation.in","role_name":"ADMIN","method":"GET","path":"/api/applicants/reg/41251122361","action":"GET /api/applicants/reg/41251122361","ip":"::1"}
{"timestamp":"2026-02-04T08:28:04.726Z","type":"ACTION","user_id":"1","user_name":"admin@rajalakshmiFoundation.in","role_name":"ADMIN","method":"GET","path":"/api/states","action":"GET /api/states","ip":"::1"}
{"timestamp":"2026-02-04T08:28:04.740Z","type":"ACTION","user_id":"1","user_name":"admin@rajalakshmiFoundation.in","role_name":"ADMIN","method":"GET","path":"/api/applicants/reg/41251122361","action":"GET /api/applicants/reg/41251122361","ip":"::1","status":"error","error":"Cannot read properties of undefined (reading 'length')","details":{"statusCode":500}}
{"timestamp":"2026-02-04T08:28:04.747Z","type":"ACTION","user_id":"1","user_name":"admin@rajalakshmiFoundation.in","role_name":"ADMIN","method":"GET","path":"/api/applicants/reg/41251122361","action":"GET /api/applicants/reg/41251122361","ip":"::1"}
{"timestamp":"2026-02-04T08:28:04.755Z","type":"ACTION","user_id":"1","user_name":"admin@rajalakshmiFoundation.in","role_name":"ADMIN","method":"GET","path":"/api/applicants/reg/41251122361","action":"GET /api/applicants/reg/41251122361","ip":"::1","status":"error","error":"Cannot read properties of undefined (reading 'length')","details":{"statusCode":500}}
{"timestamp":"2026-02-04T08:35:23.176Z","type":"ACTION","user_id":"1","user_name":"admin@rajalakshmiFoundation.in","role_name":"ADMIN","method":"GET","path":"/api/states","action":"GET /api/states","ip":"::1"}
{"timestamp":"2026-02-04T08:35:23.197Z","type":"ACTION","user_id":"1","user_name":"admin@rajalakshmiFoundation.in","role_name":"ADMIN","method":"GET","path":"/api/applicants/reg/41251122361","action":"GET /api/applicants/reg/41251122361","ip":"::1"}
{"timestamp":"2026-02-04T08:35:23.207Z","type":"ACTION","user_id":"1","user_name":"admin@rajalakshmiFoundation.in","role_name":"ADMIN","method":"GET","path":"/api/system-config/active","action":"GET /api/system-config/active","ip":"::1"}
{"timestamp":"2026-02-04T08:35:23.311Z","type":"ACTION","user_id":"1","user_name":"admin@rajalakshmiFoundation.in","role_name":"ADMIN","method":"GET","path":"/api/states","action":"GET /api/states","ip":"::1"}
{"timestamp":"2026-02-04T08:35:23.340Z","type":"ACTION","user_id":"1","user_name":"admin@rajalakshmiFoundation.in","role_name":"ADMIN","method":"GET","path":"/api/system-config/active","action":"GET /api/system-config/active","ip":"::1"}
{"timestamp":"2026-02-04T08:35:23.349Z","type":"ACTION","user_id":"1","user_name":"admin@rajalakshmiFoundation.in","role_name":"ADMIN","method":"GET","path":"/api/applicants/reg/41251122361","action":"GET /api/applicants/reg/41251122361","ip":"::1"}
{"timestamp":"2026-02-04T08:35:23.485Z","type":"ACTION","user_id":"1","user_name":"admin@rajalakshmiFoundation.in","role_name":"ADMIN","method":"GET","path":"/api/divisions-by-state/1","action":"GET /api/divisions-by-state/1","ip":"::1"}
{"timestamp":"2026-02-04T08:35:23.491Z","type":"ACTION","user_id":"1","user_name":"admin@rajalakshmiFoundation.in","role_name":"ADMIN","method":"GET","path":"/api/blocks-by-district/2911","action":"GET /api/blocks-by-district/2911","ip":"::1"}
{"timestamp":"2026-02-04T08:35:23.497Z","type":"ACTION","user_id":"1","user_name":"admin@rajalakshmiFoundation.in","role_name":"ADMIN","method":"GET","path":"/api/clusters-by-block/291114","action":"GET /api/clusters-by-block/291114","ip":"::1"}
{"timestamp":"2026-02-04T08:35:23.519Z","type":"ACTION","user_id":"1","user_name":"admin@rajalakshmiFoundation.in","role_name":"ADMIN","method":"GET","path":"/api/districts-by-division/2","action":"GET /api/districts-by-division/2","ip":"::1"}
{"timestamp":"2026-02-04T08:35:23.530Z","type":"ACTION","user_id":"1","user_name":"admin@rajalakshmiFoundation.in","role_name":"ADMIN","method":"GET","path":"/api/districts-by-division/3","action":"GET /api/districts-by-division/3","ip":"::1"}
{"timestamp":"2026-02-04T08:35:23.536Z","type":"ACTION","user_id":"1","user_name":"admin@rajalakshmiFoundation.in","role_name":"ADMIN","method":"GET","path":"/api/districts-by-division/4","action":"GET /api/districts-by-division/4","ip":"::1"}
{"timestamp":"2026-02-04T08:35:23.541Z","type":"ACTION","user_id":"1","user_name":"admin@rajalakshmiFoundation.in","role_name":"ADMIN","method":"GET","path":"/api/districts-by-division/5","action":"GET /api/districts-by-division/5","ip":"::1"}
{"timestamp":"2026-02-04T08:35:23.571Z","type":"ACTION","user_id":"1","user_name":"admin@rajalakshmiFoundation.in","role_name":"ADMIN","method":"GET","path":"/api/institutes-by-cluster/2911140004","action":"GET /api/institutes-by-cluster/2911140004","ip":"::1"}
{"timestamp":"2026-02-04T08:35:23.576Z","type":"ACTION","user_id":"1","user_name":"admin@rajalakshmiFoundation.in","role_name":"ADMIN","method":"GET","path":"/api/institutes-by-cluster/2911140014","action":"GET /api/institutes-by-cluster/2911140014","ip":"::1"}
{"timestamp":"2026-02-04T08:35:23.580Z","type":"ACTION","user_id":"1","user_name":"admin@rajalakshmiFoundation.in","role_name":"ADMIN","method":"GET","path":"/api/institutes-by-cluster/2911140006","action":"GET /api/institutes-by-cluster/2911140006","ip":"::1"}
{"timestamp":"2026-02-04T08:35:23.585Z","type":"ACTION","user_id":"1","user_name":"admin@rajalakshmiFoundation.in","role_name":"ADMIN","method":"GET","path":"/api/institutes-by-cluster/2911140013","action":"GET /api/institutes-by-cluster/2911140013","ip":"::1"}
{"timestamp":"2026-02-04T08:35:23.590Z","type":"ACTION","user_id":"1","user_name":"admin@rajalakshmiFoundation.in","role_name":"ADMIN","method":"GET","path":"/api/institutes-by-cluster/2911140005","action":"GET /api/institutes-by-cluster/2911140005","ip":"::1"}
{"timestamp":"2026-02-04T08:35:23.645Z","type":"ACTION","user_id":"1","user_name":"admin@rajalakshmiFoundation.in","role_name":"ADMIN","method":"GET","path":"/api/institutes-by-cluster/2911140010","action":"GET /api/institutes-by-cluster/2911140010","ip":"::1"}
{"timestamp":"2026-02-04T08:35:23.702Z","type":"ACTION","user_id":"1","user_name":"admin@rajalakshmiFoundation.in","role_name":"ADMIN","method":"GET","path":"/api/institutes-by-cluster/2911140017","action":"GET /api/institutes-by-cluster/2911140017","ip":"::1"}
{"timestamp":"2026-02-04T08:35:23.707Z","type":"ACTION","user_id":"1","user_name":"admin@rajalakshmiFoundation.in","role_name":"ADMIN","method":"GET","path":"/api/institutes-by-cluster/2911140008","action":"GET /api/institutes-by-cluster/2911140008","ip":"::1"}
{"timestamp":"2026-02-04T08:35:23.712Z","type":"ACTION","user_id":"1","user_name":"admin@rajalakshmiFoundation.in","role_name":"ADMIN","method":"GET","path":"/api/institutes-by-cluster/2911140016","action":"GET /api/institutes-by-cluster/2911140016","ip":"::1"}
{"timestamp":"2026-02-04T08:35:23.718Z","type":"ACTION","user_id":"1","user_name":"admin@rajalakshmiFoundation.in","role_name":"ADMIN","method":"GET","path":"/api/institutes-by-cluster/2911140002","action":"GET /api/institutes-by-cluster/2911140002","ip":"::1"}
{"timestamp":"2026-02-04T08:35:23.736Z","type":"ACTION","user_id":"1","user_name":"admin@rajalakshmiFoundation.in","role_name":"ADMIN","method":"GET","path":"/api/institutes-by-cluster/2911140012","action":"GET /api/institutes-by-cluster/2911140012","ip":"::1"}
{"timestamp":"2026-02-04T08:35:23.745Z","type":"ACTION","user_id":"1","user_name":"admin@rajalakshmiFoundation.in","role_name":"ADMIN","method":"GET","path":"/api/institutes-by-cluster/2911140001","action":"GET /api/institutes-by-cluster/2911140001","ip":"::1"}
{"timestamp":"2026-02-04T08:35:23.750Z","type":"ACTION","user_id":"1","user_name":"admin@rajalakshmiFoundation.in","role_name":"ADMIN","method":"GET","path":"/api/institutes-by-cluster/2911140003","action":"GET /api/institutes-by-cluster/2911140003","ip":"::1"}
{"timestamp":"2026-02-04T08:35:23.754Z","type":"ACTION","user_id":"1","user_name":"admin@rajalakshmiFoundation.in","role_name":"ADMIN","method":"GET","path":"/api/institutes-by-cluster/2911140015","action":"GET /api/institutes-by-cluster/2911140015","ip":"::1"}
{"timestamp":"2026-02-04T08:35:23.762Z","type":"ACTION","user_id":"1","user_name":"admin@rajalakshmiFoundation.in","role_name":"ADMIN","method":"GET","path":"/api/institutes-by-cluster/2911140009","action":"GET /api/institutes-by-cluster/2911140009","ip":"::1"}
{"timestamp":"2026-02-04T08:35:23.767Z","type":"ACTION","user_id":"1","user_name":"admin@rajalakshmiFoundation.in","role_name":"ADMIN","method":"GET","path":"/api/institutes-by-cluster/2911140019","action":"GET /api/institutes-by-cluster/2911140019","ip":"::1"}
{"timestamp":"2026-02-04T08:35:23.774Z","type":"ACTION","user_id":"1","user_name":"admin@rajalakshmiFoundation.in","role_name":"ADMIN","method":"GET","path":"/api/institutes-by-cluster/2911140020","action":"GET /api/institutes-by-cluster/2911140020","ip":"::1"}
{"timestamp":"2026-02-04T08:35:23.781Z","type":"ACTION","user_id":"1","user_name":"admin@rajalakshmiFoundation.in","role_name":"ADMIN","method":"GET","path":"/api/institutes-by-cluster/2911140007","action":"GET /api/institutes-by-cluster/2911140007","ip":"::1"}
{"timestamp":"2026-02-04T08:35:23.790Z","type":"ACTION","user_id":"1","user_name":"admin@rajalakshmiFoundation.in","role_name":"ADMIN","method":"GET","path":"/api/institutes-by-cluster/2911140018","action":"GET /api/institutes-by-cluster/2911140018","ip":"::1"}
{"timestamp":"2026-02-04T08:35:23.795Z","type":"ACTION","user_id":"1","user_name":"admin@rajalakshmiFoundation.in","role_name":"ADMIN","method":"GET","path":"/api/institutes-by-cluster/2911140011","action":"GET /api/institutes-by-cluster/2911140011","ip":"::1"}
{"timestamp":"2026-02-04T08:35:32.531Z","type":"ACTION","user_id":"anonymous","user_name":"anonymous","role_name":"anonymous","method":"GET","path":"/api/evaluation-dashboard/overall/2024","action":"GET /api/evaluation-dashboard/overall/2024","ip":"::1"}
{"timestamp":"2026-02-04T08:35:32.537Z","type":"ACTION","user_id":"anonymous","user_name":"anonymous","role_name":"anonymous","method":"GET","path":"/api/evaluation-dashboard/jurisdictions/2024","action":"GET /api/evaluation-dashboard/jurisdictions/2024","ip":"::1"}
{"timestamp":"2026-02-04T08:35:32.543Z","type":"ACTION","user_id":"anonymous","user_name":"anonymous","role_name":"anonymous","method":"GET","path":"/api/evaluation-dashboard/overall-progress/2024","action":"GET /api/evaluation-dashboard/overall-progress/2024","ip":"::1"}
{"timestamp":"2026-02-04T08:35:32.636Z","type":"ACTION","user_id":"anonymous","user_name":"anonymous","role_name":"anonymous","method":"GET","path":"/api/evaluation-dashboard/jurisdictions/2024","action":"GET /api/evaluation-dashboard/jurisdictions/2024","ip":"::1"}
{"timestamp":"2026-02-04T08:35:32.680Z","type":"ACTION","user_id":"anonymous","user_name":"anonymous","role_name":"anonymous","method":"GET","path":"/api/evaluation-dashboard/overall-progress/2024","action":"GET /api/evaluation-dashboard/overall-progress/2024","ip":"::1"}
{"timestamp":"2026-02-04T08:35:32.991Z","type":"ACTION","user_id":"anonymous","user_name":"anonymous","role_name":"anonymous","method":"GET","path":"/api/evaluation-dashboard/overall/2024","action":"GET /api/evaluation-dashboard/overall/2024","ip":"::1"}
{"timestamp":"2026-02-04T08:35:35.699Z","type":"ACTION","user_id":"1","user_name":"admin@rajalakshmiFoundation.in","role_name":"ADMIN","method":"GET","path":"/api/tracking/students","action":"GET /api/tracking/students","ip":"::1","details":{"query":{"page":"1","nmms_year":"2024"}}}
{"timestamp":"2026-02-04T08:35:35.707Z","type":"ACTION","user_id":"1","user_name":"admin@rajalakshmiFoundation.in","role_name":"ADMIN","method":"GET","path":"/api/tracking/interviewers","action":"GET /api/tracking/interviewers","ip":"::1"}
{"timestamp":"2026-02-04T08:35:35.719Z","type":"ACTION","user_id":"1","user_name":"admin@rajalakshmiFoundation.in","role_name":"ADMIN","method":"GET","path":"/api/tracking/interviewers","action":"GET /api/tracking/interviewers","ip":"::1"}
{"timestamp":"2026-02-04T08:35:35.734Z","type":"ACTION","user_id":"1","user_name":"admin@rajalakshmiFoundation.in","role_name":"ADMIN","method":"GET","path":"/api/tracking/students","action":"GET /api/tracking/students","ip":"::1","details":{"query":{"page":"1","nmms_year":"2024"}}}
{"timestamp":"2026-02-04T08:35:46.447Z","type":"ACTION","user_id":"1","user_name":"admin@rajalakshmiFoundation.in","role_name":"ADMIN","method":"GET","path":"/api/system-config/all","action":"GET /api/system-config/all","ip":"::1"}
{"timestamp":"2026-02-04T08:35:46.550Z","type":"ACTION","user_id":"1","user_name":"admin@rajalakshmiFoundation.in","role_name":"ADMIN","method":"GET","path":"/api/system-config/all","action":"GET /api/system-config/all","ip":"::1"}
{"timestamp":"2026-02-04T08:35:58.787Z","type":"ACTION","user_id":"1","user_name":"admin@rajalakshmiFoundation.in","role_name":"ADMIN","method":"PUT","path":"/api/system-config/1","action":"PUT /api/system-config/1","ip":"::1","details":{"body":{"academic_year":"2025-26","phase":"Admissions are started","is_active":true}}}
{"timestamp":"2026-02-04T08:35:58.955Z","type":"ACTION","user_id":"1","user_name":"admin@rajalakshmiFoundation.in","role_name":"ADMIN","method":"GET","path":"/api/system-config/all","action":"GET /api/system-config/all","ip":"::1"}
{"timestamp":"2026-02-04T08:35:58.973Z","type":"ACTION","user_id":"1","user_name":"admin@rajalakshmiFoundation.in","role_name":"ADMIN","method":"GET","path":"/api/system-config/active","action":"GET /api/system-config/active","ip":"::1"}
{"timestamp":"2026-02-04T08:36:06.362Z","type":"ACTION","user_id":"1","user_name":"admin@rajalakshmiFoundation.in","role_name":"ADMIN","method":"PUT","path":"/api/system-config/2","action":"PUT /api/system-config/2","ip":"::1","details":{"body":{"academic_year":"2024-25","phase":"Admissions are started","is_active":false}}}
{"timestamp":"2026-02-04T08:36:06.408Z","type":"ACTION","user_id":"1","user_name":"admin@rajalakshmiFoundation.in","role_name":"ADMIN","method":"GET","path":"/api/system-config/all","action":"GET /api/system-config/all","ip":"::1"}
{"timestamp":"2026-02-04T08:36:06.427Z","type":"ACTION","user_id":"1","user_name":"admin@rajalakshmiFoundation.in","role_name":"ADMIN","method":"GET","path":"/api/system-config/active","action":"GET /api/system-config/active","ip":"::1"}
{"timestamp":"2026-02-04T08:36:11.760Z","type":"ACTION","user_id":"anonymous","user_name":"anonymous","role_name":"anonymous","method":"GET","path":"/api/evaluation-dashboard/overall-progress/2025","action":"GET /api/evaluation-dashboard/overall-progress/2025","ip":"::1"}
{"timestamp":"2026-02-04T08:36:11.792Z","type":"ACTION","user_id":"anonymous","user_name":"anonymous","role_name":"anonymous","method":"GET","path":"/api/evaluation-dashboard/overall/2025","action":"GET /api/evaluation-dashboard/overall/2025","ip":"::1"}
{"timestamp":"2026-02-04T08:36:11.797Z","type":"ACTION","user_id":"anonymous","user_name":"anonymous","role_name":"anonymous","method":"GET","path":"/api/evaluation-dashboard/jurisdictions/2025","action":"GET /api/evaluation-dashboard/jurisdictions/2025","ip":"::1"}
{"timestamp":"2026-02-04T08:36:11.935Z","type":"ACTION","user_id":"anonymous","user_name":"anonymous","role_name":"anonymous","method":"GET","path":"/api/evaluation-dashboard/overall-progress/2025","action":"GET /api/evaluation-dashboard/overall-progress/2025","ip":"::1"}
{"timestamp":"2026-02-04T08:36:13.978Z","type":"ACTION","user_id":"anonymous","user_name":"anonymous","role_name":"anonymous","method":"GET","path":"/api/evaluation-dashboard/jurisdictions/2025","action":"GET /api/evaluation-dashboard/jurisdictions/2025","ip":"::1"}
{"timestamp":"2026-02-04T08:36:13.981Z","type":"ACTION","user_id":"anonymous","user_name":"anonymous","role_name":"anonymous","method":"GET","path":"/api/evaluation-dashboard/overall/2025","action":"GET /api/evaluation-dashboard/overall/2025","ip":"::1"}
{"timestamp":"2026-02-04T08:36:19.021Z","type":"ACTION","user_id":"1","user_name":"admin@rajalakshmiFoundation.in","role_name":"ADMIN","method":"GET","path":"/api/tracking/interviewers","action":"GET /api/tracking/interviewers","ip":"::1"}
{"timestamp":"2026-02-04T08:36:19.027Z","type":"ACTION","user_id":"1","user_name":"admin@rajalakshmiFoundation.in","role_name":"ADMIN","method":"GET","path":"/api/tracking/students","action":"GET /api/tracking/students","ip":"::1","details":{"query":{"page":"1","nmms_year":"2025"}}}
{"timestamp":"2026-02-04T08:36:19.036Z","type":"ACTION","user_id":"1","user_name":"admin@rajalakshmiFoundation.in","role_name":"ADMIN","method":"GET","path":"/api/tracking/interviewers","action":"GET /api/tracking/interviewers","ip":"::1"}
{"timestamp":"2026-02-04T08:36:19.055Z","type":"ACTION","user_id":"1","user_name":"admin@rajalakshmiFoundation.in","role_name":"ADMIN","method":"GET","path":"/api/tracking/students","action":"GET /api/tracking/students","ip":"::1","details":{"query":{"page":"1","nmms_year":"2025"}}}
{"timestamp":"2026-02-04T08:36:20.339Z","type":"ACTION","user_id":"1","user_name":"admin@rajalakshmiFoundation.in","role_name":"ADMIN","method":"GET","path":"/api/tracking/students/68322/interviews/all","action":"GET /api/tracking/students/68322/interviews/all","ip":"::1","details":{"query":{"nmms_year":"2025"}}}
{"timestamp":"2026-02-04T08:36:20.345Z","type":"ACTION","user_id":"1","user_name":"admin@rajalakshmiFoundation.in","role_name":"ADMIN","method":"GET","path":"/api/tracking/students/68322/home/all","action":"GET /api/tracking/students/68322/home/all","ip":"::1","details":{"query":{"nmms_year":"2025"}}}
{"timestamp":"2026-02-04T08:36:20.349Z","type":"ACTION","user_id":"1","user_name":"admin@rajalakshmiFoundation.in","role_name":"ADMIN","method":"GET","path":"/api/tracking/students/68322/home/all","action":"GET /api/tracking/students/68322/home/all","ip":"::1","details":{"query":{"nmms_year":"2025"},"statusCode":500},"status":"error","error":"Could not fetch home verification records."}
{"timestamp":"2026-02-04T08:36:21.464Z","type":"ACTION","user_id":"1","user_name":"admin@rajalakshmiFoundation.in","role_name":"ADMIN","method":"GET","path":"/api/tracking/students/68322/interviews/all","action":"GET /api/tracking/students/68322/interviews/all","ip":"::1","details":{"query":{"nmms_year":"2025"}}}
{"timestamp":"2026-02-04T08:36:21.470Z","type":"ACTION","user_id":"1","user_name":"admin@rajalakshmiFoundation.in","role_name":"ADMIN","method":"GET","path":"/api/tracking/students/68322/home/all","action":"GET /api/tracking/students/68322/home/all","ip":"::1","details":{"query":{"nmms_year":"2025"}}}
{"timestamp":"2026-02-04T08:36:21.473Z","type":"ACTION","user_id":"1","user_name":"admin@rajalakshmiFoundation.in","role_name":"ADMIN","method":"GET","path":"/api/tracking/students/68322/home/all","action":"GET /api/tracking/students/68322/home/all","ip":"::1","details":{"query":{"nmms_year":"2025"},"statusCode":500},"status":"error","error":"Could not fetch home verification records."}
{"timestamp":"2026-02-04T08:36:32.646Z","type":"ACTION","user_id":"anonymous","user_name":"anonymous","role_name":"anonymous","method":"GET","path":"/api/tracking/students/68322/home/all","action":"GET /api/tracking/students/68322/home/all","ip":"::1","details":{"query":{"nmms_year":"2025"}}}
{"timestamp":"2026-02-04T08:36:32.649Z","type":"ACTION","user_id":"anonymous","user_name":"anonymous","role_name":"anonymous","method":"GET","path":"/api/tracking/students/68322/home/all","action":"GET /api/tracking/students/68322/home/all","ip":"::1","details":{"query":{"nmms_year":"2025"},"statusCode":500},"status":"error","error":"Could not fetch home verification records."}
{"timestamp":"2026-02-04T08:36:32.815Z","type":"ACTION","user_id":"anonymous","user_name":"anonymous","role_name":"anonymous","method":"GET","path":"/favicon.ico","action":"GET /favicon.ico","ip":"::1"}
{"timestamp":"2026-02-04T08:36:32.817Z","type":"ACTION","user_id":"anonymous","user_name":"anonymous","role_name":"anonymous","method":"GET","path":"/favicon.ico","action":"GET /favicon.ico","ip":"::1","status":"error","error":"Route not found","details":{"statusCode":404}}
{"timestamp":"2026-02-04T08:43:51.740Z","type":"ACTION","user_id":"1","user_name":"admin@rajalakshmiFoundation.in","role_name":"ADMIN","method":"GET","path":"/api/tracking/students/43093/interviews/all","action":"GET /api/tracking/students/43093/interviews/all","ip":"::1","details":{"query":{"nmms_year":"2025"}}}
{"timestamp":"2026-02-04T08:43:51.756Z","type":"ACTION","user_id":"1","user_name":"admin@rajalakshmiFoundation.in","role_name":"ADMIN","method":"GET","path":"/api/tracking/students/43093/home/all","action":"GET /api/tracking/students/43093/home/all","ip":"::1","details":{"query":{"nmms_year":"2025"}}}
{"timestamp":"2026-02-04T08:44:00.925Z","type":"ACTION","user_id":"1","user_name":"admin@rajalakshmiFoundation.in","role_name":"ADMIN","method":"GET","path":"/api/tracking/students/43093/interviews/all","action":"GET /api/tracking/students/43093/interviews/all","ip":"::1","details":{"query":{"nmms_year":"2025"}}}
{"timestamp":"2026-02-04T08:44:00.932Z","type":"ACTION","user_id":"1","user_name":"admin@rajalakshmiFoundation.in","role_name":"ADMIN","method":"GET","path":"/api/tracking/students/43093/home/all","action":"GET /api/tracking/students/43093/home/all","ip":"::1","details":{"query":{"nmms_year":"2025"}}}
{"timestamp":"2026-02-04T08:44:05.249Z","type":"ACTION","user_id":"1","user_name":"admin@rajalakshmiFoundation.in","role_name":"ADMIN","method":"GET","path":"/api/states","action":"GET /api/states","ip":"::1"}
{"timestamp":"2026-02-04T08:44:05.270Z","type":"ACTION","user_id":"1","user_name":"admin@rajalakshmiFoundation.in","role_name":"ADMIN","method":"GET","path":"/api/states","action":"GET /api/states","ip":"::1"}
{"timestamp":"2026-02-04T08:44:08.554Z","type":"ACTION","user_id":"1","user_name":"admin@rajalakshmiFoundation.in","role_name":"ADMIN","method":"GET","path":"/api/search","action":"GET /api/search","ip":"::1","details":{"query":{"nmms_year":"2025","limit":"10","offset":"0"}}}
{"timestamp":"2026-02-04T08:44:08.744Z","type":"ACTION","user_id":"1","user_name":"admin@rajalakshmiFoundation.in","role_name":"ADMIN","method":"GET","path":"/api/search","action":"GET /api/search","ip":"::1","details":{"query":{"nmms_year":"2025","limit":"10","offset":"0","sortBy":"applicant_id","sortOrder":"ASC"}}}
{"timestamp":"2026-02-04T08:44:08.852Z","type":"ACTION","user_id":"1","user_name":"admin@rajalakshmiFoundation.in","role_name":"ADMIN","method":"GET","path":"/api/search","action":"GET /api/search","ip":"::1","details":{"query":{"nmms_year":"2025","limit":"10","offset":"0","sortBy":"applicant_id","sortOrder":"ASC"}}}
{"timestamp":"2026-02-04T08:44:10.146Z","type":"ACTION","user_id":"1","user_name":"admin@rajalakshmiFoundation.in","role_name":"ADMIN","method":"GET","path":"/api/states","action":"GET /api/states","ip":"::1"}
{"timestamp":"2026-02-04T08:44:10.153Z","type":"ACTION","user_id":"1","user_name":"admin@rajalakshmiFoundation.in","role_name":"ADMIN","method":"GET","path":"/api/applicants/reg/41251122361","action":"GET /api/applicants/reg/41251122361","ip":"::1"}
{"timestamp":"2026-02-04T08:44:10.164Z","type":"ACTION","user_id":"1","user_name":"admin@rajalakshmiFoundation.in","role_name":"ADMIN","method":"GET","path":"/api/states","action":"GET /api/states","ip":"::1"}
{"timestamp":"2026-02-04T08:44:10.174Z","type":"ACTION","user_id":"1","user_name":"admin@rajalakshmiFoundation.in","role_name":"ADMIN","method":"GET","path":"/api/applicants/reg/41251122361","action":"GET /api/applicants/reg/41251122361","ip":"::1"}
{"timestamp":"2026-02-04T08:44:10.196Z","type":"ACTION","user_id":"1","user_name":"admin@rajalakshmiFoundation.in","role_name":"ADMIN","method":"GET","path":"/api/divisions-by-state/1","action":"GET /api/divisions-by-state/1","ip":"::1"}
{"timestamp":"2026-02-04T08:44:10.201Z","type":"ACTION","user_id":"1","user_name":"admin@rajalakshmiFoundation.in","role_name":"ADMIN","method":"GET","path":"/api/blocks-by-district/2911","action":"GET /api/blocks-by-district/2911","ip":"::1"}
{"timestamp":"2026-02-04T08:44:10.207Z","type":"ACTION","user_id":"1","user_name":"admin@rajalakshmiFoundation.in","role_name":"ADMIN","method":"GET","path":"/api/clusters-by-block/291114","action":"GET /api/clusters-by-block/291114","ip":"::1"}
{"timestamp":"2026-02-04T08:44:10.235Z","type":"ACTION","user_id":"1","user_name":"admin@rajalakshmiFoundation.in","role_name":"ADMIN","method":"GET","path":"/api/districts-by-division/2","action":"GET /api/districts-by-division/2","ip":"::1"}
{"timestamp":"2026-02-04T08:44:10.243Z","type":"ACTION","user_id":"1","user_name":"admin@rajalakshmiFoundation.in","role_name":"ADMIN","method":"GET","path":"/api/districts-by-division/3","action":"GET /api/districts-by-division/3","ip":"::1"}
{"timestamp":"2026-02-04T08:44:10.248Z","type":"ACTION","user_id":"1","user_name":"admin@rajalakshmiFoundation.in","role_name":"ADMIN","method":"GET","path":"/api/districts-by-division/4","action":"GET /api/districts-by-division/4","ip":"::1"}
{"timestamp":"2026-02-04T08:44:10.253Z","type":"ACTION","user_id":"1","user_name":"admin@rajalakshmiFoundation.in","role_name":"ADMIN","method":"GET","path":"/api/districts-by-division/5","action":"GET /api/districts-by-division/5","ip":"::1"}
{"timestamp":"2026-02-04T08:44:10.322Z","type":"ACTION","user_id":"1","user_name":"admin@rajalakshmiFoundation.in","role_name":"ADMIN","method":"GET","path":"/api/institutes-by-cluster/2911140004","action":"GET /api/institutes-by-cluster/2911140004","ip":"::1"}
{"timestamp":"2026-02-04T08:44:10.328Z","type":"ACTION","user_id":"1","user_name":"admin@rajalakshmiFoundation.in","role_name":"ADMIN","method":"GET","path":"/api/institutes-by-cluster/2911140014","action":"GET /api/institutes-by-cluster/2911140014","ip":"::1"}
{"timestamp":"2026-02-04T08:44:10.332Z","type":"ACTION","user_id":"1","user_name":"admin@rajalakshmiFoundation.in","role_name":"ADMIN","method":"GET","path":"/api/institutes-by-cluster/2911140006","action":"GET /api/institutes-by-cluster/2911140006","ip":"::1"}
{"timestamp":"2026-02-04T08:44:10.371Z","type":"ACTION","user_id":"1","user_name":"admin@rajalakshmiFoundation.in","role_name":"ADMIN","method":"GET","path":"/api/institutes-by-cluster/2911140013","action":"GET /api/institutes-by-cluster/2911140013","ip":"::1"}
{"timestamp":"2026-02-04T08:44:10.376Z","type":"ACTION","user_id":"1","user_name":"admin@rajalakshmiFoundation.in","role_name":"ADMIN","method":"GET","path":"/api/institutes-by-cluster/2911140005","action":"GET /api/institutes-by-cluster/2911140005","ip":"::1"}
{"timestamp":"2026-02-04T08:44:10.381Z","type":"ACTION","user_id":"1","user_name":"admin@rajalakshmiFoundation.in","role_name":"ADMIN","method":"GET","path":"/api/institutes-by-cluster/2911140010","action":"GET /api/institutes-by-cluster/2911140010","ip":"::1"}
{"timestamp":"2026-02-04T08:44:10.412Z","type":"ACTION","user_id":"1","user_name":"admin@rajalakshmiFoundation.in","role_name":"ADMIN","method":"GET","path":"/api/institutes-by-cluster/2911140017","action":"GET /api/institutes-by-cluster/2911140017","ip":"::1"}
{"timestamp":"2026-02-04T08:44:10.417Z","type":"ACTION","user_id":"1","user_name":"admin@rajalakshmiFoundation.in","role_name":"ADMIN","method":"GET","path":"/api/institutes-by-cluster/2911140008","action":"GET /api/institutes-by-cluster/2911140008","ip":"::1"}
{"timestamp":"2026-02-04T08:44:10.421Z","type":"ACTION","user_id":"1","user_name":"admin@rajalakshmiFoundation.in","role_name":"ADMIN","method":"GET","path":"/api/institutes-by-cluster/2911140016","action":"GET /api/institutes-by-cluster/2911140016","ip":"::1"}
{"timestamp":"2026-02-04T08:44:10.429Z","type":"ACTION","user_id":"1","user_name":"admin@rajalakshmiFoundation.in","role_name":"ADMIN","method":"GET","path":"/api/institutes-by-cluster/2911140002","action":"GET /api/institutes-by-cluster/2911140002","ip":"::1"}
{"timestamp":"2026-02-04T08:44:10.437Z","type":"ACTION","user_id":"1","user_name":"admin@rajalakshmiFoundation.in","role_name":"ADMIN","method":"GET","path":"/api/institutes-by-cluster/2911140012","action":"GET /api/institutes-by-cluster/2911140012","ip":"::1"}
{"timestamp":"2026-02-04T08:44:10.456Z","type":"ACTION","user_id":"1","user_name":"admin@rajalakshmiFoundation.in","role_name":"ADMIN","method":"GET","path":"/api/institutes-by-cluster/2911140001","action":"GET /api/institutes-by-cluster/2911140001","ip":"::1"}
{"timestamp":"2026-02-04T08:44:10.463Z","type":"ACTION","user_id":"1","user_name":"admin@rajalakshmiFoundation.in","role_name":"ADMIN","method":"GET","path":"/api/institutes-by-cluster/2911140003","action":"GET /api/institutes-by-cluster/2911140003","ip":"::1"}
{"timestamp":"2026-02-04T08:44:10.469Z","type":"ACTION","user_id":"1","user_name":"admin@rajalakshmiFoundation.in","role_name":"ADMIN","method":"GET","path":"/api/institutes-by-cluster/2911140015","action":"GET /api/institutes-by-cluster/2911140015","ip":"::1"}
{"timestamp":"2026-02-04T08:44:10.477Z","type":"ACTION","user_id":"1","user_name":"admin@rajalakshmiFoundation.in","role_name":"ADMIN","method":"GET","path":"/api/institutes-by-cluster/2911140009","action":"GET /api/institutes-by-cluster/2911140009","ip":"::1"}
{"timestamp":"2026-02-04T08:44:10.481Z","type":"ACTION","user_id":"1","user_name":"admin@rajalakshmiFoundation.in","role_name":"ADMIN","method":"GET","path":"/api/institutes-by-cluster/2911140019","action":"GET /api/institutes-by-cluster/2911140019","ip":"::1"}
{"timestamp":"2026-02-04T08:44:10.491Z","type":"ACTION","user_id":"1","user_name":"admin@rajalakshmiFoundation.in","role_name":"ADMIN","method":"GET","path":"/api/institutes-by-cluster/2911140020","action":"GET /api/institutes-by-cluster/2911140020","ip":"::1"}
{"timestamp":"2026-02-04T08:44:10.500Z","type":"ACTION","user_id":"1","user_name":"admin@rajalakshmiFoundation.in","role_name":"ADMIN","method":"GET","path":"/api/institutes-by-cluster/2911140007","action":"GET /api/institutes-by-cluster/2911140007","ip":"::1"}
{"timestamp":"2026-02-04T08:44:10.516Z","type":"ACTION","user_id":"1","user_name":"admin@rajalakshmiFoundation.in","role_name":"ADMIN","method":"GET","path":"/api/institutes-by-cluster/2911140018","action":"GET /api/institutes-by-cluster/2911140018","ip":"::1"}
{"timestamp":"2026-02-04T08:44:10.521Z","type":"ACTION","user_id":"1","user_name":"admin@rajalakshmiFoundation.in","role_name":"ADMIN","method":"GET","path":"/api/institutes-by-cluster/2911140011","action":"GET /api/institutes-by-cluster/2911140011","ip":"::1"}
{"timestamp":"2026-02-04T08:57:51.115Z","type":"LOGIN","user_name":"admin@rajalakshmiFoundation.in","status":"success_pre_auth","ip":"::1"}
{"timestamp":"2026-02-04T08:57:51.137Z","type":"ACTION","user_name":"admin@rajalakshmiFoundation.in","role":"ADMIN","action":"login_complete","status":"success","ip":"::1"}
{"timestamp":"2026-02-04T08:57:51.213Z","type":"ACTION","user_id":"1","user_name":"admin@rajalakshmiFoundation.in","role_name":"ADMIN","method":"GET","path":"/api/applicants/selected/count","action":"GET /api/applicants/selected/count","ip":"::1","details":{"query":{"year":"2025"}}}
{"timestamp":"2026-02-04T08:57:51.219Z","type":"ACTION","user_id":"1","user_name":"admin@rajalakshmiFoundation.in","role_name":"ADMIN","method":"GET","path":"/api/applicants/count","action":"GET /api/applicants/count","ip":"::1","details":{"query":{"year":"2025"}}}
{"timestamp":"2026-02-04T08:57:51.229Z","type":"ACTION","user_id":"1","user_name":"admin@rajalakshmiFoundation.in","role_name":"ADMIN","method":"GET","path":"/api/applicants/shortlisted/count","action":"GET /api/applicants/shortlisted/count","ip":"::1","details":{"query":{"year":"2025"}}}
{"timestamp":"2026-02-04T08:57:51.238Z","type":"ACTION","user_id":"1","user_name":"admin@rajalakshmiFoundation.in","role_name":"ADMIN","method":"GET","path":"/api/system-config/active","action":"GET /api/system-config/active","ip":"::1"}
{"timestamp":"2026-02-04T08:57:51.263Z","type":"ACTION","user_id":"1","user_name":"admin@rajalakshmiFoundation.in","role_name":"ADMIN","method":"GET","path":"/api/applicants/selected/count","action":"GET /api/applicants/selected/count","ip":"::1","details":{"query":{"year":"2025"}}}
{"timestamp":"2026-02-04T08:57:51.336Z","type":"ACTION","user_id":"1","user_name":"admin@rajalakshmiFoundation.in","role_name":"ADMIN","method":"GET","path":"/api/system-config/active","action":"GET /api/system-config/active","ip":"::1"}
{"timestamp":"2026-02-04T08:57:51.412Z","type":"ACTION","user_id":"1","user_name":"admin@rajalakshmiFoundation.in","role_name":"ADMIN","method":"GET","path":"/api/applicants/shortlisted/count","action":"GET /api/applicants/shortlisted/count","ip":"::1","details":{"query":{"year":"2025"}}}
{"timestamp":"2026-02-04T08:57:51.443Z","type":"ACTION","user_id":"1","user_name":"admin@rajalakshmiFoundation.in","role_name":"ADMIN","method":"GET","path":"/api/applicants/count","action":"GET /api/applicants/count","ip":"::1","details":{"query":{"year":"2025"}}}
{"timestamp":"2026-02-04T08:57:54.457Z","type":"ACTION","user_id":"1","user_name":"admin@rajalakshmiFoundation.in","role_name":"ADMIN","method":"GET","path":"/api/states","action":"GET /api/states","ip":"::1"}
{"timestamp":"2026-02-04T08:57:54.475Z","type":"ACTION","user_id":"1","user_name":"admin@rajalakshmiFoundation.in","role_name":"ADMIN","method":"GET","path":"/api/states","action":"GET /api/states","ip":"::1"}
{"timestamp":"2026-02-04T08:57:57.117Z","type":"ACTION","user_id":"1","user_name":"admin@rajalakshmiFoundation.in","role_name":"ADMIN","method":"GET","path":"/api/search","action":"GET /api/search","ip":"::1","details":{"query":{"nmms_year":"2025","limit":"10","offset":"0"}}}
{"timestamp":"2026-02-04T08:57:57.286Z","type":"ACTION","user_id":"1","user_name":"admin@rajalakshmiFoundation.in","role_name":"ADMIN","method":"GET","path":"/api/search","action":"GET /api/search","ip":"::1","details":{"query":{"nmms_year":"2025","limit":"10","offset":"0","sortBy":"applicant_id","sortOrder":"ASC"}}}
{"timestamp":"2026-02-04T08:57:57.390Z","type":"ACTION","user_id":"1","user_name":"admin@rajalakshmiFoundation.in","role_name":"ADMIN","method":"GET","path":"/api/search","action":"GET /api/search","ip":"::1","details":{"query":{"nmms_year":"2025","limit":"10","offset":"0","sortBy":"applicant_id","sortOrder":"ASC"}}}
{"timestamp":"2026-02-04T08:57:58.453Z","type":"ACTION","user_id":"1","user_name":"admin@rajalakshmiFoundation.in","role_name":"ADMIN","method":"GET","path":"/api/states","action":"GET /api/states","ip":"::1"}
{"timestamp":"2026-02-04T08:57:58.458Z","type":"ACTION","user_id":"1","user_name":"admin@rajalakshmiFoundation.in","role_name":"ADMIN","method":"GET","path":"/api/applicants/reg/41251122361","action":"GET /api/applicants/reg/41251122361","ip":"::1"}
{"timestamp":"2026-02-04T08:57:58.468Z","type":"ACTION","user_id":"1","user_name":"admin@rajalakshmiFoundation.in","role_name":"ADMIN","method":"GET","path":"/api/states","action":"GET /api/states","ip":"::1"}
{"timestamp":"2026-02-04T08:57:58.484Z","type":"ACTION","user_id":"1","user_name":"admin@rajalakshmiFoundation.in","role_name":"ADMIN","method":"GET","path":"/api/applicants/reg/41251122361","action":"GET /api/applicants/reg/41251122361","ip":"::1"}
{"timestamp":"2026-02-04T08:57:58.501Z","type":"ACTION","user_id":"1","user_name":"admin@rajalakshmiFoundation.in","role_name":"ADMIN","method":"GET","path":"/api/divisions-by-state/1","action":"GET /api/divisions-by-state/1","ip":"::1"}
{"timestamp":"2026-02-04T08:57:58.507Z","type":"ACTION","user_id":"1","user_name":"admin@rajalakshmiFoundation.in","role_name":"ADMIN","method":"GET","path":"/api/blocks-by-district/2911","action":"GET /api/blocks-by-district/2911","ip":"::1"}
{"timestamp":"2026-02-04T08:57:58.511Z","type":"ACTION","user_id":"1","user_name":"admin@rajalakshmiFoundation.in","role_name":"ADMIN","method":"GET","path":"/api/clusters-by-block/291114","action":"GET /api/clusters-by-block/291114","ip":"::1"}
{"timestamp":"2026-02-04T08:57:58.585Z","type":"ACTION","user_id":"1","user_name":"admin@rajalakshmiFoundation.in","role_name":"ADMIN","method":"GET","path":"/api/districts-by-division/2","action":"GET /api/districts-by-division/2","ip":"::1"}
{"timestamp":"2026-02-04T08:57:58.593Z","type":"ACTION","user_id":"1","user_name":"admin@rajalakshmiFoundation.in","role_name":"ADMIN","method":"GET","path":"/api/districts-by-division/3","action":"GET /api/districts-by-division/3","ip":"::1"}
{"timestamp":"2026-02-04T08:57:58.599Z","type":"ACTION","user_id":"1","user_name":"admin@rajalakshmiFoundation.in","role_name":"ADMIN","method":"GET","path":"/api/districts-by-division/4","action":"GET /api/districts-by-division/4","ip":"::1"}
{"timestamp":"2026-02-04T08:57:58.605Z","type":"ACTION","user_id":"1","user_name":"admin@rajalakshmiFoundation.in","role_name":"ADMIN","method":"GET","path":"/api/districts-by-division/5","action":"GET /api/districts-by-division/5","ip":"::1"}
{"timestamp":"2026-02-04T08:57:58.618Z","type":"ACTION","user_id":"1","user_name":"admin@rajalakshmiFoundation.in","role_name":"ADMIN","method":"GET","path":"/api/institutes-by-cluster/2911140004","action":"GET /api/institutes-by-cluster/2911140004","ip":"::1"}
{"timestamp":"2026-02-04T08:57:58.638Z","type":"ACTION","user_id":"1","user_name":"admin@rajalakshmiFoundation.in","role_name":"ADMIN","method":"GET","path":"/api/institutes-by-cluster/2911140014","action":"GET /api/institutes-by-cluster/2911140014","ip":"::1"}
{"timestamp":"2026-02-04T08:57:58.643Z","type":"ACTION","user_id":"1","user_name":"admin@rajalakshmiFoundation.in","role_name":"ADMIN","method":"GET","path":"/api/institutes-by-cluster/2911140006","action":"GET /api/institutes-by-cluster/2911140006","ip":"::1"}
{"timestamp":"2026-02-04T08:57:58.658Z","type":"ACTION","user_id":"1","user_name":"admin@rajalakshmiFoundation.in","role_name":"ADMIN","method":"GET","path":"/api/institutes-by-cluster/2911140013","action":"GET /api/institutes-by-cluster/2911140013","ip":"::1"}
{"timestamp":"2026-02-04T08:57:58.664Z","type":"ACTION","user_id":"1","user_name":"admin@rajalakshmiFoundation.in","role_name":"ADMIN","method":"GET","path":"/api/institutes-by-cluster/2911140005","action":"GET /api/institutes-by-cluster/2911140005","ip":"::1"}
{"timestamp":"2026-02-04T08:57:58.671Z","type":"ACTION","user_id":"1","user_name":"admin@rajalakshmiFoundation.in","role_name":"ADMIN","method":"GET","path":"/api/institutes-by-cluster/2911140010","action":"GET /api/institutes-by-cluster/2911140010","ip":"::1"}
{"timestamp":"2026-02-04T08:57:58.729Z","type":"ACTION","user_id":"1","user_name":"admin@rajalakshmiFoundation.in","role_name":"ADMIN","method":"GET","path":"/api/institutes-by-cluster/2911140017","action":"GET /api/institutes-by-cluster/2911140017","ip":"::1"}
{"timestamp":"2026-02-04T08:57:58.734Z","type":"ACTION","user_id":"1","user_name":"admin@rajalakshmiFoundation.in","role_name":"ADMIN","method":"GET","path":"/api/institutes-by-cluster/2911140008","action":"GET /api/institutes-by-cluster/2911140008","ip":"::1"}
{"timestamp":"2026-02-04T08:57:58.738Z","type":"ACTION","user_id":"1","user_name":"admin@rajalakshmiFoundation.in","role_name":"ADMIN","method":"GET","path":"/api/institutes-by-cluster/2911140016","action":"GET /api/institutes-by-cluster/2911140016","ip":"::1"}
{"timestamp":"2026-02-04T08:57:58.744Z","type":"ACTION","user_id":"1","user_name":"admin@rajalakshmiFoundation.in","role_name":"ADMIN","method":"GET","path":"/api/institutes-by-cluster/2911140002","action":"GET /api/institutes-by-cluster/2911140002","ip":"::1"}
{"timestamp":"2026-02-04T08:57:58.772Z","type":"ACTION","user_id":"1","user_name":"admin@rajalakshmiFoundation.in","role_name":"ADMIN","method":"GET","path":"/api/institutes-by-cluster/2911140012","action":"GET /api/institutes-by-cluster/2911140012","ip":"::1"}
{"timestamp":"2026-02-04T08:57:58.778Z","type":"ACTION","user_id":"1","user_name":"admin@rajalakshmiFoundation.in","role_name":"ADMIN","method":"GET","path":"/api/institutes-by-cluster/2911140001","action":"GET /api/institutes-by-cluster/2911140001","ip":"::1"}
{"timestamp":"2026-02-04T08:57:58.785Z","type":"ACTION","user_id":"1","user_name":"admin@rajalakshmiFoundation.in","role_name":"ADMIN","method":"GET","path":"/api/institutes-by-cluster/2911140003","action":"GET /api/institutes-by-cluster/2911140003","ip":"::1"}
{"timestamp":"2026-02-04T08:57:58.790Z","type":"ACTION","user_id":"1","user_name":"admin@rajalakshmiFoundation.in","role_name":"ADMIN","method":"GET","path":"/api/institutes-by-cluster/2911140015","action":"GET /api/institutes-by-cluster/2911140015","ip":"::1"}
{"timestamp":"2026-02-04T08:57:58.806Z","type":"ACTION","user_id":"1","user_name":"admin@rajalakshmiFoundation.in","role_name":"ADMIN","method":"GET","path":"/api/institutes-by-cluster/2911140009","action":"GET /api/institutes-by-cluster/2911140009","ip":"::1"}
{"timestamp":"2026-02-04T08:57:58.821Z","type":"ACTION","user_id":"1","user_name":"admin@rajalakshmiFoundation.in","role_name":"ADMIN","method":"GET","path":"/api/institutes-by-cluster/2911140019","action":"GET /api/institutes-by-cluster/2911140019","ip":"::1"}
{"timestamp":"2026-02-04T08:57:58.826Z","type":"ACTION","user_id":"1","user_name":"admin@rajalakshmiFoundation.in","role_name":"ADMIN","method":"GET","path":"/api/institutes-by-cluster/2911140020","action":"GET /api/institutes-by-cluster/2911140020","ip":"::1"}
{"timestamp":"2026-02-04T08:57:58.830Z","type":"ACTION","user_id":"1","user_name":"admin@rajalakshmiFoundation.in","role_name":"ADMIN","method":"GET","path":"/api/institutes-by-cluster/2911140007","action":"GET /api/institutes-by-cluster/2911140007","ip":"::1"}
{"timestamp":"2026-02-04T08:57:58.835Z","type":"ACTION","user_id":"1","user_name":"admin@rajalakshmiFoundation.in","role_name":"ADMIN","method":"GET","path":"/api/institutes-by-cluster/2911140018","action":"GET /api/institutes-by-cluster/2911140018","ip":"::1"}
{"timestamp":"2026-02-04T08:57:58.839Z","type":"ACTION","user_id":"1","user_name":"admin@rajalakshmiFoundation.in","role_name":"ADMIN","method":"GET","path":"/api/institutes-by-cluster/2911140011","action":"GET /api/institutes-by-cluster/2911140011","ip":"::1"}
