{"timestamp":"2025-12-04T11:20:32.994Z","type":"ACTION","user_id":"10","user_name":"admin","role_name":"ADMIN","action":"role_authorization","status":"success","ip":"::1"}
{"timestamp":"2025-12-04T11:20:33.108Z","type":"ACTION","user_id":"10","user_name":"admin","role_name":"ADMIN","method":"GET","path":"/api/system-config/active","action":"GET /api/system-config/active","ip":"::1"}
{"timestamp":"2025-12-04T11:20:33.124Z","type":"ACTION","user_id":"10","user_name":"admin","role_name":"ADMIN","method":"GET","path":"/api/system-config/active","action":"GET /api/system-config/active","ip":"::1"}
{"timestamp":"2025-12-04T11:20:36.299Z","type":"ACTION","user_id":"10","user_name":"admin","role_name":"ADMIN","method":"GET","path":"/api/exams/divisions-by-state/1","action":"GET /api/exams/divisions-by-state/1","ip":"::1"}
{"timestamp":"2025-12-04T11:20:36.314Z","type":"ACTION","user_id":"10","user_name":"admin","role_name":"ADMIN","method":"GET","path":"/api/results/all-exams","action":"GET /api/results/all-exams","ip":"::1"}
{"timestamp":"2025-12-04T11:20:36.335Z","type":"ACTION","user_id":"10","user_name":"admin","role_name":"ADMIN","method":"GET","path":"/api/exams/divisions-by-state/1","action":"GET /api/exams/divisions-by-state/1","ip":"::1"}
{"timestamp":"2025-12-04T11:20:36.402Z","type":"ACTION","user_id":"10","user_name":"admin","role_name":"ADMIN","method":"GET","path":"/api/results/all-exams","action":"GET /api/results/all-exams","ip":"::1"}
{"timestamp":"2025-12-04T11:20:37.861Z","type":"ACTION","user_id":"anonymous","user_name":"anonymous","role_name":"anonymous","method":"GET","path":"/api/evaluation-dashboard/overall-progress","action":"GET /api/evaluation-dashboard/overall-progress","ip":"::1"}
{"timestamp":"2025-12-04T11:20:37.867Z","type":"ACTION","user_id":"anonymous","user_name":"anonymous","role_name":"anonymous","method":"GET","path":"/api/evaluation-dashboard/overall","action":"GET /api/evaluation-dashboard/overall","ip":"::1"}
{"timestamp":"2025-12-04T11:20:37.872Z","type":"ACTION","user_id":"anonymous","user_name":"anonymous","role_name":"anonymous","method":"GET","path":"/api/evaluation-dashboard/jurisdictions","action":"GET /api/evaluation-dashboard/jurisdictions","ip":"::1"}
{"timestamp":"2025-12-04T11:20:37.897Z","type":"ACTION","user_id":"anonymous","user_name":"anonymous","role_name":"anonymous","method":"GET","path":"/api/evaluation-dashboard/overall-progress","action":"GET /api/evaluation-dashboard/overall-progress","ip":"::1"}
{"timestamp":"2025-12-04T11:20:37.905Z","type":"ACTION","user_id":"anonymous","user_name":"anonymous","role_name":"anonymous","method":"GET","path":"/api/evaluation-dashboard/overall","action":"GET /api/evaluation-dashboard/overall","ip":"::1"}
{"timestamp":"2025-12-04T11:20:37.965Z","type":"ACTION","user_id":"anonymous","user_name":"anonymous","role_name":"anonymous","method":"GET","path":"/api/evaluation-dashboard/jurisdictions","action":"GET /api/evaluation-dashboard/jurisdictions","ip":"::1"}
{"timestamp":"2025-12-04T11:20:40.144Z","type":"ACTION","user_id":"10","user_name":"admin","role_name":"ADMIN","method":"GET","path":"/api/exams/divisions-by-state/1","action":"GET /api/exams/divisions-by-state/1","ip":"::1"}
{"timestamp":"2025-12-04T11:20:40.150Z","type":"ACTION","user_id":"10","user_name":"admin","role_name":"ADMIN","method":"GET","path":"/api/results/all-exams","action":"GET /api/results/all-exams","ip":"::1"}
{"timestamp":"2025-12-04T11:20:40.163Z","type":"ACTION","user_id":"10","user_name":"admin","role_name":"ADMIN","method":"GET","path":"/api/exams/divisions-by-state/1","action":"GET /api/exams/divisions-by-state/1","ip":"::1"}
{"timestamp":"2025-12-04T11:20:40.170Z","type":"ACTION","user_id":"10","user_name":"admin","role_name":"ADMIN","method":"GET","path":"/api/results/all-exams","action":"GET /api/results/all-exams","ip":"::1"}
{"timestamp":"2025-12-04T11:20:51.441Z","type":"ACTION","user_id":"10","user_name":"admin","role_name":"ADMIN","method":"GET","path":"/api/exams/education-districts-by-division/3","action":"GET /api/exams/education-districts-by-division/3","ip":"::1"}
{"timestamp":"2025-12-04T11:20:53.319Z","type":"ACTION","user_id":"10","user_name":"admin","role_name":"ADMIN","method":"POST","path":"/api/results/search-by-blocks","action":"POST /api/results/search-by-blocks","ip":"::1"}
{"timestamp":"2025-12-04T11:20:58.134Z","type":"ACTION","user_id":"10","user_name":"admin","role_name":"ADMIN","method":"GET","path":"/api/system-config/active","action":"GET /api/system-config/active","ip":"::1"}
{"timestamp":"2025-12-04T11:20:58.140Z","type":"ACTION","user_id":"10","user_name":"admin","role_name":"ADMIN","method":"GET","path":"/api/exams/divisions-by-state/1","action":"GET /api/exams/divisions-by-state/1","ip":"::1"}
{"timestamp":"2025-12-04T11:20:58.145Z","type":"ACTION","user_id":"10","user_name":"admin","role_name":"ADMIN","method":"GET","path":"/api/results/all-exams","action":"GET /api/results/all-exams","ip":"::1"}
{"timestamp":"2025-12-04T11:20:58.155Z","type":"ACTION","user_id":"10","user_name":"admin","role_name":"ADMIN","method":"GET","path":"/api/system-config/active","action":"GET /api/system-config/active","ip":"::1"}
{"timestamp":"2025-12-04T11:20:58.213Z","type":"ACTION","user_id":"10","user_name":"admin","role_name":"ADMIN","method":"GET","path":"/api/results/all-exams","action":"GET /api/results/all-exams","ip":"::1"}
{"timestamp":"2025-12-04T11:20:58.315Z","type":"ACTION","user_id":"10","user_name":"admin","role_name":"ADMIN","method":"GET","path":"/api/exams/divisions-by-state/1","action":"GET /api/exams/divisions-by-state/1","ip":"::1"}
{"timestamp":"2025-12-04T11:21:01.651Z","type":"ACTION","user_id":"10","user_name":"admin","role_name":"ADMIN","method":"GET","path":"/api/exams/education-districts-by-division/3","action":"GET /api/exams/education-districts-by-division/3","ip":"::1"}
{"timestamp":"2025-12-04T11:21:03.666Z","type":"ACTION","user_id":"10","user_name":"admin","role_name":"ADMIN","method":"GET","path":"/api/exams/blocks-by-district/2901","action":"GET /api/exams/blocks-by-district/2901","ip":"::1"}
{"timestamp":"2025-12-04T11:21:07.097Z","type":"ACTION","user_id":"10","user_name":"admin","role_name":"ADMIN","method":"POST","path":"/api/results/search-by-blocks","action":"POST /api/results/search-by-blocks","ip":"::1"}
{"timestamp":"2025-12-04T11:24:40.830Z","type":"ACTION","user_id":"10","user_name":"admin","role_name":"ADMIN","method":"POST","path":"/api/results/download-by-blocks","action":"POST /api/results/download-by-blocks","ip":"::1"}
{"timestamp":"2025-12-04T11:43:01.484Z","type":"ACTION","user_id":"10","user_name":"admin","role_name":"ADMIN","method":"GET","path":"/api/search-students","action":"GET /api/search-students","ip":"::1"}
{"timestamp":"2025-12-04T11:43:01.653Z","type":"ACTION","user_id":"10","user_name":"admin","role_name":"ADMIN","method":"GET","path":"/api/search-students","action":"GET /api/search-students","ip":"::1"}
{"timestamp":"2025-12-04T11:43:08.912Z","type":"ACTION","user_id":"10","user_name":"admin","role_name":"ADMIN","method":"GET","path":"/api/exams/divisions-by-state/1","action":"GET /api/exams/divisions-by-state/1","ip":"::1"}
{"timestamp":"2025-12-04T11:43:08.918Z","type":"ACTION","user_id":"10","user_name":"admin","role_name":"ADMIN","method":"GET","path":"/api/results/all-exams","action":"GET /api/results/all-exams","ip":"::1"}
{"timestamp":"2025-12-04T11:43:08.929Z","type":"ACTION","user_id":"10","user_name":"admin","role_name":"ADMIN","method":"GET","path":"/api/exams/divisions-by-state/1","action":"GET /api/exams/divisions-by-state/1","ip":"::1"}
{"timestamp":"2025-12-04T11:43:08.994Z","type":"ACTION","user_id":"10","user_name":"admin","role_name":"ADMIN","method":"GET","path":"/api/results/all-exams","action":"GET /api/results/all-exams","ip":"::1"}
{"timestamp":"2025-12-04T11:43:16.510Z","type":"ACTION","user_id":"10","user_name":"admin","role_name":"ADMIN","method":"GET","path":"/api/search-students","action":"GET /api/search-students","ip":"::1"}
{"timestamp":"2025-12-04T11:43:16.542Z","type":"ACTION","user_id":"10","user_name":"admin","role_name":"ADMIN","method":"GET","path":"/api/search-students","action":"GET /api/search-students","ip":"::1"}
{"timestamp":"2025-12-04T11:43:37.321Z","type":"ACTION","user_id":"10","user_name":"admin","role_name":"ADMIN","method":"GET","path":"/api/exams/divisions-by-state/1","action":"GET /api/exams/divisions-by-state/1","ip":"::1"}
{"timestamp":"2025-12-04T11:43:37.330Z","type":"ACTION","user_id":"10","user_name":"admin","role_name":"ADMIN","method":"GET","path":"/api/results/all-exams","action":"GET /api/results/all-exams","ip":"::1"}
{"timestamp":"2025-12-04T11:43:37.397Z","type":"ACTION","user_id":"10","user_name":"admin","role_name":"ADMIN","method":"GET","path":"/api/exams/divisions-by-state/1","action":"GET /api/exams/divisions-by-state/1","ip":"::1"}
{"timestamp":"2025-12-04T11:43:37.404Z","type":"ACTION","user_id":"10","user_name":"admin","role_name":"ADMIN","method":"GET","path":"/api/results/all-exams","action":"GET /api/results/all-exams","ip":"::1"}
{"timestamp":"2025-12-04T11:43:40.098Z","type":"ACTION","user_id":"10","user_name":"admin","role_name":"ADMIN","method":"POST","path":"/api/results/search-by-blocks","action":"POST /api/results/search-by-blocks","ip":"::1"}
{"timestamp":"2025-12-04T11:44:00.576Z","type":"ACTION","user_id":"10","user_name":"admin","role_name":"ADMIN","method":"GET","path":"/api/search-students","action":"GET /api/search-students","ip":"::1"}
{"timestamp":"2025-12-04T11:44:00.672Z","type":"ACTION","user_id":"10","user_name":"admin","role_name":"ADMIN","method":"GET","path":"/api/search-students","action":"GET /api/search-students","ip":"::1"}
{"timestamp":"2025-12-04T12:01:03.136Z","type":"ACTION","user_id":"10","user_name":"admin","role_name":"ADMIN","method":"GET","path":"/api/results/all-exams","action":"GET /api/results/all-exams","ip":"::1"}
{"timestamp":"2025-12-04T12:01:03.163Z","type":"ACTION","user_id":"10","user_name":"admin","role_name":"ADMIN","method":"GET","path":"/api/exams/divisions-by-state/1","action":"GET /api/exams/divisions-by-state/1","ip":"::1"}
{"timestamp":"2025-12-04T12:01:03.295Z","type":"ACTION","user_id":"10","user_name":"admin","role_name":"ADMIN","method":"GET","path":"/api/exams/divisions-by-state/1","action":"GET /api/exams/divisions-by-state/1","ip":"::1"}
{"timestamp":"2025-12-04T12:01:03.347Z","type":"ACTION","user_id":"10","user_name":"admin","role_name":"ADMIN","method":"GET","path":"/api/results/all-exams","action":"GET /api/results/all-exams","ip":"::1"}
{"timestamp":"2025-12-04T12:01:04.457Z","type":"ACTION","user_id":"10","user_name":"admin","role_name":"ADMIN","method":"POST","path":"/api/results/search-by-blocks","action":"POST /api/results/search-by-blocks","ip":"::1"}
{"timestamp":"2025-12-04T12:04:46.171Z","type":"ACTION","user_id":"10","user_name":"admin","role_name":"ADMIN","method":"POST","path":"/api/results/search-by-exam","action":"POST /api/results/search-by-exam","ip":"::1"}
{"timestamp":"2025-12-04T12:04:46.204Z","type":"ACTION","user_id":"10","user_name":"admin","role_name":"ADMIN","method":"POST","path":"/api/results/search-by-exam","action":"POST /api/results/search-by-exam","ip":"::1","status":"error","error":"Exam ID is required","details":{"statusCode":400}}
{"timestamp":"2025-12-04T12:04:49.960Z","type":"ACTION","user_id":"10","user_name":"admin","role_name":"ADMIN","method":"POST","path":"/api/results/search-by-exam","action":"POST /api/results/search-by-exam","ip":"::1"}
{"timestamp":"2025-12-04T12:04:53.666Z","type":"ACTION","user_id":"10","user_name":"admin","role_name":"ADMIN","method":"POST","path":"/api/results/download-by-exam","action":"POST /api/results/download-by-exam","ip":"::1"}
{"timestamp":"2025-12-04T12:04:56.607Z","type":"ACTION","user_id":"10","user_name":"admin","role_name":"ADMIN","method":"POST","path":"/api/results/search-by-exam","action":"POST /api/results/search-by-exam","ip":"::1"}
{"timestamp":"2025-12-04T12:07:10.617Z","type":"ACTION","user_id":"10","user_name":"admin","role_name":"ADMIN","method":"GET","path":"/api/exams/divisions-by-state/1","action":"GET /api/exams/divisions-by-state/1","ip":"::1"}
{"timestamp":"2025-12-04T12:07:10.797Z","type":"ACTION","user_id":"10","user_name":"admin","role_name":"ADMIN","method":"GET","path":"/api/results/all-exams","action":"GET /api/results/all-exams","ip":"::1"}
{"timestamp":"2025-12-04T12:07:11.373Z","type":"ACTION","user_id":"10","user_name":"admin","role_name":"ADMIN","method":"GET","path":"/api/results/all-exams","action":"GET /api/results/all-exams","ip":"::1"}
{"timestamp":"2025-12-04T12:07:11.393Z","type":"ACTION","user_id":"10","user_name":"admin","role_name":"ADMIN","method":"GET","path":"/api/exams/divisions-by-state/1","action":"GET /api/exams/divisions-by-state/1","ip":"::1"}
