{"timestamp":"2025-11-03T17:30:36.650Z","type":"LOGIN","user_id":"7","user_name":"admin1","role_name":"ADMIN","status":"success","ip":"::1"}
{"timestamp":"2025-11-03T17:30:37.039Z","type":"ACTION","user_id":"7","user_name":"admin1","role_name":"ADMIN","action":"role_authorization","status":"success","ip":"::1"}
{"timestamp":"2025-11-03T17:30:37.230Z","type":"ACTION","user_id":"7","user_name":"admin1","role_name":"ADMIN","method":"GET","path":"/api/system-config/active","action":"GET /api/system-config/active","ip":"::1"}
{"timestamp":"2025-11-03T17:30:37.298Z","type":"ACTION","user_id":"7","user_name":"admin1","role_name":"ADMIN","method":"GET","path":"/api/system-config/active","action":"GET /api/system-config/active","ip":"::1"}
{"timestamp":"2025-11-03T17:30:40.818Z","type":"ACTION","user_id":"anonymous","user_name":"anonymous","role_name":"anonymous","method":"GET","path":"/api/evaluation-dashboard/overall-progress","action":"GET /api/evaluation-dashboard/overall-progress","ip":"::1"}
{"timestamp":"2025-11-03T17:30:40.838Z","type":"ACTION","user_id":"anonymous","user_name":"anonymous","role_name":"anonymous","method":"GET","path":"/api/evaluation-dashboard/overall","action":"GET /api/evaluation-dashboard/overall","ip":"::1"}
{"timestamp":"2025-11-03T17:30:40.857Z","type":"ACTION","user_id":"anonymous","user_name":"anonymous","role_name":"anonymous","method":"GET","path":"/api/evaluation-dashboard/jurisdictions","action":"GET /api/evaluation-dashboard/jurisdictions","ip":"::1"}
{"timestamp":"2025-11-03T17:30:40.921Z","type":"ACTION","user_id":"anonymous","user_name":"anonymous","role_name":"anonymous","method":"GET","path":"/api/evaluation-dashboard/overall-progress","action":"GET /api/evaluation-dashboard/overall-progress","ip":"::1"}
{"timestamp":"2025-11-03T17:30:41.214Z","type":"ACTION","user_id":"anonymous","user_name":"anonymous","role_name":"anonymous","method":"GET","path":"/api/evaluation-dashboard/overall","action":"GET /api/evaluation-dashboard/overall","ip":"::1"}
{"timestamp":"2025-11-03T17:30:41.219Z","type":"ACTION","user_id":"anonymous","user_name":"anonymous","role_name":"anonymous","method":"GET","path":"/api/evaluation-dashboard/jurisdictions","action":"GET /api/evaluation-dashboard/jurisdictions","ip":"::1"}
{"timestamp":"2025-11-03T17:30:49.458Z","type":"ACTION","user_id":"anonymous","user_name":"anonymous","role_name":"anonymous","method":"GET","path":"/api/evaluation-dashboard/overall","action":"GET /api/evaluation-dashboard/overall","ip":"::1"}
{"timestamp":"2025-11-03T17:30:49.486Z","type":"ACTION","user_id":"anonymous","user_name":"anonymous","role_name":"anonymous","method":"GET","path":"/api/evaluation-dashboard/jurisdictions","action":"GET /api/evaluation-dashboard/jurisdictions","ip":"::1"}
{"timestamp":"2025-11-03T17:30:49.492Z","type":"ACTION","user_id":"anonymous","user_name":"anonymous","role_name":"anonymous","method":"GET","path":"/api/evaluation-dashboard/overall-progress","action":"GET /api/evaluation-dashboard/overall-progress","ip":"::1"}
{"timestamp":"2025-11-03T17:30:49.530Z","type":"ACTION","user_id":"anonymous","user_name":"anonymous","role_name":"anonymous","method":"GET","path":"/api/evaluation-dashboard/overall-progress","action":"GET /api/evaluation-dashboard/overall-progress","ip":"::1"}
{"timestamp":"2025-11-03T17:30:49.534Z","type":"ACTION","user_id":"anonymous","user_name":"anonymous","role_name":"anonymous","method":"GET","path":"/api/evaluation-dashboard/jurisdictions","action":"GET /api/evaluation-dashboard/jurisdictions","ip":"::1"}
{"timestamp":"2025-11-03T17:30:49.547Z","type":"ACTION","user_id":"anonymous","user_name":"anonymous","role_name":"anonymous","method":"GET","path":"/api/evaluation-dashboard/overall","action":"GET /api/evaluation-dashboard/overall","ip":"::1"}
{"timestamp":"2025-11-03T17:30:50.620Z","type":"ACTION","user_id":"7","user_name":"admin1","role_name":"ADMIN","method":"GET","path":"/api/tracking/interviewers","action":"GET /api/tracking/interviewers","ip":"::1"}
{"timestamp":"2025-11-03T17:30:50.633Z","type":"ACTION","user_id":"7","user_name":"admin1","role_name":"ADMIN","method":"GET","path":"/api/tracking/students","action":"GET /api/tracking/students","ip":"::1","details":{"query":{"page":"1"}}}
{"timestamp":"2025-11-03T17:30:50.646Z","type":"ACTION","user_id":"7","user_name":"admin1","role_name":"ADMIN","method":"GET","path":"/api/tracking/interviewers","action":"GET /api/tracking/interviewers","ip":"::1"}
{"timestamp":"2025-11-03T17:30:50.658Z","type":"ACTION","user_id":"7","user_name":"admin1","role_name":"ADMIN","method":"GET","path":"/api/tracking/students","action":"GET /api/tracking/students","ip":"::1","details":{"query":{"page":"1"}}}
{"timestamp":"2025-11-03T17:30:52.235Z","type":"ACTION","user_id":"7","user_name":"admin1","role_name":"ADMIN","method":"GET","path":"/api/tracking/students","action":"GET /api/tracking/students","ip":"::1","details":{"query":{"page":"1","statuses":"Scheduled"}}}
{"timestamp":"2025-11-03T17:30:53.749Z","type":"ACTION","user_id":"7","user_name":"admin1","role_name":"ADMIN","method":"GET","path":"/api/tracking/students","action":"GET /api/tracking/students","ip":"::1","details":{"query":{"page":"1","statuses":"Scheduled","results":"Accepted"}}}
{"timestamp":"2025-11-03T17:30:55.484Z","type":"ACTION","user_id":"7","user_name":"admin1","role_name":"ADMIN","method":"GET","path":"/api/tracking/students","action":"GET /api/tracking/students","ip":"::1","details":{"query":{"page":"1","results":"Accepted"}}}
{"timestamp":"2025-11-03T17:30:57.014Z","type":"ACTION","user_id":"7","user_name":"admin1","role_name":"ADMIN","method":"GET","path":"/api/tracking/students","action":"GET /api/tracking/students","ip":"::1","details":{"query":{"page":"1","statuses":"Scheduled","results":"Accepted"}}}
{"timestamp":"2025-11-03T17:30:57.878Z","type":"ACTION","user_id":"7","user_name":"admin1","role_name":"ADMIN","method":"GET","path":"/api/tracking/students","action":"GET /api/tracking/students","ip":"::1","details":{"query":{"page":"1","statuses":"Scheduled"}}}
{"timestamp":"2025-11-03T17:30:58.914Z","type":"ACTION","user_id":"7","user_name":"admin1","role_name":"ADMIN","method":"GET","path":"/api/tracking/students","action":"GET /api/tracking/students","ip":"::1","details":{"query":{"page":"1"}}}
{"timestamp":"2025-11-03T17:31:01.106Z","type":"ACTION","user_id":"7","user_name":"admin1","role_name":"ADMIN","method":"GET","path":"/api/tracking/students/303/interviews/all","action":"GET /api/tracking/students/303/interviews/all","ip":"::1"}
{"timestamp":"2025-11-03T17:31:01.117Z","type":"ACTION","user_id":"7","user_name":"admin1","role_name":"ADMIN","method":"GET","path":"/api/tracking/students/303/home/all","action":"GET /api/tracking/students/303/home/all","ip":"::1"}
{"timestamp":"2025-11-03T17:31:08.413Z","type":"ACTION","user_id":"7","user_name":"admin1","role_name":"ADMIN","method":"GET","path":"/api/tracking/students/303/interviews/all","action":"GET /api/tracking/students/303/interviews/all","ip":"::1"}
{"timestamp":"2025-11-03T17:31:08.421Z","type":"ACTION","user_id":"7","user_name":"admin1","role_name":"ADMIN","method":"GET","path":"/api/tracking/students/303/home/all","action":"GET /api/tracking/students/303/home/all","ip":"::1"}
{"timestamp":"2025-11-03T17:31:14.067Z","type":"ACTION","user_id":"7","user_name":"admin1","role_name":"ADMIN","method":"GET","path":"/api/tracking/students","action":"GET /api/tracking/students","ip":"::1","details":{"query":{"page":"1","statuses":"Rescheduled"}}}
{"timestamp":"2025-11-03T17:31:15.329Z","type":"ACTION","user_id":"7","user_name":"admin1","role_name":"ADMIN","method":"GET","path":"/api/tracking/students/208/interviews/all","action":"GET /api/tracking/students/208/interviews/all","ip":"::1"}
{"timestamp":"2025-11-03T17:31:15.336Z","type":"ACTION","user_id":"7","user_name":"admin1","role_name":"ADMIN","method":"GET","path":"/api/tracking/students/208/home/all","action":"GET /api/tracking/students/208/home/all","ip":"::1"}
{"timestamp":"2025-11-03T17:31:19.272Z","type":"ACTION","user_id":"anonymous","user_name":"anonymous","role_name":"anonymous","method":"GET","path":"/api/tracking/document/208/cohort-2025","action":"GET /api/tracking/document/208/cohort-2025","ip":"::1","details":{"query":{"type":"home"}}}
{"timestamp":"2025-11-03T17:31:19.325Z","type":"ACTION","user_id":"anonymous","user_name":"anonymous","role_name":"anonymous","method":"GET","path":"/api/tracking/document/208/Data/Home-verification-data/cohort-2025/home-veri-208-2025.pdf","action":"GET /api/tracking/document/208/Data/Home-verification-data/cohort-2025/home-veri-208-2025.pdf","ip":"::1"}
{"timestamp":"2025-11-03T17:31:19.327Z","type":"ACTION","user_id":"anonymous","user_name":"anonymous","role_name":"anonymous","method":"GET","path":"/api/tracking/document/208/Data/Home-verification-data/cohort-2025/home-veri-208-2025.pdf","action":"GET /api/tracking/document/208/Data/Home-verification-data/cohort-2025/home-veri-208-2025.pdf","ip":"::1","status":"error","error":"Route not found","details":{"statusCode":404}}
{"timestamp":"2025-11-03T17:31:19.644Z","type":"ACTION","user_id":"anonymous","user_name":"anonymous","role_name":"anonymous","method":"GET","path":"/favicon.ico","action":"GET /favicon.ico","ip":"::1"}
{"timestamp":"2025-11-03T17:31:19.645Z","type":"ACTION","user_id":"anonymous","user_name":"anonymous","role_name":"anonymous","method":"GET","path":"/favicon.ico","action":"GET /favicon.ico","ip":"::1","status":"error","error":"Route not found","details":{"statusCode":404}}
{"timestamp":"2025-11-03T17:31:24.659Z","type":"ACTION","user_id":"anonymous","user_name":"anonymous","role_name":"anonymous","method":"GET","path":"/api/tracking/document/208/cohort-2025","action":"GET /api/tracking/document/208/cohort-2025","ip":"::1","details":{"query":{"type":"interview"}}}
{"timestamp":"2025-11-03T17:31:24.675Z","type":"ACTION","user_id":"anonymous","user_name":"anonymous","role_name":"anonymous","method":"GET","path":"/api/tracking/document/208/Data/Interview-data/cohort-2025/interview-208-2025.pdf","action":"GET /api/tracking/document/208/Data/Interview-data/cohort-2025/interview-208-2025.pdf","ip":"::1"}
{"timestamp":"2025-11-03T17:31:24.677Z","type":"ACTION","user_id":"anonymous","user_name":"anonymous","role_name":"anonymous","method":"GET","path":"/api/tracking/document/208/Data/Interview-data/cohort-2025/interview-208-2025.pdf","action":"GET /api/tracking/document/208/Data/Interview-data/cohort-2025/interview-208-2025.pdf","ip":"::1","status":"error","error":"Route not found","details":{"statusCode":404}}
{"timestamp":"2025-11-03T17:33:48.551Z","type":"ACTION","user_id":"7","user_name":"admin1","role_name":"ADMIN","method":"GET","path":"/api/tracking/interviewers","action":"GET /api/tracking/interviewers","ip":"::1"}
{"timestamp":"2025-11-03T17:33:48.600Z","type":"ACTION","user_id":"7","user_name":"admin1","role_name":"ADMIN","method":"GET","path":"/api/system-config/active","action":"GET /api/system-config/active","ip":"::1"}
{"timestamp":"2025-11-03T17:33:48.610Z","type":"ACTION","user_id":"7","user_name":"admin1","role_name":"ADMIN","method":"GET","path":"/api/tracking/students","action":"GET /api/tracking/students","ip":"::1","details":{"query":{"page":"1"}}}
{"timestamp":"2025-11-03T17:33:48.824Z","type":"ACTION","user_id":"7","user_name":"admin1","role_name":"ADMIN","method":"GET","path":"/api/tracking/interviewers","action":"GET /api/tracking/interviewers","ip":"::1"}
{"timestamp":"2025-11-03T17:33:48.883Z","type":"ACTION","user_id":"7","user_name":"admin1","role_name":"ADMIN","method":"GET","path":"/api/system-config/active","action":"GET /api/system-config/active","ip":"::1"}
{"timestamp":"2025-11-03T17:33:48.906Z","type":"ACTION","user_id":"7","user_name":"admin1","role_name":"ADMIN","method":"GET","path":"/api/tracking/students","action":"GET /api/tracking/students","ip":"::1","details":{"query":{"page":"1"}}}
{"timestamp":"2025-11-03T17:33:53.664Z","type":"ACTION","user_id":"7","user_name":"admin1","role_name":"ADMIN","method":"GET","path":"/api/tracking/students/208/interviews/all","action":"GET /api/tracking/students/208/interviews/all","ip":"::1"}
{"timestamp":"2025-11-03T17:33:53.679Z","type":"ACTION","user_id":"7","user_name":"admin1","role_name":"ADMIN","method":"GET","path":"/api/tracking/students/208/home/all","action":"GET /api/tracking/students/208/home/all","ip":"::1"}
{"timestamp":"2025-11-03T17:33:56.094Z","type":"ACTION","user_id":"anonymous","user_name":"anonymous","role_name":"anonymous","method":"GET","path":"/api/tracking/document/208/cohort-2025","action":"GET /api/tracking/document/208/cohort-2025","ip":"::1","details":{"query":{"type":"interview"}}}
{"timestamp":"2025-11-03T17:33:56.147Z","type":"ACTION","user_id":"anonymous","user_name":"anonymous","role_name":"anonymous","method":"GET","path":"/Data/Interview-data/cohort-2025/interview-208-2025.pdf","action":"GET /Data/Interview-data/cohort-2025/interview-208-2025.pdf","ip":"::1"}
{"timestamp":"2025-11-03T17:33:56.149Z","type":"ACTION","user_id":"anonymous","user_name":"anonymous","role_name":"anonymous","method":"GET","path":"/Data/Interview-data/cohort-2025/interview-208-2025.pdf","action":"GET /Data/Interview-data/cohort-2025/interview-208-2025.pdf","ip":"::1","status":"error","error":"Route not found","details":{"statusCode":404}}
{"timestamp":"2025-11-03T17:35:07.939Z","type":"ACTION","user_id":"7","user_name":"admin1","role_name":"ADMIN","method":"GET","path":"/api/tracking/interviewers","action":"GET /api/tracking/interviewers","ip":"::1"}
{"timestamp":"2025-11-03T17:35:08.100Z","type":"ACTION","user_id":"7","user_name":"admin1","role_name":"ADMIN","method":"GET","path":"/api/tracking/students","action":"GET /api/tracking/students","ip":"::1","details":{"query":{"page":"1"}}}
{"timestamp":"2025-11-03T17:35:08.139Z","type":"ACTION","user_id":"7","user_name":"admin1","role_name":"ADMIN","method":"GET","path":"/api/system-config/active","action":"GET /api/system-config/active","ip":"::1"}
{"timestamp":"2025-11-03T17:35:08.456Z","type":"ACTION","user_id":"7","user_name":"admin1","role_name":"ADMIN","method":"GET","path":"/api/tracking/interviewers","action":"GET /api/tracking/interviewers","ip":"::1"}
{"timestamp":"2025-11-03T17:35:08.497Z","type":"ACTION","user_id":"7","user_name":"admin1","role_name":"ADMIN","method":"GET","path":"/api/tracking/students","action":"GET /api/tracking/students","ip":"::1","details":{"query":{"page":"1"}}}
{"timestamp":"2025-11-03T17:35:08.547Z","type":"ACTION","user_id":"7","user_name":"admin1","role_name":"ADMIN","method":"GET","path":"/api/system-config/active","action":"GET /api/system-config/active","ip":"::1"}
{"timestamp":"2025-11-03T17:35:35.407Z","type":"ACTION","user_id":"anonymous","user_name":"anonymous","role_name":"anonymous","method":"GET","path":"/api/evaluation-dashboard/overall","action":"GET /api/evaluation-dashboard/overall","ip":"::1"}
{"timestamp":"2025-11-03T17:35:35.431Z","type":"ACTION","user_id":"anonymous","user_name":"anonymous","role_name":"anonymous","method":"GET","path":"/api/evaluation-dashboard/overall-progress","action":"GET /api/evaluation-dashboard/overall-progress","ip":"::1"}
{"timestamp":"2025-11-03T17:35:35.442Z","type":"ACTION","user_id":"anonymous","user_name":"anonymous","role_name":"anonymous","method":"GET","path":"/api/evaluation-dashboard/jurisdictions","action":"GET /api/evaluation-dashboard/jurisdictions","ip":"::1"}
{"timestamp":"2025-11-03T17:35:35.813Z","type":"ACTION","user_id":"anonymous","user_name":"anonymous","role_name":"anonymous","method":"GET","path":"/api/evaluation-dashboard/overall-progress","action":"GET /api/evaluation-dashboard/overall-progress","ip":"::1"}
{"timestamp":"2025-11-03T17:35:35.940Z","type":"ACTION","user_id":"anonymous","user_name":"anonymous","role_name":"anonymous","method":"GET","path":"/api/evaluation-dashboard/overall","action":"GET /api/evaluation-dashboard/overall","ip":"::1"}
{"timestamp":"2025-11-03T17:35:35.995Z","type":"ACTION","user_id":"anonymous","user_name":"anonymous","role_name":"anonymous","method":"GET","path":"/api/evaluation-dashboard/jurisdictions","action":"GET /api/evaluation-dashboard/jurisdictions","ip":"::1"}
{"timestamp":"2025-11-03T17:35:39.524Z","type":"ACTION","user_id":"7","user_name":"admin1","role_name":"ADMIN","method":"GET","path":"/api/interview/exam-centers","action":"GET /api/interview/exam-centers","ip":"::1"}
{"timestamp":"2025-11-03T17:35:39.549Z","type":"ACTION","user_id":"7","user_name":"admin1","role_name":"ADMIN","method":"GET","path":"/api/interview/exam-centers","action":"GET /api/interview/exam-centers","ip":"::1"}
{"timestamp":"2025-11-03T17:35:44.738Z","type":"ACTION","user_id":"7","user_name":"admin1","role_name":"ADMIN","method":"GET","path":"/api/interview/unassigned-students","action":"GET /api/interview/unassigned-students","ip":"::1","details":{"query":{"centerName":"center1","nmmsYear":"2025"}}}
{"timestamp":"2025-11-03T17:35:44.788Z","type":"ACTION","user_id":"7","user_name":"admin1","role_name":"ADMIN","method":"GET","path":"/api/interview/unassigned-students","action":"GET /api/interview/unassigned-students","ip":"::1","details":{"query":{"centerName":"center1","nmmsYear":"2025"}}}
{"timestamp":"2025-11-03T17:35:44.820Z","type":"ACTION","user_id":"7","user_name":"admin1","role_name":"ADMIN","method":"GET","path":"/api/interview/interviewers","action":"GET /api/interview/interviewers","ip":"::1"}
{"timestamp":"2025-11-03T17:35:44.849Z","type":"ACTION","user_id":"7","user_name":"admin1","role_name":"ADMIN","method":"GET","path":"/api/interview/interviewers","action":"GET /api/interview/interviewers","ip":"::1"}
{"timestamp":"2025-11-03T17:35:53.722Z","type":"ACTION","user_id":"7","user_name":"admin1","role_name":"ADMIN","method":"POST","path":"/api/interview/assign-students","action":"POST /api/interview/assign-students","ip":"::1","details":{"body":{"applicantIds":["303","323"],"interviewerId":6,"nmmsYear":2025}}}
{"timestamp":"2025-11-03T17:35:53.818Z","type":"ACTION","user_id":"7","user_name":"admin1","role_name":"ADMIN","method":"POST","path":"/api/interview/download-assignment-report","action":"POST /api/interview/download-assignment-report","ip":"::1","details":{"body":{"applicantIds":["303","323"],"nmmsYear":2025,"interviewerId":6}}}
{"timestamp":"2025-11-03T17:35:53.840Z","type":"ACTION","user_id":"7","user_name":"admin1","role_name":"ADMIN","method":"GET","path":"/api/interview/unassigned-students","action":"GET /api/interview/unassigned-students","ip":"::1","details":{"query":{"centerName":"center1","nmmsYear":"2025"}}}
{"timestamp":"2025-11-03T17:36:05.516Z","type":"ACTION","user_id":"anonymous","user_name":"anonymous","role_name":"anonymous","method":"GET","path":"/api/interview/interviewers","action":"GET /api/interview/interviewers","ip":"::1"}
{"timestamp":"2025-11-03T17:36:05.763Z","type":"ACTION","user_id":"anonymous","user_name":"anonymous","role_name":"anonymous","method":"GET","path":"/api/interview/interviewers","action":"GET /api/interview/interviewers","ip":"::1"}
{"timestamp":"2025-11-03T17:36:09.870Z","type":"ACTION","user_id":"anonymous","user_name":"anonymous","role_name":"anonymous","method":"GET","path":"/api/interview/students/Anish","action":"GET /api/interview/students/Anish","ip":"::1","details":{"query":{"nmmsYear":"2025"}}}
{"timestamp":"2025-11-03T17:36:43.799Z","type":"ACTION","user_id":"anonymous","user_name":"anonymous","role_name":"anonymous","method":"POST","path":"/api/interview/submit-interview","action":"POST /api/interview/submit-interview","ip":"::1","details":{"body":{"applicantId":"303","remarks":"rrrr","nmmsYear":"2025","interviewDate":"2025-10-28","interviewTime":"01:13 AM","interviewMode":"Online","interviewStatus":"Rescheduled","lifeGoalsAndZeal":"3.9","commitmentToLearning":"4","integrity":"3.9","communicationSkills":"4","homeVerificationRequired":"","interviewResult":"Home Verification Required"}}}
{"timestamp":"2025-11-03T17:36:47.984Z","type":"ACTION","user_id":"7","user_name":"admin1","role_name":"ADMIN","method":"GET","path":"/api/interview/students-for-verification","action":"GET /api/interview/students-for-verification","ip":"::1"}
{"timestamp":"2025-11-03T17:36:48.021Z","type":"ACTION","user_id":"7","user_name":"admin1","role_name":"ADMIN","method":"GET","path":"/api/interview/students-for-verification","action":"GET /api/interview/students-for-verification","ip":"::1"}
{"timestamp":"2025-11-03T17:37:11.705Z","type":"ACTION","user_id":"7","user_name":"admin1","role_name":"ADMIN","method":"POST","path":"/api/interview/submit-home-verification","action":"POST /api/interview/submit-home-verification","ip":"::1","details":{"body":{"applicantId":"303","dateOfVerification":"2025-10-27","status":"Accepted","verifiedBy":"priii","verificationType":"Physical","remarks":"rrrrrrrrrrrrrrr"}}}
{"timestamp":"2025-11-03T17:37:14.679Z","type":"ACTION","user_id":"anonymous","user_name":"anonymous","role_name":"anonymous","method":"GET","path":"/api/evaluation-dashboard/overall","action":"GET /api/evaluation-dashboard/overall","ip":"::1"}
{"timestamp":"2025-11-03T17:37:14.724Z","type":"ACTION","user_id":"anonymous","user_name":"anonymous","role_name":"anonymous","method":"GET","path":"/api/evaluation-dashboard/overall-progress","action":"GET /api/evaluation-dashboard/overall-progress","ip":"::1"}
{"timestamp":"2025-11-03T17:37:14.734Z","type":"ACTION","user_id":"anonymous","user_name":"anonymous","role_name":"anonymous","method":"GET","path":"/api/evaluation-dashboard/jurisdictions","action":"GET /api/evaluation-dashboard/jurisdictions","ip":"::1"}
{"timestamp":"2025-11-03T17:37:14.793Z","type":"ACTION","user_id":"anonymous","user_name":"anonymous","role_name":"anonymous","method":"GET","path":"/api/evaluation-dashboard/overall","action":"GET /api/evaluation-dashboard/overall","ip":"::1"}
{"timestamp":"2025-11-03T17:37:15.130Z","type":"ACTION","user_id":"anonymous","user_name":"anonymous","role_name":"anonymous","method":"GET","path":"/api/evaluation-dashboard/overall-progress","action":"GET /api/evaluation-dashboard/overall-progress","ip":"::1"}
{"timestamp":"2025-11-03T17:37:15.169Z","type":"ACTION","user_id":"anonymous","user_name":"anonymous","role_name":"anonymous","method":"GET","path":"/api/evaluation-dashboard/jurisdictions","action":"GET /api/evaluation-dashboard/jurisdictions","ip":"::1"}
{"timestamp":"2025-11-03T17:37:16.387Z","type":"ACTION","user_id":"7","user_name":"admin1","role_name":"ADMIN","method":"GET","path":"/api/tracking/interviewers","action":"GET /api/tracking/interviewers","ip":"::1"}
{"timestamp":"2025-11-03T17:37:16.422Z","type":"ACTION","user_id":"7","user_name":"admin1","role_name":"ADMIN","method":"GET","path":"/api/tracking/interviewers","action":"GET /api/tracking/interviewers","ip":"::1"}
{"timestamp":"2025-11-03T17:37:16.433Z","type":"ACTION","user_id":"7","user_name":"admin1","role_name":"ADMIN","method":"GET","path":"/api/tracking/students","action":"GET /api/tracking/students","ip":"::1","details":{"query":{"page":"1"}}}
{"timestamp":"2025-11-03T17:37:16.462Z","type":"ACTION","user_id":"7","user_name":"admin1","role_name":"ADMIN","method":"GET","path":"/api/tracking/students","action":"GET /api/tracking/students","ip":"::1","details":{"query":{"page":"1"}}}
{"timestamp":"2025-11-03T17:37:18.758Z","type":"ACTION","user_id":"7","user_name":"admin1","role_name":"ADMIN","method":"GET","path":"/api/tracking/students/303/interviews/all","action":"GET /api/tracking/students/303/interviews/all","ip":"::1"}
{"timestamp":"2025-11-03T17:37:18.768Z","type":"ACTION","user_id":"7","user_name":"admin1","role_name":"ADMIN","method":"GET","path":"/api/tracking/students/303/home/all","action":"GET /api/tracking/students/303/home/all","ip":"::1"}
{"timestamp":"2025-11-03T17:37:21.195Z","type":"ACTION","user_id":"anonymous","user_name":"anonymous","role_name":"anonymous","method":"GET","path":"/api/tracking/document/303/cohort-2025","action":"GET /api/tracking/document/303/cohort-2025","ip":"::1","details":{"query":{"type":"interview"}}}
{"timestamp":"2025-11-03T17:37:21.242Z","type":"ACTION","user_id":"anonymous","user_name":"anonymous","role_name":"anonymous","method":"GET","path":"/Data/Interview-data/cohort-2025/interview-303-2025.pdf","action":"GET /Data/Interview-data/cohort-2025/interview-303-2025.pdf","ip":"::1"}
{"timestamp":"2025-11-03T17:37:21.245Z","type":"ACTION","user_id":"anonymous","user_name":"anonymous","role_name":"anonymous","method":"GET","path":"/Data/Interview-data/cohort-2025/interview-303-2025.pdf","action":"GET /Data/Interview-data/cohort-2025/interview-303-2025.pdf","ip":"::1","status":"error","error":"Route not found","details":{"statusCode":404}}
{"timestamp":"2025-11-03T17:37:28.148Z","type":"ACTION","user_id":"anonymous","user_name":"anonymous","role_name":"anonymous","method":"GET","path":"/api/tracking/document/303/cohort-2025","action":"GET /api/tracking/document/303/cohort-2025","ip":"::1","details":{"query":{"type":"home"}}}
{"timestamp":"2025-11-03T17:37:28.181Z","type":"ACTION","user_id":"anonymous","user_name":"anonymous","role_name":"anonymous","method":"GET","path":"/Data/Home-verification-data/cohort-2025/home-veri-303-2025.pdf","action":"GET /Data/Home-verification-data/cohort-2025/home-veri-303-2025.pdf","ip":"::1"}
{"timestamp":"2025-11-03T17:37:28.183Z","type":"ACTION","user_id":"anonymous","user_name":"anonymous","role_name":"anonymous","method":"GET","path":"/Data/Home-verification-data/cohort-2025/home-veri-303-2025.pdf","action":"GET /Data/Home-verification-data/cohort-2025/home-veri-303-2025.pdf","ip":"::1","status":"error","error":"Route not found","details":{"statusCode":404}}
{"timestamp":"2025-11-03T17:46:53.452Z","type":"ACTION","user_id":"7","user_name":"admin1","role_name":"ADMIN","method":"GET","path":"/api/tracking/interviewers","action":"GET /api/tracking/interviewers","ip":"::1"}
{"timestamp":"2025-11-03T17:46:53.521Z","type":"ACTION","user_id":"7","user_name":"admin1","role_name":"ADMIN","method":"GET","path":"/api/system-config/active","action":"GET /api/system-config/active","ip":"::1"}
{"timestamp":"2025-11-03T17:46:53.537Z","type":"ACTION","user_id":"7","user_name":"admin1","role_name":"ADMIN","method":"GET","path":"/api/tracking/students","action":"GET /api/tracking/students","ip":"::1","details":{"query":{"page":"1"}}}
{"timestamp":"2025-11-03T17:46:53.710Z","type":"ACTION","user_id":"7","user_name":"admin1","role_name":"ADMIN","method":"GET","path":"/api/tracking/interviewers","action":"GET /api/tracking/interviewers","ip":"::1"}
{"timestamp":"2025-11-03T17:46:53.757Z","type":"ACTION","user_id":"7","user_name":"admin1","role_name":"ADMIN","method":"GET","path":"/api/system-config/active","action":"GET /api/system-config/active","ip":"::1"}
{"timestamp":"2025-11-03T17:46:53.784Z","type":"ACTION","user_id":"7","user_name":"admin1","role_name":"ADMIN","method":"GET","path":"/api/tracking/students","action":"GET /api/tracking/students","ip":"::1","details":{"query":{"page":"1"}}}
{"timestamp":"2025-11-03T17:46:54.831Z","type":"ACTION","user_id":"7","user_name":"admin1","role_name":"ADMIN","method":"GET","path":"/api/tracking/students/303/interviews/all","action":"GET /api/tracking/students/303/interviews/all","ip":"::1"}
{"timestamp":"2025-11-03T17:46:54.844Z","type":"ACTION","user_id":"7","user_name":"admin1","role_name":"ADMIN","method":"GET","path":"/api/tracking/students/303/home/all","action":"GET /api/tracking/students/303/home/all","ip":"::1"}
{"timestamp":"2025-11-03T17:46:57.445Z","type":"ACTION","user_id":"anonymous","user_name":"anonymous","role_name":"anonymous","method":"GET","path":"/api/tracking/document/303/cohort-2025","action":"GET /api/tracking/document/303/cohort-2025","ip":"::1","details":{"query":{"type":"interview"}}}
{"timestamp":"2025-11-03T17:46:57.508Z","type":"ACTION","user_id":"anonymous","user_name":"anonymous","role_name":"anonymous","method":"GET","path":"/Data/Interview-data/cohort-2025/interview-303-2025.pdf","action":"GET /Data/Interview-data/cohort-2025/interview-303-2025.pdf","ip":"::1"}
{"timestamp":"2025-11-03T17:46:57.514Z","type":"ACTION","user_id":"anonymous","user_name":"anonymous","role_name":"anonymous","method":"GET","path":"/Data/Interview-data/cohort-2025/interview-303-2025.pdf","action":"GET /Data/Interview-data/cohort-2025/interview-303-2025.pdf","ip":"::1","status":"error","error":"Route not found","details":{"statusCode":404}}
{"timestamp":"2025-11-03T17:50:09.839Z","type":"ACTION","user_id":"7","user_name":"admin1","role_name":"ADMIN","method":"GET","path":"/api/tracking/interviewers","action":"GET /api/tracking/interviewers","ip":"::1"}
{"timestamp":"2025-11-03T17:50:09.896Z","type":"ACTION","user_id":"7","user_name":"admin1","role_name":"ADMIN","method":"GET","path":"/api/tracking/students","action":"GET /api/tracking/students","ip":"::1","details":{"query":{"page":"1"}}}
{"timestamp":"2025-11-03T17:50:09.921Z","type":"ACTION","user_id":"7","user_name":"admin1","role_name":"ADMIN","method":"GET","path":"/api/system-config/active","action":"GET /api/system-config/active","ip":"::1"}
{"timestamp":"2025-11-03T17:50:10.142Z","type":"ACTION","user_id":"7","user_name":"admin1","role_name":"ADMIN","method":"GET","path":"/api/tracking/interviewers","action":"GET /api/tracking/interviewers","ip":"::1"}
{"timestamp":"2025-11-03T17:50:10.188Z","type":"ACTION","user_id":"7","user_name":"admin1","role_name":"ADMIN","method":"GET","path":"/api/system-config/active","action":"GET /api/system-config/active","ip":"::1"}
{"timestamp":"2025-11-03T17:50:10.207Z","type":"ACTION","user_id":"7","user_name":"admin1","role_name":"ADMIN","method":"GET","path":"/api/tracking/students","action":"GET /api/tracking/students","ip":"::1","details":{"query":{"page":"1"}}}
{"timestamp":"2025-11-03T17:50:11.615Z","type":"ACTION","user_id":"7","user_name":"admin1","role_name":"ADMIN","method":"GET","path":"/api/tracking/students/303/interviews/all","action":"GET /api/tracking/students/303/interviews/all","ip":"::1"}
{"timestamp":"2025-11-03T17:50:11.624Z","type":"ACTION","user_id":"7","user_name":"admin1","role_name":"ADMIN","method":"GET","path":"/api/tracking/students/303/home/all","action":"GET /api/tracking/students/303/home/all","ip":"::1"}
{"timestamp":"2025-11-03T17:50:13.870Z","type":"ACTION","user_id":"anonymous","user_name":"anonymous","role_name":"anonymous","method":"GET","path":"/api/tracking/document/303/cohort-2025","action":"GET /api/tracking/document/303/cohort-2025","ip":"::1","details":{"query":{"type":"interview"}}}
{"timestamp":"2025-11-03T17:50:13.916Z","type":"ACTION","user_id":"anonymous","user_name":"anonymous","role_name":"anonymous","method":"GET","path":"/Data/Interview-data/cohort-2025/interview-303-2025.pdf","action":"GET /Data/Interview-data/cohort-2025/interview-303-2025.pdf","ip":"::1"}
{"timestamp":"2025-11-03T17:50:13.926Z","type":"ACTION","user_id":"anonymous","user_name":"anonymous","role_name":"anonymous","method":"GET","path":"/Data/Interview-data/cohort-2025/interview-303-2025.pdf","action":"GET /Data/Interview-data/cohort-2025/interview-303-2025.pdf","ip":"::1","status":"error","error":"Route not found","details":{"statusCode":404}}
{"timestamp":"2025-11-03T17:50:19.325Z","type":"ACTION","user_id":"anonymous","user_name":"anonymous","role_name":"anonymous","method":"GET","path":"/api/tracking/document/303/cohort-2025","action":"GET /api/tracking/document/303/cohort-2025","ip":"::1","details":{"query":{"type":"home"}}}
{"timestamp":"2025-11-03T17:50:19.350Z","type":"ACTION","user_id":"anonymous","user_name":"anonymous","role_name":"anonymous","method":"GET","path":"/Data/Home-verification-data/cohort-2025/home-veri-303-2025.pdf","action":"GET /Data/Home-verification-data/cohort-2025/home-veri-303-2025.pdf","ip":"::1"}
{"timestamp":"2025-11-03T17:50:19.355Z","type":"ACTION","user_id":"anonymous","user_name":"anonymous","role_name":"anonymous","method":"GET","path":"/Data/Home-verification-data/cohort-2025/home-veri-303-2025.pdf","action":"GET /Data/Home-verification-data/cohort-2025/home-veri-303-2025.pdf","ip":"::1","status":"error","error":"Route not found","details":{"statusCode":404}}
{"timestamp":"2025-11-03T17:51:19.857Z","type":"ACTION","user_id":"anonymous","user_name":"anonymous","role_name":"anonymous","method":"GET","path":"/Data/Home-verification-data/cohort-2025/home-veri-303-2025.pdf","action":"GET /Data/Home-verification-data/cohort-2025/home-veri-303-2025.pdf","ip":"::1"}
{"timestamp":"2025-11-03T17:51:19.875Z","type":"ACTION","user_id":"anonymous","user_name":"anonymous","role_name":"anonymous","method":"GET","path":"/Data/Home-verification-data/cohort-2025/home-veri-303-2025.pdf","action":"GET /Data/Home-verification-data/cohort-2025/home-veri-303-2025.pdf","ip":"::1","status":"error","error":"Route not found","details":{"statusCode":404}}
{"timestamp":"2025-11-03T17:51:22.928Z","type":"ACTION","user_id":"7","user_name":"admin1","role_name":"ADMIN","method":"GET","path":"/api/tracking/interviewers","action":"GET /api/tracking/interviewers","ip":"::1"}
{"timestamp":"2025-11-03T17:51:22.951Z","type":"ACTION","user_id":"7","user_name":"admin1","role_name":"ADMIN","method":"GET","path":"/api/system-config/active","action":"GET /api/system-config/active","ip":"::1"}
{"timestamp":"2025-11-03T17:51:22.965Z","type":"ACTION","user_id":"7","user_name":"admin1","role_name":"ADMIN","method":"GET","path":"/api/tracking/students","action":"GET /api/tracking/students","ip":"::1","details":{"query":{"page":"1"}}}
{"timestamp":"2025-11-03T17:51:23.210Z","type":"ACTION","user_id":"7","user_name":"admin1","role_name":"ADMIN","method":"GET","path":"/api/tracking/interviewers","action":"GET /api/tracking/interviewers","ip":"::1"}
{"timestamp":"2025-11-03T17:51:23.221Z","type":"ACTION","user_id":"7","user_name":"admin1","role_name":"ADMIN","method":"GET","path":"/api/system-config/active","action":"GET /api/system-config/active","ip":"::1"}
{"timestamp":"2025-11-03T17:51:23.252Z","type":"ACTION","user_id":"7","user_name":"admin1","role_name":"ADMIN","method":"GET","path":"/api/tracking/students","action":"GET /api/tracking/students","ip":"::1","details":{"query":{"page":"1"}}}
{"timestamp":"2025-11-03T17:51:25.202Z","type":"ACTION","user_id":"7","user_name":"admin1","role_name":"ADMIN","method":"GET","path":"/api/tracking/students/323/interviews/all","action":"GET /api/tracking/students/323/interviews/all","ip":"::1"}
{"timestamp":"2025-11-03T17:51:25.215Z","type":"ACTION","user_id":"7","user_name":"admin1","role_name":"ADMIN","method":"GET","path":"/api/tracking/students/323/home/all","action":"GET /api/tracking/students/323/home/all","ip":"::1"}
{"timestamp":"2025-11-03T17:51:29.939Z","type":"ACTION","user_id":"7","user_name":"admin1","role_name":"ADMIN","method":"GET","path":"/api/tracking/students/323/interviews/all","action":"GET /api/tracking/students/323/interviews/all","ip":"::1"}
{"timestamp":"2025-11-03T17:51:29.952Z","type":"ACTION","user_id":"7","user_name":"admin1","role_name":"ADMIN","method":"GET","path":"/api/tracking/students/323/home/all","action":"GET /api/tracking/students/323/home/all","ip":"::1"}
{"timestamp":"2025-11-03T17:51:35.941Z","type":"ACTION","user_id":"7","user_name":"admin1","role_name":"ADMIN","method":"GET","path":"/api/tracking/students/303/interviews/all","action":"GET /api/tracking/students/303/interviews/all","ip":"::1"}
{"timestamp":"2025-11-03T17:51:35.955Z","type":"ACTION","user_id":"7","user_name":"admin1","role_name":"ADMIN","method":"GET","path":"/api/tracking/students/303/home/all","action":"GET /api/tracking/students/303/home/all","ip":"::1"}
{"timestamp":"2025-11-03T17:51:39.033Z","type":"ACTION","user_id":"anonymous","user_name":"anonymous","role_name":"anonymous","method":"GET","path":"/api/tracking/document/303/cohort-2025","action":"GET /api/tracking/document/303/cohort-2025","ip":"::1","details":{"query":{"type":"interview"}}}
{"timestamp":"2025-11-03T17:51:39.061Z","type":"ACTION","user_id":"anonymous","user_name":"anonymous","role_name":"anonymous","method":"GET","path":"/Data/Interview-data/cohort-2025/interview-303-2025.pdf","action":"GET /Data/Interview-data/cohort-2025/interview-303-2025.pdf","ip":"::1"}
{"timestamp":"2025-11-03T17:51:39.069Z","type":"ACTION","user_id":"anonymous","user_name":"anonymous","role_name":"anonymous","method":"GET","path":"/Data/Interview-data/cohort-2025/interview-303-2025.pdf","action":"GET /Data/Interview-data/cohort-2025/interview-303-2025.pdf","ip":"::1","status":"error","error":"Route not found","details":{"statusCode":404}}
{"timestamp":"2025-11-03T17:51:44.361Z","type":"ACTION","user_id":"anonymous","user_name":"anonymous","role_name":"anonymous","method":"GET","path":"/api/tracking/document/303/cohort-2025","action":"GET /api/tracking/document/303/cohort-2025","ip":"::1","details":{"query":{"type":"home"}}}
{"timestamp":"2025-11-03T17:51:44.430Z","type":"ACTION","user_id":"anonymous","user_name":"anonymous","role_name":"anonymous","method":"GET","path":"/Data/Home-verification-data/cohort-2025/home-veri-303-2025.pdf","action":"GET /Data/Home-verification-data/cohort-2025/home-veri-303-2025.pdf","ip":"::1"}
{"timestamp":"2025-11-03T17:51:44.434Z","type":"ACTION","user_id":"anonymous","user_name":"anonymous","role_name":"anonymous","method":"GET","path":"/Data/Home-verification-data/cohort-2025/home-veri-303-2025.pdf","action":"GET /Data/Home-verification-data/cohort-2025/home-veri-303-2025.pdf","ip":"::1","status":"error","error":"Route not found","details":{"statusCode":404}}
{"timestamp":"2025-11-03T17:53:33.294Z","type":"ACTION","user_id":"anonymous","user_name":"anonymous","role_name":"anonymous","method":"GET","path":"/api/tracking/document/303/cohort-2025","action":"GET /api/tracking/document/303/cohort-2025","ip":"::1","details":{"query":{"type":"interview"}}}
{"timestamp":"2025-11-03T17:53:33.634Z","type":"ACTION","user_id":"anonymous","user_name":"anonymous","role_name":"anonymous","method":"GET","path":"/Data/Interview-data/cohort-2025/interview-303-2025.pdf","action":"GET /Data/Interview-data/cohort-2025/interview-303-2025.pdf","ip":"::1"}
{"timestamp":"2025-11-03T17:53:33.648Z","type":"ACTION","user_id":"anonymous","user_name":"anonymous","role_name":"anonymous","method":"GET","path":"/Data/Interview-data/cohort-2025/interview-303-2025.pdf","action":"GET /Data/Interview-data/cohort-2025/interview-303-2025.pdf","ip":"::1","status":"error","error":"Route not found","details":{"statusCode":404}}
{"timestamp":"2025-11-03T17:53:38.221Z","type":"ACTION","user_id":"anonymous","user_name":"anonymous","role_name":"anonymous","method":"GET","path":"/api/tracking/document/303/cohort-2025","action":"GET /api/tracking/document/303/cohort-2025","ip":"::1","details":{"query":{"type":"home"}}}
{"timestamp":"2025-11-03T17:53:38.287Z","type":"ACTION","user_id":"anonymous","user_name":"anonymous","role_name":"anonymous","method":"GET","path":"/Data/Home-verification-data/cohort-2025/home-veri-303-2025.pdf","action":"GET /Data/Home-verification-data/cohort-2025/home-veri-303-2025.pdf","ip":"::1"}
{"timestamp":"2025-11-03T17:53:38.291Z","type":"ACTION","user_id":"anonymous","user_name":"anonymous","role_name":"anonymous","method":"GET","path":"/Data/Home-verification-data/cohort-2025/home-veri-303-2025.pdf","action":"GET /Data/Home-verification-data/cohort-2025/home-veri-303-2025.pdf","ip":"::1","status":"error","error":"Route not found","details":{"statusCode":404}}
{"timestamp":"2025-11-03T17:54:03.610Z","type":"ACTION","user_id":"anonymous","user_name":"anonymous","role_name":"anonymous","method":"GET","path":"/api/tracking/document/303/cohort-2025","action":"GET /api/tracking/document/303/cohort-2025","ip":"::1","details":{"query":{"type":"home"}}}
{"timestamp":"2025-11-03T17:54:03.928Z","type":"ACTION","user_id":"anonymous","user_name":"anonymous","role_name":"anonymous","method":"GET","path":"/Data/Home-verification-data/cohort-2025/home-veri-303-2025.pdf","action":"GET /Data/Home-verification-data/cohort-2025/home-veri-303-2025.pdf","ip":"::1"}
{"timestamp":"2025-11-03T17:54:03.934Z","type":"ACTION","user_id":"anonymous","user_name":"anonymous","role_name":"anonymous","method":"GET","path":"/Data/Home-verification-data/cohort-2025/home-veri-303-2025.pdf","action":"GET /Data/Home-verification-data/cohort-2025/home-veri-303-2025.pdf","ip":"::1","status":"error","error":"Route not found","details":{"statusCode":404}}
{"timestamp":"2025-11-03T17:55:50.910Z","type":"ACTION","user_id":"7","user_name":"admin1","role_name":"ADMIN","method":"GET","path":"/api/tracking/interviewers","action":"GET /api/tracking/interviewers","ip":"::1"}
{"timestamp":"2025-11-03T17:55:50.963Z","type":"ACTION","user_id":"7","user_name":"admin1","role_name":"ADMIN","method":"GET","path":"/api/tracking/students","action":"GET /api/tracking/students","ip":"::1","details":{"query":{"page":"1"}}}
{"timestamp":"2025-11-03T17:55:50.982Z","type":"ACTION","user_id":"7","user_name":"admin1","role_name":"ADMIN","method":"GET","path":"/api/system-config/active","action":"GET /api/system-config/active","ip":"::1"}
{"timestamp":"2025-11-03T17:55:51.210Z","type":"ACTION","user_id":"7","user_name":"admin1","role_name":"ADMIN","method":"GET","path":"/api/tracking/interviewers","action":"GET /api/tracking/interviewers","ip":"::1"}
{"timestamp":"2025-11-03T17:55:51.273Z","type":"ACTION","user_id":"7","user_name":"admin1","role_name":"ADMIN","method":"GET","path":"/api/system-config/active","action":"GET /api/system-config/active","ip":"::1"}
{"timestamp":"2025-11-03T17:55:51.300Z","type":"ACTION","user_id":"7","user_name":"admin1","role_name":"ADMIN","method":"GET","path":"/api/tracking/students","action":"GET /api/tracking/students","ip":"::1","details":{"query":{"page":"1"}}}
{"timestamp":"2025-11-03T17:55:53.462Z","type":"ACTION","user_id":"7","user_name":"admin1","role_name":"ADMIN","method":"GET","path":"/api/tracking/students/303/interviews/all","action":"GET /api/tracking/students/303/interviews/all","ip":"::1"}
{"timestamp":"2025-11-03T17:55:53.471Z","type":"ACTION","user_id":"7","user_name":"admin1","role_name":"ADMIN","method":"GET","path":"/api/tracking/students/303/home/all","action":"GET /api/tracking/students/303/home/all","ip":"::1"}
{"timestamp":"2025-11-03T17:55:56.347Z","type":"ACTION","user_id":"anonymous","user_name":"anonymous","role_name":"anonymous","method":"GET","path":"/api/tracking/document/303/cohort-2025","action":"GET /api/tracking/document/303/cohort-2025","ip":"::1","details":{"query":{"type":"interview"}}}
{"timestamp":"2025-11-03T17:55:56.394Z","type":"ACTION","user_id":"anonymous","user_name":"anonymous","role_name":"anonymous","method":"GET","path":"/Data/Interview-data/cohort-2025/interview-303-2025.pdf","action":"GET /Data/Interview-data/cohort-2025/interview-303-2025.pdf","ip":"::1"}
{"timestamp":"2025-11-03T17:55:56.408Z","type":"ACTION","user_id":"anonymous","user_name":"anonymous","role_name":"anonymous","method":"GET","path":"/Data/Interview-data/cohort-2025/interview-303-2025.pdf","action":"GET /Data/Interview-data/cohort-2025/interview-303-2025.pdf","ip":"::1","status":"error","error":"Route not found","details":{"statusCode":404}}
{"timestamp":"2025-11-03T17:56:02.106Z","type":"ACTION","user_id":"anonymous","user_name":"anonymous","role_name":"anonymous","method":"GET","path":"/api/tracking/document/303/cohort-2025","action":"GET /api/tracking/document/303/cohort-2025","ip":"::1","details":{"query":{"type":"home"}}}
{"timestamp":"2025-11-03T17:56:02.137Z","type":"ACTION","user_id":"anonymous","user_name":"anonymous","role_name":"anonymous","method":"GET","path":"/Data/home-verification-data/cohort-2025/home-veri-303-2025.pdf","action":"GET /Data/home-verification-data/cohort-2025/home-veri-303-2025.pdf","ip":"::1"}
{"timestamp":"2025-11-03T17:56:02.142Z","type":"ACTION","user_id":"anonymous","user_name":"anonymous","role_name":"anonymous","method":"GET","path":"/Data/home-verification-data/cohort-2025/home-veri-303-2025.pdf","action":"GET /Data/home-verification-data/cohort-2025/home-veri-303-2025.pdf","ip":"::1","status":"error","error":"Route not found","details":{"statusCode":404}}
{"timestamp":"2025-11-03T17:58:16.433Z","type":"ACTION","user_id":"7","user_name":"admin1","role_name":"ADMIN","method":"GET","path":"/api/tracking/interviewers","action":"GET /api/tracking/interviewers","ip":"::1"}
{"timestamp":"2025-11-03T17:58:16.514Z","type":"ACTION","user_id":"7","user_name":"admin1","role_name":"ADMIN","method":"GET","path":"/api/tracking/students","action":"GET /api/tracking/students","ip":"::1","details":{"query":{"page":"1"}}}
{"timestamp":"2025-11-03T17:58:16.538Z","type":"ACTION","user_id":"7","user_name":"admin1","role_name":"ADMIN","method":"GET","path":"/api/system-config/active","action":"GET /api/system-config/active","ip":"::1"}
{"timestamp":"2025-11-03T17:58:16.721Z","type":"ACTION","user_id":"7","user_name":"admin1","role_name":"ADMIN","method":"GET","path":"/api/tracking/interviewers","action":"GET /api/tracking/interviewers","ip":"::1"}
{"timestamp":"2025-11-03T17:58:16.773Z","type":"ACTION","user_id":"7","user_name":"admin1","role_name":"ADMIN","method":"GET","path":"/api/system-config/active","action":"GET /api/system-config/active","ip":"::1"}
{"timestamp":"2025-11-03T17:58:16.790Z","type":"ACTION","user_id":"7","user_name":"admin1","role_name":"ADMIN","method":"GET","path":"/api/tracking/students","action":"GET /api/tracking/students","ip":"::1","details":{"query":{"page":"1"}}}
{"timestamp":"2025-11-03T17:58:18.715Z","type":"ACTION","user_id":"7","user_name":"admin1","role_name":"ADMIN","method":"GET","path":"/api/tracking/students/303/interviews/all","action":"GET /api/tracking/students/303/interviews/all","ip":"::1"}
{"timestamp":"2025-11-03T17:58:18.724Z","type":"ACTION","user_id":"7","user_name":"admin1","role_name":"ADMIN","method":"GET","path":"/api/tracking/students/303/home/all","action":"GET /api/tracking/students/303/home/all","ip":"::1"}
{"timestamp":"2025-11-03T17:58:21.055Z","type":"ACTION","user_id":"anonymous","user_name":"anonymous","role_name":"anonymous","method":"GET","path":"/api/tracking/document/303/cohort-2025","action":"GET /api/tracking/document/303/cohort-2025","ip":"::1","details":{"query":{"type":"interview"}}}
{"timestamp":"2025-11-03T17:58:21.105Z","type":"ACTION","user_id":"anonymous","user_name":"anonymous","role_name":"anonymous","method":"GET","path":"/Data/Interview-data/cohort-2025/interview-303-2025.pdf","action":"GET /Data/Interview-data/cohort-2025/interview-303-2025.pdf","ip":"::1"}
{"timestamp":"2025-11-03T17:58:21.122Z","type":"ACTION","user_id":"anonymous","user_name":"anonymous","role_name":"anonymous","method":"GET","path":"/Data/Interview-data/cohort-2025/interview-303-2025.pdf","action":"GET /Data/Interview-data/cohort-2025/interview-303-2025.pdf","ip":"::1","status":"error","error":"Route not found","details":{"statusCode":404}}
{"timestamp":"2025-11-03T17:58:29.659Z","type":"ACTION","user_id":"anonymous","user_name":"anonymous","role_name":"anonymous","method":"GET","path":"/api/tracking/document/303/cohort-2025","action":"GET /api/tracking/document/303/cohort-2025","ip":"::1","details":{"query":{"type":"home"}}}
{"timestamp":"2025-11-03T17:58:29.697Z","type":"ACTION","user_id":"anonymous","user_name":"anonymous","role_name":"anonymous","method":"GET","path":"/Data/home-verification-data/cohort-2025/home-veri-303-2025.pdf","action":"GET /Data/home-verification-data/cohort-2025/home-veri-303-2025.pdf","ip":"::1"}
{"timestamp":"2025-11-03T17:58:29.702Z","type":"ACTION","user_id":"anonymous","user_name":"anonymous","role_name":"anonymous","method":"GET","path":"/Data/home-verification-data/cohort-2025/home-veri-303-2025.pdf","action":"GET /Data/home-verification-data/cohort-2025/home-veri-303-2025.pdf","ip":"::1","status":"error","error":"Route not found","details":{"statusCode":404}}
{"timestamp":"2025-11-03T17:58:54.327Z","type":"ACTION","user_id":"anonymous","user_name":"anonymous","role_name":"anonymous","method":"GET","path":"/api/tracking/document/303/cohort-2025","action":"GET /api/tracking/document/303/cohort-2025","ip":"::1","details":{"query":{"type":"home"}}}
{"timestamp":"2025-11-03T17:58:54.654Z","type":"ACTION","user_id":"anonymous","user_name":"anonymous","role_name":"anonymous","method":"GET","path":"/Data/home-verification-data/cohort-2025/home-veri-303-2025.pdf","action":"GET /Data/home-verification-data/cohort-2025/home-veri-303-2025.pdf","ip":"::1"}
{"timestamp":"2025-11-03T17:58:54.658Z","type":"ACTION","user_id":"anonymous","user_name":"anonymous","role_name":"anonymous","method":"GET","path":"/Data/home-verification-data/cohort-2025/home-veri-303-2025.pdf","action":"GET /Data/home-verification-data/cohort-2025/home-veri-303-2025.pdf","ip":"::1","status":"error","error":"Route not found","details":{"statusCode":404}}
{"timestamp":"2025-11-03T18:04:10.283Z","type":"ACTION","user_id":"7","user_name":"admin1","role_name":"ADMIN","method":"GET","path":"/api/tracking/interviewers","action":"GET /api/tracking/interviewers","ip":"::1"}
{"timestamp":"2025-11-03T18:04:10.324Z","type":"ACTION","user_id":"7","user_name":"admin1","role_name":"ADMIN","method":"GET","path":"/api/system-config/active","action":"GET /api/system-config/active","ip":"::1"}
{"timestamp":"2025-11-03T18:04:10.336Z","type":"ACTION","user_id":"7","user_name":"admin1","role_name":"ADMIN","method":"GET","path":"/api/tracking/students","action":"GET /api/tracking/students","ip":"::1","details":{"query":{"page":"1"}}}
{"timestamp":"2025-11-03T18:04:10.544Z","type":"ACTION","user_id":"7","user_name":"admin1","role_name":"ADMIN","method":"GET","path":"/api/tracking/interviewers","action":"GET /api/tracking/interviewers","ip":"::1"}
{"timestamp":"2025-11-03T18:04:10.567Z","type":"ACTION","user_id":"7","user_name":"admin1","role_name":"ADMIN","method":"GET","path":"/api/system-config/active","action":"GET /api/system-config/active","ip":"::1"}
{"timestamp":"2025-11-03T18:04:10.604Z","type":"ACTION","user_id":"7","user_name":"admin1","role_name":"ADMIN","method":"GET","path":"/api/tracking/students","action":"GET /api/tracking/students","ip":"::1","details":{"query":{"page":"1"}}}
{"timestamp":"2025-11-03T18:04:12.878Z","type":"ACTION","user_id":"7","user_name":"admin1","role_name":"ADMIN","method":"GET","path":"/api/tracking/students/303/interviews/all","action":"GET /api/tracking/students/303/interviews/all","ip":"::1"}
{"timestamp":"2025-11-03T18:04:12.886Z","type":"ACTION","user_id":"7","user_name":"admin1","role_name":"ADMIN","method":"GET","path":"/api/tracking/students/303/home/all","action":"GET /api/tracking/students/303/home/all","ip":"::1"}
{"timestamp":"2025-11-03T18:04:15.606Z","type":"ACTION","user_id":"anonymous","user_name":"anonymous","role_name":"anonymous","method":"GET","path":"/api/tracking/document/303/cohort-2025","action":"GET /api/tracking/document/303/cohort-2025","ip":"::1","details":{"query":{"type":"interview"}}}
{"timestamp":"2025-11-03T18:04:15.648Z","type":"ACTION","user_id":"anonymous","user_name":"anonymous","role_name":"anonymous","method":"GET","path":"/Data/Interview-data/cohort-2025/interview-303-2025.pdf","action":"GET /Data/Interview-data/cohort-2025/interview-303-2025.pdf","ip":"::1"}
{"timestamp":"2025-11-03T18:04:15.656Z","type":"ACTION","user_id":"anonymous","user_name":"anonymous","role_name":"anonymous","method":"GET","path":"/Data/Interview-data/cohort-2025/interview-303-2025.pdf","action":"GET /Data/Interview-data/cohort-2025/interview-303-2025.pdf","ip":"::1","status":"error","error":"Route not found","details":{"statusCode":404}}
{"timestamp":"2025-11-03T18:04:23.431Z","type":"ACTION","user_id":"anonymous","user_name":"anonymous","role_name":"anonymous","method":"GET","path":"/api/tracking/document/303/cohort-2025","action":"GET /api/tracking/document/303/cohort-2025","ip":"::1","details":{"query":{"type":"home"}}}
{"timestamp":"2025-11-03T18:04:23.477Z","type":"ACTION","user_id":"anonymous","user_name":"anonymous","role_name":"anonymous","method":"GET","path":"/Data/home-verification-data/cohort-2025/home-veri-303-2025.pdf","action":"GET /Data/home-verification-data/cohort-2025/home-veri-303-2025.pdf","ip":"::1"}
{"timestamp":"2025-11-03T18:04:23.484Z","type":"ACTION","user_id":"anonymous","user_name":"anonymous","role_name":"anonymous","method":"GET","path":"/Data/home-verification-data/cohort-2025/home-veri-303-2025.pdf","action":"GET /Data/home-verification-data/cohort-2025/home-veri-303-2025.pdf","ip":"::1","status":"error","error":"Route not found","details":{"statusCode":404}}
{"timestamp":"2025-11-03T18:05:54.498Z","type":"ACTION","user_id":"7","user_name":"admin1","role_name":"ADMIN","method":"GET","path":"/api/tracking/interviewers","action":"GET /api/tracking/interviewers","ip":"::1"}
{"timestamp":"2025-11-03T18:05:54.555Z","type":"ACTION","user_id":"7","user_name":"admin1","role_name":"ADMIN","method":"GET","path":"/api/tracking/students","action":"GET /api/tracking/students","ip":"::1","details":{"query":{"page":"1"}}}
{"timestamp":"2025-11-03T18:05:54.577Z","type":"ACTION","user_id":"7","user_name":"admin1","role_name":"ADMIN","method":"GET","path":"/api/system-config/active","action":"GET /api/system-config/active","ip":"::1"}
{"timestamp":"2025-11-03T18:05:54.796Z","type":"ACTION","user_id":"7","user_name":"admin1","role_name":"ADMIN","method":"GET","path":"/api/tracking/interviewers","action":"GET /api/tracking/interviewers","ip":"::1"}
{"timestamp":"2025-11-03T18:05:54.844Z","type":"ACTION","user_id":"7","user_name":"admin1","role_name":"ADMIN","method":"GET","path":"/api/system-config/active","action":"GET /api/system-config/active","ip":"::1"}
{"timestamp":"2025-11-03T18:05:54.864Z","type":"ACTION","user_id":"7","user_name":"admin1","role_name":"ADMIN","method":"GET","path":"/api/tracking/students","action":"GET /api/tracking/students","ip":"::1","details":{"query":{"page":"1"}}}
{"timestamp":"2025-11-03T18:05:56.491Z","type":"ACTION","user_id":"7","user_name":"admin1","role_name":"ADMIN","method":"GET","path":"/api/tracking/students/323/interviews/all","action":"GET /api/tracking/students/323/interviews/all","ip":"::1"}
{"timestamp":"2025-11-03T18:05:56.505Z","type":"ACTION","user_id":"7","user_name":"admin1","role_name":"ADMIN","method":"GET","path":"/api/tracking/students/323/home/all","action":"GET /api/tracking/students/323/home/all","ip":"::1"}
{"timestamp":"2025-11-03T18:06:03.307Z","type":"ACTION","user_id":"7","user_name":"admin1","role_name":"ADMIN","method":"GET","path":"/api/tracking/students/323/interviews/all","action":"GET /api/tracking/students/323/interviews/all","ip":"::1"}
{"timestamp":"2025-11-03T18:06:03.320Z","type":"ACTION","user_id":"7","user_name":"admin1","role_name":"ADMIN","method":"GET","path":"/api/tracking/students/323/home/all","action":"GET /api/tracking/students/323/home/all","ip":"::1"}
{"timestamp":"2025-11-03T18:06:06.769Z","type":"ACTION","user_id":"7","user_name":"admin1","role_name":"ADMIN","method":"GET","path":"/api/tracking/students/303/interviews/all","action":"GET /api/tracking/students/303/interviews/all","ip":"::1"}
{"timestamp":"2025-11-03T18:06:06.777Z","type":"ACTION","user_id":"7","user_name":"admin1","role_name":"ADMIN","method":"GET","path":"/api/tracking/students/303/home/all","action":"GET /api/tracking/students/303/home/all","ip":"::1"}
{"timestamp":"2025-11-03T18:06:09.539Z","type":"ACTION","user_id":"anonymous","user_name":"anonymous","role_name":"anonymous","method":"GET","path":"/api/tracking/document/303/cohort-2025","action":"GET /api/tracking/document/303/cohort-2025","ip":"::1","details":{"query":{"type":"interview"}}}
{"timestamp":"2025-11-03T18:06:09.574Z","type":"ACTION","user_id":"anonymous","user_name":"anonymous","role_name":"anonymous","method":"GET","path":"/Data/Interview-data/cohort-2025/interview-303-2025.pdf","action":"GET /Data/Interview-data/cohort-2025/interview-303-2025.pdf","ip":"::1"}
{"timestamp":"2025-11-03T18:06:17.195Z","type":"ACTION","user_id":"anonymous","user_name":"anonymous","role_name":"anonymous","method":"GET","path":"/api/tracking/document/303/cohort-2025","action":"GET /api/tracking/document/303/cohort-2025","ip":"::1","details":{"query":{"type":"home"}}}
{"timestamp":"2025-11-03T18:06:17.244Z","type":"ACTION","user_id":"anonymous","user_name":"anonymous","role_name":"anonymous","method":"GET","path":"/Data/home-verification-data/cohort-2025/home-veri-303-2025.pdf","action":"GET /Data/home-verification-data/cohort-2025/home-veri-303-2025.pdf","ip":"::1"}
{"timestamp":"2025-11-03T18:06:52.069Z","type":"ACTION","user_id":"anonymous","user_name":"anonymous","role_name":"anonymous","method":"GET","path":"/api/tracking/document/303/cohort-2025","action":"GET /api/tracking/document/303/cohort-2025","ip":"::1","details":{"query":{"type":"home"}}}
{"timestamp":"2025-11-03T18:06:52.419Z","type":"ACTION","user_id":"anonymous","user_name":"anonymous","role_name":"anonymous","method":"GET","path":"/Data/home-verification-data/cohort-2025/home-veri-303-2025.pdf","action":"GET /Data/home-verification-data/cohort-2025/home-veri-303-2025.pdf","ip":"::1"}
{"timestamp":"2025-11-03T18:06:59.141Z","type":"ACTION","user_id":"anonymous","user_name":"anonymous","role_name":"anonymous","method":"GET","path":"/api/tracking/document/303/cohort-2025","action":"GET /api/tracking/document/303/cohort-2025","ip":"::1","details":{"query":{"type":"interview"}}}
{"timestamp":"2025-11-03T18:06:59.169Z","type":"ACTION","user_id":"anonymous","user_name":"anonymous","role_name":"anonymous","method":"GET","path":"/Data/Interview-data/cohort-2025/interview-303-2025.pdf","action":"GET /Data/Interview-data/cohort-2025/interview-303-2025.pdf","ip":"::1"}
{"timestamp":"2025-11-03T18:12:23.684Z","type":"ACTION","user_id":"7","user_name":"admin1","role_name":"ADMIN","method":"GET","path":"/api/tracking/interviewers","action":"GET /api/tracking/interviewers","ip":"::1"}
{"timestamp":"2025-11-03T18:12:23.727Z","type":"ACTION","user_id":"7","user_name":"admin1","role_name":"ADMIN","method":"GET","path":"/api/tracking/students","action":"GET /api/tracking/students","ip":"::1","details":{"query":{"page":"1"}}}
{"timestamp":"2025-11-03T18:12:23.748Z","type":"ACTION","user_id":"7","user_name":"admin1","role_name":"ADMIN","method":"GET","path":"/api/system-config/active","action":"GET /api/system-config/active","ip":"::1"}
{"timestamp":"2025-11-03T18:12:23.959Z","type":"ACTION","user_id":"7","user_name":"admin1","role_name":"ADMIN","method":"GET","path":"/api/tracking/interviewers","action":"GET /api/tracking/interviewers","ip":"::1"}
{"timestamp":"2025-11-03T18:12:24.026Z","type":"ACTION","user_id":"7","user_name":"admin1","role_name":"ADMIN","method":"GET","path":"/api/system-config/active","action":"GET /api/system-config/active","ip":"::1"}
{"timestamp":"2025-11-03T18:12:24.056Z","type":"ACTION","user_id":"7","user_name":"admin1","role_name":"ADMIN","method":"GET","path":"/api/tracking/students","action":"GET /api/tracking/students","ip":"::1","details":{"query":{"page":"1"}}}
{"timestamp":"2025-11-03T18:12:26.629Z","type":"ACTION","user_id":"7","user_name":"admin1","role_name":"ADMIN","method":"GET","path":"/api/tracking/students/323/interviews/all","action":"GET /api/tracking/students/323/interviews/all","ip":"::1"}
{"timestamp":"2025-11-03T18:12:26.636Z","type":"ACTION","user_id":"7","user_name":"admin1","role_name":"ADMIN","method":"GET","path":"/api/tracking/students/323/home/all","action":"GET /api/tracking/students/323/home/all","ip":"::1"}
{"timestamp":"2025-11-03T18:12:29.951Z","type":"ACTION","user_id":"7","user_name":"admin1","role_name":"ADMIN","method":"GET","path":"/api/tracking/students/303/interviews/all","action":"GET /api/tracking/students/303/interviews/all","ip":"::1"}
{"timestamp":"2025-11-03T18:12:29.968Z","type":"ACTION","user_id":"7","user_name":"admin1","role_name":"ADMIN","method":"GET","path":"/api/tracking/students/303/home/all","action":"GET /api/tracking/students/303/home/all","ip":"::1"}
{"timestamp":"2025-11-03T18:15:37.018Z","type":"ACTION","user_id":"7","user_name":"admin1","role_name":"ADMIN","method":"GET","path":"/api/tracking/interviewers","action":"GET /api/tracking/interviewers","ip":"::1"}
{"timestamp":"2025-11-03T18:15:37.037Z","type":"ACTION","user_id":"7","user_name":"admin1","role_name":"ADMIN","method":"GET","path":"/api/tracking/students","action":"GET /api/tracking/students","ip":"::1","details":{"query":{"page":"1"}}}
{"timestamp":"2025-11-03T18:15:37.045Z","type":"ACTION","user_id":"7","user_name":"admin1","role_name":"ADMIN","method":"GET","path":"/api/system-config/active","action":"GET /api/system-config/active","ip":"::1"}
{"timestamp":"2025-11-03T18:15:37.249Z","type":"ACTION","user_id":"7","user_name":"admin1","role_name":"ADMIN","method":"GET","path":"/api/tracking/interviewers","action":"GET /api/tracking/interviewers","ip":"::1"}
{"timestamp":"2025-11-03T18:15:37.272Z","type":"ACTION","user_id":"7","user_name":"admin1","role_name":"ADMIN","method":"GET","path":"/api/system-config/active","action":"GET /api/system-config/active","ip":"::1"}
{"timestamp":"2025-11-03T18:15:37.298Z","type":"ACTION","user_id":"7","user_name":"admin1","role_name":"ADMIN","method":"GET","path":"/api/tracking/students","action":"GET /api/tracking/students","ip":"::1","details":{"query":{"page":"1"}}}
{"timestamp":"2025-11-03T18:15:39.866Z","type":"ACTION","user_id":"7","user_name":"admin1","role_name":"ADMIN","method":"GET","path":"/api/tracking/students/303/interviews/all","action":"GET /api/tracking/students/303/interviews/all","ip":"::1"}
{"timestamp":"2025-11-03T18:15:39.876Z","type":"ACTION","user_id":"7","user_name":"admin1","role_name":"ADMIN","method":"GET","path":"/api/tracking/students/303/home/all","action":"GET /api/tracking/students/303/home/all","ip":"::1"}
{"timestamp":"2025-11-03T18:16:28.076Z","type":"ACTION","user_id":"7","user_name":"admin1","role_name":"ADMIN","method":"GET","path":"/api/tracking/interviewers","action":"GET /api/tracking/interviewers","ip":"::1"}
{"timestamp":"2025-11-03T18:16:28.117Z","type":"ACTION","user_id":"7","user_name":"admin1","role_name":"ADMIN","method":"GET","path":"/api/tracking/students","action":"GET /api/tracking/students","ip":"::1","details":{"query":{"page":"1"}}}
{"timestamp":"2025-11-03T18:16:32.542Z","type":"ACTION","user_id":"7","user_name":"admin1","role_name":"ADMIN","method":"GET","path":"/api/tracking/interviewers","action":"GET /api/tracking/interviewers","ip":"::1"}
{"timestamp":"2025-11-03T18:16:32.552Z","type":"ACTION","user_id":"7","user_name":"admin1","role_name":"ADMIN","method":"GET","path":"/api/system-config/active","action":"GET /api/system-config/active","ip":"::1"}
{"timestamp":"2025-11-03T18:16:32.565Z","type":"ACTION","user_id":"7","user_name":"admin1","role_name":"ADMIN","method":"GET","path":"/api/tracking/students","action":"GET /api/tracking/students","ip":"::1","details":{"query":{"page":"1"}}}
{"timestamp":"2025-11-03T18:16:32.587Z","type":"ACTION","user_id":"7","user_name":"admin1","role_name":"ADMIN","method":"GET","path":"/api/tracking/interviewers","action":"GET /api/tracking/interviewers","ip":"::1"}
{"timestamp":"2025-11-03T18:16:32.602Z","type":"ACTION","user_id":"7","user_name":"admin1","role_name":"ADMIN","method":"GET","path":"/api/system-config/active","action":"GET /api/system-config/active","ip":"::1"}
{"timestamp":"2025-11-03T18:16:32.850Z","type":"ACTION","user_id":"7","user_name":"admin1","role_name":"ADMIN","method":"GET","path":"/api/tracking/students","action":"GET /api/tracking/students","ip":"::1","details":{"query":{"page":"1"}}}
{"timestamp":"2025-11-03T18:16:33.992Z","type":"ACTION","user_id":"7","user_name":"admin1","role_name":"ADMIN","method":"GET","path":"/api/tracking/students/303/interviews/all","action":"GET /api/tracking/students/303/interviews/all","ip":"::1"}
{"timestamp":"2025-11-03T18:16:34.023Z","type":"ACTION","user_id":"7","user_name":"admin1","role_name":"ADMIN","method":"GET","path":"/api/tracking/students/303/home/all","action":"GET /api/tracking/students/303/home/all","ip":"::1"}
{"timestamp":"2025-11-03T18:16:53.047Z","type":"ACTION","user_id":"7","user_name":"admin1","role_name":"ADMIN","method":"GET","path":"/api/tracking/interviewers","action":"GET /api/tracking/interviewers","ip":"::1"}
{"timestamp":"2025-11-03T18:16:53.060Z","type":"ACTION","user_id":"7","user_name":"admin1","role_name":"ADMIN","method":"GET","path":"/api/tracking/students","action":"GET /api/tracking/students","ip":"::1","details":{"query":{"page":"1"}}}
{"timestamp":"2025-11-03T18:16:53.077Z","type":"ACTION","user_id":"7","user_name":"admin1","role_name":"ADMIN","method":"GET","path":"/api/system-config/active","action":"GET /api/system-config/active","ip":"::1"}
{"timestamp":"2025-11-03T18:16:53.353Z","type":"ACTION","user_id":"7","user_name":"admin1","role_name":"ADMIN","method":"GET","path":"/api/tracking/interviewers","action":"GET /api/tracking/interviewers","ip":"::1"}
{"timestamp":"2025-11-03T18:16:53.369Z","type":"ACTION","user_id":"7","user_name":"admin1","role_name":"ADMIN","method":"GET","path":"/api/system-config/active","action":"GET /api/system-config/active","ip":"::1"}
{"timestamp":"2025-11-03T18:16:53.397Z","type":"ACTION","user_id":"7","user_name":"admin1","role_name":"ADMIN","method":"GET","path":"/api/tracking/students","action":"GET /api/tracking/students","ip":"::1","details":{"query":{"page":"1"}}}
{"timestamp":"2025-11-03T18:16:55.528Z","type":"ACTION","user_id":"7","user_name":"admin1","role_name":"ADMIN","method":"GET","path":"/api/tracking/students/303/interviews/all","action":"GET /api/tracking/students/303/interviews/all","ip":"::1"}
{"timestamp":"2025-11-03T18:16:55.541Z","type":"ACTION","user_id":"7","user_name":"admin1","role_name":"ADMIN","method":"GET","path":"/api/tracking/students/303/home/all","action":"GET /api/tracking/students/303/home/all","ip":"::1"}
{"timestamp":"2025-11-03T18:17:23.151Z","type":"ACTION","user_id":"7","user_name":"admin1","role_name":"ADMIN","method":"GET","path":"/api/tracking/interviewers","action":"GET /api/tracking/interviewers","ip":"::1"}
{"timestamp":"2025-11-03T18:17:23.159Z","type":"ACTION","user_id":"7","user_name":"admin1","role_name":"ADMIN","method":"GET","path":"/api/tracking/students","action":"GET /api/tracking/students","ip":"::1","details":{"query":{"page":"1"}}}
{"timestamp":"2025-11-03T18:22:26.968Z","type":"ACTION","user_id":"7","user_name":"admin1","role_name":"ADMIN","method":"GET","path":"/api/tracking/students/303/interviews/all","action":"GET /api/tracking/students/303/interviews/all","ip":"::1"}
{"timestamp":"2025-11-03T18:22:26.984Z","type":"ACTION","user_id":"7","user_name":"admin1","role_name":"ADMIN","method":"GET","path":"/api/tracking/students/303/home/all","action":"GET /api/tracking/students/303/home/all","ip":"::1"}
{"timestamp":"2025-11-03T18:22:30.270Z","type":"ACTION","user_id":"anonymous","user_name":"anonymous","role_name":"anonymous","method":"GET","path":"/api/tracking/document/303/cohort-2025","action":"GET /api/tracking/document/303/cohort-2025","ip":"::1","details":{"query":{"type":"interview"}}}
{"timestamp":"2025-11-03T18:22:30.315Z","type":"ACTION","user_id":"anonymous","user_name":"anonymous","role_name":"anonymous","method":"GET","path":"/Data/Interview-data/cohort-2025/interview-303-2025.pdf","action":"GET /Data/Interview-data/cohort-2025/interview-303-2025.pdf","ip":"::1"}
{"timestamp":"2025-11-03T18:27:35.924Z","type":"ACTION","user_id":"7","user_name":"admin1","role_name":"ADMIN","method":"GET","path":"/api/tracking/interviewers","action":"GET /api/tracking/interviewers","ip":"::1"}
{"timestamp":"2025-11-03T18:27:35.980Z","type":"ACTION","user_id":"7","user_name":"admin1","role_name":"ADMIN","method":"GET","path":"/api/tracking/students","action":"GET /api/tracking/students","ip":"::1","details":{"query":{"page":"1"}}}
{"timestamp":"2025-11-03T18:27:35.998Z","type":"ACTION","user_id":"7","user_name":"admin1","role_name":"ADMIN","method":"GET","path":"/api/system-config/active","action":"GET /api/system-config/active","ip":"::1"}
{"timestamp":"2025-11-03T18:27:36.218Z","type":"ACTION","user_id":"7","user_name":"admin1","role_name":"ADMIN","method":"GET","path":"/api/tracking/interviewers","action":"GET /api/tracking/interviewers","ip":"::1"}
{"timestamp":"2025-11-03T18:27:36.290Z","type":"ACTION","user_id":"7","user_name":"admin1","role_name":"ADMIN","method":"GET","path":"/api/system-config/active","action":"GET /api/system-config/active","ip":"::1"}
{"timestamp":"2025-11-03T18:27:36.318Z","type":"ACTION","user_id":"7","user_name":"admin1","role_name":"ADMIN","method":"GET","path":"/api/tracking/students","action":"GET /api/tracking/students","ip":"::1","details":{"query":{"page":"1"}}}
{"timestamp":"2025-11-03T18:27:38.037Z","type":"ACTION","user_id":"anonymous","user_name":"anonymous","role_name":"anonymous","method":"GET","path":"/api/evaluation-dashboard/overall","action":"GET /api/evaluation-dashboard/overall","ip":"::1"}
{"timestamp":"2025-11-03T18:27:38.045Z","type":"ACTION","user_id":"anonymous","user_name":"anonymous","role_name":"anonymous","method":"GET","path":"/api/evaluation-dashboard/jurisdictions","action":"GET /api/evaluation-dashboard/jurisdictions","ip":"::1"}
{"timestamp":"2025-11-03T18:27:38.051Z","type":"ACTION","user_id":"anonymous","user_name":"anonymous","role_name":"anonymous","method":"GET","path":"/api/evaluation-dashboard/overall-progress","action":"GET /api/evaluation-dashboard/overall-progress","ip":"::1"}
{"timestamp":"2025-11-03T18:27:38.134Z","type":"ACTION","user_id":"anonymous","user_name":"anonymous","role_name":"anonymous","method":"GET","path":"/api/evaluation-dashboard/overall-progress","action":"GET /api/evaluation-dashboard/overall-progress","ip":"::1"}
{"timestamp":"2025-11-03T18:27:38.142Z","type":"ACTION","user_id":"anonymous","user_name":"anonymous","role_name":"anonymous","method":"GET","path":"/api/evaluation-dashboard/overall","action":"GET /api/evaluation-dashboard/overall","ip":"::1"}
{"timestamp":"2025-11-03T18:27:38.170Z","type":"ACTION","user_id":"anonymous","user_name":"anonymous","role_name":"anonymous","method":"GET","path":"/api/evaluation-dashboard/jurisdictions","action":"GET /api/evaluation-dashboard/jurisdictions","ip":"::1"}
{"timestamp":"2025-11-03T18:27:41.157Z","type":"ACTION","user_id":"7","user_name":"admin1","role_name":"ADMIN","method":"GET","path":"/api/interview/exam-centers","action":"GET /api/interview/exam-centers","ip":"::1"}
{"timestamp":"2025-11-03T18:27:41.186Z","type":"ACTION","user_id":"7","user_name":"admin1","role_name":"ADMIN","method":"GET","path":"/api/interview/exam-centers","action":"GET /api/interview/exam-centers","ip":"::1"}
{"timestamp":"2025-11-03T18:27:44.595Z","type":"ACTION","user_id":"7","user_name":"admin1","role_name":"ADMIN","method":"GET","path":"/api/interview/unassigned-students","action":"GET /api/interview/unassigned-students","ip":"::1","details":{"query":{"centerName":"center1","nmmsYear":"2025"}}}
{"timestamp":"2025-11-03T18:27:44.646Z","type":"ACTION","user_id":"7","user_name":"admin1","role_name":"ADMIN","method":"GET","path":"/api/interview/unassigned-students","action":"GET /api/interview/unassigned-students","ip":"::1","details":{"query":{"centerName":"center1","nmmsYear":"2025"}}}
{"timestamp":"2025-11-03T18:27:44.676Z","type":"ACTION","user_id":"7","user_name":"admin1","role_name":"ADMIN","method":"GET","path":"/api/interview/interviewers","action":"GET /api/interview/interviewers","ip":"::1"}
{"timestamp":"2025-11-03T18:27:44.693Z","type":"ACTION","user_id":"7","user_name":"admin1","role_name":"ADMIN","method":"GET","path":"/api/interview/interviewers","action":"GET /api/interview/interviewers","ip":"::1"}
{"timestamp":"2025-11-03T18:27:55.110Z","type":"ACTION","user_id":"7","user_name":"admin1","role_name":"ADMIN","method":"POST","path":"/api/interview/assign-students","action":"POST /api/interview/assign-students","ip":"::1","details":{"body":{"applicantIds":["208","368","451","324"],"interviewerId":2,"nmmsYear":2025}}}
{"timestamp":"2025-11-03T18:27:55.225Z","type":"ACTION","user_id":"7","user_name":"admin1","role_name":"ADMIN","method":"POST","path":"/api/interview/download-assignment-report","action":"POST /api/interview/download-assignment-report","ip":"::1","details":{"body":{"applicantIds":["208","368","451","324"],"nmmsYear":2025,"interviewerId":2}}}
{"timestamp":"2025-11-03T18:27:55.239Z","type":"ACTION","user_id":"7","user_name":"admin1","role_name":"ADMIN","method":"GET","path":"/api/interview/unassigned-students","action":"GET /api/interview/unassigned-students","ip":"::1","details":{"query":{"centerName":"center1","nmmsYear":"2025"}}}
{"timestamp":"2025-11-03T18:28:23.802Z","type":"ACTION","user_id":"anonymous","user_name":"anonymous","role_name":"anonymous","method":"GET","path":"/api/interview/interviewers","action":"GET /api/interview/interviewers","ip":"::1"}
{"timestamp":"2025-11-03T18:28:24.027Z","type":"ACTION","user_id":"anonymous","user_name":"anonymous","role_name":"anonymous","method":"GET","path":"/api/interview/interviewers","action":"GET /api/interview/interviewers","ip":"::1"}
{"timestamp":"2025-11-03T18:28:25.506Z","type":"ACTION","user_id":"anonymous","user_name":"anonymous","role_name":"anonymous","method":"GET","path":"/api/interview/students/Anish","action":"GET /api/interview/students/Anish","ip":"::1","details":{"query":{"nmmsYear":"2025"}}}
{"timestamp":"2025-11-03T18:28:59.815Z","type":"ACTION","user_id":"anonymous","user_name":"anonymous","role_name":"anonymous","method":"POST","path":"/api/interview/submit-interview","action":"POST /api/interview/submit-interview","ip":"::1","details":{"body":{"applicantId":"323","remarks":"rrrrrrrr","nmmsYear":"2025","interviewDate":"2025-10-27","interviewTime":"11:13 AM","interviewMode":"Online","interviewStatus":"Rescheduled","lifeGoalsAndZeal":"10","commitmentToLearning":"4","integrity":"4","communicationSkills":"3.9","homeVerificationRequired":"","interviewResult":"Another Interviewe Required"}}}
{"timestamp":"2025-11-03T18:29:00.189Z","type":"ACTION","user_id":"anonymous","user_name":"anonymous","role_name":"anonymous","method":"POST","path":"/api/interview/submit-interview","action":"POST /api/interview/submit-interview","ip":"::1","details":{"body":{"applicantId":"323","remarks":"rrrrrrrr","nmmsYear":"2025","interviewDate":"2025-10-27","interviewTime":"11:13 AM","interviewMode":"Online","interviewStatus":"Rescheduled","lifeGoalsAndZeal":"10","commitmentToLearning":"4","integrity":"4","communicationSkills":"3.9","homeVerificationRequired":"","interviewResult":"Another Interviewe Required"},"statusCode":500},"status":"error","error":"fsSync is not defined"}
{"timestamp":"2025-11-03T18:29:02.923Z","type":"ACTION","user_id":"7","user_name":"admin1","role_name":"ADMIN","method":"GET","path":"/api/interview/exam-centers","action":"GET /api/interview/exam-centers","ip":"::1"}
{"timestamp":"2025-11-03T18:29:02.942Z","type":"ACTION","user_id":"7","user_name":"admin1","role_name":"ADMIN","method":"GET","path":"/api/interview/exam-centers","action":"GET /api/interview/exam-centers","ip":"::1"}
{"timestamp":"2025-11-03T18:29:07.959Z","type":"ACTION","user_id":"7","user_name":"admin1","role_name":"ADMIN","method":"GET","path":"/api/interview/unassigned-students","action":"GET /api/interview/unassigned-students","ip":"::1","details":{"query":{"centerName":"center1","nmmsYear":"2025"}}}
{"timestamp":"2025-11-03T18:29:08.040Z","type":"ACTION","user_id":"7","user_name":"admin1","role_name":"ADMIN","method":"GET","path":"/api/interview/unassigned-students","action":"GET /api/interview/unassigned-students","ip":"::1","details":{"query":{"centerName":"center1","nmmsYear":"2025"}}}
{"timestamp":"2025-11-03T18:29:08.074Z","type":"ACTION","user_id":"7","user_name":"admin1","role_name":"ADMIN","method":"GET","path":"/api/interview/interviewers","action":"GET /api/interview/interviewers","ip":"::1"}
{"timestamp":"2025-11-03T18:29:08.097Z","type":"ACTION","user_id":"7","user_name":"admin1","role_name":"ADMIN","method":"GET","path":"/api/interview/interviewers","action":"GET /api/interview/interviewers","ip":"::1"}
{"timestamp":"2025-11-03T18:29:14.846Z","type":"ACTION","user_id":"7","user_name":"admin1","role_name":"ADMIN","method":"GET","path":"/api/interview/reassignable-students","action":"GET /api/interview/reassignable-students","ip":"::1","details":{"query":{"centerName":"center1","nmmsYear":"2025"}}}
{"timestamp":"2025-11-03T18:29:14.895Z","type":"ACTION","user_id":"7","user_name":"admin1","role_name":"ADMIN","method":"GET","path":"/api/interview/reassignable-students","action":"GET /api/interview/reassignable-students","ip":"::1","details":{"query":{"centerName":"center1","nmmsYear":"2025"}}}
{"timestamp":"2025-11-03T18:29:14.914Z","type":"ACTION","user_id":"7","user_name":"admin1","role_name":"ADMIN","method":"GET","path":"/api/interview/interviewers","action":"GET /api/interview/interviewers","ip":"::1"}
{"timestamp":"2025-11-03T18:29:15.120Z","type":"ACTION","user_id":"7","user_name":"admin1","role_name":"ADMIN","method":"GET","path":"/api/interview/interviewers","action":"GET /api/interview/interviewers","ip":"::1"}
{"timestamp":"2025-11-03T18:29:17.681Z","type":"ACTION","user_id":"7","user_name":"admin1","role_name":"ADMIN","method":"GET","path":"/api/interview/unassigned-students","action":"GET /api/interview/unassigned-students","ip":"::1","details":{"query":{"centerName":"center1","nmmsYear":"2025"}}}
{"timestamp":"2025-11-03T18:29:17.773Z","type":"ACTION","user_id":"7","user_name":"admin1","role_name":"ADMIN","method":"GET","path":"/api/interview/unassigned-students","action":"GET /api/interview/unassigned-students","ip":"::1","details":{"query":{"centerName":"center1","nmmsYear":"2025"}}}
{"timestamp":"2025-11-03T18:29:17.795Z","type":"ACTION","user_id":"7","user_name":"admin1","role_name":"ADMIN","method":"GET","path":"/api/interview/interviewers","action":"GET /api/interview/interviewers","ip":"::1"}
{"timestamp":"2025-11-03T18:29:17.813Z","type":"ACTION","user_id":"7","user_name":"admin1","role_name":"ADMIN","method":"GET","path":"/api/interview/interviewers","action":"GET /api/interview/interviewers","ip":"::1"}
{"timestamp":"2025-11-03T18:29:26.259Z","type":"ACTION","user_id":"7","user_name":"admin1","role_name":"ADMIN","method":"POST","path":"/api/interview/assign-students","action":"POST /api/interview/assign-students","ip":"::1","details":{"body":{"applicantIds":["356"],"interviewerId":2,"nmmsYear":2025}}}
{"timestamp":"2025-11-03T18:29:26.317Z","type":"ACTION","user_id":"7","user_name":"admin1","role_name":"ADMIN","method":"POST","path":"/api/interview/download-assignment-report","action":"POST /api/interview/download-assignment-report","ip":"::1","details":{"body":{"applicantIds":["356"],"nmmsYear":2025,"interviewerId":2}}}
{"timestamp":"2025-11-03T18:29:26.333Z","type":"ACTION","user_id":"7","user_name":"admin1","role_name":"ADMIN","method":"GET","path":"/api/interview/unassigned-students","action":"GET /api/interview/unassigned-students","ip":"::1","details":{"query":{"centerName":"center1","nmmsYear":"2025"}}}
{"timestamp":"2025-11-03T18:29:43.090Z","type":"ACTION","user_id":"7","user_name":"admin1","role_name":"ADMIN","method":"GET","path":"/api/interview/reassignable-students","action":"GET /api/interview/reassignable-students","ip":"::1","details":{"query":{"centerName":"center1","nmmsYear":"2025"}}}
{"timestamp":"2025-11-03T18:29:43.336Z","type":"ACTION","user_id":"7","user_name":"admin1","role_name":"ADMIN","method":"GET","path":"/api/interview/reassignable-students","action":"GET /api/interview/reassignable-students","ip":"::1","details":{"query":{"centerName":"center1","nmmsYear":"2025"}}}
{"timestamp":"2025-11-03T18:29:43.347Z","type":"ACTION","user_id":"7","user_name":"admin1","role_name":"ADMIN","method":"GET","path":"/api/interview/interviewers","action":"GET /api/interview/interviewers","ip":"::1"}
{"timestamp":"2025-11-03T18:29:43.528Z","type":"ACTION","user_id":"7","user_name":"admin1","role_name":"ADMIN","method":"GET","path":"/api/interview/interviewers","action":"GET /api/interview/interviewers","ip":"::1"}
{"timestamp":"2025-11-03T18:30:34.665Z","type":"ACTION","user_id":"7","user_name":"admin1","role_name":"ADMIN","method":"GET","path":"/api/system-config/active","action":"GET /api/system-config/active","ip":"::1"}
{"timestamp":"2025-11-03T18:30:34.959Z","type":"ACTION","user_id":"7","user_name":"admin1","role_name":"ADMIN","method":"GET","path":"/api/system-config/active","action":"GET /api/system-config/active","ip":"::1"}
{"timestamp":"2025-11-03T18:30:37.169Z","type":"ACTION","user_id":"7","user_name":"admin1","role_name":"ADMIN","method":"GET","path":"/api/interview/exam-centers","action":"GET /api/interview/exam-centers","ip":"::1"}
{"timestamp":"2025-11-03T18:30:37.211Z","type":"ACTION","user_id":"7","user_name":"admin1","role_name":"ADMIN","method":"GET","path":"/api/interview/exam-centers","action":"GET /api/interview/exam-centers","ip":"::1"}
{"timestamp":"2025-11-03T18:30:41.032Z","type":"ACTION","user_id":"7","user_name":"admin1","role_name":"ADMIN","method":"GET","path":"/api/interview/unassigned-students","action":"GET /api/interview/unassigned-students","ip":"::1","details":{"query":{"centerName":"center1","nmmsYear":"2025"}}}
{"timestamp":"2025-11-03T18:30:41.111Z","type":"ACTION","user_id":"7","user_name":"admin1","role_name":"ADMIN","method":"GET","path":"/api/interview/unassigned-students","action":"GET /api/interview/unassigned-students","ip":"::1","details":{"query":{"centerName":"center1","nmmsYear":"2025"}}}
{"timestamp":"2025-11-03T18:30:41.146Z","type":"ACTION","user_id":"7","user_name":"admin1","role_name":"ADMIN","method":"GET","path":"/api/interview/interviewers","action":"GET /api/interview/interviewers","ip":"::1"}
{"timestamp":"2025-11-03T18:30:41.168Z","type":"ACTION","user_id":"7","user_name":"admin1","role_name":"ADMIN","method":"GET","path":"/api/interview/interviewers","action":"GET /api/interview/interviewers","ip":"::1"}
{"timestamp":"2025-11-03T18:30:49.441Z","type":"ACTION","user_id":"7","user_name":"admin1","role_name":"ADMIN","method":"POST","path":"/api/interview/assign-students","action":"POST /api/interview/assign-students","ip":"::1","details":{"body":{"applicantIds":["303","323","208","368"],"interviewerId":6,"nmmsYear":2025}}}
{"timestamp":"2025-11-03T18:30:49.523Z","type":"ACTION","user_id":"7","user_name":"admin1","role_name":"ADMIN","method":"POST","path":"/api/interview/download-assignment-report","action":"POST /api/interview/download-assignment-report","ip":"::1","details":{"body":{"applicantIds":["303","323","208","368"],"nmmsYear":2025,"interviewerId":6}}}
{"timestamp":"2025-11-03T18:30:49.535Z","type":"ACTION","user_id":"7","user_name":"admin1","role_name":"ADMIN","method":"GET","path":"/api/interview/unassigned-students","action":"GET /api/interview/unassigned-students","ip":"::1","details":{"query":{"centerName":"center1","nmmsYear":"2025"}}}
{"timestamp":"2025-11-03T18:30:56.878Z","type":"ACTION","user_id":"7","user_name":"admin1","role_name":"ADMIN","method":"GET","path":"/api/interview/exam-centers","action":"GET /api/interview/exam-centers","ip":"::1"}
{"timestamp":"2025-11-03T18:30:56.900Z","type":"ACTION","user_id":"7","user_name":"admin1","role_name":"ADMIN","method":"GET","path":"/api/interview/exam-centers","action":"GET /api/interview/exam-centers","ip":"::1"}
{"timestamp":"2025-11-03T18:30:59.024Z","type":"ACTION","user_id":"anonymous","user_name":"anonymous","role_name":"anonymous","method":"GET","path":"/api/interview/interviewers","action":"GET /api/interview/interviewers","ip":"::1"}
{"timestamp":"2025-11-03T18:30:59.045Z","type":"ACTION","user_id":"anonymous","user_name":"anonymous","role_name":"anonymous","method":"GET","path":"/api/interview/interviewers","action":"GET /api/interview/interviewers","ip":"::1"}
{"timestamp":"2025-11-03T18:31:01.184Z","type":"ACTION","user_id":"anonymous","user_name":"anonymous","role_name":"anonymous","method":"GET","path":"/api/interview/students/Anish","action":"GET /api/interview/students/Anish","ip":"::1","details":{"query":{"nmmsYear":"2025"}}}
{"timestamp":"2025-11-03T18:31:34.828Z","type":"ACTION","user_id":"anonymous","user_name":"anonymous","role_name":"anonymous","method":"POST","path":"/api/interview/submit-interview","action":"POST /api/interview/submit-interview","ip":"::1","details":{"body":{"applicantId":"303","remarks":"rrrrrrr","nmmsYear":"2025","interviewDate":"2025-10-28","interviewTime":"11:14 AM","interviewMode":"Online","interviewStatus":"Completed","lifeGoalsAndZeal":"4","commitmentToLearning":"3.9","integrity":"3.8","communicationSkills":"4","homeVerificationRequired":"Not Required","interviewResult":"Accepted"}}}
{"timestamp":"2025-11-03T18:31:35.069Z","type":"ACTION","user_id":"anonymous","user_name":"anonymous","role_name":"anonymous","method":"POST","path":"/api/interview/submit-interview","action":"POST /api/interview/submit-interview","ip":"::1","details":{"body":{"applicantId":"303","remarks":"rrrrrrr","nmmsYear":"2025","interviewDate":"2025-10-28","interviewTime":"11:14 AM","interviewMode":"Online","interviewStatus":"Completed","lifeGoalsAndZeal":"4","commitmentToLearning":"3.9","integrity":"3.8","communicationSkills":"4","homeVerificationRequired":"Not Required","interviewResult":"Accepted"},"statusCode":500},"status":"error","error":"fsSync is not defined"}
{"timestamp":"2025-11-03T18:31:38.122Z","type":"ACTION","user_id":"7","user_name":"admin1","role_name":"ADMIN","method":"GET","path":"/api/interview/exam-centers","action":"GET /api/interview/exam-centers","ip":"::1"}
{"timestamp":"2025-11-03T18:31:38.141Z","type":"ACTION","user_id":"7","user_name":"admin1","role_name":"ADMIN","method":"GET","path":"/api/interview/exam-centers","action":"GET /api/interview/exam-centers","ip":"::1"}
{"timestamp":"2025-11-03T18:31:41.783Z","type":"ACTION","user_id":"7","user_name":"admin1","role_name":"ADMIN","method":"GET","path":"/api/interview/unassigned-students","action":"GET /api/interview/unassigned-students","ip":"::1","details":{"query":{"centerName":"center1","nmmsYear":"2025"}}}
{"timestamp":"2025-11-03T18:31:41.861Z","type":"ACTION","user_id":"7","user_name":"admin1","role_name":"ADMIN","method":"GET","path":"/api/interview/unassigned-students","action":"GET /api/interview/unassigned-students","ip":"::1","details":{"query":{"centerName":"center1","nmmsYear":"2025"}}}
{"timestamp":"2025-11-03T18:31:41.889Z","type":"ACTION","user_id":"7","user_name":"admin1","role_name":"ADMIN","method":"GET","path":"/api/interview/interviewers","action":"GET /api/interview/interviewers","ip":"::1"}
{"timestamp":"2025-11-03T18:31:41.912Z","type":"ACTION","user_id":"7","user_name":"admin1","role_name":"ADMIN","method":"GET","path":"/api/interview/interviewers","action":"GET /api/interview/interviewers","ip":"::1"}
{"timestamp":"2025-11-03T18:31:47.991Z","type":"ACTION","user_id":"7","user_name":"admin1","role_name":"ADMIN","method":"GET","path":"/api/interview/reassignable-students","action":"GET /api/interview/reassignable-students","ip":"::1","details":{"query":{"centerName":"center1","nmmsYear":"2025"}}}
{"timestamp":"2025-11-03T18:31:48.023Z","type":"ACTION","user_id":"7","user_name":"admin1","role_name":"ADMIN","method":"GET","path":"/api/interview/reassignable-students","action":"GET /api/interview/reassignable-students","ip":"::1","details":{"query":{"centerName":"center1","nmmsYear":"2025"}}}
{"timestamp":"2025-11-03T18:31:48.040Z","type":"ACTION","user_id":"7","user_name":"admin1","role_name":"ADMIN","method":"GET","path":"/api/interview/interviewers","action":"GET /api/interview/interviewers","ip":"::1"}
{"timestamp":"2025-11-03T18:31:48.235Z","type":"ACTION","user_id":"7","user_name":"admin1","role_name":"ADMIN","method":"GET","path":"/api/interview/interviewers","action":"GET /api/interview/interviewers","ip":"::1"}
{"timestamp":"2025-11-03T18:31:54.127Z","type":"ACTION","user_id":"7","user_name":"admin1","role_name":"ADMIN","method":"GET","path":"/api/interview/unassigned-students","action":"GET /api/interview/unassigned-students","ip":"::1","details":{"query":{"centerName":"center1","nmmsYear":"2025"}}}
{"timestamp":"2025-11-03T18:31:54.213Z","type":"ACTION","user_id":"7","user_name":"admin1","role_name":"ADMIN","method":"GET","path":"/api/interview/unassigned-students","action":"GET /api/interview/unassigned-students","ip":"::1","details":{"query":{"centerName":"center1","nmmsYear":"2025"}}}
{"timestamp":"2025-11-03T18:31:54.244Z","type":"ACTION","user_id":"7","user_name":"admin1","role_name":"ADMIN","method":"GET","path":"/api/interview/interviewers","action":"GET /api/interview/interviewers","ip":"::1"}
{"timestamp":"2025-11-03T18:31:54.258Z","type":"ACTION","user_id":"7","user_name":"admin1","role_name":"ADMIN","method":"GET","path":"/api/interview/interviewers","action":"GET /api/interview/interviewers","ip":"::1"}
